{"C:\\Users\\morwa\\Desktop\\sd-project\\SD_Project\\eslint.config.js": {"path":"C:\\Users\\morwa\\Desktop\\sd-project\\SD_Project\\eslint.config.js","all":true,"statementMap":{"0":{"start":{"line":1,"column":0},"end":{"line":1,"column":27}},"1":{"start":{"line":2,"column":0},"end":{"line":2,"column":29}},"2":{"start":{"line":3,"column":0},"end":{"line":3,"column":50}},"3":{"start":{"line":4,"column":0},"end":{"line":4,"column":54}},"4":{"start":{"line":5,"column":0},"end":{"line":5,"column":0}},"5":{"start":{"line":6,"column":0},"end":{"line":6,"column":16}},"6":{"start":{"line":7,"column":0},"end":{"line":7,"column":24}},"7":{"start":{"line":8,"column":0},"end":{"line":8,"column":3}},"8":{"start":{"line":9,"column":0},"end":{"line":9,"column":29}},"9":{"start":{"line":10,"column":0},"end":{"line":10,"column":22}},"10":{"start":{"line":11,"column":0},"end":{"line":11,"column":24}},"11":{"start":{"line":12,"column":0},"end":{"line":12,"column":31}},"12":{"start":{"line":13,"column":0},"end":{"line":13,"column":22}},"13":{"start":{"line":14,"column":0},"end":{"line":14,"column":30}},"14":{"start":{"line":15,"column":0},"end":{"line":15,"column":36}},"15":{"start":{"line":16,"column":0},"end":{"line":16,"column":29}},"16":{"start":{"line":17,"column":0},"end":{"line":17,"column":8}},"17":{"start":{"line":18,"column":0},"end":{"line":18,"column":6}},"18":{"start":{"line":19,"column":0},"end":{"line":19,"column":14}},"19":{"start":{"line":20,"column":0},"end":{"line":20,"column":32}},"20":{"start":{"line":21,"column":0},"end":{"line":21,"column":36}},"21":{"start":{"line":22,"column":0},"end":{"line":22,"column":6}},"22":{"start":{"line":23,"column":0},"end":{"line":23,"column":12}},"23":{"start":{"line":24,"column":0},"end":{"line":24,"column":38}},"24":{"start":{"line":25,"column":0},"end":{"line":25,"column":46}},"25":{"start":{"line":26,"column":0},"end":{"line":26,"column":68}},"26":{"start":{"line":27,"column":0},"end":{"line":27,"column":47}},"27":{"start":{"line":28,"column":0},"end":{"line":28,"column":15}},"28":{"start":{"line":29,"column":0},"end":{"line":29,"column":38}},"29":{"start":{"line":30,"column":0},"end":{"line":30,"column":8}},"30":{"start":{"line":31,"column":0},"end":{"line":31,"column":6}},"31":{"start":{"line":32,"column":0},"end":{"line":32,"column":4}},"32":{"start":{"line":33,"column":0},"end":{"line":33,"column":1}}},"s":{"0":0,"1":0,"2":0,"3":0,"4":0,"5":0,"6":0,"7":0,"8":0,"9":0,"10":0,"11":0,"12":0,"13":0,"14":0,"15":0,"16":0,"17":0,"18":0,"19":0,"20":0,"21":0,"22":0,"23":0,"24":0,"25":0,"26":0,"27":0,"28":0,"29":0,"30":0,"31":0,"32":0},"branchMap":{"0":{"type":"branch","line":1,"loc":{"start":{"line":1,"column":0},"end":{"line":33,"column":-327}},"locations":[{"start":{"line":1,"column":0},"end":{"line":33,"column":-327}}]}},"b":{"0":[0]},"fnMap":{"0":{"name":"(empty-report)","decl":{"start":{"line":1,"column":0},"end":{"line":33,"column":-327}},"loc":{"start":{"line":1,"column":0},"end":{"line":33,"column":-327}},"line":1}},"f":{"0":0}}
,"C:\\Users\\morwa\\Desktop\\sd-project\\SD_Project\\vite.config.js": {"path":"C:\\Users\\morwa\\Desktop\\sd-project\\SD_Project\\vite.config.js","all":true,"statementMap":{"0":{"start":{"line":1,"column":0},"end":{"line":1,"column":35}},"1":{"start":{"line":2,"column":0},"end":{"line":2,"column":40}},"2":{"start":{"line":3,"column":0},"end":{"line":3,"column":44}},"3":{"start":{"line":4,"column":0},"end":{"line":4,"column":0}},"4":{"start":{"line":5,"column":0},"end":{"line":5,"column":27}},"5":{"start":{"line":6,"column":0},"end":{"line":6,"column":29}},"6":{"start":{"line":7,"column":0},"end":{"line":7,"column":12}},"7":{"start":{"line":8,"column":0},"end":{"line":8,"column":18}},"8":{"start":{"line":9,"column":0},"end":{"line":9,"column":12}},"9":{"start":{"line":10,"column":0},"end":{"line":10,"column":4}},"10":{"start":{"line":11,"column":0},"end":{"line":11,"column":2}}},"s":{"0":0,"1":0,"2":0,"3":0,"4":0,"5":0,"6":0,"7":0,"8":0,"9":0,"10":0},"branchMap":{"0":{"type":"branch","line":1,"loc":{"start":{"line":1,"column":0},"end":{"line":11,"column":-118}},"locations":[{"start":{"line":1,"column":0},"end":{"line":11,"column":-118}}]}},"b":{"0":[0]},"fnMap":{"0":{"name":"(empty-report)","decl":{"start":{"line":1,"column":0},"end":{"line":11,"column":-118}},"loc":{"start":{"line":1,"column":0},"end":{"line":11,"column":-118}},"line":1}},"f":{"0":0}}
,"C:\\Users\\morwa\\Desktop\\sd-project\\SD_Project\\vitest.config.js": {"path":"C:\\Users\\morwa\\Desktop\\sd-project\\SD_Project\\vitest.config.js","all":true,"statementMap":{"0":{"start":{"line":1,"column":0},"end":{"line":1,"column":45}},"1":{"start":{"line":2,"column":0},"end":{"line":2,"column":24}},"2":{"start":{"line":3,"column":0},"end":{"line":3,"column":0}},"3":{"start":{"line":4,"column":0},"end":{"line":4,"column":29}},"4":{"start":{"line":5,"column":0},"end":{"line":5,"column":9}},"5":{"start":{"line":6,"column":0},"end":{"line":6,"column":18}},"6":{"start":{"line":7,"column":0},"end":{"line":7,"column":25}},"7":{"start":{"line":8,"column":0},"end":{"line":8,"column":41}},"8":{"start":{"line":9,"column":0},"end":{"line":9,"column":20}},"9":{"start":{"line":10,"column":0},"end":{"line":10,"column":15}},"10":{"start":{"line":11,"column":0},"end":{"line":11,"column":21}},"11":{"start":{"line":12,"column":0},"end":{"line":12,"column":49}},"12":{"start":{"line":13,"column":0},"end":{"line":13,"column":16}},"13":{"start":{"line":14,"column":0},"end":{"line":14,"column":24}},"14":{"start":{"line":15,"column":0},"end":{"line":15,"column":29}},"15":{"start":{"line":16,"column":0},"end":{"line":16,"column":7}},"16":{"start":{"line":17,"column":0},"end":{"line":17,"column":5}},"17":{"start":{"line":18,"column":0},"end":{"line":18,"column":4}},"18":{"start":{"line":19,"column":0},"end":{"line":19,"column":12}},"19":{"start":{"line":20,"column":0},"end":{"line":20,"column":12}},"20":{"start":{"line":21,"column":0},"end":{"line":21,"column":43}},"21":{"start":{"line":22,"column":0},"end":{"line":22,"column":5}},"22":{"start":{"line":23,"column":0},"end":{"line":23,"column":3}},"23":{"start":{"line":24,"column":0},"end":{"line":24,"column":3}}},"s":{"0":0,"1":0,"2":0,"3":0,"4":0,"5":0,"6":0,"7":0,"8":0,"9":0,"10":0,"11":0,"12":0,"13":0,"14":0,"15":0,"16":0,"17":0,"18":0,"19":0,"20":0,"21":0,"22":0,"23":0},"branchMap":{"0":{"type":"branch","line":1,"loc":{"start":{"line":1,"column":0},"end":{"line":24,"column":-169}},"locations":[{"start":{"line":1,"column":0},"end":{"line":24,"column":-169}}]}},"b":{"0":[0]},"fnMap":{"0":{"name":"(empty-report)","decl":{"start":{"line":1,"column":0},"end":{"line":24,"column":-169}},"loc":{"start":{"line":1,"column":0},"end":{"line":24,"column":-169}},"line":1}},"f":{"0":0}}
,"C:\\Users\\morwa\\Desktop\\sd-project\\SD_Project\\src\\App.jsx": {"path":"C:\\Users\\morwa\\Desktop\\sd-project\\SD_Project\\src\\App.jsx","all":false,"statementMap":{"0":{"start":{"line":1,"column":0},"end":{"line":1,"column":26}},"1":{"start":{"line":2,"column":0},"end":{"line":2,"column":74}},"2":{"start":{"line":3,"column":0},"end":{"line":3,"column":19}},"3":{"start":{"line":4,"column":0},"end":{"line":4,"column":50}},"4":{"start":{"line":5,"column":0},"end":{"line":5,"column":46}},"5":{"start":{"line":6,"column":0},"end":{"line":6,"column":64}},"6":{"start":{"line":7,"column":0},"end":{"line":7,"column":48}},"7":{"start":{"line":8,"column":0},"end":{"line":8,"column":60}},"8":{"start":{"line":9,"column":0},"end":{"line":9,"column":53}},"9":{"start":{"line":10,"column":0},"end":{"line":10,"column":57}},"10":{"start":{"line":11,"column":0},"end":{"line":11,"column":61}},"11":{"start":{"line":12,"column":0},"end":{"line":12,"column":44}},"12":{"start":{"line":13,"column":0},"end":{"line":13,"column":64}},"13":{"start":{"line":14,"column":0},"end":{"line":14,"column":64}},"15":{"start":{"line":16,"column":0},"end":{"line":16,"column":16}},"16":{"start":{"line":17,"column":0},"end":{"line":17,"column":10}},"17":{"start":{"line":18,"column":0},"end":{"line":18,"column":12}},"18":{"start":{"line":19,"column":0},"end":{"line":19,"column":20}},"19":{"start":{"line":20,"column":0},"end":{"line":20,"column":16}},"20":{"start":{"line":21,"column":0},"end":{"line":21,"column":54}},"21":{"start":{"line":22,"column":0},"end":{"line":22,"column":40}},"22":{"start":{"line":23,"column":0},"end":{"line":23,"column":30}},"23":{"start":{"line":24,"column":0},"end":{"line":24,"column":27}},"24":{"start":{"line":25,"column":0},"end":{"line":25,"column":31}},"25":{"start":{"line":26,"column":0},"end":{"line":26,"column":14}},"26":{"start":{"line":27,"column":0},"end":{"line":27,"column":49}},"27":{"start":{"line":28,"column":0},"end":{"line":28,"column":30}},"28":{"start":{"line":29,"column":0},"end":{"line":29,"column":36}},"29":{"start":{"line":30,"column":0},"end":{"line":30,"column":31}},"30":{"start":{"line":31,"column":0},"end":{"line":31,"column":14}},"31":{"start":{"line":32,"column":0},"end":{"line":32,"column":41}},"32":{"start":{"line":33,"column":0},"end":{"line":33,"column":30}},"33":{"start":{"line":34,"column":0},"end":{"line":34,"column":28}},"34":{"start":{"line":35,"column":0},"end":{"line":35,"column":31}},"35":{"start":{"line":36,"column":0},"end":{"line":36,"column":14}},"36":{"start":{"line":37,"column":0},"end":{"line":37,"column":51}},"37":{"start":{"line":38,"column":0},"end":{"line":38,"column":28}},"38":{"start":{"line":39,"column":0},"end":{"line":39,"column":33}},"39":{"start":{"line":40,"column":0},"end":{"line":40,"column":29}},"40":{"start":{"line":41,"column":0},"end":{"line":41,"column":14}},"41":{"start":{"line":42,"column":0},"end":{"line":42,"column":39}},"42":{"start":{"line":43,"column":0},"end":{"line":43,"column":70}},"43":{"start":{"line":44,"column":0},"end":{"line":44,"column":26}},"44":{"start":{"line":45,"column":0},"end":{"line":45,"column":29}},"45":{"start":{"line":46,"column":0},"end":{"line":46,"column":14}},"46":{"start":{"line":47,"column":0},"end":{"line":47,"column":47}},"47":{"start":{"line":48,"column":0},"end":{"line":48,"column":58}},"48":{"start":{"line":49,"column":0},"end":{"line":49,"column":36}},"49":{"start":{"line":50,"column":0},"end":{"line":50,"column":29}},"50":{"start":{"line":51,"column":0},"end":{"line":51,"column":14}},"51":{"start":{"line":52,"column":0},"end":{"line":52,"column":54}},"52":{"start":{"line":53,"column":0},"end":{"line":53,"column":58}},"53":{"start":{"line":54,"column":0},"end":{"line":54,"column":36}},"54":{"start":{"line":55,"column":0},"end":{"line":55,"column":29}},"55":{"start":{"line":56,"column":0},"end":{"line":56,"column":14}},"56":{"start":{"line":57,"column":0},"end":{"line":57,"column":17}},"57":{"start":{"line":58,"column":0},"end":{"line":58,"column":21}},"58":{"start":{"line":59,"column":0},"end":{"line":59,"column":13}},"60":{"start":{"line":61,"column":0},"end":{"line":61,"column":1}},"62":{"start":{"line":63,"column":0},"end":{"line":63,"column":19}}},"s":{"0":1,"1":1,"2":1,"3":1,"4":1,"5":1,"6":1,"7":1,"8":1,"9":1,"10":1,"11":1,"12":1,"13":1,"15":4,"16":4,"17":4,"18":4,"19":4,"20":4,"21":4,"22":4,"23":4,"24":4,"25":4,"26":4,"27":4,"28":4,"29":4,"30":4,"31":4,"32":4,"33":4,"34":4,"35":4,"36":4,"37":4,"38":4,"39":4,"40":4,"41":4,"42":4,"43":4,"44":4,"45":4,"46":4,"47":4,"48":4,"49":4,"50":4,"51":4,"52":4,"53":4,"54":4,"55":4,"56":4,"57":4,"58":4,"60":4,"62":1},"branchMap":{"0":{"type":"branch","line":16,"loc":{"start":{"line":16,"column":0},"end":{"line":61,"column":1}},"locations":[{"start":{"line":16,"column":0},"end":{"line":61,"column":1}}]}},"b":{"0":[4]},"fnMap":{"0":{"name":"App","decl":{"start":{"line":16,"column":0},"end":{"line":61,"column":1}},"loc":{"start":{"line":16,"column":0},"end":{"line":61,"column":1}},"line":16}},"f":{"0":4}}
,"C:\\Users\\morwa\\Desktop\\sd-project\\SD_Project\\src\\main.jsx": {"path":"C:\\Users\\morwa\\Desktop\\sd-project\\SD_Project\\src\\main.jsx","all":true,"statementMap":{"0":{"start":{"line":1,"column":0},"end":{"line":1,"column":34}},"1":{"start":{"line":2,"column":0},"end":{"line":2,"column":45}},"2":{"start":{"line":3,"column":0},"end":{"line":3,"column":20}},"3":{"start":{"line":4,"column":0},"end":{"line":4,"column":27}},"5":{"start":{"line":6,"column":0},"end":{"line":6,"column":51}},"6":{"start":{"line":7,"column":0},"end":{"line":7,"column":14}},"7":{"start":{"line":8,"column":0},"end":{"line":8,"column":11}},"8":{"start":{"line":9,"column":0},"end":{"line":9,"column":16}},"9":{"start":{"line":10,"column":0},"end":{"line":10,"column":1}}},"s":{"0":0,"1":0,"2":0,"3":0,"5":0,"6":0,"7":0,"8":0,"9":0},"branchMap":{"0":{"type":"branch","line":1,"loc":{"start":{"line":1,"column":0},"end":{"line":10,"column":-133}},"locations":[{"start":{"line":1,"column":0},"end":{"line":10,"column":-133}}]}},"b":{"0":[0]},"fnMap":{"0":{"name":"(empty-report)","decl":{"start":{"line":1,"column":0},"end":{"line":10,"column":-133}},"loc":{"start":{"line":1,"column":0},"end":{"line":10,"column":-133}},"line":1}},"f":{"0":0}}
,"C:\\Users\\morwa\\Desktop\\sd-project\\SD_Project\\src\\backend\\firebase\\authFirebase.jsx": {"path":"C:\\Users\\morwa\\Desktop\\sd-project\\SD_Project\\src\\backend\\firebase\\authFirebase.jsx","all":true,"statementMap":{"0":{"start":{"line":1,"column":0},"end":{"line":1,"column":44}},"1":{"start":{"line":2,"column":0},"end":{"line":2,"column":8}},"10":{"start":{"line":11,"column":0},"end":{"line":11,"column":70}},"11":{"start":{"line":12,"column":0},"end":{"line":12,"column":57}},"13":{"start":{"line":14,"column":0},"end":{"line":14,"column":59}},"14":{"start":{"line":15,"column":0},"end":{"line":15,"column":7}},"15":{"start":{"line":16,"column":0},"end":{"line":16,"column":87}},"16":{"start":{"line":17,"column":0},"end":{"line":17,"column":37}},"17":{"start":{"line":18,"column":0},"end":{"line":18,"column":41}},"18":{"start":{"line":19,"column":0},"end":{"line":19,"column":46}},"19":{"start":{"line":20,"column":0},"end":{"line":20,"column":45}},"20":{"start":{"line":21,"column":0},"end":{"line":21,"column":15}},"21":{"start":{"line":22,"column":0},"end":{"line":22,"column":12}},"22":{"start":{"line":23,"column":0},"end":{"line":23,"column":11}},"23":{"start":{"line":24,"column":0},"end":{"line":24,"column":28}},"24":{"start":{"line":25,"column":0},"end":{"line":25,"column":7}},"26":{"start":{"line":27,"column":0},"end":{"line":27,"column":16}},"27":{"start":{"line":28,"column":0},"end":{"line":28,"column":19}},"28":{"start":{"line":29,"column":0},"end":{"line":29,"column":16}},"29":{"start":{"line":30,"column":0},"end":{"line":30,"column":3}},"30":{"start":{"line":31,"column":0},"end":{"line":31,"column":2}},"33":{"start":{"line":34,"column":0},"end":{"line":34,"column":34}},"34":{"start":{"line":35,"column":0},"end":{"line":35,"column":7}},"35":{"start":{"line":36,"column":0},"end":{"line":36,"column":46}},"36":{"start":{"line":37,"column":0},"end":{"line":37,"column":57}},"37":{"start":{"line":38,"column":0},"end":{"line":38,"column":29}},"40":{"start":{"line":41,"column":0},"end":{"line":41,"column":61}},"42":{"start":{"line":43,"column":0},"end":{"line":43,"column":28}},"44":{"start":{"line":45,"column":0},"end":{"line":45,"column":48}},"45":{"start":{"line":46,"column":0},"end":{"line":46,"column":47}},"46":{"start":{"line":47,"column":0},"end":{"line":47,"column":26}},"47":{"start":{"line":48,"column":0},"end":{"line":48,"column":30}},"48":{"start":{"line":49,"column":0},"end":{"line":49,"column":9}},"50":{"start":{"line":51,"column":0},"end":{"line":51,"column":39}},"51":{"start":{"line":52,"column":0},"end":{"line":52,"column":12}},"53":{"start":{"line":54,"column":0},"end":{"line":54,"column":40}},"54":{"start":{"line":55,"column":0},"end":{"line":55,"column":5}},"55":{"start":{"line":56,"column":0},"end":{"line":56,"column":19}},"56":{"start":{"line":57,"column":0},"end":{"line":57,"column":58}},"57":{"start":{"line":58,"column":0},"end":{"line":58,"column":3}},"58":{"start":{"line":59,"column":0},"end":{"line":59,"column":2}},"60":{"start":{"line":61,"column":0},"end":{"line":61,"column":51}},"61":{"start":{"line":62,"column":0},"end":{"line":62,"column":7}},"62":{"start":{"line":63,"column":0},"end":{"line":63,"column":34}},"63":{"start":{"line":64,"column":0},"end":{"line":64,"column":46}},"64":{"start":{"line":65,"column":0},"end":{"line":65,"column":15}},"65":{"start":{"line":66,"column":0},"end":{"line":66,"column":11}},"66":{"start":{"line":67,"column":0},"end":{"line":67,"column":24}},"67":{"start":{"line":68,"column":0},"end":{"line":68,"column":19}},"68":{"start":{"line":69,"column":0},"end":{"line":69,"column":62}},"69":{"start":{"line":70,"column":0},"end":{"line":70,"column":3}},"70":{"start":{"line":71,"column":0},"end":{"line":71,"column":1}},"75":{"start":{"line":76,"column":0},"end":{"line":76,"column":43}},"76":{"start":{"line":77,"column":0},"end":{"line":77,"column":7}},"77":{"start":{"line":78,"column":0},"end":{"line":78,"column":83}},"78":{"start":{"line":79,"column":0},"end":{"line":79,"column":31}},"79":{"start":{"line":80,"column":0},"end":{"line":80,"column":19}},"80":{"start":{"line":81,"column":0},"end":{"line":81,"column":75}},"81":{"start":{"line":82,"column":0},"end":{"line":82,"column":3}},"82":{"start":{"line":83,"column":0},"end":{"line":83,"column":2}},"86":{"start":{"line":87,"column":0},"end":{"line":87,"column":40}},"87":{"start":{"line":88,"column":0},"end":{"line":88,"column":7}},"89":{"start":{"line":90,"column":0},"end":{"line":90,"column":45}},"90":{"start":{"line":91,"column":0},"end":{"line":91,"column":59}},"91":{"start":{"line":92,"column":0},"end":{"line":92,"column":43}},"93":{"start":{"line":94,"column":0},"end":{"line":94,"column":30}},"94":{"start":{"line":95,"column":0},"end":{"line":95,"column":59}},"95":{"start":{"line":96,"column":0},"end":{"line":96,"column":5}},"98":{"start":{"line":99,"column":0},"end":{"line":99,"column":46}},"99":{"start":{"line":100,"column":0},"end":{"line":100,"column":19}},"100":{"start":{"line":101,"column":0},"end":{"line":101,"column":16}},"101":{"start":{"line":102,"column":0},"end":{"line":102,"column":3}},"102":{"start":{"line":103,"column":0},"end":{"line":103,"column":2}},"105":{"start":{"line":106,"column":0},"end":{"line":106,"column":28}},"106":{"start":{"line":107,"column":0},"end":{"line":107,"column":7}},"107":{"start":{"line":108,"column":0},"end":{"line":108,"column":24}},"108":{"start":{"line":109,"column":0},"end":{"line":109,"column":35}},"109":{"start":{"line":110,"column":0},"end":{"line":110,"column":19}},"110":{"start":{"line":111,"column":0},"end":{"line":111,"column":50}},"111":{"start":{"line":112,"column":0},"end":{"line":112,"column":3}},"112":{"start":{"line":113,"column":0},"end":{"line":113,"column":2}},"114":{"start":{"line":115,"column":0},"end":{"line":115,"column":36}},"115":{"start":{"line":116,"column":0},"end":{"line":116,"column":7}},"116":{"start":{"line":117,"column":0},"end":{"line":117,"column":41}},"117":{"start":{"line":118,"column":0},"end":{"line":118,"column":41}},"119":{"start":{"line":120,"column":0},"end":{"line":120,"column":27}},"120":{"start":{"line":121,"column":0},"end":{"line":121,"column":33}},"121":{"start":{"line":122,"column":0},"end":{"line":122,"column":12}},"122":{"start":{"line":123,"column":0},"end":{"line":123,"column":39}},"123":{"start":{"line":124,"column":0},"end":{"line":124,"column":18}},"124":{"start":{"line":125,"column":0},"end":{"line":125,"column":5}},"125":{"start":{"line":126,"column":0},"end":{"line":126,"column":19}},"126":{"start":{"line":127,"column":0},"end":{"line":127,"column":53}},"127":{"start":{"line":128,"column":0},"end":{"line":128,"column":16}},"128":{"start":{"line":129,"column":0},"end":{"line":129,"column":3}},"129":{"start":{"line":130,"column":0},"end":{"line":130,"column":2}},"132":{"start":{"line":133,"column":0},"end":{"line":133,"column":41}},"133":{"start":{"line":134,"column":0},"end":{"line":134,"column":44}},"134":{"start":{"line":135,"column":0},"end":{"line":135,"column":2}}},"s":{"0":0,"1":0,"10":0,"11":0,"13":0,"14":0,"15":0,"16":0,"17":0,"18":0,"19":0,"20":0,"21":0,"22":0,"23":0,"24":0,"26":0,"27":0,"28":0,"29":0,"30":0,"33":0,"34":0,"35":0,"36":0,"37":0,"40":0,"42":0,"44":0,"45":0,"46":0,"47":0,"48":0,"50":0,"51":0,"53":0,"54":0,"55":0,"56":0,"57":0,"58":0,"60":0,"61":0,"62":0,"63":0,"64":0,"65":0,"66":0,"67":0,"68":0,"69":0,"70":0,"75":0,"76":0,"77":0,"78":0,"79":0,"80":0,"81":0,"82":0,"86":0,"87":0,"89":0,"90":0,"91":0,"93":0,"94":0,"95":0,"98":0,"99":0,"100":0,"101":0,"102":0,"105":0,"106":0,"107":0,"108":0,"109":0,"110":0,"111":0,"112":0,"114":0,"115":0,"116":0,"117":0,"119":0,"120":0,"121":0,"122":0,"123":0,"124":0,"125":0,"126":0,"127":0,"128":0,"129":0,"132":0,"133":0,"134":0},"branchMap":{"0":{"type":"branch","line":1,"loc":{"start":{"line":1,"column":0},"end":{"line":137,"column":-434}},"locations":[{"start":{"line":1,"column":0},"end":{"line":137,"column":-434}}]}},"b":{"0":[0]},"fnMap":{"0":{"name":"(empty-report)","decl":{"start":{"line":1,"column":0},"end":{"line":137,"column":-434}},"loc":{"start":{"line":1,"column":0},"end":{"line":137,"column":-434}},"line":1}},"f":{"0":0}}
,"C:\\Users\\morwa\\Desktop\\sd-project\\SD_Project\\src\\backend\\firebase\\firebaseConfig.jsx": {"path":"C:\\Users\\morwa\\Desktop\\sd-project\\SD_Project\\src\\backend\\firebase\\firebaseConfig.jsx","all":false,"statementMap":{"0":{"start":{"line":1,"column":0},"end":{"line":1,"column":45}},"1":{"start":{"line":2,"column":0},"end":{"line":2,"column":40}},"2":{"start":{"line":3,"column":0},"end":{"line":3,"column":50}},"5":{"start":{"line":6,"column":0},"end":{"line":6,"column":24}},"6":{"start":{"line":7,"column":0},"end":{"line":7,"column":48}},"7":{"start":{"line":8,"column":0},"end":{"line":8,"column":56}},"8":{"start":{"line":9,"column":0},"end":{"line":9,"column":54}},"9":{"start":{"line":10,"column":0},"end":{"line":10,"column":62}},"10":{"start":{"line":11,"column":0},"end":{"line":11,"column":71}},"11":{"start":{"line":12,"column":0},"end":{"line":12,"column":46}},"12":{"start":{"line":13,"column":0},"end":{"line":13,"column":61}},"13":{"start":{"line":14,"column":0},"end":{"line":14,"column":2}},"16":{"start":{"line":17,"column":0},"end":{"line":17,"column":42}},"17":{"start":{"line":18,"column":0},"end":{"line":18,"column":26}},"18":{"start":{"line":19,"column":0},"end":{"line":19,"column":29}}},"s":{"0":1,"1":1,"2":1,"5":1,"6":1,"7":1,"8":1,"9":1,"10":1,"11":1,"12":1,"13":1,"16":1,"17":1,"18":1},"branchMap":{},"b":{},"fnMap":{},"f":{}}
,"C:\\Users\\morwa\\Desktop\\sd-project\\SD_Project\\src\\backend\\firebase\\fundingDB.jsx": {"path":"C:\\Users\\morwa\\Desktop\\sd-project\\SD_Project\\src\\backend\\firebase\\fundingDB.jsx","all":false,"statementMap":{"0":{"start":{"line":1,"column":0},"end":{"line":1,"column":44}},"1":{"start":{"line":2,"column":0},"end":{"line":2,"column":8}},"16":{"start":{"line":17,"column":0},"end":{"line":17,"column":41}},"17":{"start":{"line":18,"column":0},"end":{"line":18,"column":9}},"18":{"start":{"line":19,"column":0},"end":{"line":19,"column":58}},"19":{"start":{"line":20,"column":0},"end":{"line":20,"column":61}},"21":{"start":{"line":22,"column":0},"end":{"line":22,"column":60}},"22":{"start":{"line":23,"column":0},"end":{"line":23,"column":19}},"23":{"start":{"line":24,"column":0},"end":{"line":24,"column":22}},"24":{"start":{"line":25,"column":0},"end":{"line":25,"column":10}},"26":{"start":{"line":27,"column":0},"end":{"line":27,"column":25}},"27":{"start":{"line":28,"column":0},"end":{"line":28,"column":21}},"28":{"start":{"line":29,"column":0},"end":{"line":29,"column":59}},"29":{"start":{"line":30,"column":0},"end":{"line":30,"column":61}},"30":{"start":{"line":31,"column":0},"end":{"line":31,"column":5}},"31":{"start":{"line":32,"column":0},"end":{"line":32,"column":4}},"41":{"start":{"line":42,"column":0},"end":{"line":42,"column":73}},"42":{"start":{"line":43,"column":0},"end":{"line":43,"column":9}},"43":{"start":{"line":44,"column":0},"end":{"line":44,"column":36}},"44":{"start":{"line":45,"column":0},"end":{"line":45,"column":59}},"46":{"start":{"line":47,"column":0},"end":{"line":47,"column":71}},"47":{"start":{"line":48,"column":0},"end":{"line":48,"column":48}},"48":{"start":{"line":49,"column":0},"end":{"line":49,"column":7}},"50":{"start":{"line":51,"column":0},"end":{"line":51,"column":56}},"51":{"start":{"line":52,"column":0},"end":{"line":52,"column":51}},"53":{"start":{"line":54,"column":0},"end":{"line":54,"column":70}},"55":{"start":{"line":56,"column":0},"end":{"line":56,"column":45}},"57":{"start":{"line":58,"column":0},"end":{"line":58,"column":44}},"58":{"start":{"line":59,"column":0},"end":{"line":59,"column":77}},"59":{"start":{"line":60,"column":0},"end":{"line":60,"column":7}},"61":{"start":{"line":62,"column":0},"end":{"line":62,"column":68}},"62":{"start":{"line":63,"column":0},"end":{"line":63,"column":76}},"65":{"start":{"line":66,"column":0},"end":{"line":66,"column":36}},"66":{"start":{"line":67,"column":0},"end":{"line":67,"column":45}},"67":{"start":{"line":68,"column":0},"end":{"line":68,"column":9}},"70":{"start":{"line":71,"column":0},"end":{"line":71,"column":81}},"71":{"start":{"line":72,"column":0},"end":{"line":72,"column":32}},"72":{"start":{"line":73,"column":0},"end":{"line":73,"column":32}},"73":{"start":{"line":74,"column":0},"end":{"line":74,"column":48}},"74":{"start":{"line":75,"column":0},"end":{"line":75,"column":35}},"75":{"start":{"line":76,"column":0},"end":{"line":76,"column":28}},"76":{"start":{"line":77,"column":0},"end":{"line":77,"column":23}},"77":{"start":{"line":78,"column":0},"end":{"line":78,"column":9}},"79":{"start":{"line":80,"column":0},"end":{"line":80,"column":113}},"80":{"start":{"line":81,"column":0},"end":{"line":81,"column":21}},"81":{"start":{"line":82,"column":0},"end":{"line":82,"column":52}},"82":{"start":{"line":83,"column":0},"end":{"line":83,"column":37}},"83":{"start":{"line":84,"column":0},"end":{"line":84,"column":5}},"84":{"start":{"line":85,"column":0},"end":{"line":85,"column":4}},"92":{"start":{"line":93,"column":0},"end":{"line":93,"column":55}},"93":{"start":{"line":94,"column":0},"end":{"line":94,"column":7}},"94":{"start":{"line":95,"column":0},"end":{"line":95,"column":34}},"95":{"start":{"line":96,"column":0},"end":{"line":96,"column":57}},"97":{"start":{"line":98,"column":0},"end":{"line":98,"column":54}},"98":{"start":{"line":99,"column":0},"end":{"line":99,"column":49}},"99":{"start":{"line":100,"column":0},"end":{"line":100,"column":68}},"101":{"start":{"line":102,"column":0},"end":{"line":102,"column":43}},"102":{"start":{"line":103,"column":0},"end":{"line":103,"column":42}},"103":{"start":{"line":104,"column":0},"end":{"line":104,"column":69}},"104":{"start":{"line":105,"column":0},"end":{"line":105,"column":5}},"106":{"start":{"line":107,"column":0},"end":{"line":107,"column":79}},"107":{"start":{"line":108,"column":0},"end":{"line":108,"column":47}},"109":{"start":{"line":110,"column":0},"end":{"line":110,"column":47}},"110":{"start":{"line":111,"column":0},"end":{"line":111,"column":17}},"111":{"start":{"line":112,"column":0},"end":{"line":112,"column":20}},"112":{"start":{"line":113,"column":0},"end":{"line":113,"column":8}},"114":{"start":{"line":115,"column":0},"end":{"line":115,"column":19}},"115":{"start":{"line":116,"column":0},"end":{"line":116,"column":19}},"116":{"start":{"line":117,"column":0},"end":{"line":117,"column":60}},"117":{"start":{"line":118,"column":0},"end":{"line":118,"column":35}},"118":{"start":{"line":119,"column":0},"end":{"line":119,"column":3}},"119":{"start":{"line":120,"column":0},"end":{"line":120,"column":2}},"126":{"start":{"line":127,"column":0},"end":{"line":127,"column":73}},"127":{"start":{"line":128,"column":0},"end":{"line":128,"column":7}},"128":{"start":{"line":129,"column":0},"end":{"line":129,"column":34}},"129":{"start":{"line":130,"column":0},"end":{"line":130,"column":57}},"131":{"start":{"line":132,"column":0},"end":{"line":132,"column":65}},"132":{"start":{"line":133,"column":0},"end":{"line":133,"column":48}},"133":{"start":{"line":134,"column":0},"end":{"line":134,"column":5}},"135":{"start":{"line":136,"column":0},"end":{"line":136,"column":54}},"136":{"start":{"line":137,"column":0},"end":{"line":137,"column":49}},"138":{"start":{"line":139,"column":0},"end":{"line":139,"column":68}},"140":{"start":{"line":141,"column":0},"end":{"line":141,"column":43}},"142":{"start":{"line":143,"column":0},"end":{"line":143,"column":42}},"143":{"start":{"line":144,"column":0},"end":{"line":144,"column":76}},"144":{"start":{"line":145,"column":0},"end":{"line":145,"column":5}},"146":{"start":{"line":147,"column":0},"end":{"line":147,"column":66}},"147":{"start":{"line":148,"column":0},"end":{"line":148,"column":56}},"149":{"start":{"line":150,"column":0},"end":{"line":150,"column":48}},"150":{"start":{"line":151,"column":0},"end":{"line":151,"column":65}},"151":{"start":{"line":152,"column":0},"end":{"line":152,"column":5}},"154":{"start":{"line":155,"column":0},"end":{"line":155,"column":34}},"155":{"start":{"line":156,"column":0},"end":{"line":156,"column":60}},"156":{"start":{"line":157,"column":0},"end":{"line":157,"column":49}},"157":{"start":{"line":158,"column":0},"end":{"line":158,"column":7}},"160":{"start":{"line":161,"column":0},"end":{"line":161,"column":79}},"161":{"start":{"line":162,"column":0},"end":{"line":162,"column":30}},"162":{"start":{"line":163,"column":0},"end":{"line":163,"column":29}},"163":{"start":{"line":164,"column":0},"end":{"line":164,"column":62}},"164":{"start":{"line":165,"column":0},"end":{"line":165,"column":33}},"165":{"start":{"line":166,"column":0},"end":{"line":166,"column":26}},"166":{"start":{"line":167,"column":0},"end":{"line":167,"column":21}},"167":{"start":{"line":168,"column":0},"end":{"line":168,"column":7}},"169":{"start":{"line":170,"column":0},"end":{"line":170,"column":13}},"170":{"start":{"line":171,"column":0},"end":{"line":171,"column":21}},"171":{"start":{"line":172,"column":0},"end":{"line":172,"column":53}},"172":{"start":{"line":173,"column":0},"end":{"line":173,"column":67}},"173":{"start":{"line":174,"column":0},"end":{"line":174,"column":56}},"174":{"start":{"line":175,"column":0},"end":{"line":175,"column":6}},"175":{"start":{"line":176,"column":0},"end":{"line":176,"column":19}},"176":{"start":{"line":177,"column":0},"end":{"line":177,"column":52}},"177":{"start":{"line":178,"column":0},"end":{"line":178,"column":35}},"178":{"start":{"line":179,"column":0},"end":{"line":179,"column":3}},"179":{"start":{"line":180,"column":0},"end":{"line":180,"column":2}},"186":{"start":{"line":187,"column":0},"end":{"line":187,"column":53}},"187":{"start":{"line":188,"column":0},"end":{"line":188,"column":7}},"188":{"start":{"line":189,"column":0},"end":{"line":189,"column":34}},"189":{"start":{"line":190,"column":0},"end":{"line":190,"column":57}},"191":{"start":{"line":192,"column":0},"end":{"line":192,"column":54}},"192":{"start":{"line":193,"column":0},"end":{"line":193,"column":49}},"193":{"start":{"line":194,"column":0},"end":{"line":194,"column":68}},"195":{"start":{"line":196,"column":0},"end":{"line":196,"column":43}},"197":{"start":{"line":198,"column":0},"end":{"line":198,"column":42}},"198":{"start":{"line":199,"column":0},"end":{"line":199,"column":61}},"199":{"start":{"line":200,"column":0},"end":{"line":200,"column":5}},"202":{"start":{"line":203,"column":0},"end":{"line":203,"column":43}},"203":{"start":{"line":204,"column":0},"end":{"line":204,"column":19}},"204":{"start":{"line":205,"column":0},"end":{"line":205,"column":58}},"205":{"start":{"line":206,"column":0},"end":{"line":206,"column":35}},"206":{"start":{"line":207,"column":0},"end":{"line":207,"column":3}},"207":{"start":{"line":208,"column":0},"end":{"line":208,"column":2}},"214":{"start":{"line":215,"column":0},"end":{"line":215,"column":50}},"215":{"start":{"line":216,"column":0},"end":{"line":216,"column":7}},"216":{"start":{"line":217,"column":0},"end":{"line":217,"column":34}},"217":{"start":{"line":218,"column":0},"end":{"line":218,"column":57}},"219":{"start":{"line":220,"column":0},"end":{"line":220,"column":54}},"220":{"start":{"line":221,"column":0},"end":{"line":221,"column":49}},"221":{"start":{"line":222,"column":0},"end":{"line":222,"column":68}},"223":{"start":{"line":224,"column":0},"end":{"line":224,"column":43}},"225":{"start":{"line":226,"column":0},"end":{"line":226,"column":42}},"226":{"start":{"line":227,"column":0},"end":{"line":227,"column":61}},"227":{"start":{"line":228,"column":0},"end":{"line":228,"column":5}},"230":{"start":{"line":231,"column":0},"end":{"line":231,"column":79}},"231":{"start":{"line":232,"column":0},"end":{"line":232,"column":47}},"232":{"start":{"line":233,"column":0},"end":{"line":233,"column":60}},"233":{"start":{"line":234,"column":0},"end":{"line":234,"column":37}},"234":{"start":{"line":235,"column":0},"end":{"line":235,"column":74}},"235":{"start":{"line":236,"column":0},"end":{"line":236,"column":36}},"236":{"start":{"line":237,"column":0},"end":{"line":237,"column":7}},"237":{"start":{"line":238,"column":0},"end":{"line":238,"column":19}},"238":{"start":{"line":239,"column":0},"end":{"line":239,"column":10}},"240":{"start":{"line":241,"column":0},"end":{"line":241,"column":70}},"241":{"start":{"line":242,"column":0},"end":{"line":242,"column":19}},"242":{"start":{"line":243,"column":0},"end":{"line":243,"column":55}},"243":{"start":{"line":244,"column":0},"end":{"line":244,"column":35}},"244":{"start":{"line":245,"column":0},"end":{"line":245,"column":3}},"245":{"start":{"line":246,"column":0},"end":{"line":246,"column":2}}},"s":{"0":1,"1":1,"16":1,"17":0,"18":0,"19":0,"21":0,"22":0,"23":0,"24":0,"26":0,"27":0,"28":0,"29":0,"30":0,"31":0,"41":1,"42":0,"43":0,"44":0,"46":0,"47":0,"48":0,"50":0,"51":0,"53":0,"55":0,"57":0,"58":0,"59":0,"61":0,"62":0,"65":0,"66":0,"67":0,"70":0,"71":0,"72":0,"73":0,"74":0,"75":0,"76":0,"77":0,"79":0,"80":0,"81":0,"82":0,"83":0,"84":0,"92":1,"93":0,"94":0,"95":0,"97":0,"98":0,"99":0,"101":0,"102":0,"103":0,"104":0,"106":0,"107":0,"109":0,"110":0,"111":0,"112":0,"114":0,"115":0,"116":0,"117":0,"118":0,"119":0,"126":1,"127":0,"128":0,"129":0,"131":0,"132":0,"133":0,"135":0,"136":0,"138":0,"140":0,"142":0,"143":0,"144":0,"146":0,"147":0,"149":0,"150":0,"151":0,"154":0,"155":0,"156":0,"157":0,"160":0,"161":0,"162":0,"163":0,"164":0,"165":0,"166":0,"167":0,"169":0,"170":0,"171":0,"172":0,"173":0,"174":0,"175":0,"176":0,"177":0,"178":0,"179":0,"186":1,"187":0,"188":0,"189":0,"191":0,"192":0,"193":0,"195":0,"197":0,"198":0,"199":0,"202":0,"203":0,"204":0,"205":0,"206":0,"207":0,"214":1,"215":0,"216":0,"217":0,"219":0,"220":0,"221":0,"223":0,"225":0,"226":0,"227":0,"230":0,"231":0,"232":0,"233":0,"234":0,"235":0,"236":0,"237":0,"238":0,"240":0,"241":0,"242":0,"243":0,"244":0,"245":0},"branchMap":{},"b":{},"fnMap":{"0":{"name":"fetchFunding","decl":{"start":{"line":17,"column":28},"end":{"line":32,"column":4}},"loc":{"start":{"line":17,"column":28},"end":{"line":32,"column":4}},"line":17},"1":{"name":"updateProjectFunds","decl":{"start":{"line":42,"column":34},"end":{"line":85,"column":4}},"loc":{"start":{"line":42,"column":34},"end":{"line":85,"column":4}},"line":42},"2":{"name":"getFundingHistory","decl":{"start":{"line":93,"column":33},"end":{"line":120,"column":2}},"loc":{"start":{"line":93,"column":33},"end":{"line":120,"column":2}},"line":93},"3":{"name":"updateProjectExpense","decl":{"start":{"line":127,"column":36},"end":{"line":180,"column":2}},"loc":{"start":{"line":127,"column":36},"end":{"line":180,"column":2}},"line":127},"4":{"name":"getCurrentFunds","decl":{"start":{"line":187,"column":31},"end":{"line":208,"column":2}},"loc":{"start":{"line":187,"column":31},"end":{"line":208,"column":2}},"line":187},"5":{"name":"getUsedFunds","decl":{"start":{"line":215,"column":28},"end":{"line":246,"column":2}},"loc":{"start":{"line":215,"column":28},"end":{"line":246,"column":2}},"line":215}},"f":{"0":0,"1":0,"2":0,"3":0,"4":0,"5":0}}
,"C:\\Users\\morwa\\Desktop\\sd-project\\SD_Project\\src\\backend\\firebase\\projectDB.jsx": {"path":"C:\\Users\\morwa\\Desktop\\sd-project\\SD_Project\\src\\backend\\firebase\\projectDB.jsx","all":true,"statementMap":{"4":{"start":{"line":5,"column":0},"end":{"line":5,"column":43}},"5":{"start":{"line":6,"column":0},"end":{"line":6,"column":50}},"6":{"start":{"line":7,"column":0},"end":{"line":7,"column":8}},"22":{"start":{"line":23,"column":0},"end":{"line":23,"column":49}},"23":{"start":{"line":24,"column":0},"end":{"line":24,"column":61}},"24":{"start":{"line":25,"column":0},"end":{"line":25,"column":34}},"25":{"start":{"line":26,"column":0},"end":{"line":26,"column":16}},"26":{"start":{"line":27,"column":0},"end":{"line":27,"column":48}},"27":{"start":{"line":28,"column":0},"end":{"line":28,"column":5}},"28":{"start":{"line":29,"column":0},"end":{"line":29,"column":51}},"30":{"start":{"line":31,"column":0},"end":{"line":31,"column":49}},"31":{"start":{"line":32,"column":0},"end":{"line":32,"column":5}},"33":{"start":{"line":34,"column":0},"end":{"line":34,"column":9}},"34":{"start":{"line":35,"column":0},"end":{"line":35,"column":53}},"35":{"start":{"line":36,"column":0},"end":{"line":36,"column":76}},"37":{"start":{"line":38,"column":0},"end":{"line":38,"column":29}},"38":{"start":{"line":39,"column":0},"end":{"line":39,"column":20}},"39":{"start":{"line":40,"column":0},"end":{"line":40,"column":23}},"40":{"start":{"line":41,"column":0},"end":{"line":41,"column":30}},"41":{"start":{"line":42,"column":0},"end":{"line":42,"column":6}},"42":{"start":{"line":43,"column":0},"end":{"line":43,"column":43}},"44":{"start":{"line":45,"column":0},"end":{"line":45,"column":24}},"45":{"start":{"line":46,"column":0},"end":{"line":46,"column":19}},"46":{"start":{"line":47,"column":0},"end":{"line":47,"column":16}},"47":{"start":{"line":48,"column":0},"end":{"line":48,"column":5}},"48":{"start":{"line":49,"column":0},"end":{"line":49,"column":1}},"58":{"start":{"line":59,"column":0},"end":{"line":59,"column":45}},"59":{"start":{"line":60,"column":0},"end":{"line":60,"column":7}},"60":{"start":{"line":61,"column":0},"end":{"line":61,"column":58}},"61":{"start":{"line":62,"column":0},"end":{"line":62,"column":84}},"62":{"start":{"line":63,"column":0},"end":{"line":63,"column":59}},"64":{"start":{"line":65,"column":0},"end":{"line":65,"column":55}},"65":{"start":{"line":66,"column":0},"end":{"line":66,"column":17}},"66":{"start":{"line":67,"column":0},"end":{"line":67,"column":20}},"67":{"start":{"line":68,"column":0},"end":{"line":68,"column":8}},"69":{"start":{"line":70,"column":0},"end":{"line":70,"column":20}},"70":{"start":{"line":71,"column":0},"end":{"line":71,"column":19}},"71":{"start":{"line":72,"column":0},"end":{"line":72,"column":53}},"72":{"start":{"line":73,"column":0},"end":{"line":73,"column":48}},"73":{"start":{"line":74,"column":0},"end":{"line":74,"column":3}},"74":{"start":{"line":75,"column":0},"end":{"line":75,"column":2}},"82":{"start":{"line":83,"column":0},"end":{"line":83,"column":50}},"83":{"start":{"line":84,"column":0},"end":{"line":84,"column":7}},"84":{"start":{"line":85,"column":0},"end":{"line":85,"column":34}},"85":{"start":{"line":86,"column":0},"end":{"line":86,"column":57}},"87":{"start":{"line":88,"column":0},"end":{"line":88,"column":54}},"88":{"start":{"line":89,"column":0},"end":{"line":89,"column":49}},"90":{"start":{"line":91,"column":0},"end":{"line":91,"column":32}},"91":{"start":{"line":92,"column":0},"end":{"line":92,"column":43}},"92":{"start":{"line":93,"column":0},"end":{"line":93,"column":5}},"94":{"start":{"line":95,"column":0},"end":{"line":95,"column":12}},"95":{"start":{"line":96,"column":0},"end":{"line":96,"column":25}},"96":{"start":{"line":97,"column":0},"end":{"line":97,"column":27}},"97":{"start":{"line":98,"column":0},"end":{"line":98,"column":6}},"98":{"start":{"line":99,"column":0},"end":{"line":99,"column":19}},"99":{"start":{"line":100,"column":0},"end":{"line":100,"column":52}},"100":{"start":{"line":101,"column":0},"end":{"line":101,"column":16}},"101":{"start":{"line":102,"column":0},"end":{"line":102,"column":3}},"102":{"start":{"line":103,"column":0},"end":{"line":103,"column":2}},"110":{"start":{"line":111,"column":0},"end":{"line":111,"column":57}},"111":{"start":{"line":112,"column":0},"end":{"line":112,"column":7}},"112":{"start":{"line":113,"column":0},"end":{"line":113,"column":34}},"113":{"start":{"line":114,"column":0},"end":{"line":114,"column":16}},"114":{"start":{"line":115,"column":0},"end":{"line":115,"column":48}},"115":{"start":{"line":116,"column":0},"end":{"line":116,"column":5}},"117":{"start":{"line":118,"column":0},"end":{"line":118,"column":47}},"118":{"start":{"line":119,"column":0},"end":{"line":119,"column":53}},"120":{"start":{"line":121,"column":0},"end":{"line":121,"column":36}},"121":{"start":{"line":122,"column":0},"end":{"line":122,"column":43}},"122":{"start":{"line":123,"column":0},"end":{"line":123,"column":5}},"124":{"start":{"line":125,"column":0},"end":{"line":125,"column":47}},"125":{"start":{"line":126,"column":0},"end":{"line":126,"column":45}},"127":{"start":{"line":128,"column":0},"end":{"line":128,"column":37}},"128":{"start":{"line":129,"column":0},"end":{"line":129,"column":71}},"129":{"start":{"line":130,"column":0},"end":{"line":130,"column":5}},"131":{"start":{"line":132,"column":0},"end":{"line":132,"column":59}},"132":{"start":{"line":133,"column":0},"end":{"line":133,"column":72}},"133":{"start":{"line":134,"column":0},"end":{"line":134,"column":44}},"134":{"start":{"line":135,"column":0},"end":{"line":135,"column":36}},"135":{"start":{"line":136,"column":0},"end":{"line":136,"column":7}},"136":{"start":{"line":137,"column":0},"end":{"line":137,"column":17}},"137":{"start":{"line":138,"column":0},"end":{"line":138,"column":11}},"139":{"start":{"line":140,"column":0},"end":{"line":140,"column":49}},"140":{"start":{"line":141,"column":0},"end":{"line":141,"column":13}},"141":{"start":{"line":142,"column":0},"end":{"line":142,"column":5}},"143":{"start":{"line":144,"column":0},"end":{"line":144,"column":46}},"144":{"start":{"line":145,"column":0},"end":{"line":145,"column":70}},"145":{"start":{"line":146,"column":0},"end":{"line":146,"column":19}},"146":{"start":{"line":147,"column":0},"end":{"line":147,"column":19}},"147":{"start":{"line":148,"column":0},"end":{"line":148,"column":3}},"148":{"start":{"line":149,"column":0},"end":{"line":149,"column":2}},"160":{"start":{"line":161,"column":0},"end":{"line":161,"column":51}},"161":{"start":{"line":162,"column":0},"end":{"line":162,"column":7}},"162":{"start":{"line":163,"column":0},"end":{"line":163,"column":34}},"163":{"start":{"line":164,"column":0},"end":{"line":164,"column":75}},"165":{"start":{"line":166,"column":0},"end":{"line":166,"column":54}},"166":{"start":{"line":167,"column":0},"end":{"line":167,"column":49}},"168":{"start":{"line":169,"column":0},"end":{"line":169,"column":32}},"169":{"start":{"line":170,"column":0},"end":{"line":170,"column":43}},"170":{"start":{"line":171,"column":0},"end":{"line":171,"column":5}},"172":{"start":{"line":173,"column":0},"end":{"line":173,"column":43}},"173":{"start":{"line":174,"column":0},"end":{"line":174,"column":42}},"174":{"start":{"line":175,"column":0},"end":{"line":175,"column":71}},"175":{"start":{"line":176,"column":0},"end":{"line":176,"column":5}},"178":{"start":{"line":179,"column":0},"end":{"line":179,"column":79}},"179":{"start":{"line":180,"column":0},"end":{"line":180,"column":54}},"182":{"start":{"line":183,"column":0},"end":{"line":183,"column":79}},"183":{"start":{"line":184,"column":0},"end":{"line":184,"column":38}},"186":{"start":{"line":187,"column":0},"end":{"line":187,"column":32}},"188":{"start":{"line":189,"column":0},"end":{"line":189,"column":90}},"189":{"start":{"line":190,"column":0},"end":{"line":190,"column":19}},"190":{"start":{"line":191,"column":0},"end":{"line":191,"column":16}},"191":{"start":{"line":192,"column":0},"end":{"line":192,"column":3}},"192":{"start":{"line":193,"column":0},"end":{"line":193,"column":2}}},"s":{"4":0,"5":0,"6":0,"22":0,"23":0,"24":0,"25":0,"26":0,"27":0,"28":0,"30":0,"31":0,"33":0,"34":0,"35":0,"37":0,"38":0,"39":0,"40":0,"41":0,"42":0,"44":0,"45":0,"46":0,"47":0,"48":0,"58":0,"59":0,"60":0,"61":0,"62":0,"64":0,"65":0,"66":0,"67":0,"69":0,"70":0,"71":0,"72":0,"73":0,"74":0,"82":0,"83":0,"84":0,"85":0,"87":0,"88":0,"90":0,"91":0,"92":0,"94":0,"95":0,"96":0,"97":0,"98":0,"99":0,"100":0,"101":0,"102":0,"110":0,"111":0,"112":0,"113":0,"114":0,"115":0,"117":0,"118":0,"120":0,"121":0,"122":0,"124":0,"125":0,"127":0,"128":0,"129":0,"131":0,"132":0,"133":0,"134":0,"135":0,"136":0,"137":0,"139":0,"140":0,"141":0,"143":0,"144":0,"145":0,"146":0,"147":0,"148":0,"160":0,"161":0,"162":0,"163":0,"165":0,"166":0,"168":0,"169":0,"170":0,"172":0,"173":0,"174":0,"175":0,"178":0,"179":0,"182":0,"183":0,"186":0,"188":0,"189":0,"190":0,"191":0,"192":0},"branchMap":{"0":{"type":"branch","line":1,"loc":{"start":{"line":1,"column":5929},"end":{"line":195,"column":82}},"locations":[{"start":{"line":1,"column":5929},"end":{"line":195,"column":82}}]}},"b":{"0":[1]},"fnMap":{"0":{"name":"(empty-report)","decl":{"start":{"line":1,"column":5929},"end":{"line":195,"column":82}},"loc":{"start":{"line":1,"column":5929},"end":{"line":195,"column":82}},"line":1}},"f":{"0":1}}
,"C:\\Users\\morwa\\Desktop\\sd-project\\SD_Project\\src\\components\\AuthProtectRoute.jsx": {"path":"C:\\Users\\morwa\\Desktop\\sd-project\\SD_Project\\src\\components\\AuthProtectRoute.jsx","all":false,"statementMap":{"0":{"start":{"line":1,"column":0},"end":{"line":1,"column":53}},"1":{"start":{"line":2,"column":0},"end":{"line":2,"column":47}},"2":{"start":{"line":3,"column":0},"end":{"line":3,"column":49}},"3":{"start":{"line":4,"column":0},"end":{"line":4,"column":51}},"5":{"start":{"line":6,"column":0},"end":{"line":6,"column":44}},"6":{"start":{"line":7,"column":0},"end":{"line":7,"column":60}},"7":{"start":{"line":8,"column":0},"end":{"line":8,"column":35}},"9":{"start":{"line":10,"column":0},"end":{"line":10,"column":21}},"10":{"start":{"line":11,"column":0},"end":{"line":11,"column":23}},"11":{"start":{"line":12,"column":0},"end":{"line":12,"column":40}},"12":{"start":{"line":13,"column":0},"end":{"line":13,"column":65}},"13":{"start":{"line":14,"column":0},"end":{"line":14,"column":30}},"14":{"start":{"line":15,"column":0},"end":{"line":15,"column":53}},"15":{"start":{"line":16,"column":0},"end":{"line":16,"column":13}},"16":{"start":{"line":17,"column":0},"end":{"line":17,"column":9}},"17":{"start":{"line":18,"column":0},"end":{"line":18,"column":40}},"19":{"start":{"line":20,"column":0},"end":{"line":20,"column":18}},"20":{"start":{"line":21,"column":0},"end":{"line":21,"column":16}},"21":{"start":{"line":22,"column":0},"end":{"line":22,"column":96}},"22":{"start":{"line":23,"column":0},"end":{"line":23,"column":27}},"23":{"start":{"line":24,"column":0},"end":{"line":24,"column":49}},"24":{"start":{"line":25,"column":0},"end":{"line":25,"column":40}},"25":{"start":{"line":26,"column":0},"end":{"line":26,"column":36}},"26":{"start":{"line":27,"column":0},"end":{"line":27,"column":29}},"27":{"start":{"line":28,"column":0},"end":{"line":28,"column":18}},"28":{"start":{"line":29,"column":0},"end":{"line":29,"column":18}},"30":{"start":{"line":31,"column":0},"end":{"line":31,"column":5}},"32":{"start":{"line":33,"column":0},"end":{"line":33,"column":20}},"33":{"start":{"line":34,"column":0},"end":{"line":34,"column":2}},"35":{"start":{"line":36,"column":0},"end":{"line":36,"column":32}}},"s":{"0":1,"1":1,"2":1,"3":1,"5":1,"6":6,"7":6,"9":6,"10":6,"11":4,"12":1,"13":4,"14":1,"15":1,"16":4,"17":6,"19":6,"20":2,"21":2,"22":2,"23":2,"24":2,"25":2,"26":2,"27":2,"28":2,"30":2,"32":4,"33":4,"35":1},"branchMap":{"0":{"type":"branch","line":6,"loc":{"start":{"line":6,"column":25},"end":{"line":34,"column":2}},"locations":[{"start":{"line":6,"column":25},"end":{"line":34,"column":2}}]},"1":{"type":"branch","line":20,"loc":{"start":{"line":20,"column":17},"end":{"line":34,"column":2}},"locations":[{"start":{"line":20,"column":17},"end":{"line":34,"column":2}}]},"2":{"type":"branch","line":20,"loc":{"start":{"line":20,"column":17},"end":{"line":31,"column":5}},"locations":[{"start":{"line":20,"column":17},"end":{"line":31,"column":5}}]},"3":{"type":"branch","line":31,"loc":{"start":{"line":31,"column":4},"end":{"line":34,"column":2}},"locations":[{"start":{"line":31,"column":4},"end":{"line":34,"column":2}}]},"4":{"type":"branch","line":10,"loc":{"start":{"line":10,"column":14},"end":{"line":18,"column":7}},"locations":[{"start":{"line":10,"column":14},"end":{"line":18,"column":7}}]},"5":{"type":"branch","line":11,"loc":{"start":{"line":11,"column":22},"end":{"line":17,"column":9}},"locations":[{"start":{"line":11,"column":22},"end":{"line":17,"column":9}}]},"6":{"type":"branch","line":12,"loc":{"start":{"line":12,"column":16},"end":{"line":12,"column":39}},"locations":[{"start":{"line":12,"column":16},"end":{"line":12,"column":39}}]},"7":{"type":"branch","line":12,"loc":{"start":{"line":12,"column":39},"end":{"line":14,"column":23}},"locations":[{"start":{"line":12,"column":39},"end":{"line":14,"column":23}}]},"8":{"type":"branch","line":14,"loc":{"start":{"line":14,"column":12},"end":{"line":16,"column":13}},"locations":[{"start":{"line":14,"column":12},"end":{"line":16,"column":13}}]},"9":{"type":"branch","line":14,"loc":{"start":{"line":14,"column":29},"end":{"line":16,"column":13}},"locations":[{"start":{"line":14,"column":29},"end":{"line":16,"column":13}}]}},"b":{"0":[6],"1":[5],"2":[2],"3":[4],"4":[6],"5":[4],"6":[2],"7":[1],"8":[3],"9":[1]},"fnMap":{"0":{"name":"AuthProtectRoute","decl":{"start":{"line":6,"column":25},"end":{"line":34,"column":2}},"loc":{"start":{"line":6,"column":25},"end":{"line":34,"column":2}},"line":6}},"f":{"0":6}}
,"C:\\Users\\morwa\\Desktop\\sd-project\\SD_Project\\src\\components\\CreateProjectForm.jsx": {"path":"C:\\Users\\morwa\\Desktop\\sd-project\\SD_Project\\src\\components\\CreateProjectForm.jsx","all":false,"statementMap":{"0":{"start":{"line":1,"column":0},"end":{"line":1,"column":44}},"1":{"start":{"line":2,"column":0},"end":{"line":2,"column":65}},"2":{"start":{"line":3,"column":0},"end":{"line":3,"column":44}},"4":{"start":{"line":5,"column":0},"end":{"line":5,"column":117}},"5":{"start":{"line":6,"column":0},"end":{"line":6,"column":44}},"6":{"start":{"line":7,"column":0},"end":{"line":7,"column":14}},"7":{"start":{"line":8,"column":0},"end":{"line":8,"column":20}},"8":{"start":{"line":9,"column":0},"end":{"line":9,"column":22}},"9":{"start":{"line":10,"column":0},"end":{"line":10,"column":17}},"10":{"start":{"line":11,"column":0},"end":{"line":11,"column":14}},"11":{"start":{"line":12,"column":0},"end":{"line":12,"column":18}},"12":{"start":{"line":13,"column":0},"end":{"line":13,"column":22}},"13":{"start":{"line":14,"column":0},"end":{"line":14,"column":17}},"14":{"start":{"line":15,"column":0},"end":{"line":15,"column":25}},"15":{"start":{"line":16,"column":0},"end":{"line":16,"column":5}},"18":{"start":{"line":19,"column":0},"end":{"line":19,"column":19}},"19":{"start":{"line":20,"column":0},"end":{"line":20,"column":42}},"20":{"start":{"line":21,"column":0},"end":{"line":21,"column":19}},"21":{"start":{"line":22,"column":0},"end":{"line":22,"column":43}},"22":{"start":{"line":23,"column":0},"end":{"line":23,"column":55}},"23":{"start":{"line":24,"column":0},"end":{"line":24,"column":59}},"24":{"start":{"line":25,"column":0},"end":{"line":25,"column":49}},"25":{"start":{"line":26,"column":0},"end":{"line":26,"column":43}},"26":{"start":{"line":27,"column":0},"end":{"line":27,"column":22}},"27":{"start":{"line":28,"column":0},"end":{"line":28,"column":60}},"28":{"start":{"line":29,"column":0},"end":{"line":29,"column":50}},"29":{"start":{"line":30,"column":0},"end":{"line":30,"column":55}},"30":{"start":{"line":31,"column":0},"end":{"line":31,"column":9}},"31":{"start":{"line":32,"column":0},"end":{"line":32,"column":5}},"32":{"start":{"line":33,"column":0},"end":{"line":33,"column":38}},"34":{"start":{"line":35,"column":0},"end":{"line":35,"column":43}},"36":{"start":{"line":37,"column":0},"end":{"line":37,"column":30}},"37":{"start":{"line":38,"column":0},"end":{"line":38,"column":25}},"39":{"start":{"line":40,"column":0},"end":{"line":40,"column":33}},"40":{"start":{"line":41,"column":0},"end":{"line":41,"column":44}},"41":{"start":{"line":42,"column":0},"end":{"line":42,"column":50}},"42":{"start":{"line":43,"column":0},"end":{"line":43,"column":62}},"43":{"start":{"line":44,"column":0},"end":{"line":44,"column":5}},"45":{"start":{"line":46,"column":0},"end":{"line":46,"column":39}},"46":{"start":{"line":47,"column":0},"end":{"line":47,"column":56}},"47":{"start":{"line":48,"column":0},"end":{"line":48,"column":57}},"48":{"start":{"line":49,"column":0},"end":{"line":49,"column":75}},"49":{"start":{"line":50,"column":0},"end":{"line":50,"column":5}},"51":{"start":{"line":52,"column":0},"end":{"line":52,"column":41}},"52":{"start":{"line":53,"column":0},"end":{"line":53,"column":61}},"53":{"start":{"line":54,"column":0},"end":{"line":54,"column":58}},"54":{"start":{"line":55,"column":0},"end":{"line":55,"column":79}},"55":{"start":{"line":56,"column":0},"end":{"line":56,"column":5}},"57":{"start":{"line":58,"column":0},"end":{"line":58,"column":29}},"58":{"start":{"line":59,"column":0},"end":{"line":59,"column":50}},"59":{"start":{"line":60,"column":0},"end":{"line":60,"column":5}},"61":{"start":{"line":62,"column":0},"end":{"line":62,"column":36}},"62":{"start":{"line":63,"column":0},"end":{"line":63,"column":56}},"63":{"start":{"line":64,"column":0},"end":{"line":64,"column":5}},"65":{"start":{"line":66,"column":0},"end":{"line":66,"column":25}},"66":{"start":{"line":67,"column":0},"end":{"line":67,"column":47}},"67":{"start":{"line":68,"column":0},"end":{"line":68,"column":4}},"69":{"start":{"line":70,"column":0},"end":{"line":70,"column":25}},"70":{"start":{"line":71,"column":0},"end":{"line":71,"column":36}},"71":{"start":{"line":72,"column":0},"end":{"line":72,"column":19}},"72":{"start":{"line":73,"column":0},"end":{"line":73,"column":20}},"73":{"start":{"line":74,"column":0},"end":{"line":74,"column":90}},"74":{"start":{"line":75,"column":0},"end":{"line":75,"column":21}},"75":{"start":{"line":76,"column":0},"end":{"line":76,"column":9}},"76":{"start":{"line":77,"column":0},"end":{"line":77,"column":5}},"77":{"start":{"line":78,"column":0},"end":{"line":78,"column":4}},"79":{"start":{"line":80,"column":0},"end":{"line":80,"column":40}},"80":{"start":{"line":81,"column":0},"end":{"line":81,"column":17}},"81":{"start":{"line":82,"column":0},"end":{"line":82,"column":18}},"82":{"start":{"line":83,"column":0},"end":{"line":83,"column":75}},"83":{"start":{"line":84,"column":0},"end":{"line":84,"column":7}},"84":{"start":{"line":85,"column":0},"end":{"line":85,"column":4}},"86":{"start":{"line":87,"column":0},"end":{"line":87,"column":36}},"87":{"start":{"line":88,"column":0},"end":{"line":88,"column":45}},"88":{"start":{"line":89,"column":0},"end":{"line":89,"column":25}},"89":{"start":{"line":90,"column":0},"end":{"line":90,"column":16}},"90":{"start":{"line":91,"column":0},"end":{"line":91,"column":5}},"91":{"start":{"line":92,"column":0},"end":{"line":92,"column":4}},"93":{"start":{"line":94,"column":0},"end":{"line":94,"column":31}},"94":{"start":{"line":95,"column":0},"end":{"line":95,"column":23}},"95":{"start":{"line":96,"column":0},"end":{"line":96,"column":25}},"96":{"start":{"line":97,"column":0},"end":{"line":97,"column":27}},"97":{"start":{"line":98,"column":0},"end":{"line":98,"column":20}},"98":{"start":{"line":99,"column":0},"end":{"line":99,"column":42}},"99":{"start":{"line":100,"column":0},"end":{"line":100,"column":76}},"100":{"start":{"line":101,"column":0},"end":{"line":101,"column":10}},"101":{"start":{"line":102,"column":0},"end":{"line":102,"column":83}},"102":{"start":{"line":103,"column":0},"end":{"line":103,"column":68}},"103":{"start":{"line":104,"column":0},"end":{"line":104,"column":59}},"104":{"start":{"line":105,"column":0},"end":{"line":105,"column":60}},"105":{"start":{"line":106,"column":0},"end":{"line":106,"column":8}},"107":{"start":{"line":108,"column":0},"end":{"line":108,"column":25}},"108":{"start":{"line":109,"column":0},"end":{"line":109,"column":30}},"109":{"start":{"line":110,"column":0},"end":{"line":110,"column":14}},"110":{"start":{"line":111,"column":0},"end":{"line":111,"column":30}},"111":{"start":{"line":112,"column":0},"end":{"line":112,"column":7}},"112":{"start":{"line":113,"column":0},"end":{"line":113,"column":5}},"113":{"start":{"line":114,"column":0},"end":{"line":114,"column":4}},"115":{"start":{"line":116,"column":0},"end":{"line":116,"column":31}},"116":{"start":{"line":117,"column":0},"end":{"line":117,"column":37}},"117":{"start":{"line":118,"column":0},"end":{"line":118,"column":26}},"118":{"start":{"line":119,"column":0},"end":{"line":119,"column":14}},"119":{"start":{"line":120,"column":0},"end":{"line":120,"column":19}},"120":{"start":{"line":121,"column":0},"end":{"line":121,"column":8}},"121":{"start":{"line":122,"column":0},"end":{"line":122,"column":4}},"123":{"start":{"line":124,"column":0},"end":{"line":124,"column":10}},"124":{"start":{"line":125,"column":0},"end":{"line":125,"column":10}},"125":{"start":{"line":126,"column":0},"end":{"line":126,"column":30}},"126":{"start":{"line":127,"column":0},"end":{"line":127,"column":51}},"127":{"start":{"line":128,"column":0},"end":{"line":128,"column":39}},"129":{"start":{"line":130,"column":0},"end":{"line":130,"column":14}},"130":{"start":{"line":131,"column":0},"end":{"line":131,"column":113}},"131":{"start":{"line":132,"column":0},"end":{"line":132,"column":15}},"133":{"start":{"line":134,"column":0},"end":{"line":134,"column":38}},"134":{"start":{"line":135,"column":0},"end":{"line":135,"column":64}},"136":{"start":{"line":137,"column":0},"end":{"line":137,"column":88}},"137":{"start":{"line":138,"column":0},"end":{"line":138,"column":16}},"138":{"start":{"line":139,"column":0},"end":{"line":139,"column":22}},"139":{"start":{"line":140,"column":0},"end":{"line":140,"column":23}},"140":{"start":{"line":141,"column":0},"end":{"line":141,"column":24}},"141":{"start":{"line":142,"column":0},"end":{"line":142,"column":34}},"142":{"start":{"line":143,"column":0},"end":{"line":143,"column":35}},"143":{"start":{"line":144,"column":0},"end":{"line":144,"column":55}},"144":{"start":{"line":145,"column":0},"end":{"line":145,"column":65}},"145":{"start":{"line":146,"column":0},"end":{"line":146,"column":15}},"146":{"start":{"line":147,"column":0},"end":{"line":147,"column":32}},"147":{"start":{"line":148,"column":0},"end":{"line":148,"column":41}},"148":{"start":{"line":149,"column":0},"end":{"line":149,"column":71}},"149":{"start":{"line":150,"column":0},"end":{"line":150,"column":12}},"152":{"start":{"line":153,"column":0},"end":{"line":153,"column":62}},"153":{"start":{"line":154,"column":0},"end":{"line":154,"column":103}},"154":{"start":{"line":155,"column":0},"end":{"line":155,"column":19}},"155":{"start":{"line":156,"column":0},"end":{"line":156,"column":28}},"156":{"start":{"line":157,"column":0},"end":{"line":157,"column":30}},"157":{"start":{"line":158,"column":0},"end":{"line":158,"column":40}},"158":{"start":{"line":159,"column":0},"end":{"line":159,"column":35}},"159":{"start":{"line":160,"column":0},"end":{"line":160,"column":55}},"160":{"start":{"line":161,"column":0},"end":{"line":161,"column":71}},"161":{"start":{"line":162,"column":0},"end":{"line":162,"column":15}},"162":{"start":{"line":163,"column":0},"end":{"line":163,"column":20}},"163":{"start":{"line":164,"column":0},"end":{"line":164,"column":32}},"164":{"start":{"line":165,"column":0},"end":{"line":165,"column":47}},"165":{"start":{"line":166,"column":0},"end":{"line":166,"column":83}},"166":{"start":{"line":167,"column":0},"end":{"line":167,"column":12}},"167":{"start":{"line":168,"column":0},"end":{"line":168,"column":34}},"168":{"start":{"line":169,"column":0},"end":{"line":169,"column":113}},"170":{"start":{"line":171,"column":0},"end":{"line":171,"column":14}},"173":{"start":{"line":174,"column":0},"end":{"line":174,"column":65}},"174":{"start":{"line":175,"column":0},"end":{"line":175,"column":108}},"175":{"start":{"line":176,"column":0},"end":{"line":176,"column":16}},"176":{"start":{"line":177,"column":0},"end":{"line":177,"column":31}},"177":{"start":{"line":178,"column":0},"end":{"line":178,"column":23}},"178":{"start":{"line":179,"column":0},"end":{"line":179,"column":32}},"179":{"start":{"line":180,"column":0},"end":{"line":180,"column":42}},"180":{"start":{"line":181,"column":0},"end":{"line":181,"column":35}},"181":{"start":{"line":182,"column":0},"end":{"line":182,"column":55}},"182":{"start":{"line":183,"column":0},"end":{"line":183,"column":73}},"183":{"start":{"line":184,"column":0},"end":{"line":184,"column":15}},"184":{"start":{"line":185,"column":0},"end":{"line":185,"column":85}},"185":{"start":{"line":186,"column":0},"end":{"line":186,"column":32}},"186":{"start":{"line":187,"column":0},"end":{"line":187,"column":49}},"187":{"start":{"line":188,"column":0},"end":{"line":188,"column":88}},"188":{"start":{"line":189,"column":0},"end":{"line":189,"column":12}},"189":{"start":{"line":190,"column":0},"end":{"line":190,"column":36}},"190":{"start":{"line":191,"column":0},"end":{"line":191,"column":118}},"192":{"start":{"line":193,"column":0},"end":{"line":193,"column":14}},"195":{"start":{"line":196,"column":0},"end":{"line":196,"column":59}},"196":{"start":{"line":197,"column":0},"end":{"line":197,"column":96}},"197":{"start":{"line":198,"column":0},"end":{"line":198,"column":16}},"198":{"start":{"line":199,"column":0},"end":{"line":199,"column":25}},"199":{"start":{"line":200,"column":0},"end":{"line":200,"column":23}},"200":{"start":{"line":201,"column":0},"end":{"line":201,"column":27}},"201":{"start":{"line":202,"column":0},"end":{"line":202,"column":37}},"202":{"start":{"line":203,"column":0},"end":{"line":203,"column":35}},"203":{"start":{"line":204,"column":0},"end":{"line":204,"column":55}},"204":{"start":{"line":205,"column":0},"end":{"line":205,"column":68}},"205":{"start":{"line":206,"column":0},"end":{"line":206,"column":15}},"206":{"start":{"line":207,"column":0},"end":{"line":207,"column":57}},"207":{"start":{"line":208,"column":0},"end":{"line":208,"column":32}},"208":{"start":{"line":209,"column":0},"end":{"line":209,"column":44}},"209":{"start":{"line":210,"column":0},"end":{"line":210,"column":77}},"210":{"start":{"line":211,"column":0},"end":{"line":211,"column":12}},"211":{"start":{"line":212,"column":0},"end":{"line":212,"column":31}},"212":{"start":{"line":213,"column":0},"end":{"line":213,"column":107}},"214":{"start":{"line":215,"column":0},"end":{"line":215,"column":14}},"217":{"start":{"line":218,"column":0},"end":{"line":218,"column":73}},"218":{"start":{"line":219,"column":0},"end":{"line":219,"column":80}},"219":{"start":{"line":220,"column":0},"end":{"line":220,"column":95}},"220":{"start":{"line":221,"column":0},"end":{"line":221,"column":18}},"223":{"start":{"line":224,"column":0},"end":{"line":224,"column":83}},"224":{"start":{"line":225,"column":0},"end":{"line":225,"column":50}},"225":{"start":{"line":226,"column":0},"end":{"line":226,"column":30}},"226":{"start":{"line":227,"column":0},"end":{"line":227,"column":30}},"227":{"start":{"line":228,"column":0},"end":{"line":228,"column":29}},"228":{"start":{"line":229,"column":0},"end":{"line":229,"column":51}},"229":{"start":{"line":230,"column":0},"end":{"line":230,"column":18}},"230":{"start":{"line":231,"column":0},"end":{"line":231,"column":19}},"231":{"start":{"line":232,"column":0},"end":{"line":232,"column":15}},"232":{"start":{"line":233,"column":0},"end":{"line":233,"column":15}},"235":{"start":{"line":236,"column":0},"end":{"line":236,"column":32}},"236":{"start":{"line":237,"column":0},"end":{"line":237,"column":18}},"237":{"start":{"line":238,"column":0},"end":{"line":238,"column":28}},"238":{"start":{"line":239,"column":0},"end":{"line":239,"column":30}},"239":{"start":{"line":240,"column":0},"end":{"line":240,"column":25}},"240":{"start":{"line":241,"column":0},"end":{"line":241,"column":40}},"241":{"start":{"line":242,"column":0},"end":{"line":242,"column":87}},"242":{"start":{"line":243,"column":0},"end":{"line":243,"column":43}},"243":{"start":{"line":244,"column":0},"end":{"line":244,"column":56}},"244":{"start":{"line":245,"column":0},"end":{"line":245,"column":59}},"245":{"start":{"line":246,"column":0},"end":{"line":246,"column":67}},"246":{"start":{"line":247,"column":0},"end":{"line":247,"column":17}},"247":{"start":{"line":248,"column":0},"end":{"line":248,"column":43}},"248":{"start":{"line":249,"column":0},"end":{"line":249,"column":73}},"249":{"start":{"line":250,"column":0},"end":{"line":250,"column":14}},"250":{"start":{"line":251,"column":0},"end":{"line":251,"column":19}},"251":{"start":{"line":252,"column":0},"end":{"line":252,"column":31}},"252":{"start":{"line":253,"column":0},"end":{"line":253,"column":27}},"253":{"start":{"line":254,"column":0},"end":{"line":254,"column":102}},"254":{"start":{"line":255,"column":0},"end":{"line":255,"column":35}},"255":{"start":{"line":256,"column":0},"end":{"line":256,"column":13}},"257":{"start":{"line":258,"column":0},"end":{"line":258,"column":21}},"258":{"start":{"line":259,"column":0},"end":{"line":259,"column":16}},"260":{"start":{"line":261,"column":0},"end":{"line":261,"column":28}},"261":{"start":{"line":262,"column":0},"end":{"line":262,"column":101}},"263":{"start":{"line":264,"column":0},"end":{"line":264,"column":14}},"265":{"start":{"line":266,"column":0},"end":{"line":266,"column":60}},"266":{"start":{"line":267,"column":0},"end":{"line":267,"column":17}},"267":{"start":{"line":268,"column":0},"end":{"line":268,"column":25}},"268":{"start":{"line":269,"column":0},"end":{"line":269,"column":30}},"269":{"start":{"line":270,"column":0},"end":{"line":270,"column":87}},"270":{"start":{"line":271,"column":0},"end":{"line":271,"column":11}},"272":{"start":{"line":273,"column":0},"end":{"line":273,"column":19}},"273":{"start":{"line":274,"column":0},"end":{"line":274,"column":17}},"274":{"start":{"line":275,"column":0},"end":{"line":275,"column":35}},"275":{"start":{"line":276,"column":0},"end":{"line":276,"column":25}},"276":{"start":{"line":277,"column":0},"end":{"line":277,"column":30}},"277":{"start":{"line":278,"column":0},"end":{"line":278,"column":103}},"278":{"start":{"line":279,"column":0},"end":{"line":279,"column":31}},"280":{"start":{"line":281,"column":0},"end":{"line":281,"column":24}},"281":{"start":{"line":282,"column":0},"end":{"line":282,"column":72}},"282":{"start":{"line":283,"column":0},"end":{"line":283,"column":67}},"283":{"start":{"line":284,"column":0},"end":{"line":284,"column":19}},"284":{"start":{"line":285,"column":0},"end":{"line":285,"column":17}},"285":{"start":{"line":286,"column":0},"end":{"line":286,"column":17}},"286":{"start":{"line":287,"column":0},"end":{"line":287,"column":11}},"288":{"start":{"line":289,"column":0},"end":{"line":289,"column":1}}},"s":{"0":1,"1":1,"2":1,"4":14,"5":14,"6":14,"7":14,"8":14,"9":14,"10":14,"11":14,"12":14,"13":14,"14":14,"15":14,"18":14,"19":3,"20":1,"21":1,"22":1,"23":1,"24":1,"25":1,"26":1,"27":1,"28":1,"29":1,"30":1,"31":1,"32":14,"34":14,"36":14,"37":1,"39":1,"40":0,"41":1,"42":0,"43":0,"45":1,"46":0,"47":1,"48":0,"49":0,"51":1,"52":0,"53":1,"54":0,"55":0,"57":1,"58":0,"59":0,"61":1,"62":0,"63":0,"65":1,"66":1,"67":1,"69":14,"70":2,"71":2,"72":2,"73":2,"74":2,"75":2,"76":2,"77":2,"79":14,"80":0,"81":0,"82":0,"83":0,"84":0,"86":14,"87":2,"88":2,"89":2,"90":2,"91":2,"93":14,"94":1,"95":1,"96":1,"97":1,"98":1,"99":2,"100":1,"101":1,"102":1,"103":1,"104":1,"105":1,"107":1,"108":0,"109":1,"110":1,"111":1,"112":1,"113":1,"115":14,"116":4,"117":4,"118":4,"119":4,"120":4,"121":4,"123":14,"124":14,"125":14,"126":14,"127":14,"129":14,"130":14,"131":14,"133":14,"134":14,"136":14,"137":14,"138":14,"139":14,"140":14,"141":14,"142":14,"143":14,"144":14,"145":14,"146":14,"147":14,"148":14,"149":14,"152":14,"153":14,"154":14,"155":14,"156":14,"157":14,"158":14,"159":14,"160":14,"161":14,"162":14,"163":14,"164":14,"165":14,"166":14,"167":14,"168":0,"170":14,"173":14,"174":14,"175":14,"176":14,"177":14,"178":14,"179":14,"180":14,"181":14,"182":14,"183":14,"184":14,"185":14,"186":14,"187":14,"188":14,"189":14,"190":0,"192":14,"195":14,"196":14,"197":14,"198":14,"199":14,"200":14,"201":14,"202":14,"203":14,"204":14,"205":14,"206":14,"207":14,"208":14,"209":14,"210":14,"211":14,"212":0,"214":14,"217":14,"218":14,"219":14,"220":14,"223":14,"224":14,"225":6,"226":6,"227":6,"228":6,"229":6,"230":6,"231":14,"232":14,"235":14,"236":14,"237":14,"238":14,"239":14,"240":14,"241":14,"242":14,"243":14,"244":14,"245":14,"246":14,"247":14,"248":14,"249":14,"250":14,"251":14,"252":14,"253":14,"254":14,"255":14,"257":14,"258":14,"260":14,"261":0,"263":14,"265":14,"266":14,"267":14,"268":14,"269":14,"270":14,"272":14,"273":14,"274":14,"275":14,"276":14,"277":14,"278":14,"280":14,"281":0,"282":14,"283":14,"284":14,"285":14,"286":14,"288":14},"branchMap":{"0":{"type":"branch","line":5,"loc":{"start":{"line":5,"column":0},"end":{"line":289,"column":1}},"locations":[{"start":{"line":5,"column":0},"end":{"line":289,"column":1}}]},"1":{"type":"branch","line":131,"loc":{"start":{"line":131,"column":52},"end":{"line":131,"column":86}},"locations":[{"start":{"line":131,"column":52},"end":{"line":131,"column":86}}]},"2":{"type":"branch","line":131,"loc":{"start":{"line":131,"column":67},"end":{"line":131,"column":108}},"locations":[{"start":{"line":131,"column":67},"end":{"line":131,"column":108}}]},"3":{"type":"branch","line":145,"loc":{"start":{"line":145,"column":21},"end":{"line":145,"column":48}},"locations":[{"start":{"line":145,"column":21},"end":{"line":145,"column":48}}]},"4":{"type":"branch","line":149,"loc":{"start":{"line":149,"column":37},"end":{"line":149,"column":61}},"locations":[{"start":{"line":149,"column":37},"end":{"line":149,"column":61}}]},"5":{"type":"branch","line":161,"loc":{"start":{"line":161,"column":21},"end":{"line":161,"column":54}},"locations":[{"start":{"line":161,"column":21},"end":{"line":161,"column":54}}]},"6":{"type":"branch","line":166,"loc":{"start":{"line":166,"column":37},"end":{"line":166,"column":73}},"locations":[{"start":{"line":166,"column":37},"end":{"line":166,"column":73}}]},"7":{"type":"branch","line":168,"loc":{"start":{"line":168,"column":18},"end":{"line":169,"column":113}},"locations":[{"start":{"line":168,"column":18},"end":{"line":169,"column":113}}]},"8":{"type":"branch","line":183,"loc":{"start":{"line":183,"column":21},"end":{"line":183,"column":56}},"locations":[{"start":{"line":183,"column":21},"end":{"line":183,"column":56}}]},"9":{"type":"branch","line":188,"loc":{"start":{"line":188,"column":37},"end":{"line":188,"column":78}},"locations":[{"start":{"line":188,"column":37},"end":{"line":188,"column":78}}]},"10":{"type":"branch","line":190,"loc":{"start":{"line":190,"column":18},"end":{"line":191,"column":118}},"locations":[{"start":{"line":190,"column":18},"end":{"line":191,"column":118}}]},"11":{"type":"branch","line":205,"loc":{"start":{"line":205,"column":21},"end":{"line":205,"column":51}},"locations":[{"start":{"line":205,"column":21},"end":{"line":205,"column":51}}]},"12":{"type":"branch","line":210,"loc":{"start":{"line":210,"column":37},"end":{"line":210,"column":67}},"locations":[{"start":{"line":210,"column":37},"end":{"line":210,"column":67}}]},"13":{"type":"branch","line":212,"loc":{"start":{"line":212,"column":18},"end":{"line":213,"column":107}},"locations":[{"start":{"line":212,"column":18},"end":{"line":213,"column":107}}]},"14":{"type":"branch","line":246,"loc":{"start":{"line":246,"column":23},"end":{"line":246,"column":50}},"locations":[{"start":{"line":246,"column":23},"end":{"line":246,"column":50}}]},"15":{"type":"branch","line":249,"loc":{"start":{"line":249,"column":39},"end":{"line":249,"column":63}},"locations":[{"start":{"line":249,"column":39},"end":{"line":249,"column":63}}]},"16":{"type":"branch","line":261,"loc":{"start":{"line":261,"column":18},"end":{"line":262,"column":101}},"locations":[{"start":{"line":261,"column":18},"end":{"line":262,"column":101}}]},"17":{"type":"branch","line":281,"loc":{"start":{"line":281,"column":13},"end":{"line":282,"column":72}},"locations":[{"start":{"line":281,"column":13},"end":{"line":282,"column":72}}]},"18":{"type":"branch","line":283,"loc":{"start":{"line":283,"column":16},"end":{"line":283,"column":50}},"locations":[{"start":{"line":283,"column":16},"end":{"line":283,"column":50}}]},"19":{"type":"branch","line":283,"loc":{"start":{"line":283,"column":31},"end":{"line":283,"column":67}},"locations":[{"start":{"line":283,"column":31},"end":{"line":283,"column":67}}]},"20":{"type":"branch","line":19,"loc":{"start":{"line":19,"column":12},"end":{"line":33,"column":5}},"locations":[{"start":{"line":19,"column":12},"end":{"line":33,"column":5}}]},"21":{"type":"branch","line":20,"loc":{"start":{"line":20,"column":8},"end":{"line":20,"column":41}},"locations":[{"start":{"line":20,"column":8},"end":{"line":20,"column":41}}]},"22":{"type":"branch","line":20,"loc":{"start":{"line":20,"column":41},"end":{"line":32,"column":5}},"locations":[{"start":{"line":20,"column":41},"end":{"line":32,"column":5}}]},"23":{"type":"branch","line":22,"loc":{"start":{"line":22,"column":31},"end":{"line":22,"column":43}},"locations":[{"start":{"line":22,"column":31},"end":{"line":22,"column":43}}]},"24":{"type":"branch","line":23,"loc":{"start":{"line":23,"column":37},"end":{"line":23,"column":55}},"locations":[{"start":{"line":23,"column":37},"end":{"line":23,"column":55}}]},"25":{"type":"branch","line":30,"loc":{"start":{"line":30,"column":32},"end":{"line":30,"column":55}},"locations":[{"start":{"line":30,"column":32},"end":{"line":30,"column":55}}]},"26":{"type":"branch","line":37,"loc":{"start":{"line":37,"column":23},"end":{"line":68,"column":4}},"locations":[{"start":{"line":37,"column":23},"end":{"line":68,"column":4}}]},"27":{"type":"branch","line":40,"loc":{"start":{"line":40,"column":32},"end":{"line":42,"column":15}},"locations":[{"start":{"line":40,"column":32},"end":{"line":42,"column":15}}]},"28":{"type":"branch","line":42,"loc":{"start":{"line":42,"column":49},"end":{"line":44,"column":5}},"locations":[{"start":{"line":42,"column":49},"end":{"line":44,"column":5}}]},"29":{"type":"branch","line":46,"loc":{"start":{"line":46,"column":38},"end":{"line":48,"column":15}},"locations":[{"start":{"line":46,"column":38},"end":{"line":48,"column":15}}]},"30":{"type":"branch","line":48,"loc":{"start":{"line":48,"column":56},"end":{"line":50,"column":5}},"locations":[{"start":{"line":48,"column":56},"end":{"line":50,"column":5}}]},"31":{"type":"branch","line":52,"loc":{"start":{"line":52,"column":40},"end":{"line":54,"column":15}},"locations":[{"start":{"line":52,"column":40},"end":{"line":54,"column":15}}]},"32":{"type":"branch","line":54,"loc":{"start":{"line":54,"column":57},"end":{"line":56,"column":5}},"locations":[{"start":{"line":54,"column":57},"end":{"line":56,"column":5}}]},"33":{"type":"branch","line":58,"loc":{"start":{"line":58,"column":28},"end":{"line":60,"column":5}},"locations":[{"start":{"line":58,"column":28},"end":{"line":60,"column":5}}]},"34":{"type":"branch","line":62,"loc":{"start":{"line":62,"column":35},"end":{"line":64,"column":5}},"locations":[{"start":{"line":62,"column":35},"end":{"line":64,"column":5}}]},"35":{"type":"branch","line":70,"loc":{"start":{"line":70,"column":18},"end":{"line":78,"column":4}},"locations":[{"start":{"line":70,"column":18},"end":{"line":78,"column":4}}]},"36":{"type":"branch","line":87,"loc":{"start":{"line":87,"column":28},"end":{"line":92,"column":4}},"locations":[{"start":{"line":87,"column":28},"end":{"line":92,"column":4}}]},"37":{"type":"branch","line":88,"loc":{"start":{"line":88,"column":18},"end":{"line":88,"column":44}},"locations":[{"start":{"line":88,"column":18},"end":{"line":88,"column":44}}]},"38":{"type":"branch","line":94,"loc":{"start":{"line":94,"column":23},"end":{"line":114,"column":4}},"locations":[{"start":{"line":94,"column":23},"end":{"line":114,"column":4}}]},"39":{"type":"branch","line":102,"loc":{"start":{"line":102,"column":24},"end":{"line":102,"column":59}},"locations":[{"start":{"line":102,"column":24},"end":{"line":102,"column":59}}]},"40":{"type":"branch","line":103,"loc":{"start":{"line":103,"column":19},"end":{"line":103,"column":49}},"locations":[{"start":{"line":103,"column":19},"end":{"line":103,"column":49}}]},"41":{"type":"branch","line":104,"loc":{"start":{"line":104,"column":16},"end":{"line":104,"column":43}},"locations":[{"start":{"line":104,"column":16},"end":{"line":104,"column":43}}]},"42":{"type":"branch","line":105,"loc":{"start":{"line":105,"column":19},"end":{"line":105,"column":49}},"locations":[{"start":{"line":105,"column":19},"end":{"line":105,"column":49}}]},"43":{"type":"branch","line":108,"loc":{"start":{"line":108,"column":24},"end":{"line":110,"column":13}},"locations":[{"start":{"line":108,"column":24},"end":{"line":110,"column":13}}]},"44":{"type":"branch","line":99,"loc":{"start":{"line":99,"column":34},"end":{"line":100,"column":76}},"locations":[{"start":{"line":99,"column":34},"end":{"line":100,"column":76}}]},"45":{"type":"branch","line":100,"loc":{"start":{"line":100,"column":26},"end":{"line":100,"column":72}},"locations":[{"start":{"line":100,"column":26},"end":{"line":100,"column":72}}]},"46":{"type":"branch","line":116,"loc":{"start":{"line":116,"column":23},"end":{"line":122,"column":4}},"locations":[{"start":{"line":116,"column":23},"end":{"line":122,"column":4}}]},"47":{"type":"branch","line":118,"loc":{"start":{"line":118,"column":16},"end":{"line":121,"column":6}},"locations":[{"start":{"line":118,"column":16},"end":{"line":121,"column":6}}]},"48":{"type":"branch","line":225,"loc":{"start":{"line":225,"column":32},"end":{"line":231,"column":19}},"locations":[{"start":{"line":225,"column":32},"end":{"line":231,"column":19}}]},"49":{"type":"branch","line":242,"loc":{"start":{"line":242,"column":24},"end":{"line":242,"column":87}},"locations":[{"start":{"line":242,"column":24},"end":{"line":242,"column":87}}]}},"b":{"0":[14],"1":[2],"2":[12],"3":[0],"4":[0],"5":[0],"6":[0],"7":[0],"8":[0],"9":[0],"10":[0],"11":[0],"12":[0],"13":[0],"14":[0],"15":[0],"16":[0],"17":[0],"18":[2],"19":[12],"20":[3],"21":[1],"22":[1],"23":[0],"24":[0],"25":[0],"26":[1],"27":[0],"28":[0],"29":[0],"30":[0],"31":[0],"32":[0],"33":[0],"34":[0],"35":[2],"36":[2],"37":[0],"38":[1],"39":[0],"40":[0],"41":[0],"42":[0],"43":[0],"44":[2],"45":[0],"46":[4],"47":[4],"48":[6],"49":[2]},"fnMap":{"0":{"name":"CreateProjectForm","decl":{"start":{"line":5,"column":0},"end":{"line":289,"column":1}},"loc":{"start":{"line":5,"column":0},"end":{"line":289,"column":1}},"line":5},"1":{"name":"validateForm","decl":{"start":{"line":37,"column":23},"end":{"line":68,"column":4}},"loc":{"start":{"line":37,"column":23},"end":{"line":68,"column":4}},"line":37},"2":{"name":"addGoal","decl":{"start":{"line":70,"column":18},"end":{"line":78,"column":4}},"loc":{"start":{"line":70,"column":18},"end":{"line":78,"column":4}},"line":70},"3":{"name":"deleteGoal","decl":{"start":{"line":80,"column":21},"end":{"line":85,"column":4}},"loc":{"start":{"line":80,"column":21},"end":{"line":85,"column":4}},"line":80},"4":{"name":"handleGoalKeyDown","decl":{"start":{"line":87,"column":28},"end":{"line":92,"column":4}},"loc":{"start":{"line":87,"column":28},"end":{"line":92,"column":4}},"line":87},"5":{"name":"handleSubmit","decl":{"start":{"line":94,"column"
[...]
"column":0},"end":{"line":164,"column":40}},"164":{"start":{"line":165,"column":0},"end":{"line":165,"column":43}},"165":{"start":{"line":166,"column":0},"end":{"line":166,"column":65}},"166":{"start":{"line":167,"column":0},"end":{"line":167,"column":44}},"167":{"start":{"line":168,"column":0},"end":{"line":168,"column":31}},"168":{"start":{"line":169,"column":0},"end":{"line":169,"column":27}},"169":{"start":{"line":170,"column":0},"end":{"line":170,"column":27}},"170":{"start":{"line":171,"column":0},"end":{"line":171,"column":82}},"171":{"start":{"line":172,"column":0},"end":{"line":172,"column":39}},"172":{"start":{"line":173,"column":0},"end":{"line":173,"column":104}},"173":{"start":{"line":174,"column":0},"end":{"line":174,"column":91}},"174":{"start":{"line":175,"column":0},"end":{"line":175,"column":40}},"175":{"start":{"line":176,"column":0},"end":{"line":176,"column":38}},"176":{"start":{"line":177,"column":0},"end":{"line":177,"column":88}},"177":{"start":{"line":178,"column":0},"end":{"line":178,"column":127}},"178":{"start":{"line":179,"column":0},"end":{"line":179,"column":55}},"179":{"start":{"line":180,"column":0},"end":{"line":180,"column":34}},"180":{"start":{"line":181,"column":0},"end":{"line":181,"column":95}},"181":{"start":{"line":182,"column":0},"end":{"line":182,"column":38}},"184":{"start":{"line":185,"column":0},"end":{"line":185,"column":75}},"185":{"start":{"line":186,"column":0},"end":{"line":186,"column":56}},"186":{"start":{"line":187,"column":0},"end":{"line":187,"column":92}},"187":{"start":{"line":188,"column":0},"end":{"line":188,"column":83}},"188":{"start":{"line":189,"column":0},"end":{"line":189,"column":71}},"189":{"start":{"line":190,"column":0},"end":{"line":190,"column":133}},"190":{"start":{"line":191,"column":0},"end":{"line":191,"column":38}},"191":{"start":{"line":192,"column":0},"end":{"line":192,"column":42}},"192":{"start":{"line":193,"column":0},"end":{"line":193,"column":89}},"193":{"start":{"line":194,"column":0},"end":{"line":194,"column":43}},"194":{"start":{"line":195,"column":0},"end":{"line":195,"column":105}},"195":{"start":{"line":196,"column":0},"end":{"line":196,"column":45}},"196":{"start":{"line":197,"column":0},"end":{"line":197,"column":134}},"197":{"start":{"line":198,"column":0},"end":{"line":198,"column":38}},"198":{"start":{"line":199,"column":0},"end":{"line":199,"column":36}},"199":{"start":{"line":200,"column":0},"end":{"line":200,"column":42}},"200":{"start":{"line":201,"column":0},"end":{"line":201,"column":40}},"202":{"start":{"line":203,"column":0},"end":{"line":203,"column":34}},"203":{"start":{"line":204,"column":0},"end":{"line":204,"column":25}},"204":{"start":{"line":205,"column":0},"end":{"line":205,"column":30}},"206":{"start":{"line":207,"column":0},"end":{"line":207,"column":87}},"207":{"start":{"line":208,"column":0},"end":{"line":208,"column":125}},"208":{"start":{"line":209,"column":0},"end":{"line":209,"column":90}},"209":{"start":{"line":210,"column":0},"end":{"line":210,"column":241}},"210":{"start":{"line":211,"column":0},"end":{"line":211,"column":28}},"211":{"start":{"line":212,"column":0},"end":{"line":212,"column":77}},"212":{"start":{"line":213,"column":0},"end":{"line":213,"column":88}},"213":{"start":{"line":214,"column":0},"end":{"line":214,"column":27}},"214":{"start":{"line":215,"column":0},"end":{"line":215,"column":56}},"215":{"start":{"line":216,"column":0},"end":{"line":216,"column":121}},"216":{"start":{"line":217,"column":0},"end":{"line":217,"column":26}},"217":{"start":{"line":218,"column":0},"end":{"line":218,"column":30}},"219":{"start":{"line":220,"column":0},"end":{"line":220,"column":19}},"222":{"start":{"line":223,"column":0},"end":{"line":223,"column":32}},"223":{"start":{"line":224,"column":0},"end":{"line":224,"column":46}},"224":{"start":{"line":225,"column":0},"end":{"line":225,"column":39}},"225":{"start":{"line":226,"column":0},"end":{"line":226,"column":51}},"226":{"start":{"line":227,"column":0},"end":{"line":227,"column":16}},"228":{"start":{"line":229,"column":0},"end":{"line":229,"column":20}},"231":{"start":{"line":232,"column":0},"end":{"line":232,"column":57}},"233":{"start":{"line":234,"column":0},"end":{"line":234,"column":90}},"234":{"start":{"line":235,"column":0},"end":{"line":235,"column":58}},"235":{"start":{"line":236,"column":0},"end":{"line":236,"column":71}},"236":{"start":{"line":237,"column":0},"end":{"line":237,"column":84}},"237":{"start":{"line":238,"column":0},"end":{"line":238,"column":24}},"239":{"start":{"line":240,"column":0},"end":{"line":240,"column":38}},"240":{"start":{"line":241,"column":0},"end":{"line":241,"column":47}},"241":{"start":{"line":242,"column":0},"end":{"line":242,"column":73}},"242":{"start":{"line":243,"column":0},"end":{"line":243,"column":68}},"243":{"start":{"line":244,"column":0},"end":{"line":244,"column":91}},"244":{"start":{"line":245,"column":0},"end":{"line":245,"column":28}},"245":{"start":{"line":246,"column":0},"end":{"line":246,"column":73}},"246":{"start":{"line":247,"column":0},"end":{"line":247,"column":63}},"247":{"start":{"line":248,"column":0},"end":{"line":248,"column":86}},"248":{"start":{"line":249,"column":0},"end":{"line":249,"column":28}},"250":{"start":{"line":251,"column":0},"end":{"line":251,"column":44}},"251":{"start":{"line":252,"column":0},"end":{"line":252,"column":27}},"252":{"start":{"line":253,"column":0},"end":{"line":253,"column":63}},"253":{"start":{"line":254,"column":0},"end":{"line":254,"column":173}},"255":{"start":{"line":256,"column":0},"end":{"line":256,"column":54}},"257":{"start":{"line":258,"column":0},"end":{"line":258,"column":29}},"258":{"start":{"line":259,"column":0},"end":{"line":259,"column":28}},"259":{"start":{"line":260,"column":0},"end":{"line":260,"column":26}},"261":{"start":{"line":262,"column":0},"end":{"line":262,"column":85}},"263":{"start":{"line":264,"column":0},"end":{"line":264,"column":22}},"266":{"start":{"line":267,"column":0},"end":{"line":267,"column":90}},"267":{"start":{"line":268,"column":0},"end":{"line":268,"column":74}},"268":{"start":{"line":269,"column":0},"end":{"line":269,"column":86}},"269":{"start":{"line":270,"column":0},"end":{"line":270,"column":90}},"270":{"start":{"line":271,"column":0},"end":{"line":271,"column":56}},"271":{"start":{"line":272,"column":0},"end":{"line":272,"column":25}},"272":{"start":{"line":273,"column":0},"end":{"line":273,"column":24}},"273":{"start":{"line":274,"column":0},"end":{"line":274,"column":38}},"274":{"start":{"line":275,"column":0},"end":{"line":275,"column":63}},"276":{"start":{"line":277,"column":0},"end":{"line":277,"column":103}},"278":{"start":{"line":279,"column":0},"end":{"line":279,"column":22}},"279":{"start":{"line":280,"column":0},"end":{"line":280,"column":18}},"280":{"start":{"line":281,"column":0},"end":{"line":281,"column":18}},"281":{"start":{"line":282,"column":0},"end":{"line":282,"column":13}},"283":{"start":{"line":284,"column":0},"end":{"line":284,"column":14}},"284":{"start":{"line":285,"column":0},"end":{"line":285,"column":73}},"285":{"start":{"line":286,"column":0},"end":{"line":286,"column":15}},"287":{"start":{"line":288,"column":0},"end":{"line":288,"column":18}},"288":{"start":{"line":289,"column":0},"end":{"line":289,"column":26}},"289":{"start":{"line":290,"column":0},"end":{"line":290,"column":43}},"290":{"start":{"line":291,"column":0},"end":{"line":291,"column":22}},"291":{"start":{"line":292,"column":0},"end":{"line":292,"column":31}},"292":{"start":{"line":293,"column":0},"end":{"line":293,"column":8}},"294":{"start":{"line":295,"column":0},"end":{"line":295,"column":25}},"295":{"start":{"line":296,"column":0},"end":{"line":296,"column":52}},"296":{"start":{"line":297,"column":0},"end":{"line":297,"column":40}},"297":{"start":{"line":298,"column":0},"end":{"line":298,"column":14}},"299":{"start":{"line":300,"column":0},"end":{"line":300,"column":14}},"301":{"start":{"line":302,"column":0},"end":{"line":302,"column":1}}},"s":{"0":1,"1":1,"2":1,"3":1,"4":1,"5":1,"6":1,"7":1,"8":1,"9":1,"10":1,"12":1,"13":3,"14":1,"15":1,"16":1,"18":1,"19":4,"20":1,"21":1,"22":1,"23":1,"24":1,"25":1,"26":1,"28":16,"29":16,"30":16,"31":16,"32":16,"33":16,"34":16,"35":16,"36":16,"37":16,"38":16,"39":16,"41":16,"42":5,"43":5,"44":5,"46":5,"47":8,"48":8,"49":8,"50":8,"51":5,"52":5,"53":5,"54":5,"55":0,"56":5,"57":5,"58":5,"59":5,"61":16,"62":5,"63":5,"64":5,"65":5,"66":0,"67":0,"68":5,"69":5,"70":16,"72":16,"73":0,"74":0,"75":0,"76":0,"77":0,"78":0,"79":0,"80":0,"81":0,"82":0,"84":16,"85":0,"86":0,"87":0,"89":0,"90":0,"91":0,"92":0,"93":0,"94":0,"95":0,"96":0,"97":0,"98":0,"99":0,"100":0,"101":0,"103":0,"104":0,"105":0,"106":0,"107":0,"108":0,"109":0,"110":0,"111":0,"114":16,"115":16,"117":16,"118":16,"119":16,"120":16,"121":16,"122":16,"123":16,"124":16,"125":16,"126":16,"127":16,"129":16,"130":16,"132":16,"133":16,"134":16,"135":16,"136":16,"137":16,"138":16,"139":16,"141":16,"143":16,"144":16,"146":16,"147":14,"148":5,"149":5,"150":15,"151":15,"152":15,"153":15,"154":15,"155":5,"156":5,"158":9,"159":9,"160":3,"161":3,"162":6,"163":6,"164":1,"165":1,"166":1,"167":1,"168":1,"169":1,"170":6,"171":6,"172":6,"173":6,"174":6,"175":6,"176":6,"177":6,"178":6,"179":6,"180":6,"181":6,"184":6,"185":6,"186":6,"187":6,"188":6,"189":6,"190":6,"191":6,"192":6,"193":6,"194":6,"195":6,"196":6,"197":6,"198":6,"199":6,"200":6,"202":6,"203":3,"204":3,"206":6,"207":6,"208":6,"209":6,"210":6,"211":6,"212":6,"213":6,"214":6,"215":6,"216":6,"217":6,"219":9,"222":2,"223":2,"224":2,"225":2,"226":2,"228":16,"231":16,"233":16,"234":16,"235":16,"236":16,"237":16,"239":16,"240":4,"241":4,"242":4,"243":4,"244":4,"245":4,"246":4,"247":4,"248":4,"250":4,"251":4,"252":4,"253":4,"255":4,"257":4,"258":4,"259":4,"261":12,"263":16,"266":16,"267":16,"268":16,"269":16,"270":16,"271":16,"272":16,"273":16,"274":4,"276":12,"278":16,"279":16,"280":16,"281":16,"283":16,"284":16,"285":16,"287":16,"288":16,"289":16,"290":16,"291":16,"292":16,"294":16,"295":0,"296":0,"297":0,"299":16,"301":16},"branchMap":{"0":{"type":"branch","line":13,"loc":{"start":{"line":13,"column":26},"end":{"line":17,"column":2}},"locations":[{"start":{"line":13,"column":26},"end":{"line":17,"column":2}}]},"1":{"type":"branch","line":14,"loc":{"start":{"line":14,"column":19},"end":{"line":14,"column":42}},"locations":[{"start":{"line":14,"column":19},"end":{"line":14,"column":42}}]},"2":{"type":"branch","line":14,"loc":{"start":{"line":14,"column":26},"end":{"line":17,"column":2}},"locations":[{"start":{"line":14,"column":26},"end":{"line":17,"column":2}}]},"3":{"type":"branch","line":19,"loc":{"start":{"line":19,"column":34},"end":{"line":27,"column":2}},"locations":[{"start":{"line":19,"column":34},"end":{"line":27,"column":2}}]},"4":{"type":"branch","line":20,"loc":{"start":{"line":20,"column":7},"end":{"line":20,"column":51}},"locations":[{"start":{"line":20,"column":7},"end":{"line":20,"column":51}}]},"5":{"type":"branch","line":20,"loc":{"start":{"line":20,"column":51},"end":{"line":20,"column":61}},"locations":[{"start":{"line":20,"column":51},"end":{"line":20,"column":61}}]},"6":{"type":"branch","line":20,"loc":{"start":{"line":20,"column":58},"end":{"line":27,"column":2}},"locations":[{"start":{"line":20,"column":58},"end":{"line":27,"column":2}}]},"7":{"type":"branch","line":29,"loc":{"start":{"line":29,"column":0},"end":{"line":302,"column":1}},"locations":[{"start":{"line":29,"column":0},"end":{"line":302,"column":1}}]},"8":{"type":"branch","line":147,"loc":{"start":{"line":147,"column":14},"end":{"line":220,"column":19}},"locations":[{"start":{"line":147,"column":14},"end":{"line":220,"column":19}}]},"9":{"type":"branch","line":148,"loc":{"start":{"line":148,"column":14},"end":{"line":157,"column":26}},"locations":[{"start":{"line":148,"column":14},"end":{"line":157,"column":26}}]},"10":{"type":"branch","line":157,"loc":{"start":{"line":157,"column":16},"end":{"line":220,"column":19}},"locations":[{"start":{"line":157,"column":16},"end":{"line":220,"column":19}}]},"11":{"type":"branch","line":160,"loc":{"start":{"line":160,"column":45},"end":{"line":205,"column":30}},"locations":[{"start":{"line":160,"column":45},"end":{"line":205,"column":30}}]},"12":{"type":"branch","line":205,"loc":{"start":{"line":205,"column":20},"end":{"line":218,"column":30}},"locations":[{"start":{"line":205,"column":20},"end":{"line":218,"column":30}}]},"13":{"type":"branch","line":213,"loc":{"start":{"line":213,"column":25},"end":{"line":213,"column":70}},"locations":[{"start":{"line":213,"column":25},"end":{"line":213,"column":70}}]},"14":{"type":"branch","line":216,"loc":{"start":{"line":216,"column":25},"end":{"line":216,"column":71}},"locations":[{"start":{"line":216,"column":25},"end":{"line":216,"column":71}}]},"15":{"type":"branch","line":220,"loc":{"start":{"line":220,"column":16},"end":{"line":227,"column":16}},"locations":[{"start":{"line":220,"column":16},"end":{"line":227,"column":16}}]},"16":{"type":"branch","line":240,"loc":{"start":{"line":240,"column":33},"end":{"line":260,"column":26}},"locations":[{"start":{"line":240,"column":33},"end":{"line":260,"column":26}}]},"17":{"type":"branch","line":260,"loc":{"start":{"line":260,"column":16},"end":{"line":262,"column":85}},"locations":[{"start":{"line":260,"column":16},"end":{"line":262,"column":85}}]},"18":{"type":"branch","line":274,"loc":{"start":{"line":274,"column":33},"end":{"line":275,"column":63}},"locations":[{"start":{"line":274,"column":33},"end":{"line":275,"column":63}}]},"19":{"type":"branch","line":275,"loc":{"start":{"line":275,"column":59},"end":{"line":277,"column":103}},"locations":[{"start":{"line":275,"column":59},"end":{"line":277,"column":103}}]},"20":{"type":"branch","line":295,"loc":{"start":{"line":295,"column":7},"end":{"line":298,"column":14}},"locations":[{"start":{"line":295,"column":7},"end":{"line":298,"column":14}}]},"21":{"type":"branch","line":42,"loc":{"start":{"line":42,"column":27},"end":{"line":60,"column":4}},"locations":[{"start":{"line":42,"column":27},"end":{"line":60,"column":4}}]},"22":{"type":"branch","line":55,"loc":{"start":{"line":55,"column":4},"end":{"line":57,"column":6}},"locations":[{"start":{"line":55,"column":4},"end":{"line":57,"column":6}}]},"23":{"type":"branch","line":47,"loc":{"start":{"line":47,"column":63},"end":{"line":52,"column":8}},"locations":[{"start":{"line":47,"column":63},"end":{"line":52,"column":8}}]},"24":{"type":"branch","line":51,"loc":{"start":{"line":51,"column":8},"end":{"line":51,"column":15}},"locations":[{"start":{"line":51,"column":8},"end":{"line":51,"column":15}}]},"25":{"type":"branch","line":49,"loc":{"start":{"line":49,"column":34},"end":{"line":50,"column":76}},"locations":[{"start":{"line":49,"column":34},"end":{"line":50,"column":76}}]},"26":{"type":"branch","line":50,"loc":{"start":{"line":50,"column":26},"end":{"line":50,"column":72}},"locations":[{"start":{"line":50,"column":26},"end":{"line":50,"column":72}}]},"27":{"type":"branch","line":62,"loc":{"start":{"line":62,"column":12},"end":{"line":71,"column":5}},"locations":[{"start":{"line":62,"column":12},"end":{"line":71,"column":5}}]},"28":{"type":"branch","line":63,"loc":{"start":{"line":63,"column":48},"end":{"line":69,"column":5}},"locations":[{"start":{"line":63,"column":48},"end":{"line":69,"column":5}}]},"29":{"type":"branch","line":66,"loc":{"start":{"line":66,"column":6},"end":{"line":68,"column":7}},"locations":[{"start":{"line":66,"column":6},"end":{"line":68,"column":7}}]},"30":{"type":"branch","line":70,"loc":{"start":{"line":70,"column":11},"end":{"line":70,"column":31}},"locations":[{"start":{"line":70,"column":11},"end":{"line":70,"column":31}}]},"31":{"type":"branch","line":115,"loc":{"start":{"line":115,"column":46},"end":{"line":115,"column":101}},"locations":[{"start":{"line":115,"column":46},"end":{"line":115,"column":101}}]},"32":{"type":"branch","line":115,"loc":{"start":{"line":115,"column":79},"end":{"line":115,"column":101}},"locations":[{"start":{"line":115,"column":79},"end":{"line":115,"column":101}}]},"33":{"type":"branch","line":116,"loc":{"start":{"line":116,"column":41},"end":{"line":116,"column":91}},"locations":[{"start":{"line":116,"column":41},"end":{"line":116,"column":91}}]},"34":{"type":"branch","line":116,"loc":{"start":{"line":116,"column":74},"end":{"line":116,"column":91}},"locations":[{"start":{"line":116,"column":74},"end":{"line":116,"column":91}}]},"35":{"type":"branch","line":137,"loc":{"start":{"line":137,"column":25},"end":{"line":137,"column":49}},"locations":[{"start":{"line":137,"column":25},"end":{"line":137,"column":49}}]},"36":{"type":"branch","line":150,"loc":{"start":{"line":150,"column":33},"end":{"line":155,"column":22}},"locations":[{"start":{"line":150,"column":33},"end":{"line":155,"column":22}}]},"37":{"type":"branch","line":162,"loc":{"start":{"line":162,"column":44},"end":{"line":203,"column":34}},"locations":[{"start":{"line":162,"column":44},"end":{"line":203,"column":34}}]},"38":{"type":"branch","line":164,"loc":{"start":{"line":164,"column":33},"end":{"line":170,"column":27}},"locations":[{"start":{"line":164,"column":33},"end":{"line":170,"column":27}}]},"39":{"type":"branch","line":190,"loc":{"start":{"line":190,"column":70},"end":{"line":190,"column":92}},"locations":[{"start":{"line":190,"column":70},"end":{"line":190,"column":92}}]},"40":{"type":"branch","line":197,"loc":{"start":{"line":197,"column":70},"end":{"line":197,"column":92}},"locations":[{"start":{"line":197,"column":70},"end":{"line":197,"column":92}}]}},"b":{"0":[3],"1":[2],"2":[1],"3":[4],"4":[2],"5":[3],"6":[1],"7":[16],"8":[14],"9":[5],"10":[9],"11":[3],"12":[6],"13":[0],"14":[0],"15":[2],"16":[4],"17":[12],"18":[4],"19":[12],"20":[0],"21":[5],"22":[0],"23":[8],"24":[0],"25":[8],"26":[0],"27":[5],"28":[5],"29":[0],"30":[5],"31":[8],"32":[0],"33":[8],"34":[0],"35":[1],"36":[15],"37":[6],"38":[1],"39":[6],"40":[6]},"fnMap":{"0":{"name":"formatDate","decl":{"start":{"line":13,"column":26},"end":{"line":17,"column":2}},"loc":{"start":{"line":13,"column":26},"end":{"line":17,"column":2}},"line":13},"1":{"name":"formatFirebaseDate","decl":{"start":{"line":19,"column":34},"end":{"line":27,"column":2}},"loc":{"start":{"line":19,"column":34},"end":{"line":27,"column":2}},"line":19},"2":{"name":"ResearcherHome","decl":{"start":{"line":29,"column":0},"end":{"line":302,"column":1}},"loc":{"start":{"line":29,"column":0},"end":{"line":302,"column":1}},"line":29},"3":{"name":"fetchAllProjects","decl":{"start":{"line":42,"column":27},"end":{"line":60,"column":4}},"loc":{"start":{"line":42,"column":27},"end":{"line":60,"column":4}},"line":42},"4":{"name":"handleSearch","decl":{"start":{"line":73,"column":23},"end":{"line":83,"column":4}},"loc":{"start":{"line":73,"column":23},"end":{"line":83,"column":4}},"line":73},"5":{"name":"handleCreateProject","decl":{"start":{"line":85,"column":30},"end":{"line":112,"column":4}},"loc":{"start":{"line":85,"column":30},"end":{"line":112,"column":4}},"line":85},"6":{"name":"onClick","decl":{"start":{"line":137,"column":25},"end":{"line":137,"column":49}},"loc":{"start":{"line":137,"column":25},"end":{"line":137,"column":49}},"line":137},"7":{"name":"onClick","decl":{"start":{"line":164,"column":33},"end":{"line":170,"column":27}},"loc":{"start":{"line":164,"column":33},"end":{"line":170,"column":27}},"line":164},"8":{"name":"onCancel","decl":{"start":{"line":226,"column":26},"end":{"line":226,"column":51}},"loc":{"start":{"line":226,"column":26},"end":{"line":226,"column":51}},"line":226},"9":{"name":"onClick","decl":{"start":{"line":253,"column":31},"end":{"line":253,"column":63}},"loc":{"start":{"line":253,"column":31},"end":{"line":253,"column":63}},"line":253},"10":{"name":"onClose","decl":{"start":{"line":290,"column":17},"end":{"line":290,"column":43}},"loc":{"start":{"line":290,"column":17},"end":{"line":290,"column":43}},"line":290}},"f":{"0":3,"1":4,"2":16,"3":5,"4":0,"5":0,"6":1,"7":1,"8":0,"9":0,"10":0}}
}
