TN:
SF:eslint.config.js
FN:1,(empty-report)
FNF:1
FNH:0
FNDA:0,(empty-report)
DA:1,0
DA:2,0
DA:3,0
DA:4,0
DA:5,0
DA:6,0
DA:7,0
DA:8,0
DA:9,0
DA:10,0
DA:11,0
DA:12,0
DA:13,0
DA:14,0
DA:15,0
DA:16,0
DA:17,0
DA:18,0
DA:19,0
DA:20,0
DA:21,0
DA:22,0
DA:23,0
DA:24,0
DA:25,0
DA:26,0
DA:27,0
DA:28,0
DA:29,0
DA:30,0
DA:31,0
DA:32,0
DA:33,0
DA:34,0
DA:35,0
DA:36,0
DA:37,0
DA:38,0
DA:39,0
DA:40,0
DA:41,0
DA:42,0
DA:43,0
DA:44,0
DA:45,0
DA:46,0
DA:47,0
DA:48,0
DA:49,0
DA:50,0
LF:50
LH:0
BRDA:1,0,0,0
BRF:1
BRH:0
end_of_record
TN:
SF:vite.config.js
FN:1,(empty-report)
FNF:1
FNH:0
FNDA:0,(empty-report)
DA:1,0
DA:2,0
DA:3,0
DA:4,0
DA:5,0
DA:6,0
DA:7,0
DA:8,0
DA:9,0
DA:10,0
DA:11,0
DA:12,0
DA:13,0
DA:14,0
DA:15,0
DA:16,0
DA:17,0
DA:18,0
LF:18
LH:0
BRDA:1,0,0,0
BRF:1
BRH:0
end_of_record
TN:
SF:vitest.config.js
FN:1,(empty-report)
FNF:1
FNH:0
FNDA:0,(empty-report)
DA:1,0
DA:2,0
DA:3,0
DA:4,0
DA:5,0
DA:6,0
DA:7,0
DA:8,0
DA:9,0
DA:10,0
DA:11,0
DA:12,0
DA:13,0
DA:14,0
DA:15,0
DA:16,0
DA:17,0
DA:18,0
DA:19,0
DA:20,0
DA:21,0
DA:22,0
DA:23,0
DA:24,0
DA:25,0
DA:26,0
DA:27,0
DA:28,0
DA:29,0
LF:29
LH:0
BRDA:1,0,0,0
BRF:1
BRH:0
end_of_record
TN:
SF:src\App.jsx
FN:38,App
FNF:1
FNH:1
FNDA:1,App
DA:1,1
DA:2,1
DA:3,1
DA:4,1
DA:5,1
DA:6,1
DA:7,1
DA:8,1
DA:9,1
DA:10,1
DA:11,1
DA:12,1
DA:13,1
DA:14,1
DA:15,1
DA:16,1
DA:17,1
DA:18,1
DA:19,1
DA:20,1
DA:21,1
DA:22,1
DA:23,1
DA:24,1
DA:25,1
DA:26,1
DA:27,1
DA:28,1
DA:29,1
DA:30,1
DA:31,1
DA:32,1
DA:33,1
DA:34,1
DA:35,1
DA:36,1
DA:38,1
DA:39,1
DA:40,1
DA:41,1
DA:42,1
DA:43,1
DA:44,1
DA:45,1
DA:46,1
DA:47,1
DA:48,1
DA:49,1
DA:50,1
DA:51,1
DA:52,1
DA:53,1
DA:54,1
DA:55,1
DA:56,1
DA:57,1
DA:58,1
DA:59,1
DA:60,1
DA:61,1
DA:62,1
DA:63,1
DA:64,1
DA:65,1
DA:66,1
DA:67,1
DA:68,1
DA:69,1
DA:70,1
DA:71,1
DA:72,1
DA:73,1
DA:74,1
DA:75,1
DA:76,1
DA:77,1
DA:78,1
DA:79,1
DA:80,1
DA:81,1
DA:82,1
DA:83,1
DA:84,1
DA:85,1
DA:86,1
DA:87,1
DA:88,1
DA:89,1
DA:90,1
DA:91,1
DA:92,1
DA:93,1
DA:94,1
DA:95,1
DA:96,1
DA:97,1
DA:98,1
DA:99,1
DA:100,1
DA:101,1
DA:102,1
DA:103,1
DA:104,1
DA:105,1
DA:106,1
DA:107,1
DA:108,1
DA:109,1
DA:110,1
DA:111,1
DA:112,1
DA:113,1
DA:114,1
DA:115,1
DA:116,1
DA:117,1
DA:118,1
DA:119,1
DA:120,1
DA:121,1
DA:122,1
DA:123,1
DA:124,1
DA:125,1
DA:126,1
DA:127,1
DA:128,1
DA:129,1
DA:130,1
DA:131,1
DA:132,1
DA:133,1
DA:135,1
DA:136,1
DA:137,1
DA:138,1
DA:139,1
DA:140,1
DA:141,1
DA:142,1
DA:143,1
DA:144,1
DA:145,1
DA:146,1
DA:147,1
DA:148,1
DA:149,1
DA:150,1
DA:151,1
DA:152,1
DA:153,1
DA:154,1
DA:155,1
DA:156,1
DA:157,1
DA:158,1
DA:159,1
DA:160,1
DA:161,1
DA:162,1
DA:163,1
DA:164,1
DA:165,1
DA:166,1
DA:167,1
DA:168,1
DA:169,1
DA:170,1
DA:171,1
DA:172,1
DA:173,1
DA:174,1
DA:175,1
DA:176,1
DA:177,1
DA:178,1
DA:179,1
DA:180,1
DA:181,1
DA:182,1
DA:183,1
DA:185,1
DA:186,1
DA:187,1
DA:188,1
DA:189,1
DA:190,1
DA:191,1
DA:192,1
DA:194,1
DA:195,1
DA:196,1
DA:197,1
DA:199,1
DA:200,1
DA:201,1
DA:202,1
DA:203,1
DA:204,1
DA:205,1
DA:206,1
DA:207,1
DA:208,1
DA:209,1
DA:210,1
DA:211,1
DA:212,1
DA:213,1
DA:214,1
DA:216,1
DA:218,1
LF:211
LH:211
BRDA:38,0,0,1
BRF:1
BRH:1
end_of_record
TN:
SF:src\main.jsx
FN:1,(empty-report)
FNF:1
FNH:0
FNDA:0,(empty-report)
DA:1,0
DA:2,0
DA:3,0
DA:4,0
DA:6,0
DA:7,0
DA:8,0
DA:9,0
DA:10,0
LF:9
LH:0
BRDA:1,0,0,0
BRF:1
BRH:0
end_of_record
TN:
SF:src\backend\firebase\adminAccess.jsx
FN:10,fetchProjectsWithUsers
FN:69,fetchAllUsers
FN:96,createFunding
FN:153,getAllFunding
FN:174,updateFunding
FN:231,deleteFunding
FN:257,getAllProjects
FNF:7
FNH:6
FNDA:0,fetchProjectsWithUsers
FNDA:2,fetchAllUsers
FNDA:2,createFunding
FNDA:1,getAllFunding
FNDA:2,updateFunding
FNDA:2,deleteFunding
FNDA:3,getAllProjects
DA:1,1
DA:2,1
DA:3,1
DA:4,1
DA:10,1
DA:11,0
DA:12,0
DA:13,0
DA:16,0
DA:17,0
DA:18,0
DA:21,0
DA:22,0
DA:23,0
DA:24,0
DA:25,0
DA:26,0
DA:27,0
DA:28,0
DA:31,0
DA:34,0
DA:35,0
DA:36,0
DA:37,0
DA:38,0
DA:39,0
DA:42,0
DA:43,0
DA:44,0
DA:45,0
DA:46,0
DA:48,0
DA:49,0
DA:50,0
DA:51,0
DA:52,0
DA:53,0
DA:54,0
DA:55,0
DA:56,0
DA:58,0
DA:59,0
DA:60,0
DA:61,0
DA:62,0
DA:63,0
DA:69,1
DA:70,2
DA:71,2
DA:72,2
DA:74,2
DA:75,4
DA:76,4
DA:77,4
DA:78,4
DA:79,4
DA:80,4
DA:81,4
DA:82,2
DA:84,2
DA:85,0
DA:86,0
DA:87,0
DA:88,2
DA:93,1
DA:96,1
DA:97,2
DA:98,2
DA:99,2
DA:100,2
DA:101,2
DA:102,2
DA:103,2
DA:104,2
DA:105,2
DA:106,2
DA:107,2
DA:108,2
DA:111,1
DA:112,1
DA:115,2
DA:118,1
DA:119,1
DA:120,1
DA:123,1
DA:124,1
DA:126,2
DA:127,2
DA:128,2
DA:129,2
DA:130,2
DA:131,2
DA:132,1
DA:133,1
DA:136,1
DA:138,1
DA:139,1
DA:140,1
DA:141,1
DA:142,1
DA:143,1
DA:144,1
DA:146,1
DA:147,1
DA:148,1
DA:149,1
DA:150,2
DA:153,1
DA:154,1
DA:155,1
DA:156,1
DA:157,0
DA:158,0
DA:159,0
DA:160,0
DA:161,0
DA:162,0
DA:163,0
DA:164,0
DA:165,0
DA:166,0
DA:167,1
DA:168,1
DA:169,0
DA:170,0
DA:171,1
DA:174,1
DA:175,2
DA:176,2
DA:177,2
DA:178,2
DA:179,2
DA:180,2
DA:181,2
DA:182,2
DA:183,2
DA:184,2
DA:185,2
DA:186,2
DA:187,2
DA:190,1
DA:191,1
DA:194,2
DA:197,1
DA:198,1
DA:199,1
DA:202,1
DA:203,1
DA:205,2
DA:206,2
DA:207,2
DA:208,2
DA:209,2
DA:210,2
DA:211,1
DA:212,1
DA:215,1
DA:217,1
DA:218,1
DA:219,1
DA:220,1
DA:221,1
DA:222,1
DA:223,1
DA:224,1
DA:225,1
DA:226,1
DA:227,1
DA:228,2
DA:231,1
DA:232,2
DA:233,2
DA:235,2
DA:236,2
DA:238,2
DA:240,1
DA:241,1
DA:242,2
DA:243,2
DA:244,2
DA:245,2
DA:247,1
DA:248,1
DA:249,1
DA:250,1
DA:251,2
DA:257,1
DA:258,3
DA:259,3
DA:260,3
DA:262,2
DA:263,2
DA:264,2
DA:265,2
DA:266,3
DA:267,1
DA:268,1
DA:269,3
LF:198
LH:142
BRDA:69,0,0,2
BRDA:84,1,0,0
BRDA:74,2,0,4
BRDA:78,3,0,0
BRDA:78,4,0,0
BRDA:79,5,0,0
BRDA:80,6,0,0
BRDA:96,7,0,2
BRDA:108,8,0,1
BRDA:115,9,0,1
BRDA:119,10,0,2
BRDA:120,11,0,2
BRDA:124,12,0,2
BRDA:153,13,0,1
BRDA:168,14,0,0
BRDA:174,15,0,2
BRDA:187,16,0,1
BRDA:194,17,0,1
BRDA:198,18,0,2
BRDA:199,19,0,2
BRDA:203,20,0,2
BRDA:231,21,0,2
BRDA:236,22,0,0
BRDA:238,23,0,1
BRDA:242,24,0,0
BRDA:243,25,0,1
BRDA:244,26,0,1
BRDA:245,27,0,1
BRDA:257,28,0,3
BRDA:260,29,0,2
BRDA:266,30,0,1
BRDA:262,31,0,2
BRF:32
BRH:24
end_of_record
TN:
SF:src\backend\firebase\authFirebase.jsx
FN:1,(empty-report)
FNF:1
FNH:0
FNDA:0,(empty-report)
DA:1,0
DA:2,0
DA:11,0
DA:12,0
DA:14,0
DA:15,0
DA:16,0
DA:17,0
DA:19,0
DA:20,0
DA:21,0
DA:22,0
DA:23,0
DA:24,0
DA:25,0
DA:27,0
DA:28,0
DA:29,0
DA:30,0
DA:31,0
DA:33,0
DA:34,0
DA:35,0
DA:36,0
DA:37,0
DA:39,0
DA:41,0
DA:43,0
DA:44,0
DA:45,0
DA:46,0
DA:47,0
DA:48,0
DA:49,0
DA:50,0
DA:52,0
DA:53,0
DA:54,0
DA:55,0
DA:56,0
DA:58,0
DA:59,0
DA:60,0
DA:61,0
DA:62,0
DA:63,0
DA:66,0
DA:67,0
DA:68,0
DA:69,0
DA:70,0
DA:71,0
DA:72,0
DA:73,0
DA:74,0
DA:75,0
DA:77,0
DA:78,0
DA:79,0
DA:80,0
DA:81,0
DA:82,0
DA:84,0
DA:85,0
DA:86,0
DA:87,0
DA:88,0
DA:89,0
DA:90,0
DA:91,0
DA:92,0
DA:94,0
DA:95,0
DA:97,0
DA:98,0
DA:99,0
DA:101,0
DA:102,0
DA:103,0
DA:105,0
DA:106,0
DA:107,0
DA:108,0
DA:109,0
DA:111,0
DA:112,0
DA:113,0
DA:114,0
DA:115,0
DA:116,0
DA:117,0
DA:119,0
DA:120,0
DA:121,0
DA:122,0
DA:124,0
DA:125,0
DA:126,0
DA:127,0
DA:128,0
DA:129,0
DA:130,0
DA:131,0
DA:132,0
DA:133,0
DA:134,0
DA:136,0
DA:137,0
DA:138,0
LF:109
LH:0
BRDA:1,0,0,0
BRF:1
BRH:0
end_of_record
TN:
SF:src\backend\firebase\chatDB.jsx
FN:29,ensureUserChatsExists
FN:42,handleFirebaseError
FN:57,createDirectChat
FN:126,createGroupChat
FN:175,getUserChats
FN:197,addUserToGroupChat
FN:270,removeUserFromGroupChat
FN:303,updateGroupChatDetails
FN:325,getGroupChatMembers
FN:344,searchUsers
FN:367,updateGroupAvatar
FN:402,uploadAttachment
FN:456,getImageDimensions
FN:479,sendMessage
FN:556,getChatMessages
FN:583,markMessagesAsRead
FN:627,subscribeToMessages
FN:670,subscribeToChat
FN:716,subscribeToUserChats
FNF:19
FNH:7
FNDA:4,ensureUserChatsExists
FNDA:0,handleFirebaseError
FNDA:2,createDirectChat
FNDA:1,createGroupChat
FNDA:0,getUserChats
FNDA:0,addUserToGroupChat
FNDA:0,removeUserFromGroupChat
FNDA:0,updateGroupChatDetails
FNDA:0,getGroupChatMembers
FNDA:0,searchUsers
FNDA:0,updateGroupAvatar
FNDA:0,uploadAttachment
FNDA:0,getImageDimensions
FNDA:1,sendMessage
FNDA:0,getChatMessages
FNDA:1,markMessagesAsRead
FNDA:1,subscribeToMessages
FNDA:1,subscribeToChat
FNDA:0,subscribeToUserChats
DA:1,1
DA:24,1
DA:25,1
DA:26,1
DA:29,1
DA:30,4
DA:31,4
DA:32,4
DA:33,2
DA:34,2
DA:35,2
DA:36,2
DA:37,2
DA:38,4
DA:39,4
DA:42,1
DA:43,0
DA:44,0
DA:45,0
DA:46,0
DA:47,0
DA:48,0
DA:49,0
DA:50,0
DA:51,0
DA:52,0
DA:53,0
DA:56,1
DA:57,1
DA:58,2
DA:60,2
DA:61,2
DA:62,2
DA:63,2
DA:65,2
DA:66,1
DA:67,1
DA:69,1
DA:70,1
DA:72,1
DA:73,1
DA:75,2
DA:76,0
DA:77,0
DA:79,1
DA:80,1
DA:82,1
DA:83,1
DA:84,1
DA:85,1
DA:86,1
DA:87,1
DA:88,1
DA:89,1
DA:90,1
DA:91,1
DA:92,1
DA:93,1
DA:95,1
DA:98,1
DA:99,1
DA:100,1
DA:101,1
DA:104,1
DA:105,1
DA:106,1
DA:107,1
DA:108,1
DA:110,1
DA:111,1
DA:112,1
DA:113,1
DA:115,1
DA:117,1
DA:118,1
DA:119,1
DA:120,0
DA:121,0
DA:122,1
DA:123,1
DA:124,2
DA:126,1
DA:127,1
DA:128,1
DA:131,1
DA:132,1
DA:133,1
DA:134,2
DA:135,2
DA:136,2
DA:137,2
DA:138,2
DA:139,0
DA:140,0
DA:141,1
DA:142,1
DA:144,1
DA:145,1
DA:146,1
DA:147,1
DA:148,1
DA:149,1
DA:150,1
DA:151,1
DA:152,1
DA:153,1
DA:154,1
DA:156,1
DA:159,1
DA:162,1
DA:163,1
DA:164,2
DA:165,2
DA:166,2
DA:167,2
DA:168,1
DA:170,1
DA:172,1
DA:173,1
DA:175,1
DA:176,0
DA:177,0
DA:179,0
DA:180,0
DA:181,0
DA:183,0
DA:186,0
DA:187,0
DA:188,0
DA:189,0
DA:190,0
DA:192,0
DA:194,0
DA:195,0
DA:197,1
DA:198,0
DA:200,0
DA:201,0
DA:203,0
DA:204,0
DA:205,0
DA:207,0
DA:208,0
DA:209,0
DA:210,0
DA:213,0
DA:214,0
DA:215,0
DA:218,0
DA:219,0
DA:220,0
DA:222,0
DA:223,0
DA:224,0
DA:226,0
DA:227,0
DA:229,0
DA:230,0
DA:231,0
DA:232,0
DA:235,0
DA:236,0
DA:238,0
DA:239,0
DA:240,0
DA:242,0
DA:245,0
DA:247,0
DA:250,0
DA:251,0
DA:252,0
DA:253,0
DA:254,0
DA:257,0
DA:258,0
DA:259,0
DA:260,0
DA:261,0
DA:263,0
DA:264,0
DA:265,0
DA:266,0
DA:267,0
DA:268,0
DA:270,1
DA:271,0
DA:272,0
DA:273,0
DA:275,0
DA:276,0
DA:277,0
DA:279,0
DA:280,0
DA:281,0
DA:283,0
DA:286,0
DA:287,0
DA:288,0
DA:291,0
DA:292,0
DA:293,0
DA:294,0
DA:295,0
DA:297,0
DA:298,0
DA:299,0
DA:300,0
DA:301,0
DA:303,1
DA:304,0
DA:305,0
DA:306,0
DA:308,0
DA:309,0
DA:310,0
DA:312,0
DA:313,0
DA:314,0
DA:316,0
DA:317,0
DA:318,0
DA:319,0
DA:320,0
DA:321,0
DA:322,0
DA:323,0
DA:325,1
DA:326,0
DA:327,0
DA:328,0
DA:330,0
DA:331,0
DA:332,0
DA:334,0
DA:335,0
DA:336,0
DA:338,0
DA:339,0
DA:340,0
DA:341,0
DA:342,0
DA:344,1
DA:345,0
DA:346,0
DA:347,0
DA:349,0
DA:350,0
DA:351,0
DA:352,0
DA:353,0
DA:354,0
DA:355,0
DA:356,0
DA:357,0
DA:358,0
DA:359,0
DA:361,0
DA:362,0
DA:363,0
DA:364,0
DA:365,0
DA:367,1
DA:368,0
DA:369,0
DA:370,0
DA:372,0
DA:373,0
DA:374,0
DA:376,0
DA:377,0
DA:378,0
DA:381,0
DA:382,0
DA:383,0
DA:386,0
DA:387,0
DA:388,0
DA:389,0
DA:391,0
DA:392,0
DA:393,0
DA:394,0
DA:395,0
DA:398,1
DA:401,1
DA:402,1
DA:403,0
DA:404,0
DA:405,0
DA:406,0
DA:407,0
DA:409,0
DA:410,0
DA:413,0
DA:414,0
DA:415,0
DA:416,0
DA:417,0
DA:418,0
DA:419,0
DA:420,0
DA:421,0
DA:424,0
DA:427,0
DA:428,0
DA:429,0
DA:430,0
DA:431,0
DA:432,0
DA:433,0
DA:434,0
DA:435,0
DA:436,0
DA:437,0
DA:438,0
DA:440,0
DA:442,0
DA:443,0
DA:444,0
DA:445,0
DA:446,0
DA:447,0
DA:448,0
DA:449,0
DA:450,0
DA:451,0
DA:452,0
DA:453,0
DA:456,1
DA:457,0
DA:458,0
DA:459,0
DA:460,0
DA:461,0
DA:463,0
DA:464,0
DA:466,0
DA:467,0
DA:468,0
DA:469,0
DA:470,0
DA:471,0
DA:472,0
DA:473,0
DA:474,0
DA:475,0
DA:476,0
DA:477,0
DA:479,1
DA:480,1
DA:481,1
DA:482,1
DA:483,1
DA:484,1
DA:486,1
DA:487,1
DA:490,1
DA:491,1
DA:492,0
DA:493,0
DA:494,0
DA:495,0
DA:497,1
DA:498,1
DA:499,1
DA:500,1
DA:501,1
DA:502,1
DA:503,1
DA:504,1
DA:505,1
DA:506,1
DA:507,1
DA:508,1
DA:509,0
DA:510,0
DA:511,1
DA:512,1
DA:514,1
DA:516,1
DA:517,1
DA:518,0
DA:519,0
DA:522,1
DA:523,1
DA:524,1
DA:525,1
DA:526,1
DA:527,1
DA:528,1
DA:529,0
DA:530,0
DA:531,0
DA:532,0
DA:533,1
DA:534,1
DA:535,1
DA:536,1
DA:537,1
DA:539,1
DA:540,1
DA:541,2
DA:542,1
DA:543,1
DA:544,1
DA:545,1
DA:546,1
DA:547,1
DA:549,1
DA:550,1
DA:551,1
DA:552,0
DA:553,0
DA:554,1
DA:556,1
DA:557,0
DA:558,0
DA:559,0
DA:560,0
DA:561,0
DA:562,0
DA:563,0
DA:565,0
DA:566,0
DA:567,0
DA:568,0
DA:569,0
DA:570,0
DA:571,0
DA:572,0
DA:573,0
DA:574,0
DA:575,0
DA:576,0
DA:577,0
DA:579,0
DA:580,0
DA:581,0
DA:583,1
DA:585,1
DA:586,1
DA:587,1
DA:588,1
DA:589,1
DA:590,1
DA:591,1
DA:593,1
DA:594,1
DA:595,1
DA:597,1
DA:599,1
DA:600,2
DA:602,2
DA:603,2
DA:604,2
DA:605,2
DA:606,2
DA:607,2
DA:608,2
DA:609,1
DA:611,1
DA:613,1
DA:614,1
DA:615,1
DA:616,1
DA:618,1
DA:619,1
DA:620,1
DA:623,1
DA:626,1
DA:627,1
DA:628,1
DA:630,1
DA:632,1
DA:633,1
DA:634,1
DA:635,1
DA:636,1
DA:637,1
DA:640,1
DA:641,1
DA:642,1
DA:643,1
DA:644,0
DA:645,0
DA:647,0
DA:648,0
DA:649,0
DA:650,1
DA:651,1
DA:653,1
DA:654,1
DA:655,1
DA:656,0
DA:657,0
DA:658,0
DA:659,0
DA:660,0
DA:661,0
DA:662,0
DA:663,1
DA:664,1
DA:666,1
DA:667,1
DA:668,1
DA:670,1
DA:671,1
DA:673,1
DA:674,1
DA:675,1
DA:678,1
DA:679,0
DA:680,0
DA:683,1
DA:684,1
DA:685,1
DA:687,1
DA:688,0
DA:691,0
DA:692,0
DA:693,0
DA:694,0
DA:695,0
DA:696,0
DA:697,0
DA:698,0
DA:699,0
DA:700,0
DA:701,0
DA:704,0
DA:705,0
DA:707,1
DA:708,1
DA:709,0
DA:710,0
DA:711,1
DA:713,1
DA:714,1
DA:716,1
DA:717,0
DA:720,0
DA:721,0
DA:722,0
DA:723,0
DA:724,0
DA:726,0
DA:727,0
DA:728,0
DA:730,0
DA:731,0
DA:732,0
DA:733,0
DA:736,0
DA:737,0
DA:740,0
DA:741,0
DA:742,0
DA:743,0
DA:744,0
DA:745,0
DA:746,0
DA:748,0
DA:749,0
DA:751,0
DA:752,0
DA:753,0
DA:756,0
DA:757,0
DA:758,0
DA:759,0
DA:761,0
DA:762,0
DA:765,0
DA:766,0
DA:767,0
DA:768,0
DA:769,0
DA:771,0
DA:772,0
DA:773,1
LF:580
LH:238
BRDA:29,0,0,4
BRDA:32,1,0,2
BRDA:57,2,0,2
BRDA:65,3,0,1
BRDA:65,4,0,1
BRDA:75,5,0,0
BRDA:77,6,0,1
BRDA:119,7,0,0
BRDA:126,8,0,1
BRDA:133,9,0,2
BRDA:137,10,0,0
BRDA:138,11,0,0
BRDA:159,12,0,2
BRDA:163,13,0,2
BRDA:479,14,0,1
BRDA:491,15,0,0
BRDA:491,16,0,0
BRDA:508,17,0,0
BRDA:517,18,0,0
BRDA:524,19,0,0
BRDA:528,20,0,0
BRDA:539,21,0,0
BRDA:551,22,0,0
BRDA:540,23,0,2
BRDA:541,24,0,1
BRDA:583,25,0,1
BRDA:599,26,0,2
BRDA:627,27,0,1
BRDA:641,28,0,1
BRDA:670,29,0,1
BRDA:673,30,0,1
BRDA:678,31,0,0
BRDA:687,32,0,0
BRDA:708,33,0,0
BRDA:684,34,0,2
BRF:35
BRH:20
end_of_record
TN:
SF:src\backend\firebase\collaborationDB.jsx
FN:24,addCollaboratorToProject
FN:69,updateCollaboratorAccessLevel
FN:138,removeCollaboratorFromProject
FN:175,suggestResearchers
FN:208,searchResearchers
FN:265,addResearcherToProject
FN:332,sendResearcherInvitation
FN:389,respondToResearcherInvitation
FN:440,getPendingCollaboratorInvitations
FN:479,getSentInvitations
FN:521,getReceivedInvitations
FN:569,getAllResearchers
FNF:12
FNH:4
FNDA:2,addCollaboratorToProject
FNDA:2,updateCollaboratorAccessLevel
FNDA:2,removeCollaboratorFromProject
FNDA:0,suggestResearchers
FNDA:0,searchResearchers
FNDA:0,addResearcherToProject
FNDA:2,sendResearcherInvitation
FNDA:0,respondToResearcherInvitation
FNDA:0,getPendingCollaboratorInvitations
FNDA:0,getSentInvitations
FNDA:0,getReceivedInvitations
FNDA:0,getAllResearchers
DA:1,1
DA:2,1
DA:3,1
DA:24,1
DA:25,2
DA:26,2
DA:27,2
DA:29,2
DA:30,1
DA:31,1
DA:33,1
DA:34,1
DA:35,1
DA:36,1
DA:37,1
DA:38,1
DA:39,1
DA:40,1
DA:41,1
DA:42,1
DA:43,1
DA:44,1
DA:45,1
DA:46,1
DA:47,1
DA:49,1
DA:50,1
DA:52,1
DA:53,1
DA:56,1
DA:58,1
DA:59,1
DA:60,2
DA:69,1
DA:70,2
DA:71,2
DA:72,2
DA:74,2
DA:75,1
DA:76,1
DA:78,1
DA:79,2
DA:82,2
DA:83,2
DA:84,2
DA:85,2
DA:86,2
DA:87,2
DA:88,2
DA:89,2
DA:90,2
DA:91,2
DA:92,2
DA:93,2
DA:94,2
DA:95,2
DA:96,2
DA:97,2
DA:98,2
DA:99,2
DA:100,2
DA:101,2
DA:102,2
DA:103,2
DA:104,2
DA:105,2
DA:106,2
DA:107,2
DA:108,2
DA:109,2
DA:110,2
DA:112,2
DA:113,1
DA:114,1
DA:115,1
DA:116,1
DA:117,1
DA:118,2
DA:120,2
DA:121,2
DA:122,2
DA:123,2
DA:126,1
DA:128,1
DA:129,1
DA:130,2
DA:138,1
DA:139,2
DA:140,2
DA:141,2
DA:143,2
DA:144,0
DA:145,0
DA:147,2
DA:149,2
DA:150,2
DA:151,2
DA:153,2
DA:154,1
DA:155,1
DA:157,1
DA:158,1
DA:159,1
DA:162,1
DA:164,1
DA:165,1
DA:166,2
DA:175,1
DA:176,0
DA:177,0
DA:178,0
DA:179,0
DA:180,0
DA:182,0
DA:183,0
DA:184,0
DA:185,0
DA:186,0
DA:187,0
DA:189,0
DA:190,0
DA:191,0
DA:193,0
DA:194,0
DA:195,0
DA:196,0
DA:197,0
DA:208,1
DA:209,0
DA:210,0
DA:213,0
DA:214,0
DA:215,0
DA:216,0
DA:217,0
DA:220,0
DA:221,0
DA:222,0
DA:223,0
DA:224,0
DA:225,0
DA:226,0
DA:227,0
DA:229,0
DA:230,0
DA:232,0
DA:233,0
DA:234,0
DA:235,0
DA:236,0
DA:237,0
DA:238,0
DA:240,0
DA:241,0
DA:242,0
DA:244,0
DA:246,0
DA:247,0
DA:248,0
DA:249,0
DA:250,0
DA:251,0
DA:252,0
DA:253,0
DA:254,0
DA:255,0
DA:265,1
DA:266,0
DA:268,0
DA:269,0
DA:270,0
DA:271,0
DA:272,0
DA:273,0
DA:274,0
DA:275,0
DA:276,0
DA:277,0
DA:278,0
DA:279,0
DA:280,0
DA:281,0
DA:282,0
DA:283,0
DA:284,0
DA:285,0
DA:286,0
DA:287,0
DA:288,0
DA:289,0
DA:290,0
DA:291,0
DA:292,0
DA:293,0
DA:294,0
DA:295,0
DA:296,0
DA:297,0
DA:298,0
DA:299,0
DA:300,0
DA:301,0
DA:303,0
DA:304,0
DA:305,0
DA:306,0
DA:307,0
DA:308,0
DA:309,0
DA:310,0
DA:311,0
DA:313,0
DA:314,0
DA:315,0
DA:316,0
DA:317,0
DA:318,0
DA:319,0
DA:320,0
DA:321,0
DA:322,0
DA:332,1
DA:333,2
DA:335,2
DA:336,2
DA:337,2
DA:338,2
DA:339,2
DA:340,2
DA:341,2
DA:343,2
DA:344,2
DA:345,1
DA:346,1
DA:349,1
DA:350,1
DA:351,2
DA:352,0
DA:353,0
DA:355,1
DA:356,1
DA:357,2
DA:358,2
DA:360,2
DA:361,0
DA:362,0
DA:365,1
DA:366,1
DA:367,1
DA:368,1
DA:369,1
DA:370,1
DA:371,1
DA:372,1
DA:373,1
DA:374,1
DA:376,1
DA:377,1
DA:379,1
DA:380,1
DA:381,2
DA:389,1
DA:390,0
DA:391,0
DA:392,0
DA:394,0
DA:395,0
DA:396,0
DA:398,0
DA:399,0
DA:401,0
DA:402,0
DA:403,0
DA:404,0
DA:405,0
DA:406,0
DA:409,0
DA:410,0
DA:411,0
DA:412,0
DA:413,0
DA:414,0
DA:416,0
DA:417,0
DA:418,0
DA:419,0
DA:420,0
DA:421,0
DA:422,0
DA:423,0
DA:424,0
DA:425,0
DA:426,0
DA:428,0
DA:429,0
DA:430,0
DA:431,0
DA:432,0
DA:433,0
DA:440,1
DA:441,0
DA:442,0
DA:443,0
DA:444,0
DA:445,0
DA:446,0
DA:447,0
DA:449,0
DA:450,0
DA:451,0
DA:452,0
DA:453,0
DA:454,0
DA:456,0
DA:457,0
DA:458,0
DA:459,0
DA:460,0
DA:461,0
DA:462,0
DA:463,0
DA:464,0
DA:465,0
DA:467,0
DA:468,0
DA:469,0
DA:470,0
DA:471,0
DA:472,0
DA:479,1
DA:480,0
DA:481,0
DA:482,0
DA:483,0
DA:484,0
DA:485,0
DA:486,0
DA:488,0
DA:489,0
DA:490,0
DA:491,0
DA:492,0
DA:493,0
DA:494,0
DA:495,0
DA:497,0
DA:498,0
DA:499,0
DA:500,0
DA:501,0
DA:502,0
DA:503,0
DA:504,0
DA:505,0
DA:506,0
DA:507,0
DA:509,0
DA:510,0
DA:511,0
DA:512,0
DA:513,0
DA:514,0
DA:521,1
DA:522,0
DA:523,0
DA:524,0
DA:525,0
DA:526,0
DA:527,0
DA:528,0
DA:530,0
DA:531,0
DA:532,0
DA:533,0
DA:534,0
DA:535,0
DA:536,0
DA:537,0
DA:539,0
DA:540,0
DA:541,0
DA:542,0
DA:543,0
DA:544,0
DA:545,0
DA:546,0
DA:547,0
DA:548,0
DA:549,0
DA:550,0
DA:551,0
DA:552,0
DA:554,0
DA:555,0
DA:556,0
DA:557,0
DA:558,0
DA:559,0
DA:569,1
DA:570,0
DA:572,0
DA:573,0
DA:574,0
DA:575,0
DA:576,0
DA:577,0
DA:580,0
DA:581,0
DA:582,0
DA:584,0
DA:587,0
DA:590,0
DA:591,0
DA:592,0
DA:593,0
DA:594,0
DA:595,0
DA:596,0
DA:597,0
DA:600,0
DA:603,0
DA:604,0
DA:605,0
DA:606,0
DA:607,0
DA:608,0
DA:609,0
DA:610,0
DA:613,0
DA:616,0
DA:618,0
DA:619,0
DA:620,0
DA:621,0
DA:622,0
DA:623,0
DA:624,0
DA:625,0
DA:626,0
DA:627,0
LF:440
LH:149
BRDA:24,0,0,2
BRDA:29,1,0,1
BRDA:69,2,0,2
BRDA:74,3,0,1
BRDA:79,4,0,0
BRDA:123,5,0,1
BRDA:112,6,0,1
BRDA:116,7,0,0
BRDA:117,8,0,0
BRDA:138,9,0,2
BRDA:143,10,0,0
BRDA:153,11,0,1
BRDA:150,12,0,1
BRDA:332,13,0,2
BRDA:344,14,0,1
BRDA:351,15,0,0
BRDA:353,16,0,1
BRDA:360,17,0,0
BRDA:362,18,0,1
BRF:19
BRH:13
end_of_record
TN:
SF:src\backend\firebase\csv_report.jsx
FN:19,generateFundingCSV
FN:40,generateFolderCSV
FN:67,downloadCSVFile
FN:80,handleResearcherCSVExport
FN:105,generateReviewedProjectsCSV
FN:121,sanitize
FN:125,generateProjectOverviewCSV
FN:143,handleReviewedProjectsExport
FN:155,generateProjectsCSV
FN:175,handleDashboardExport
FN:186,filterByDateRange
FN:197,filterByProjects
FN:261,generateProgressCSV
FN:278,generateTeamCSV
FNF:14
FNH:8
FNDA:2,generateFundingCSV
FNDA:2,generateFolderCSV
FNDA:0,downloadCSVFile
FNDA:0,handleResearcherCSVExport
FNDA:2,generateReviewedProjectsCSV
FNDA:14,sanitize
FNDA:1,generateProjectOverviewCSV
FNDA:0,handleReviewedProjectsExport
FNDA:0,generateProjectsCSV
FNDA:2,handleDashboardExport
FNDA:0,filterByDateRange
FNDA:0,filterByProjects
FNDA:2,generateProgressCSV
FNDA:1,generateTeamCSV
DA:1,1
DA:2,1
DA:7,1
DA:8,1
DA:9,1
DA:19,1
DA:20,2
DA:21,2
DA:22,2
DA:23,2
DA:24,2
DA:25,2
DA:26,0
DA:27,2
DA:28,2
DA:29,2
DA:30,2
DA:31,1
DA:32,1
DA:34,2
DA:35,2
DA:36,2
DA:37,2
DA:38,2
DA:40,1
DA:41,2
DA:43,2
DA:44,2
DA:45,2
DA:47,2
DA:48,1
DA:49,1
DA:50,1
DA:51,1
DA:52,1
DA:53,0
DA:55,1
DA:56,1
DA:57,1
DA:59,1
DA:60,1
DA:61,2
DA:62,2
DA:63,2
DA:64,2
DA:67,1
DA:68,0
DA:69,0
DA:70,0
DA:71,0
DA:72,0
DA:73,0
DA:74,0
DA:75,0
DA:76,0
DA:77,0
DA:80,1
DA:81,0
DA:83,0
DA:84,0
DA:85,0
DA:86,0
DA:88,0
DA:89,0
DA:90,0
DA:91,0
DA:92,0
DA:94,0
DA:95,0
DA:96,0
DA:97,0
DA:98,0
DA:99,0
DA:100,0
DA:101,0
DA:102,0
DA:105,1
DA:106,2
DA:108,2
DA:109,2
DA:110,2
DA:111,2
DA:112,2
DA:113,2
DA:115,2
DA:116,2
DA:118,2
DA:119,2
DA:121,1
DA:122,14
DA:125,1
DA:126,1
DA:128,1
DA:129,1
DA:130,1
DA:131,1
DA:132,1
DA:133,1
DA:134,1
DA:135,1
DA:137,1
DA:138,1
DA:140,1
DA:141,1
DA:143,1
DA:144,0
DA:145,0
DA:146,0
DA:147,0
DA:148,0
DA:149,0
DA:150,0
DA:151,0
DA:152,0
DA:155,1
DA:156,0
DA:158,0
DA:159,0
DA:160,0
DA:161,0
DA:162,0
DA:163,0
DA:164,0
DA:165,0
DA:166,0
DA:168,0
DA:169,0
DA:171,0
DA:172,0
DA:175,1
DA:176,2
DA:177,2
DA:178,2
DA:179,1
DA:180,1
DA:182,1
DA:183,1
DA:186,1
DA:187,0
DA:188,0
DA:189,0
DA:190,0
DA:191,0
DA:192,0
DA:193,0
DA:194,0
DA:197,1
DA:198,0
DA:199,0
DA:200,0
DA:202,1
DA:203,2
DA:204,0
DA:205,0
DA:206,0
DA:207,0
DA:208,0
DA:209,0
DA:210,2
DA:211,0
DA:212,0
DA:213,0
DA:214,0
DA:215,2
DA:216,0
DA:217,0
DA:218,0
DA:219,0
DA:220,0
DA:221,2
DA:222,0
DA:223,0
DA:224,0
DA:225,0
DA:226,0
DA:227,0
DA:228,2
DA:229,0
DA:230,0
DA:231,0
DA:232,0
DA:233,0
DA:234,0
DA:235,2
DA:236,0
DA:237,0
DA:238,0
DA:239,0
DA:240,0
DA:241,0
DA:242,2
DA:243,1
DA:244,2
DA:247,2
DA:248,0
DA:249,0
DA:250,0
DA:251,0
DA:252,0
DA:254,0
DA:255,2
DA:257,2
DA:258,2
DA:259,2
DA:261,1
DA:262,2
DA:264,2
DA:265,2
DA:266,2
DA:267,2
DA:268,2
DA:269,2
DA:270,2
DA:272,2
DA:273,2
DA:275,2
DA:276,2
DA:278,1
DA:279,1
DA:281,1
DA:282,1
DA:284,1
DA:285,1
DA:286,1
DA:287,1
DA:288,1
DA:289,1
DA:290,1
DA:291,1
DA:293,1
DA:294,1
DA:295,1
DA:297,1
DA:298,1
LF:234
LH:130
BRDA:19,0,0,2
BRDA:21,1,0,2
BRDA:22,2,0,2
BRDA:23,3,0,1
BRDA:23,4,0,1
BRDA:24,5,0,1
BRDA:25,6,0,0
BRDA:27,7,0,1
BRDA:27,8,0,1
BRDA:28,9,0,1
BRDA:29,10,0,1
BRDA:29,11,0,1
BRDA:30,12,0,1
BRDA:31,13,0,1
BRDA:40,14,0,2
BRDA:43,15,0,2
BRDA:44,16,0,2
BRDA:45,17,0,0
BRDA:47,18,0,1
BRDA:47,19,0,1
BRDA:48,20,0,1
BRDA:49,21,0,0
BRDA:50,22,0,0
BRDA:52,23,0,0
BRDA:105,24,0,2
BRDA:108,25,0,2
BRDA:113,26,0,0
BRDA:121,27,0,14
BRDA:122,28,0,0
BRDA:125,29,0,1
BRDA:128,30,0,1
BRDA:131,31,0,0
BRDA:132,32,0,0
BRDA:133,33,0,0
BRDA:134,34,0,0
BRDA:135,35,0,0
BRDA:175,36,0,2
BRDA:178,37,0,1
BRDA:203,38,0,0
BRDA:210,39,0,0
BRDA:215,40,0,0
BRDA:221,41,0,0
BRDA:228,42,0,0
BRDA:235,43,0,0
BRDA:242,44,0,1
BRDA:244,45,0,0
BRDA:247,46,0,0
BRDA:261,47,0,2
BRDA:264,48,0,2
BRDA:265,49,0,0
BRDA:265,50,0,0
BRDA:266,51,0,1
BRDA:267,52,0,1
BRDA:268,53,0,1
BRDA:268,54,0,1
BRDA:269,55,0,0
BRDA:270,56,0,0
BRDA:267,57,0,3
BRDA:278,58,0,1
BRDA:281,59,0,1
BRDA:282,60,0,0
BRDA:282,61,0,0
BRDA:284,62,0,0
BRDA:284,63,0,1
BRDA:285,64,0,0
BRDA:286,65,0,0
BRDA:287,66,0,0
BRDA:288,67,0,0
BRDA:289,68,0,3
BRDA:290,69,0,2
BRF:70
BRH:39
end_of_record
TN:
SF:src\backend\firebase\documentsDB.jsx
FN:20,uploadDocument
FN:101,fetchDocumentsByFolder
FN:194,reuploadDocument
FN:229,deleteDocument
FN:271,downloadDocument
FN:288,fetchAllDocuments
FNF:6
FNH:5
FNDA:3,uploadDocument
FNDA:2,fetchDocumentsByFolder
FNDA:1,reuploadDocument
FNDA:2,deleteDocument
FNDA:0,downloadDocument
FNDA:2,fetchAllDocuments
DA:1,1
DA:2,1
DA:3,1
DA:5,1
DA:7,1
DA:8,1
DA:9,1
DA:20,1
DA:21,3
DA:22,3
DA:23,3
DA:24,3
DA:26,3
DA:27,1
DA:28,1
DA:30,2
DA:31,3
DA:32,1
DA:33,1
DA:36,1
DA:37,1
DA:38,1
DA:41,1
DA:42,1
DA:45,1
DA:46,1
DA:47,1
DA:48,1
DA:50,1
DA:51,1
DA:52,1
DA:53,3
DA:54,3
DA:55,3
DA:56,3
DA:57,3
DA:58,3
DA:59,3
DA:60,3
DA:61,3
DA:62,3
DA:63,3
DA:64,3
DA:66,3
DA:69,1
DA:70,1
DA:72,3
DA:73,0
DA:74,3
DA:75,1
DA:76,1
DA:77,1
DA:79,1
DA:80,1
DA:81,1
DA:82,1
DA:83,1
DA:86,1
DA:88,1
DA:89,3
DA:90,2
DA:91,2
DA:92,2
DA:93,3
DA:101,1
DA:102,2
DA:103,2
DA:104,2
DA:107,2
DA:108,2
DA:109,2
DA:112,2
DA:113,2
DA:114,2
DA:116,2
DA:119,2
DA:120,2
DA:121,2
DA:122,2
DA:125,2
DA:126,2
DA:127,2
DA:128,2
DA:129,2
DA:130,2
DA:131,2
DA:132,2
DA:135,2
DA:136,0
DA:137,0
DA:140,2
DA:141,2
DA:143,2
DA:144,0
DA:145,0
DA:147,2
DA:148,2
DA:149,1
DA:150,1
DA:151,1
DA:153,1
DA:154,1
DA:155,1
DA:156,1
DA:157,1
DA:158,1
DA:159,1
DA:160,1
DA:161,1
DA:162,1
DA:163,1
DA:164,1
DA:165,1
DA:166,1
DA:167,1
DA:169,1
DA:170,1
DA:171,1
DA:172,1
DA:173,1
DA:174,1
DA:175,1
DA:176,2
DA:177,2
DA:179,2
DA:180,2
DA:181,0
DA:182,0
DA:183,0
DA:184,2
DA:194,1
DA:195,1
DA:196,1
DA:198,1
DA:199,1
DA:200,1
DA:202,1
DA:204,1
DA:205,1
DA:206,1
DA:207,1
DA:209,1
DA:210,1
DA:211,1
DA:212,1
DA:213,1
DA:215,1
DA:216,1
DA:217,1
DA:218,0
DA:219,0
DA:220,1
DA:229,1
DA:230,2
DA:231,2
DA:232,2
DA:233,2
DA:235,2
DA:236,2
DA:238,2
DA:240,2
DA:242,2
DA:243,2
DA:244,1
DA:246,1
DA:249,2
DA:250,2
DA:251,2
DA:252,2
DA:253,2
DA:254,2
DA:255,2
DA:256,2
DA:257,2
DA:258,2
DA:260,2
DA:261,2
DA:262,2
DA:263,0
DA:264,0
DA:265,2
DA:271,1
DA:272,0
DA:273,0
DA:274,0
DA:275,0
DA:276,0
DA:277,0
DA:278,0
DA:279,0
DA:280,0
DA:281,0
DA:282,0
DA:288,1
DA:289,2
DA:290,2
DA:291,2
DA:293,2
DA:296,2
DA:297,1
DA:298,1
DA:299,1
DA:302,1
DA:303,1
DA:304,1
DA:307,1
DA:308,1
DA:309,1
DA:310,1
DA:311,1
DA:312,1
DA:313,1
DA:314,1
DA:315,1
DA:316,1
DA:317,1
DA:318,1
DA:319,1
DA:320,1
DA:321,1
DA:322,1
DA:323,1
DA:324,1
DA:326,2
DA:327,2
DA:328,0
DA:329,0
DA:330,0
DA:331,2
LF:229
LH:203
BRDA:20,0,0,3
BRDA:22,1,0,0
BRDA:23,2,0,0
BRDA:24,3,0,0
BRDA:26,4,0,1
BRDA:28,5,0,2
BRDA:31,6,0,1
BRDA:53,7,0,0
BRDA:60,8,0,0
BRDA:61,9,0,1
BRDA:66,10,0,1
BRDA:72,11,0,0
BRDA:74,12,0,1
BRDA:76,13,0,0
BRDA:89,14,0,2
BRDA:101,15,0,2
BRDA:104,16,0,0
BRDA:109,17,0,0
BRDA:114,18,0,0
BRDA:121,19,0,0
BRDA:122,20,0,0
BRDA:135,21,0,0
BRDA:135,22,0,0
BRDA:135,23,0,0
BRDA:135,24,0,0
BRDA:143,25,0,0
BRDA:180,26,0,0
BRDA:148,27,0,1
BRDA:174,28,0,0
BRDA:153,29,0,1
BRDA:158,30,0,0
BRDA:160,31,0,0
BRDA:162,32,0,0
BRDA:194,33,0,1
BRDA:196,34,0,0
BRDA:217,35,0,0
BRDA:229,36,0,2
BRDA:236,37,0,0
BRDA:243,38,0,1
BRDA:262,39,0,0
BRDA:288,40,0,2
BRDA:296,41,0,1
BRDA:327,42,0,0
BRDA:307,43,0,1
BRDA:314,44,0,0
BRDA:315,45,0,0
BRF:46
BRH:17
end_of_record
TN:
SF:src\backend\firebase\firebaseConfig.jsx
FNF:0
FNH:0
DA:1,1
DA:2,1
DA:3,1
DA:9,1
DA:12,1
DA:13,1
DA:14,1
DA:15,1
DA:16,1
DA:17,1
DA:18,1
DA:19,1
DA:20,1
DA:24,1
DA:25,1
DA:28,1
DA:29,1
DA:30,1
DA:31,1
DA:32,1
DA:33,1
DA:35,1
LF:22
LH:22
BRF:0
BRH:0
end_of_record
TN:
SF:src\backend\firebase\folderDB.jsx
FN:11,createFolder
FN:49,updateFolderName
FN:77,deleteFolder
FN:111,getFolders
FNF:4
FNH:4
FNDA:5,createFolder
FNDA:4,updateFolderName
FNDA:3,deleteFolder
FNDA:3,getFolders
DA:1,1
DA:2,1
DA:3,1
DA:11,1
DA:12,5
DA:13,5
DA:14,5
DA:17,5
DA:18,5
DA:21,1
DA:22,1
DA:23,1
DA:26,1
DA:27,1
DA:28,1
DA:29,1
DA:30,1
DA:31,1
DA:32,1
DA:33,1
DA:34,1
DA:36,1
DA:37,5
DA:39,4
DA:40,4
DA:41,5
DA:49,1
DA:50,4
DA:51,4
DA:52,4
DA:53,4
DA:55,2
DA:56,2
DA:58,4
DA:59,1
DA:60,1
DA:62,1
DA:63,1
DA:64,1
DA:65,1
DA:66,4
DA:67,3
DA:68,3
DA:69,3
DA:70,4
DA:77,1
DA:78,3
DA:79,3
DA:80,3
DA:82,3
DA:83,3
DA:85,3
DA:86,1
DA:87,1
DA:90,2
DA:91,2
DA:94,2
DA:95,2
DA:96,2
DA:99,2
DA:100,3
DA:101,1
DA:102,1
DA:103,1
DA:104,3
DA:111,1
DA:112,3
DA:113,3
DA:114,3
DA:116,2
DA:117,2
DA:119,2
DA:120,2
DA:121,2
DA:122,2
DA:123,3
DA:124,1
DA:125,1
DA:126,1
DA:127,3
LF:80
LH:80
BRDA:11,0,0,5
BRDA:14,1,0,1
BRDA:14,2,0,4
BRDA:17,3,0,1
BRDA:17,4,0,3
BRDA:18,5,0,2
BRDA:18,6,0,1
BRDA:37,7,0,4
BRDA:49,8,0,4
BRDA:52,9,0,0
BRDA:53,10,0,2
BRDA:58,11,0,1
BRDA:66,12,0,3
BRDA:77,13,0,3
BRDA:80,14,0,0
BRDA:85,15,0,1
BRDA:87,16,0,2
BRDA:100,17,0,1
BRDA:94,18,0,2
BRDA:111,19,0,3
BRDA:114,20,0,1
BRDA:114,21,0,2
BRDA:123,22,0,1
BRDA:119,23,0,2
BRF:24
BRH:22
end_of_record
TN:
SF:src\backend\firebase\fundingDB.jsx
FN:16,fetchFunding
FN:58,updateProjectFunds
FN:122,getFundingHistory
FN:166,updateProjectExpense
FNF:4
FNH:4
FNDA:3,fetchFunding
FNDA:3,updateProjectFunds
FNDA:2,getFundingHistory
FNDA:2,updateProjectExpense
DA:1,1
DA:2,1
DA:16,1
DA:17,3
DA:18,3
DA:20,3
DA:22,2
DA:23,2
DA:24,2
DA:25,2
DA:26,2
DA:27,2
DA:28,2
DA:29,2
DA:30,2
DA:31,2
DA:32,2
DA:33,2
DA:35,1
DA:36,1
DA:37,1
DA:38,1
DA:39,1
DA:40,0
DA:41,2
DA:43,2
DA:44,3
DA:45,1
DA:46,1
DA:47,1
DA:48,3
DA:58,1
DA:59,3
DA:60,3
DA:61,3
DA:63,3
DA:64,0
DA:65,0
DA:67,3
DA:68,3
DA:70,3
DA:72,2
DA:75,2
DA:76,3
DA:77,0
DA:78,3
DA:80,3
DA:81,1
DA:82,1
DA:84,3
DA:85,3
DA:88,3
DA:89,3
DA:90,3
DA:93,3
DA:94,3
DA:95,3
DA:98,1
DA:99,1
DA:100,1
DA:101,1
DA:102,1
DA:103,1
DA:104,1
DA:105,1
DA:106,1
DA:107,1
DA:109,1
DA:110,3
DA:111,2
DA:112,2
DA:113,2
DA:114,3
DA:122,1
DA:123,2
DA:124,2
DA:125,2
DA:127,2
DA:128,2
DA:129,2
DA:131,2
DA:134,2
DA:135,2
DA:136,0
DA:137,2
DA:140,2
DA:141,0
DA:142,0
DA:145,2
DA:146,2
DA:148,2
DA:149,2
DA:150,2
DA:151,2
DA:153,2
DA:154,2
DA:155,0
DA:156,0
DA:157,0
DA:158,2
DA:166,1
DA:167,2
DA:168,2
DA:169,2
DA:171,2
DA:172,0
DA:173,0
DA:174,2
DA:175,0
DA:176,0
DA:178,2
DA:179,2
DA:181,2
DA:183,2
DA:186,2
DA:187,2
DA:188,0
DA:189,2
DA:191,2
DA:192,0
DA:193,0
DA:195,2
DA:196,2
DA:198,2
DA:199,1
DA:200,1
DA:203,1
DA:204,1
DA:205,2
DA:208,2
DA:209,2
DA:210,2
DA:211,2
DA:214,1
DA:215,1
DA:216,1
DA:217,1
DA:218,1
DA:219,1
DA:220,1
DA:221,1
DA:222,1
DA:223,1
DA:225,1
DA:226,1
DA:227,1
DA:228,1
DA:229,1
DA:230,1
DA:231,1
DA:232,1
DA:233,1
DA:234,1
DA:235,2
LF:154
LH:137
BRDA:16,0,0,3
BRDA:20,1,0,2
BRDA:44,2,0,1
BRDA:22,3,0,2
BRDA:31,4,0,0
BRDA:33,5,0,1
BRDA:35,6,0,0
BRDA:36,7,0,0
BRDA:36,8,0,0
BRDA:39,9,0,0
BRDA:58,10,0,3
BRDA:61,11,0,0
BRDA:63,12,0,0
BRDA:70,13,0,1
BRDA:70,14,0,2
BRDA:76,15,0,0
BRDA:80,16,0,1
BRDA:80,17,0,1
BRDA:84,18,0,0
BRDA:89,19,0,1
BRDA:90,20,0,0
BRDA:95,21,0,1
BRDA:110,22,0,2
BRDA:122,23,0,2
BRDA:125,24,0,0
BRDA:129,25,0,0
BRDA:135,26,0,0
BRDA:140,27,0,0
BRDA:140,28,0,0
BRDA:154,29,0,0
BRDA:148,30,0,2
BRDA:166,31,0,2
BRDA:169,32,0,0
BRDA:171,33,0,0
BRDA:174,34,0,0
BRDA:181,35,0,0
BRDA:187,36,0,0
BRDA:191,37,0,0
BRDA:191,38,0,0
BRDA:195,39,0,0
BRDA:196,40,0,1
BRDA:198,41,0,1
BRDA:205,42,0,0
BRDA:211,43,0,1
BRF:44
BRH:19
end_of_record
TN:
SF:src\backend\firebase\notificationsUtil.jsx
FN:18,useUnreadNotificationsCount
FN:56,useUnreadMessagesCount
FN:96,getUserById
FN:107,Goal Completed
FN:110,New Goal Added
FN:112,Goal Deleted
FN:115,Project Completed
FN:118,Project Created
FN:121,Project Deleted
FN:124,Project Updated
FN:128,Funds Added
FN:131,Expense Added
FN:135,Folder Created
FN:138,Folder Deleted
FN:141,Folder Updated
FN:144,Folder Renamed
FN:147,File Uploaded
FN:150,File Deleted
FN:153,File Updated
FN:157,Reviewer Request Sent
FN:160,Reviewer Request Received
FN:163,New Review Requested
FN:166,Reviewer Accepted
FN:169,Reviewer Request Accepted
FN:172,Reviewer Denied
FN:175,Reviewer Request Denied
FN:178,Review Submitted
FN:181,Review Received
FN:185,Collaboration Request Sent
FN:188,Collaboration Request Received
FN:191,Collaboration Request Accepted
FN:194,Collaboration Request Declined
FN:198,Funding Opportunity Added
FN:201,Funding Opportunity Updated
FN:204,Funding Opportunity Deleted
FN:210,notify
FN:258,notifyAdminAction
FNF:37
FNH:2
FNDA:148,useUnreadNotificationsCount
FNDA:148,useUnreadMessagesCount
FNDA:0,getUserById
FNDA:0,Goal Completed
FNDA:0,New Goal Added
FNDA:0,Goal Deleted
FNDA:0,Project Completed
FNDA:0,Project Created
FNDA:0,Project Deleted
FNDA:0,Project Updated
FNDA:0,Funds Added
FNDA:0,Expense Added
FNDA:0,Folder Created
FNDA:0,Folder Deleted
FNDA:0,Folder Updated
FNDA:0,Folder Renamed
FNDA:0,File Uploaded
FNDA:0,File Deleted
FNDA:0,File Updated
FNDA:0,Reviewer Request Sent
FNDA:0,Reviewer Request Received
FNDA:0,New Review Requested
FNDA:0,Reviewer Accepted
FNDA:0,Reviewer Request Accepted
FNDA:0,Reviewer Denied
FNDA:0,Reviewer Request Denied
FNDA:0,Review Submitted
FNDA:0,Review Received
FNDA:0,Collaboration Request Sent
FNDA:0,Collaboration Request Received
FNDA:0,Collaboration Request Accepted
FNDA:0,Collaboration Request Declined
FNDA:0,Funding Opportunity Added
FNDA:0,Funding Opportunity Updated
FNDA:0,Funding Opportunity Deleted
FNDA:0,notify
FNDA:0,notifyAdminAction
DA:1,1
DA:2,1
DA:3,1
DA:4,1
DA:5,1
DA:6,1
DA:7,1
DA:18,1
DA:19,148
DA:20,148
DA:21,148
DA:23,148
DA:25,60
DA:28,0
DA:29,0
DA:30,0
DA:31,0
DA:32,0
DA:34,0
DA:35,0
DA:36,0
DA:37,0
DA:38,0
DA:40,0
DA:41,0
DA:42,0
DA:44,0
DA:45,0
DA:48,0
DA:49,0
DA:50,0
DA:51,148
DA:53,148
DA:54,148
DA:56,1
DA:57,148
DA:58,148
DA:59,148
DA:61,148
DA:63,60
DA:66,0
DA:67,0
DA:68,0
DA:69,0
DA:70,0
DA:72,0
DA:73,0
DA:74,0
DA:75,0
DA:76,0
DA:77,0
DA:79,0
DA:80,0
DA:81,0
DA:82,0
DA:84,0
DA:85,0
DA:88,0
DA:89,0
DA:90,0
DA:91,148
DA:93,148
DA:94,148
DA:96,1
DA:97,0
DA:98,0
DA:99,0
DA:100,0
DA:101,0
DA:102,0
DA:103,0
DA:105,1
DA:107,1
DA:108,0
DA:110,1
DA:111,0
DA:112,1
DA:113,0
DA:115,1
DA:116,0
DA:118,1
DA:119,0
DA:121,1
DA:122,0
DA:124,1
DA:125,0
DA:128,1
DA:129,0
DA:131,1
DA:132,0
DA:135,1
DA:136,0
DA:138,1
DA:139,0
DA:141,1
DA:142,0
DA:144,1
DA:145,0
DA:147,1
DA:148,0
DA:150,1
DA:151,0
DA:153,1
DA:154,0
DA:157,1
DA:158,0
DA:160,1
DA:161,0
DA:163,1
DA:164,0
DA:166,1
DA:167,0
DA:169,1
DA:170,0
DA:172,1
DA:173,0
DA:175,1
DA:176,0
DA:178,1
DA:179,0
DA:181,1
DA:182,0
DA:185,1
DA:186,0
DA:188,1
DA:189,0
DA:191,1
DA:192,0
DA:194,1
DA:195,0
DA:198,1
DA:199,0
DA:201,1
DA:202,0
DA:204,1
DA:205,0
DA:208,1
DA:210,1
DA:211,0
DA:212,0
DA:213,0
DA:214,0
DA:215,0
DA:216,0
DA:217,0
DA:218,0
DA:219,0
DA:220,0
DA:221,0
DA:222,0
DA:223,0
DA:224,0
DA:226,0
DA:227,0
DA:228,0
DA:230,0
DA:231,0
DA:232,0
DA:233,0
DA:234,0
DA:235,0
DA:236,0
DA:237,0
DA:238,0
DA:239,0
DA:240,0
DA:241,0
DA:242,0
DA:244,0
DA:246,0
DA:247,0
DA:248,0
DA:249,0
DA:250,0
DA:251,0
DA:252,0
DA:253,0
DA:254,0
DA:255,0
DA:256,0
DA:258,1
DA:259,0
DA:260,0
DA:261,0
DA:262,0
DA:263,0
DA:264,0
DA:265,0
DA:267,0
DA:268,0
DA:269,0
DA:270,0
DA:272,0
DA:273,0
DA:274,0
DA:275,0
DA:276,0
DA:278,0
DA:281,0
DA:282,0
DA:283,0
DA:284,0
DA:285,0
DA:286,0
DA:287,0
DA:288,0
DA:289,0
DA:290,0
LF:208
LH:62
BRDA:18,0,0,148
BRDA:23,1,0,60
BRDA:25,2,0,0
BRDA:56,3,0,148
BRDA:61,4,0,60
BRDA:63,5,0,0
BRF:6
BRH:4
end_of_record
TN:
SF:src\backend\firebase\pdf_report.jsx
FN:22,generateBasePdf
FN:55,didDrawPage
FN:78,generateProjectOverviewPdf
FN:108,generateFundingHistoryReportPdf
FN:129,generateProgressReportPdf
FN:159,generateTeamReportPdf
FN:189,generateFolderReportPdf
FN:204,generateReviewedProjectsReportPdf
FNF:8
FNH:5
FNDA:8,generateBasePdf
FNDA:0,didDrawPage
FNDA:1,generateProjectOverviewPdf
FNDA:1,generateFundingHistoryReportPdf
FNDA:0,generateProgressReportPdf
FNDA:0,generateTeamReportPdf
FNDA:1,generateFolderReportPdf
FNDA:1,generateReviewedProjectsReportPdf
DA:1,1
DA:2,1
DA:3,1
DA:4,1
DA:12,1
DA:17,1
DA:22,1
DA:23,8
DA:25,8
DA:26,8
DA:27,8
DA:28,8
DA:30,8
DA:31,1
DA:32,1
DA:34,6
DA:35,6
DA:38,6
DA:39,6
DA:40,6
DA:41,6
DA:42,6
DA:45,6
DA:46,6
DA:49,6
DA:50,6
DA:51,6
DA:52,6
DA:53,6
DA:54,6
DA:55,6
DA:57,0
DA:58,0
DA:59,0
DA:60,0
DA:61,0
DA:62,0
DA:63,0
DA:64,0
DA:65,0
DA:66,6
DA:68,6
DA:69,8
DA:71,3
DA:72,3
DA:73,8
DA:78,1
DA:79,1
DA:80,1
DA:83,1
DA:84,1
DA:85,1
DA:86,1
DA:87,1
DA:88,1
DA:89,1
DA:90,1
DA:92,1
DA:93,1
DA:94,1
DA:96,1
DA:97,1
DA:98,1
DA:99,1
DA:100,0
DA:101,0
DA:102,0
DA:103,1
DA:108,1
DA:109,1
DA:110,1
DA:113,1
DA:114,0
DA:115,0
DA:117,1
DA:118,1
DA:119,1
DA:120,1
DA:121,0
DA:122,0
DA:123,0
DA:124,1
DA:129,1
DA:130,0
DA:131,0
DA:134,0
DA:135,0
DA:136,0
DA:137,0
DA:138,0
DA:139,0
DA:140,0
DA:141,0
DA:143,0
DA:144,0
DA:145,0
DA:147,0
DA:148,0
DA:149,0
DA:150,0
DA:151,0
DA:152,0
DA:153,0
DA:154,0
DA:159,1
DA:160,0
DA:161,0
DA:164,0
DA:165,0
DA:166,0
DA:167,0
DA:168,0
DA:169,0
DA:170,0
DA:171,0
DA:173,0
DA:174,0
DA:175,0
DA:177,0
DA:178,0
DA:179,0
DA:180,0
DA:181,0
DA:182,0
DA:183,0
DA:184,0
DA:189,1
DA:190,1
DA:191,1
DA:192,1
DA:193,1
DA:194,1
DA:195,1
DA:196,0
DA:197,0
DA:198,0
DA:199,1
DA:204,1
DA:205,1
DA:206,1
DA:207,1
DA:208,1
DA:209,1
DA:210,1
DA:211,0
DA:212,0
DA:213,0
DA:214,1
LF:148
LH:83
BRDA:22,0,0,8
BRDA:30,1,0,7
BRDA:30,2,0,1
BRDA:32,3,0,6
BRDA:69,4,0,3
BRDA:78,5,0,1
BRDA:83,6,0,0
BRDA:99,7,0,0
BRDA:84,8,0,1
BRDA:85,9,0,0
BRDA:93,10,0,1
BRDA:108,11,0,1
BRDA:110,12,0,0
BRDA:113,13,0,0
BRDA:113,14,0,0
BRDA:120,15,0,0
BRDA:189,16,0,1
BRDA:195,17,0,0
BRDA:204,18,0,1
BRDA:210,19,0,0
BRF:20
BRH:11
end_of_record
TN:
SF:src\backend\firebase\projectDB.jsx
FN:24,createProject
FN:92,fetchProjects
FN:136,fetchProject
FN:225,updateProject
FN:302,deleteProject
FN:339,assignReviewers
FN:368,getReviewRequests
FN:398,updateReviewerRequest
FN:438,getProjectDetails
FNF:9
FNH:9
FNDA:3,createProject
FNDA:2,fetchProjects
FNDA:4,fetchProject
FNDA:2,updateProject
FNDA:2,deleteProject
FNDA:2,assignReviewers
FNDA:2,getReviewRequests
FNDA:3,updateReviewerRequest
FNDA:2,getProjectDetails
DA:5,1
DA:6,1
DA:7,1
DA:24,3
DA:26,3
DA:27,3
DA:28,3
DA:29,1
DA:30,1
DA:31,3
DA:32,1
DA:33,1
DA:35,1
DA:36,1
DA:37,1
DA:38,1
DA:41,1
DA:42,1
DA:43,1
DA:44,1
DA:45,1
DA:46,1
DA:48,3
DA:49,0
DA:50,0
DA:51,3
DA:52,0
DA:53,0
DA:54,1
DA:55,1
DA:56,1
DA:59,1
DA:60,1
DA:61,1
DA:62,1
DA:63,1
DA:64,1
DA:65,1
DA:66,1
DA:67,1
DA:68,3
DA:69,3
DA:70,3
DA:71,1
DA:72,1
DA:73,3
DA:74,3
DA:76,3
DA:77,1
DA:78,3
DA:79,0
DA:80,0
DA:81,0
DA:82,3
DA:92,1
DA:93,2
DA:94,2
DA:97,2
DA:98,2
DA:102,2
DA:103,2
DA:104,2
DA:105,2
DA:106,2
DA:111,2
DA:112,2
DA:113,2
DA:114,2
DA:115,2
DA:116,2
DA:117,2
DA:118,2
DA:119,2
DA:120,2
DA:123,2
DA:124,2
DA:126,0
DA:127,0
DA:128,2
DA:136,1
DA:137,4
DA:138,4
DA:139,4
DA:142,3
DA:143,3
DA:144,4
DA:146,4
DA:147,4
DA:149,4
DA:150,1
DA:151,1
DA:153,2
DA:156,2
DA:157,2
DA:158,4
DA:159,4
DA:162,4
DA:163,4
DA:164,4
DA:165,4
DA:166,4
DA:167,4
DA:168,4
DA:169,2
DA:172,4
DA:173,1
DA:174,1
DA:177,1
DA:178,1
DA:179,1
DA:180,1
DA:181,1
DA:182,1
DA:184,1
DA:185,1
DA:186,1
DA:187,1
DA:188,1
DA:189,1
DA:191,1
DA:192,1
DA:193,1
DA:194,1
DA:195,1
DA:196,1
DA:199,4
DA:200,0
DA:201,0
DA:202,0
DA:203,0
DA:204,0
DA:205,0
DA:206,0
DA:208,1
DA:209,1
DA:210,1
DA:211,1
DA:212,1
DA:213,4
DA:215,3
DA:216,3
DA:217,4
DA:225,1
DA:226,2
DA:227,2
DA:228,2
DA:229,0
DA:230,0
DA:232,2
DA:233,2
DA:235,2
DA:236,1
DA:237,1
DA:239,1
DA:240,1
DA:241,1
DA:244,2
DA:247,2
DA:248,0
DA:249,0
DA:252,2
DA:253,0
DA:256,0
DA:258,0
DA:260,0
DA:261,0
DA:262,0
DA:263,0
DA:264,0
DA:265,0
DA:266,0
DA:267,0
DA:268,0
DA:269,0
DA:272,0
DA:273,0
DA:274,0
DA:275,0
DA:276,0
DA:277,0
DA:278,0
DA:279,0
DA:282,1
DA:284,1
DA:285,1
DA:286,1
DA:288,1
DA:289,1
DA:290,2
DA:302,1
DA:304,2
DA:305,2
DA:306,2
DA:308,2
DA:309,2
DA:311,2
DA:312,1
DA:313,1
DA:315,1
DA:316,2
DA:317,0
DA:318,0
DA:321,1
DA:322,1
DA:325,1
DA:326,1
DA:329,1
DA:331,1
DA:332,1
DA:333,1
DA:334,1
DA:335,2
DA:339,1
DA:340,2
DA:341,2
DA:342,2
DA:344,2
DA:345,1
DA:346,1
DA:349,1
DA:350,1
DA:351,1
DA:352,1
DA:355,1
DA:356,1
DA:357,1
DA:358,1
DA:360,1
DA:361,1
DA:363,1
DA:364,1
DA:365,2
DA:368,1
DA:369,2
DA:371,2
DA:372,2
DA:373,2
DA:375,2
DA:377,2
DA:378,1
DA:379,1
DA:380,1
DA:381,1
DA:382,1
DA:383,1
DA:384,1
DA:385,1
DA:386,1
DA:387,1
DA:388,2
DA:390,2
DA:391,2
DA:392,0
DA:393,0
DA:394,0
DA:395,2
DA:398,1
DA:399,3
DA:400,3
DA:401,3
DA:403,3
DA:404,1
DA:405,1
DA:407,2
DA:408,2
DA:409,2
DA:410,2
DA:413,3
DA:414,1
DA:415,1
DA:416,1
DA:417,1
DA:418,1
DA:420,1
DA:421,1
DA:422,1
DA:423,1
DA:424,1
DA:425,1
DA:426,1
DA:427,1
DA:428,1
DA:429,1
DA:430,1
DA:431,3
DA:433,1
DA:434,1
DA:435,3
DA:438,1
DA:439,2
DA:440,2
DA:441,2
DA:443,2
DA:444,1
DA:445,1
DA:447,1
DA:450,1
DA:451,1
DA:452,1
DA:453,1
DA:454,1
DA:455,1
DA:457,1
DA:458,1
DA:459,1
DA:460,1
DA:461,1
DA:463,1
DA:464,1
DA:465,2
LF:310
LH:264
BRDA:24,0,0,3
BRDA:28,1,0,1
BRDA:30,2,0,2
BRDA:31,3,0,1
BRDA:31,4,0,1
BRDA:31,5,0,1
BRDA:31,6,0,1
BRDA:48,7,0,0
BRDA:51,8,0,1
BRDA:51,9,0,0
BRDA:55,10,0,0
BRDA:68,11,0,1
BRDA:69,12,0,1
BRDA:70,13,0,1
BRDA:73,14,0,0
BRDA:76,15,0,1
BRDA:78,16,0,0
BRDA:70,17,0,1
BRDA:71,18,0,0
BRDA:92,19,0,2
BRDA:124,20,0,0
BRDA:103,21,0,2
BRDA:105,22,0,1
BRDA:105,23,0,1
BRDA:112,24,0,2
BRDA:113,25,0,1
BRDA:136,26,0,4
BRDA:139,27,0,1
BRDA:139,28,0,3
BRDA:144,29,0,0
BRDA:147,30,0,3
BRDA:149,31,0,1
BRDA:151,32,0,2
BRDA:158,33,0,0
BRDA:159,34,0,0
BRDA:168,35,0,2
BRDA:172,36,0,1
BRDA:172,37,0,1
BRDA:172,38,0,1
BRDA:172,39,0,1
BRDA:199,40,0,0
BRDA:199,41,0,0
BRDA:206,42,0,1
BRDA:213,43,0,3
BRDA:225,44,0,2
BRDA:228,45,0,0
BRDA:235,46,0,1
BRDA:247,47,0,0
BRDA:247,48,0,0
BRDA:249,49,0,1
BRDA:252,50,0,0
BRDA:252,51,0,0
BRDA:279,52,0,1
BRDA:302,53,0,2
BRDA:306,54,0,0
BRDA:311,55,0,1
BRDA:316,56,0,0
BRDA:318,57,0,1
BRDA:325,58,0,2
BRDA:339,59,0,2
BRDA:344,60,0,1
BRDA:349,61,0,1
BRDA:368,62,0,2
BRDA:391,63,0,0
BRDA:377,64,0,1
BRDA:381,65,0,1
BRDA:383,66,0,1
BRDA:398,67,0,3
BRDA:403,68,0,1
BRDA:405,69,0,2
BRDA:413,70,0,1
BRDA:431,71,0,1
BRDA:408,72,0,2
BRDA:409,73,0,0
BRDA:414,74,0,1
BRDA:438,75,0,2
BRDA:443,76,0,1
BRDA:454,77,0,0
BRF:78
BRH:56
end_of_record
TN:
SF:src\backend\firebase\reports.jsx
FN:31,getProjectFunding
FN:79,getAllProjectFoldersWithFiles
FN:192,getReviewedProjects
FNF:3
FNH:3
FNDA:4,getProjectFunding
FNDA:2,getAllProjectFoldersWithFiles
FNDA:2,getReviewedProjects
DA:1,1
DA:2,1
DA:3,1
DA:11,1
DA:12,1
DA:31,1
DA:32,4
DA:33,3
DA:34,3
DA:35,4
DA:37,1
DA:38,1
DA:39,1
DA:40,1
DA:41,1
DA:42,1
DA:43,2
DA:44,2
DA:45,1
DA:46,0
DA:48,1
DA:49,1
DA:50,1
DA:51,1
DA:52,1
DA:53,1
DA:54,0
DA:55,0
DA:56,0
DA:57,0
DA:58,0
DA:59,0
DA:60,0
DA:61,1
DA:62,1
DA:64,1
DA:65,1
DA:67,1
DA:68,1
DA:69,4
DA:79,1
DA:80,2
DA:81,1
DA:82,1
DA:83,2
DA:85,0
DA:87,0
DA:88,0
DA:89,0
DA:90,0
DA:91,0
DA:92,0
DA:94,0
DA:95,0
DA:96,0
DA:97,0
DA:98,0
DA:99,0
DA:100,0
DA:102,0
DA:103,0
DA:104,0
DA:105,0
DA:106,0
DA:109,0
DA:110,0
DA:111,0
DA:113,0
DA:114,0
DA:115,0
DA:116,0
DA:117,0
DA:118,0
DA:120,0
DA:121,0
DA:122,0
DA:123,0
DA:124,0
DA:125,0
DA:126,0
DA:127,0
DA:128,0
DA:129,0
DA:130,0
DA:131,0
DA:133,0
DA:134,0
DA:135,0
DA:136,0
DA:137,0
DA:138,0
DA:139,0
DA:140,0
DA:141,0
DA:142,0
DA:143,0
DA:144,0
DA:145,0
DA:146,0
DA:148,0
DA:149,0
DA:150,0
DA:151,0
DA:152,0
DA:153,0
DA:154,0
DA:155,0
DA:156,0
DA:157,0
DA:158,0
DA:159,0
DA:160,0
DA:162,0
DA:163,0
DA:164,0
DA:165,0
DA:166,0
DA:167,0
DA:168,0
DA:169,0
DA:170,0
DA:171,0
DA:172,0
DA:175,0
DA:176,0
DA:177,0
DA:178,0
DA:179,0
DA:180,0
DA:181,0
DA:182,2
DA:192,1
DA:193,2
DA:194,1
DA:195,1
DA:196,1
DA:197,1
DA:199,1
DA:201,0
DA:202,0
DA:203,0
DA:205,0
DA:206,0
DA:207,0
DA:208,0
DA:210,0
DA:211,0
DA:212,0
DA:213,0
DA:216,0
DA:217,0
DA:218,0
DA:219,0
DA:220,0
DA:221,0
DA:222,0
DA:223,0
DA:224,0
DA:225,0
DA:226,0
DA:227,0
DA:229,0
DA:232,0
DA:233,0
DA:234,0
DA:235,0
DA:236,0
DA:237,0
DA:238,0
DA:239,0
DA:240,0
DA:241,0
DA:242,0
DA:243,0
DA:244,0
DA:246,0
DA:247,0
DA:248,0
DA:249,0
DA:250,0
DA:251,0
DA:252,0
DA:253,0
DA:254,0
DA:255,0
DA:256,0
DA:257,0
DA:258,0
DA:259,0
DA:260,0
DA:261,0
DA:262,0
DA:263,0
DA:264,0
DA:265,0
DA:268,0
DA:269,0
DA:270,0
DA:271,0
DA:272,0
DA:273,2
LF:201
LH:46
BRDA:31,0,0,4
BRDA:32,1,0,1
BRDA:32,2,0,3
BRDA:34,3,0,2
BRDA:35,4,0,1
BRDA:38,5,0,1
BRDA:45,6,0,0
BRDA:49,7,0,0
BRDA:53,8,0,0
BRDA:42,9,0,2
BRDA:43,10,0,0
BRDA:64,11,0,1
BRDA:79,12,0,2
BRDA:80,13,0,1
BRDA:83,14,0,1
BRDA:83,15,0,0
BRDA:192,16,0,2
BRDA:193,17,0,1
BRDA:199,18,0,0
BRF:19
BRH:13
end_of_record
TN:
SF:src\backend\firebase\reviewerDB.jsx
FN:18,getAvailableReviewers
FN:33,createReviewRequest
FN:54,getReviewerRequests
FN:107,updateReviewRequestStatus
FN:171,submitReviewFeedback
FN:241,getProjectReviews
FN:279,getReviewById
FN:302,updateReviewFeedback
FN:319,getReviewerReviews
FN:346,getReviewerRequestsForProject
FN:374,addReviewerToProject
FN:408,removeReviewer
FN:424,updateExistingReviewerInfo
FN:467,getReviewerHistory
FNF:14
FNH:8
FNDA:2,getAvailableReviewers
FNDA:0,createReviewRequest
FNDA:1,getReviewerRequests
FNDA:3,updateReviewRequestStatus
FNDA:1,submitReviewFeedback
FNDA:2,getProjectReviews
FNDA:0,getReviewById
FNDA:2,updateReviewFeedback
FNDA:0,getReviewerReviews
FNDA:0,getReviewerRequestsForProject
FNDA:0,addReviewerToProject
FNDA:0,removeReviewer
FNDA:2,updateExistingReviewerInfo
FNDA:2,getReviewerHistory
DA:1,1
DA:2,1
DA:18,1
DA:19,2
DA:20,2
DA:21,2
DA:22,2
DA:23,2
DA:24,2
DA:25,2
DA:26,2
DA:27,0
DA:28,0
DA:29,0
DA:30,2
DA:33,1
DA:34,0
DA:35,0
DA:36,0
DA:37,0
DA:38,0
DA:39,0
DA:40,0
DA:41,0
DA:42,0
DA:43,0
DA:45,0
DA:46,0
DA:47,0
DA:48,0
DA:49,0
DA:50,0
DA:51,0
DA:54,1
DA:55,1
DA:56,1
DA:57,1
DA:58,1
DA:59,1
DA:61,1
DA:62,1
DA:64,1
DA:65,1
DA:66,1
DA:67,1
DA:68,1
DA:69,1
DA:70,1
DA:73,1
DA:74,1
DA:75,1
DA:76,1
DA:77,1
DA:78,1
DA:79,1
DA:82,1
DA:83,1
DA:86,1
DA:88,0
DA:89,0
DA:90,0
DA:91,0
DA:92,0
DA:93,0
DA:94,1
DA:96,1
DA:97,1
DA:99,1
DA:100,1
DA:101,0
DA:102,0
DA:103,0
DA:104,1
DA:107,1
DA:108,3
DA:109,3
DA:110,3
DA:112,3
DA:113,1
DA:114,1
DA:116,2
DA:117,2
DA:120,2
DA:121,2
DA:122,2
DA:123,2
DA:126,3
DA:127,1
DA:128,1
DA:130,1
DA:131,0
DA:132,0
DA:135,1
DA:136,1
DA:137,0
DA:138,0
DA:140,1
DA:141,1
DA:142,1
DA:143,1
DA:144,1
DA:145,1
DA:146,1
DA:149,1
DA:152,1
DA:155,1
DA:157,1
DA:158,1
DA:159,1
DA:160,1
DA:161,1
DA:163,2
DA:164,3
DA:165,1
DA:166,1
DA:167,1
DA:168,3
DA:171,1
DA:172,1
DA:173,1
DA:174,1
DA:175,1
DA:176,1
DA:177,1
DA:178,1
DA:179,1
DA:180,1
DA:181,1
DA:184,1
DA:187,0
DA:188,0
DA:190,0
DA:191,0
DA:192,0
DA:193,0
DA:194,0
DA:195,0
DA:196,0
DA:197,0
DA:198,0
DA:199,0
DA:200,0
DA:201,0
DA:202,0
DA:203,0
DA:204,0
DA:206,0
DA:207,0
DA:208,0
DA:209,0
DA:210,0
DA:211,0
DA:214,0
DA:215,0
DA:216,0
DA:217,0
DA:218,0
DA:219,0
DA:221,0
DA:222,0
DA:223,0
DA:224,0
DA:225,0
DA:226,0
DA:227,0
DA:228,0
DA:229,0
DA:230,0
DA:231,0
DA:233,0
DA:234,1
DA:235,1
DA:236,1
DA:237,1
DA:238,1
DA:241,1
DA:242,2
DA:243,2
DA:244,2
DA:245,2
DA:246,2
DA:247,2
DA:249,2
DA:250,2
DA:251,2
DA:253,2
DA:254,2
DA:255,1
DA:256,1
DA:257,1
DA:258,1
DA:259,1
DA:260,1
DA:261,1
DA:262,1
DA:263,1
DA:264,1
DA:265,1
DA:266,1
DA:267,1
DA:268,2
DA:269,2
DA:271,2
DA:272,2
DA:273,0
DA:274,0
DA:275,0
DA:276,2
DA:279,1
DA:280,0
DA:281,0
DA:282,0
DA:283,0
DA:284,0
DA:286,0
DA:289,0
DA:290,0
DA:291,0
DA:292,0
DA:294,0
DA:295,0
DA:296,0
DA:297,0
DA:298,0
DA:299,0
DA:302,1
DA:303,2
DA:304,2
DA:305,2
DA:306,2
DA:307,2
DA:308,2
DA:309,2
DA:310,2
DA:311,1
DA:312,1
DA:313,1
DA:314,1
DA:315,1
DA:316,2
DA:319,1
DA:320,0
DA:321,0
DA:322,0
DA:323,0
DA:324,0
DA:325,0
DA:327,0
DA:328,0
DA:329,0
DA:331,0
DA:332,0
DA:333,0
DA:334,0
DA:335,0
DA:336,0
DA:338,0
DA:339,0
DA:340,0
DA:341,0
DA:342,0
DA:343,0
DA:346,1
DA:347,0
DA:348,0
DA:349,0
DA:350,0
DA:351,0
DA:352,0
DA:354,0
DA:355,0
DA:356,0
DA:358,0
DA:359,0
DA:360,0
DA:361,0
DA:362,0
DA:363,0
DA:365,0
DA:366,0
DA:367,0
DA:368,0
DA:369,0
DA:370,0
DA:374,1
DA:375,0
DA:376,0
DA:379,0
DA:380,0
DA:381,0
DA:382,0
DA:384,0
DA:385,0
DA:386,0
DA:387,0
DA:388,0
DA:389,0
DA:390,0
DA:393,0
DA:394,0
DA:395,0
DA:397,0
DA:398,0
DA:399,0
DA:400,0
DA:401,0
DA:402,0
DA:403,0
DA:404,0
DA:405,0
DA:408,1
DA:409,0
DA:410,0
DA:411,0
DA:412,0
DA:413,0
DA:414,0
DA:415,0
DA:416,0
DA:417,0
DA:418,0
DA:419,0
DA:420,0
DA:424,1
DA:425,2
DA:426,2
DA:427,2
DA:429,2
DA:430,1
DA:431,1
DA:433,1
DA:434,2
DA:437,2
DA:438,1
DA:439,1
DA:440,0
DA:441,0
DA:442,1
DA:443,1
DA:444,1
DA:445,1
DA:446,1
DA:447,1
DA:448,1
DA:449,2
DA:451,2
DA:454,1
DA:455,1
DA:456,1
DA:457,1
DA:459,1
DA:460,1
DA:461,1
DA:462,1
DA:463,1
DA:464,2
DA:467,1
DA:468,2
DA:469,2
DA:470,1
DA:471,1
DA:473,1
DA:474,1
DA:475,1
DA:476,1
DA:477,1
DA:479,1
DA:480,1
DA:481,1
DA:482,1
DA:483,1
DA:484,1
DA:485,1
DA:486,1
DA:487,1
DA:488,1
DA:489,1
DA:490,1
DA:491,1
DA:494,1
DA:495,1
DA:496,1
DA:497,1
DA:498,1
DA:501,1
DA:502,1
DA:503,1
DA:504,1
DA:505,0
DA:506,1
DA:507,0
DA:508,0
DA:509,1
DA:510,0
DA:511,0
DA:512,0
DA:513,1
DA:514,0
DA:515,0
DA:516,0
DA:518,1
DA:519,1
DA:520,0
DA:522,0
DA:523,0
DA:524,1
DA:527,1
DA:528,0
DA:529,0
DA:530,0
DA:531,1
DA:532,1
DA:533,1
DA:534,1
DA:535,1
DA:536,2
LF:416
LH:227
BRDA:18,0,0,2
BRDA:26,1,0,0
BRDA:22,2,0,2
BRDA:54,3,0,1
BRDA:68,4,0,0
BRDA:69,5,0,0
BRDA:82,6,0,0
BRDA:86,7,0,0
BRDA:86,8,0,0
BRDA:100,9,0,0
BRDA:107,10,0,3
BRDA:112,11,0,1
BRDA:114,12,0,2
BRDA:126,13,0,1
BRDA:130,14,0,0
BRDA:136,15,0,0
BRDA:144,16,0,0
BRDA:149,17,0,0
BRDA:161,18,0,2
BRDA:164,19,0,1
BRDA:171,20,0,1
BRDA:184,21,0,0
BRDA:241,22,0,2
BRDA:254,23,0,1
BRDA:272,24,0,0
BRDA:302,25,0,2
BRDA:310,26,0,1
BRDA:424,27,0,2
BRDA:429,28,0,1
BRDA:434,29,0,0
BRDA:451,30,0,1
BRDA:437,31,0,1
BRDA:439,32,0,0
BRDA:446,33,0,0
BRDA:447,34,0,0
BRDA:467,35,0,2
BRDA:469,36,0,1
BRDA:486,37,0,0
BRDA:487,38,0,0
BRDA:488,39,0,0
BRDA:489,40,0,0
BRDA:490,41,0,0
BRDA:498,42,0,0
BRDA:504,43,0,0
BRDA:506,44,0,0
BRDA:509,45,0,0
BRDA:513,46,0,0
BRDA:519,47,0,0
BRF:48
BRH:20
end_of_record
TN:
SF:src\backend\firebase\viewprofile.jsx
FN:6,uploadUserProfilePicture
FN:28,deleteProfilePicture
FN:51,updateProfilePicture
FN:55,getUserProfilePicture
FN:65,getUserProfile
FN:78,updateUserProfile
FN:88,deleteUserProfileFields
FN:103,searchUsers
FN:145,getPublicProfile
FNF:9
FNH:5
FNDA:2,uploadUserProfilePicture
FNDA:2,deleteProfilePicture
FNDA:0,updateProfilePicture
FNDA:0,getUserProfilePicture
FNDA:3,getUserProfile
FNDA:3,updateUserProfile
FNDA:0,deleteUserProfileFields
FNDA:1,searchUsers
FNDA:0,getPublicProfile
DA:1,1
DA:2,1
DA:4,1
DA:6,1
DA:7,2
DA:8,2
DA:11,2
DA:14,2
DA:17,1
DA:20,1
DA:21,1
DA:22,1
DA:23,1
DA:25,1
DA:26,1
DA:28,1
DA:29,2
DA:30,2
DA:32,2
DA:34,2
DA:35,2
DA:36,1
DA:37,1
DA:38,0
DA:39,0
DA:40,0
DA:41,1
DA:43,2
DA:44,2
DA:45,2
DA:46,2
DA:48,2
DA:49,2
DA:51,1
DA:52,0
DA:53,0
DA:55,1
DA:56,0
DA:57,0
DA:58,0
DA:59,0
DA:60,0
DA:61,0
DA:62,0
DA:63,0
DA:65,1
DA:66,3
DA:67,3
DA:69,2
DA:70,2
DA:71,3
DA:72,1
DA:73,1
DA:74,1
DA:75,1
DA:76,3
DA:78,1
DA:79,3
DA:80,3
DA:82,2
DA:83,2
DA:85,1
DA:86,1
DA:88,1
DA:89,0
DA:90,0
DA:92,0
DA:94,0
DA:95,0
DA:96,0
DA:97,0
DA:99,0
DA:100,0
DA:101,0
DA:103,1
DA:104,1
DA:105,1
DA:107,1
DA:108,1
DA:109,1
DA:111,0
DA:112,0
DA:113,0
DA:114,0
DA:115,0
DA:116,0
DA:117,0
DA:118,0
DA:119,0
DA:120,0
DA:122,0
DA:123,0
DA:124,0
DA:125,0
DA:126,0
DA:127,0
DA:129,0
DA:130,0
DA:131,0
DA:132,0
DA:133,0
DA:134,0
DA:136,0
DA:137,0
DA:138,0
DA:139,1
DA:141,1
DA:142,1
DA:143,1
DA:145,1
DA:146,0
DA:148,0
DA:149,0
DA:151,0
DA:152,0
DA:153,0
DA:154,0
DA:155,0
DA:156,0
DA:157,0
DA:158,0
DA:159,0
DA:160,0
DA:161,0
DA:162,0
DA:163,0
DA:164,0
DA:165,0
DA:166,0
DA:167,0
LF:130
LH:62
BRDA:6,0,0,2
BRDA:8,1,0,0
BRDA:14,2,0,1
BRDA:28,3,0,2
BRDA:30,4,0,0
BRDA:35,5,0,1
BRDA:37,6,0,0
BRDA:65,7,0,3
BRDA:67,8,0,1
BRDA:67,9,0,2
BRDA:71,10,0,1
BRDA:78,11,0,3
BRDA:80,12,0,1
BRDA:80,13,0,2
BRDA:83,14,0,1
BRDA:103,15,0,1
BRDA:105,16,0,0
BRDA:109,17,0,0
BRF:18
BRH:13
end_of_record
TN:
SF:src\components\AuthProtectRoute.jsx
FN:6,AuthProtectRoute
FNF:1
FNH:1
FNDA:2,AuthProtectRoute
DA:1,1
DA:2,1
DA:3,1
DA:4,1
DA:6,1
DA:7,2
DA:8,2
DA:10,2
DA:11,2
DA:12,1
DA:14,1
DA:15,0
DA:16,1
DA:18,1
DA:19,1
DA:20,1
DA:21,1
DA:22,1
DA:23,2
DA:25,2
DA:26,1
DA:27,1
DA:28,1
DA:29,1
DA:30,1
DA:31,1
DA:32,1
DA:33,1
DA:34,1
DA:36,1
DA:38,1
DA:39,1
DA:41,1
LF:33
LH:32
BRDA:6,0,0,2
BRDA:25,1,0,1
BRDA:10,2,0,2
BRDA:11,3,0,1
BRDA:14,4,0,0
BRDA:18,5,0,0
BRF:6
BRH:4
end_of_record
TN:
SF:src\components\CreateProjectForm.jsx
FN:5,CreateProjectForm
FN:6,formatDateForInput
FN:42,getTodayFormatted
FN:49,validateForm
FN:90,addGoal
FN:100,deleteGoal
FN:107,handleGoalKeyDown
FN:114,handleSubmit
FN:135,handleChange
FN:250,onDelete
FN:261,onChange
FNF:11
FNH:9
FNDA:50,CreateProjectForm
FNDA:2,formatDateForInput
FNDA:50,getTodayFormatted
FNDA:6,validateForm
FNDA:8,addGoal
FNDA:0,deleteGoal
FNDA:8,handleGoalKeyDown
FNDA:6,handleSubmit
FNDA:15,handleChange
FNDA:0,onDelete
FNDA:8,onChange
DA:1,1
DA:2,1
DA:3,1
DA:5,50
DA:6,50
DA:7,2
DA:8,1
DA:10,0
DA:11,0
DA:13,1
DA:14,2
DA:16,50
DA:17,50
DA:18,50
DA:19,50
DA:20,50
DA:21,50
DA:22,50
DA:23,50
DA:24,50
DA:25,50
DA:26,50
DA:27,50
DA:28,50
DA:31,50
DA:32,10
DA:33,2
DA:34,2
DA:35,2
DA:36,2
DA:37,2
DA:38,2
DA:39,2
DA:40,50
DA:42,50
DA:43,50
DA:44,50
DA:45,50
DA:47,50
DA:49,50
DA:50,6
DA:52,6
DA:53,3
DA:54,3
DA:55,1
DA:56,1
DA:58,6
DA:59,3
DA:60,3
DA:61,1
DA:62,1
DA:64,6
DA:65,3
DA:66,3
DA:67,1
DA:68,1
DA:70,6
DA:71,4
DA:72,6
DA:73,2
DA:74,2
DA:75,2
DA:77,2
DA:78,0
DA:79,0
DA:80,2
DA:82,6
DA:83,3
DA:84,3
DA:86,6
DA:87,6
DA:88,6
DA:90,50
DA:91,8
DA:92,8
DA:93,8
DA:94,8
DA:95,8
DA:96,8
DA:97,8
DA:98,8
DA:100,50
DA:101,0
DA:102,0
DA:103,0
DA:104,0
DA:105,0
DA:107,50
DA:108,8
DA:109,8
DA:110,8
DA:111,8
DA:112,8
DA:114,50
DA:115,6
DA:116,6
DA:117,2
DA:118,2
DA:119,2
DA:120,4
DA:121,2
DA:122,2
DA:123,2
DA:124,2
DA:125,2
DA:127,2
DA:128,0
DA:129,2
DA:130,2
DA:131,2
DA:132,2
DA:133,6
DA:135,50
DA:136,15
DA:137,15
DA:138,15
DA:139,15
DA:140,15
DA:141,15
DA:143,50
DA:144,50
DA:145,50
DA:146,50
DA:147,50
DA:149,50
DA:150,50
DA:151,50
DA:153,50
DA:154,50
DA:155,50
DA:157,50
DA:158,50
DA:159,50
DA:160,50
DA:161,50
DA:162,50
DA:163,50
DA:164,50
DA:165,50
DA:166,50
DA:167,50
DA:168,50
DA:169,50
DA:170,50
DA:171,50
DA:172,50
DA:173,6
DA:175,50
DA:177,50
DA:178,50
DA:179,50
DA:180,50
DA:181,50
DA:182,50
DA:183,50
DA:184,50
DA:185,50
DA:186,50
DA:187,50
DA:188,50
DA:189,50
DA:190,50
DA:191,50
DA:192,50
DA:193,6
DA:195,50
DA:197,50
DA:198,50
DA:199,50
DA:200,50
DA:201,50
DA:202,50
DA:203,50
DA:204,50
DA:205,50
DA:206,50
DA:207,50
DA:208,50
DA:209,50
DA:210,50
DA:211,50
DA:212,50
DA:213,50
DA:214,6
DA:216,50
DA:218,50
DA:219,50
DA:220,50
DA:221,50
DA:222,50
DA:223,50
DA:224,50
DA:225,50
DA:226,50
DA:227,50
DA:228,50
DA:229,50
DA:230,50
DA:231,50
DA:232,50
DA:233,50
DA:234,50
DA:235,6
DA:237,50
DA:239,50
DA:240,50
DA:241,50
DA:242,50
DA:243,50
DA:245,50
DA:246,50
DA:247,29
DA:248,29
DA:249,29
DA:250,29
DA:251,29
DA:252,50
DA:253,50
DA:255,50
DA:256,50
DA:257,50
DA:258,50
DA:259,50
DA:260,50
DA:261,50
DA:262,50
DA:263,50
DA:264,50
DA:265,50
DA:266,50
DA:267,50
DA:268,50
DA:269,50
DA:270,50
DA:271,50
DA:272,50
DA:273,50
DA:274,50
DA:275,50
DA:277,50
DA:278,50
DA:279,50
DA:280,5
DA:282,50
DA:284,50
DA:285,50
DA:286,50
DA:287,50
DA:288,50
DA:289,50
DA:290,50
DA:291,50
DA:292,50
DA:293,50
DA:294,50
DA:295,50
DA:296,50
DA:298,50
DA:299,50
DA:300,50
DA:301,50
DA:302,0
DA:304,50
DA:305,50
DA:306,50
DA:308,50
DA:309,50
DA:310,50
DA:311,50
DA:312,50
DA:313,50
DA:315,50
DA:316,50
DA:317,50
DA:318,50
DA:319,50
DA:320,50
DA:321,50
DA:323,50
DA:324,0
DA:325,50
DA:326,50
DA:327,50
DA:328,50
DA:330,50
LF:285
LH:273
BRDA:5,0,0,50
BRDA:150,1,0,4
BRDA:150,2,0,46
BRDA:166,3,0,6
BRDA:166,4,0,44
BRDA:170,5,0,6
BRDA:170,6,0,44
BRDA:172,7,0,6
BRDA:185,8,0,6
BRDA:185,9,0,44
BRDA:190,10,0,6
BRDA:190,11,0,44
BRDA:192,12,0,6
BRDA:206,13,0,6
BRDA:206,14,0,44
BRDA:211,15,0,6
BRDA:211,16,0,44
BRDA:213,17,0,6
BRDA:228,18,0,6
BRDA:228,19,0,44
BRDA:232,20,0,6
BRDA:232,21,0,44
BRDA:234,22,0,6
BRDA:265,23,0,5
BRDA:265,24,0,45
BRDA:268,25,0,5
BRDA:268,26,0,45
BRDA:279,27,0,5
BRDA:292,28,0,0
BRDA:296,29,0,0
BRDA:301,30,0,0
BRDA:323,31,0,0
BRDA:325,32,0,4
BRDA:325,33,0,46
BRDA:6,34,0,2
BRDA:7,35,0,1
BRDA:8,36,0,0
BRDA:31,37,0,10
BRDA:32,38,0,2
BRDA:32,39,0,2
BRDA:35,40,0,0
BRDA:42,41,0,50
BRDA:49,42,0,6
BRDA:52,43,0,3
BRDA:54,44,0,1
BRDA:58,45,0,3
BRDA:60,46,0,1
BRDA:64,47,0,3
BRDA:66,48,0,1
BRDA:70,49,0,4
BRDA:72,50,0,2
BRDA:77,51,0,0
BRDA:82,52,0,3
BRDA:90,53,0,8
BRDA:107,54,0,8
BRDA:108,55,0,0
BRDA:114,56,0,6
BRDA:116,57,0,2
BRDA:123,58,0,0
BRDA:127,59,0,0
BRDA:119,60,0,4
BRDA:120,61,0,0
BRDA:135,62,0,15
BRDA:137,63,0,15
BRDA:246,64,0,29
BRDA:261,65,0,8
BRF:66
BRH:55
end_of_record
TN:
SF:src\components\CropImage.jsx
FN:1,getCroppedImg
FN:16,image.onload
FN:41,image.onerror
FNF:3
FNH:3
FNDA:5,getCroppedImg
FNDA:2,image.onload
FNDA:1,image.onerror
DA:1,5
DA:2,5
DA:3,5
DA:4,1
DA:5,1
DA:6,1
DA:7,5
DA:8,1
DA:9,1
DA:10,1
DA:12,3
DA:13,3
DA:14,3
DA:16,3
DA:17,2
DA:18,2
DA:19,2
DA:21,2
DA:22,2
DA:23,2
DA:24,2
DA:25,2
DA:26,2
DA:27,2
DA:28,2
DA:29,2
DA:30,2
DA:31,2
DA:32,2
DA:34,2
DA:35,2
DA:36,1
DA:37,1
DA:38,2
DA:39,2
DA:41,3
DA:42,1
DA:43,1
DA:44,1
DA:45,5
DA:46,5
LF:41
LH:41
BRDA:1,0,0,5
BRDA:2,1,0,5
BRDA:3,2,0,1
BRDA:6,3,0,4
BRDA:7,4,0,1
BRDA:10,5,0,3
BRDA:16,6,0,2
BRDA:34,7,0,2
BRDA:35,8,0,1
BRDA:41,9,0,1
BRF:10
BRH:10
end_of_record
TN:
SF:src\components\ExportDialog.jsx
FN:7,ExportDialog
FN:22,loadProjects
FN:42,handleExport
FN:70,onSubmit
FN:82,onChange
FN:92,onChange
FN:114,onChange
FNF:7
FNH:7
FNDA:66,ExportDialog
FNDA:9,loadProjects
FNDA:2,handleExport
FNDA:2,onSubmit
FNDA:2,onChange
FNDA:2,onChange
FNDA:3,onChange
DA:1,1
DA:2,1
DA:3,1
DA:4,1
DA:5,1
DA:7,66
DA:8,66
DA:9,66
DA:10,66
DA:11,66
DA:12,66
DA:13,66
DA:14,66
DA:15,66
DA:16,66
DA:17,66
DA:18,66
DA:19,66
DA:21,66
DA:22,22
DA:23,9
DA:24,9
DA:25,9
DA:26,9
DA:28,9
DA:29,9
DA:30,9
DA:31,0
DA:32,9
DA:33,9
DA:34,9
DA:35,9
DA:37,22
DA:38,9
DA:39,9
DA:40,66
DA:42,66
DA:43,2
DA:44,2
DA:45,2
DA:46,2
DA:47,2
DA:48,2
DA:50,66
DA:52,30
DA:53,30
DA:54,30
DA:55,30
DA:56,30
DA:57,30
DA:58,30
DA:59,30
DA:60,30
DA:61,30
DA:62,30
DA:64,30
DA:65,30
DA:66,30
DA:67,30
DA:68,30
DA:70,30
DA:71,30
DA:72,30
DA:74,30
DA:75,30
DA:76,30
DA:77,30
DA:78,30
DA:79,30
DA:80,30
DA:81,30
DA:82,30
DA:83,30
DA:84,30
DA:85,30
DA:86,30
DA:87,30
DA:88,30
DA:89,30
DA:90,30
DA:91,30
DA:92,30
DA:93,30
DA:94,30
DA:95,30
DA:96,30
DA:97,30
DA:99,30
DA:100,30
DA:102,30
DA:103,30
DA:104,30
DA:105,11
DA:106,19
DA:107,10
DA:109,9
DA:110,18
DA:111,18
DA:112,18
DA:113,18
DA:114,18
DA:115,3
DA:116,3
DA:117,3
DA:118,0
DA:119,0
DA:120,3
DA:121,18
DA:122,18
DA:123,18
DA:124,18
DA:125,9
DA:127,66
DA:128,66
DA:130,66
DA:131,66
DA:132,66
DA:133,66
DA:134,66
DA:135,66
DA:136,66
DA:138,66
DA:139,66
DA:140,66
DA:141,66
DA:142,66
DA:143,66
DA:145,66
DA:146,2
DA:147,2
DA:148,2
DA:149,2
DA:151,28
DA:153,66
DA:154,66
DA:155,66
DA:156,66
DA:157,66
DA:158,66
DA:160,66
LF:140
LH:137
BRDA:7,0,0,66
BRDA:50,1,0,36
BRDA:50,2,0,31
BRDA:50,3,0,30
BRDA:104,4,0,11
BRDA:105,5,0,19
BRDA:106,6,0,10
BRDA:107,7,0,9
BRDA:145,8,0,2
BRDA:149,9,0,28
BRDA:21,10,0,22
BRDA:37,11,0,9
BRDA:22,12,0,9
BRDA:26,13,0,0
BRDA:30,14,0,0
BRDA:42,15,0,2
BRDA:44,16,0,1
BRDA:45,17,0,1
BRDA:46,18,0,0
BRDA:70,19,0,2
BRDA:82,20,0,2
BRDA:92,21,0,2
BRDA:109,22,0,18
BRDA:114,23,0,3
BRDA:117,24,0,0
BRF:25
BRH:21
end_of_record
TN:
SF:src\components\FormInput.jsx
FN:3,FormInput
FN:40,onClick
FNF:2
FNH:1
FNDA:232,FormInput
FNDA:0,onClick
DA:1,1
DA:3,1
DA:4,232
DA:5,232
DA:6,232
DA:7,232
DA:8,232
DA:9,232
DA:10,232
DA:11,232
DA:12,232
DA:15,232
DA:17,232
DA:18,232
DA:19,232
DA:20,232
DA:21,232
DA:23,232
DA:24,232
DA:25,232
DA:26,232
DA:27,232
DA:28,232
DA:29,232
DA:30,232
DA:31,232
DA:32,232
DA:33,232
DA:34,232
DA:35,232
DA:36,232
DA:37,114
DA:38,114
DA:39,114
DA:40,114
DA:41,114
DA:43,114
DA:44,0
DA:45,0
DA:46,0
DA:48,114
DA:49,114
DA:50,114
DA:51,114
DA:53,114
DA:55,232
DA:56,232
DA:57,232
DA:59,232
DA:61,1
LF:50
LH:47
BRDA:3,0,0,232
BRDA:28,1,0,114
BRDA:28,2,0,0
BRDA:33,3,0,18
BRDA:33,4,0,214
BRDA:34,5,0,114
BRDA:34,6,0,118
BRDA:36,7,0,114
BRDA:41,8,0,0
BRDA:43,9,0,0
BRDA:56,10,0,18
BRF:11
BRH:8
end_of_record
TN:
SF:src\components\HandleImageUpload.jsx
FN:5,handleImageUpload
FNF:1
FNH:1
FNDA:5,handleImageUpload
DA:1,1
DA:2,1
DA:3,1
DA:5,1
DA:6,5
DA:7,5
DA:9,4
DA:10,4
DA:11,4
DA:14,4
DA:17,3
DA:20,2
DA:21,2
DA:24,1
DA:25,1
DA:27,5
DA:28,3
DA:29,3
DA:30,5
DA:32,1
LF:20
LH:20
BRDA:5,0,0,5
BRDA:7,1,0,1
BRDA:7,2,0,4
BRDA:14,3,0,3
BRDA:17,4,0,2
BRDA:21,5,0,1
BRDA:27,6,0,3
BRF:7
BRH:7
end_of_record
TN:
SF:src\components\LogInForm.jsx
FN:9,LoginForm
FN:28,handleChange
FN:38,validateForm
FN:55,handleSubmit
FN:89,handleGoogleAuth
FNF:5
FNH:5
FNDA:35,LoginForm
FNDA:10,handleChange
FNDA:6,validateForm
FNDA:6,handleSubmit
FNDA:3,handleGoogleAuth
DA:1,1
DA:2,1
DA:3,1
DA:4,1
DA:5,1
DA:6,1
DA:7,1
DA:9,1
DA:11,35
DA:12,35
DA:13,35
DA:14,35
DA:15,35
DA:16,35
DA:17,35
DA:18,35
DA:19,35
DA:20,35
DA:21,35
DA:23,35
DA:25,35
DA:26,35
DA:28,35
DA:29,10
DA:30,10
DA:31,10
DA:32,10
DA:33,10
DA:35,10
DA:36,10
DA:38,35
DA:39,6
DA:41,6
DA:42,1
DA:43,6
DA:44,1
DA:45,1
DA:47,6
DA:48,1
DA:49,1
DA:51,6
DA:52,6
DA:53,6
DA:55,35
DA:56,6
DA:57,6
DA:59,4
DA:60,4
DA:61,4
DA:62,2
DA:63,2
DA:64,2
DA:65,2
DA:66,2
DA:67,2
DA:70,6
DA:71,6
DA:72,3
DA:73,3
DA:74,3
DA:75,3
DA:76,3
DA:77,3
DA:78,3
DA:80,3
DA:81,3
DA:82,3
DA:83,3
DA:84,3
DA:85,3
DA:86,3
DA:87,6
DA:89,35
DA:90,3
DA:91,3
DA:92,3
DA:93,3
DA:94,3
DA:95,1
DA:96,1
DA:97,1
DA:98,1
DA:99,1
DA:100,1
DA:101,3
DA:102,1
DA:103,1
DA:104,1
DA:105,0
DA:106,0
DA:107,0
DA:108,1
DA:109,3
DA:110,3
DA:111,3
DA:112,3
DA:113,3
DA:115,35
DA:116,35
DA:117,35
DA:118,35
DA:119,35
DA:120,35
DA:122,35
DA:123,4
DA:124,4
DA:125,4
DA:128,35
DA:129,35
DA:130,35
DA:131,35
DA:132,35
DA:133,35
DA:134,35
DA:135,35
DA:136,35
DA:138,35
DA:139,35
DA:140,35
DA:141,35
DA:142,35
DA:143,35
DA:144,35
DA:145,35
DA:146,35
DA:148,35
DA:149,35
DA:150,35
DA:151,35
DA:152,35
DA:153,35
DA:154,35
DA:155,35
DA:156,35
DA:158,35
DA:159,35
DA:160,35
DA:162,35
DA:163,35
DA:164,35
DA:165,35
DA:167,35
DA:168,7
DA:170,28
DA:172,35
DA:173,35
DA:175,35
DA:176,35
DA:177,35
DA:178,35
DA:179,35
DA:181,35
DA:182,35
DA:183,35
DA:184,35
DA:185,35
DA:186,35
DA:188,35
DA:189,7
DA:191,28
DA:192,28
DA:193,28
DA:194,28
DA:196,35
DA:197,35
DA:199,35
DA:200,35
DA:201,35
DA:202,35
DA:205,35
DA:207,1
LF:171
LH:168
BRDA:9,0,0,35
BRDA:122,1,0,4
BRDA:167,2,0,7
BRDA:168,3,0,28
BRDA:188,4,0,7
BRDA:189,5,0,28
BRDA:28,6,0,10
BRDA:30,7,0,10
BRDA:32,8,0,0
BRDA:35,9,0,10
BRDA:38,10,0,6
BRDA:41,11,0,1
BRDA:43,12,0,5
BRDA:43,13,0,1
BRDA:47,14,0,1
BRDA:55,15,0,6
BRDA:57,16,0,2
BRDA:57,17,0,4
BRDA:61,18,0,2
BRDA:70,19,0,0
BRDA:70,20,0,0
BRDA:71,21,0,3
BRDA:81,22,0,2
BRDA:89,23,0,3
BRDA:93,24,0,2
BRDA:94,25,0,1
BRDA:99,26,0,0
BRDA:101,27,0,1
BRDA:104,28,0,0
BRF:29
BRH:24
end_of_record
TN:
SF:src\components\MediaPreview.jsx
FN:4,MediaPreview
FN:14,handleEscape
FN:35,onClick
FN:41,onLoad
FN:47,onClick
FN:64,onClick
FN:68,onClick
FN:72,onClick
FN:93,onClick
FN:126,onClick
FN:151,onClick
FNF:11
FNH:5
FNDA:15,MediaPreview
FNDA:1,handleEscape
FNDA:2,onClick
FNDA:0,onLoad
FNDA:0,onClick
FNDA:0,onClick
FNDA:1,onClick
FNDA:1,onClick
FNDA:0,onClick
FNDA:0,onClick
FNDA:0,onClick
DA:1,1
DA:2,1
DA:4,15
DA:5,15
DA:6,15
DA:8,15
DA:9,15
DA:10,15
DA:13,15
DA:14,15
DA:15,1
DA:16,1
DA:17,1
DA:18,1
DA:20,15
DA:21,15
DA:22,15
DA:24,15
DA:25,10
DA:26,10
DA:27,10
DA:29,10
DA:30,10
DA:31,10
DA:32,10
DA:33,10
DA:34,10
DA:35,10
DA:36,10
DA:37,10
DA:38,9
DA:39,9
DA:40,9
DA:41,9
DA:42,9
DA:43,9
DA:44,9
DA:46,10
DA:47,10
DA:48,10
DA:49,10
DA:51,10
DA:52,10
DA:53,10
DA:54,9
DA:55,9
DA:56,9
DA:58,10
DA:60,10
DA:61,2
DA:62,2
DA:63,2
DA:64,2
DA:66,2
DA:67,2
DA:68,2
DA:71,2
DA:72,2
DA:73,2
DA:74,2
DA:76,2
DA:77,2
DA:79,2
DA:80,2
DA:81,2
DA:82,2
DA:83,2
DA:84,2
DA:85,2
DA:86,2
DA:88,2
DA:89,2
DA:90,2
DA:91,2
DA:92,2
DA:93,2
DA:94,2
DA:96,2
DA:97,2
DA:98,2
DA:99,2
DA:100,2
DA:102,10
DA:104,10
DA:106,15
DA:107,2
DA:108,2
DA:109,2
DA:110,2
DA:111,2
DA:112,2
DA:113,2
DA:114,2
DA:115,2
DA:117,2
DA:118,2
DA:119,2
DA:120,2
DA:121,2
DA:122,2
DA:123,2
DA:124,2
DA:125,2
DA:126,2
DA:127,2
DA:129,2
DA:130,2
DA:131,2
DA:132,2
DA:133,2
DA:135,2
DA:137,15
DA:138,2
DA:139,2
DA:140,2
DA:141,2
DA:142,2
DA:143,2
DA:144,2
DA:145,2
DA:146,2
DA:147,2
DA:148,2
DA:149,2
DA:150,2
DA:151,2
DA:152,2
DA:154,2
DA:155,2
DA:156,2
DA:157,2
DA:158,2
DA:159,2
DA:160,2
DA:161,2
DA:162,2
DA:163,2
DA:165,2
DA:168,1
DA:169,1
DA:170,1
DA:171,1
DA:172,1
DA:173,1
DA:174,1
DA:175,1
DA:176,1
DA:178,1
DA:179,1
DA:180,1
DA:181,1
DA:182,1
DA:183,1
DA:184,1
DA:185,1
DA:187,1
LF:156
LH:156
BRDA:4,0,0,15
BRDA:24,1,0,10
BRDA:30,2,0,1
BRDA:33,3,0,9
BRDA:33,4,0,1
BRDA:37,5,0,9
BRDA:53,6,0,9
BRDA:60,7,0,2
BRDA:104,8,0,5
BRDA:106,9,0,2
BRDA:135,10,0,3
BRDA:137,11,0,2
BRDA:165,12,0,1
BRDA:13,13,0,15
BRDA:14,14,0,1
BRDA:21,15,0,15
BRDA:35,16,0,2
BRDA:68,17,0,1
BRDA:72,18,0,1
BRF:19
BRH:19
end_of_record
TN:
SF:src\components\ProtectedRoute.jsx
FN:6,ProtectedRoute
FNF:1
FNH:1
FNDA:5,ProtectedRoute
DA:1,1
DA:2,1
DA:3,1
DA:4,1
DA:6,1
DA:7,5
DA:8,5
DA:9,5
DA:11,5
DA:12,5
DA:13,1
DA:14,1
DA:16,5
DA:17,1
DA:18,1
DA:19,1
DA:23,5
DA:24,1
DA:25,1
DA:26,1
DA:29,5
DA:31,1
DA:32,1
DA:33,1
DA:34,1
DA:35,5
DA:38,5
DA:39,1
DA:40,1
DA:41,1
DA:42,1
DA:44,1
DA:47,4
DA:48,4
DA:50,1
LF:35
LH:35
BRDA:6,0,0,5
BRDA:38,1,0,1
BRDA:38,2,0,1
BRDA:44,3,0,4
BRDA:11,4,0,5
BRDA:12,5,0,1
BRDA:14,6,0,4
BRDA:16,7,0,1
BRDA:19,8,0,3
BRDA:23,9,0,1
BRDA:23,10,0,1
BRDA:26,11,0,2
BRDA:29,12,0,1
BRDA:29,13,0,1
BRDA:31,14,0,0
BRF:15
BRH:14
end_of_record
TN:
SF:src\components\RoleSelctionForm.jsx
FN:8,RoleSelectionForm
FN:45,handleFacultyChange
FN:52,handleChange
FN:60,handleTagsChange
FN:73,handleInstitutionChange
FN:83,handleCustomUniversity
FN:109,handleCustomTag
FN:133,handleCustomTagKeyDown
FN:140,handleCustomUniversityKeyDown
FN:148,getAvailableOptions
FN:156,validateForm
FN:189,loadUniversities
FN:199,handleSubmit
FN:307,noOptionsMessage
FN:309,control
FN:321,onClick
FN:332,onChange
FN:348,onClick
FN:436,noOptionsMessage
FN:437,isOptionDisabled
FN:439,control
FN:447,menu
FN:457,onClick
FN:467,onChange
FN:483,onClick
FNF:25
FNH:13
FNDA:69,RoleSelectionForm
FNDA:1,handleFacultyChange
FNDA:45,handleChange
FNDA:6,handleTagsChange
FNDA:2,handleInstitutionChange
FNDA:0,handleCustomUniversity
FNDA:0,handleCustomTag
FNDA:0,handleCustomTagKeyDown
FNDA:0,handleCustomUniversityKeyDown
FNDA:69,getAvailableOptions
FNDA:3,validateForm
FNDA:5,loadUniversities
FNDA:3,handleSubmit
FNDA:0,noOptionsMessage
FNDA:94,control
FNDA:0,onClick
FNDA:0,onChange
FNDA:0,onClick
FNDA:0,noOptionsMessage
FNDA:1881,isOptionDisabled
FNDA:180,control
FNDA:114,menu
FNDA:0,onClick
FNDA:0,onChange
FNDA:0,onClick
DA:1,1
DA:2,1
DA:3,1
DA:4,1
DA:5,1
DA:6,1
DA:8,1
DA:9,69
DA:10,69
DA:11,69
DA:12,69
DA:14,69
DA:15,69
DA:16,69
DA:17,69
DA:18,69
DA:19,69
DA:20,69
DA:21,69
DA:22,69
DA:24,69
DA:25,69
DA:26,69
DA:27,69
DA:28,69
DA:29,69
DA:30,69
DA:31,69
DA:32,69
DA:33,69
DA:34,69
DA:35,69
DA:36,69
DA:37,69
DA:39,69
DA:40,69
DA:41,69
DA:42,69
DA:43,69
DA:45,69
DA:46,1
DA:47,1
DA:49,1
DA:50,1
DA:52,69
DA:53,45
DA:54,45
DA:55,45
DA:56,0
DA:57,0
DA:58,45
DA:60,69
DA:62,6
DA:63,6
DA:64,6
DA:65,6
DA:66,6
DA:67,6
DA:68,6
DA:69,0
DA:70,0
DA:71,6
DA:73,69
DA:74,2
DA:75,2
DA:76,2
DA:77,2
DA:78,2
DA:79,2
DA:80,2
DA:81,2
DA:83,69
DA:84,0
DA:85,0
DA:86,0
DA:87,0
DA:88,0
DA:91,0
DA:94,0
DA:97,0
DA:98,0
DA:99,0
DA:100,0
DA:103,0
DA:104,0
DA:105,0
DA:106,0
DA:107,0
DA:109,69
DA:110,0
DA:111,0
DA:112,0
DA:113,0
DA:114,0
DA:115,0
DA:117,0
DA:118,0
DA:119,0
DA:120,0
DA:121,0
DA:122,0
DA:124,0
DA:125,0
DA:127,0
DA:128,0
DA:129,0
DA:130,0
DA:131,0
DA:133,69
DA:134,0
DA:135,0
DA:136,0
DA:137,0
DA:138,0
DA:140,69
DA:141,0
DA:142,0
DA:143,0
DA:144,0
DA:145,0
DA:148,69
DA:149,69
DA:150,69
DA:151,201
DA:152,69
DA:153,69
DA:154,69
DA:156,69
DA:157,3
DA:160,3
DA:161,1
DA:162,1
DA:164,3
DA:165,1
DA:166,1
DA:168,3
DA:169,1
DA:170,1
DA:172,3
DA:173,1
DA:174,1
DA:176,3
DA:177,1
DA:178,1
DA:180,3
DA:181,1
DA:182,1
DA:184,3
DA:185,3
DA:186,3
DA:188,69
DA:189,5
DA:190,5
DA:191,5
DA:192,5
DA:193,5
DA:194,5
DA:196,5
DA:197,69
DA:199,69
DA:200,3
DA:201,3
DA:203,3
DA:205,1
DA:206,1
DA:207,1
DA:209,2
DA:210,2
DA:212,2
DA:214,3
DA:215,0
DA:216,0
DA:217,0
DA:218,0
DA:219,0
DA:220,3
DA:221,1
DA:222,1
DA:223,3
DA:225,69
DA:226,69
DA:227,69
DA:229,69
DA:230,11
DA:232,11
DA:235,69
DA:236,69
DA:237,69
DA:240,69
DA:241,69
DA:242,69
DA:244,69
DA:245,69
DA:246,69
DA:247,69
DA:248,69
DA:249,69
DA:250,69
DA:251,69
DA:252,69
DA:253,69
DA:254,69
DA:255,69
DA:256,69
DA:257,69
DA:258,69
DA:261,69
DA:262,69
DA:264,69
DA:265,69
DA:266,69
DA:267,69
DA:268,69
DA:269,69
DA:270,69
DA:271,69
DA:272,69
DA:273,69
DA:275,69
DA:276,207
DA:277,207
DA:278,207
DA:279,207
DA:280,207
DA:282,207
DA:283,207
DA:284,69
DA:285,69
DA:286,69
DA:287,69
DA:289,69
DA:290,69
DA:292,69
DA:293,69
DA:294,69
DA:295,69
DA:296,69
DA:297,69
DA:298,69
DA:299,69
DA:300,69
DA:301,69
DA:302,69
DA:303,69
DA:304,69
DA:305,69
DA:306,69
DA:307,69
DA:308,69
DA:309,69
DA:310,94
DA:311,94
DA:312,94
DA:313,94
DA:314,94
DA:315,94
DA:316,94
DA:317,69
DA:318,69
DA:319,69
DA:320,69
DA:321,69
DA:322,69
DA:323,69
DA:325,69
DA:326,69
DA:328,0
DA:329,0
DA:330,0
DA:331,0
DA:332,0
DA:333,0
DA:334,0
DA:335,0
DA:336,0
DA:337,0
DA:338,0
DA:339,0
DA:340,0
DA:341,0
DA:342,0
DA:343,0
DA:345,0
DA:346,0
DA:347,0
DA:348,0
DA:349,0
DA:350,0
DA:351,0
DA:352,0
DA:353,0
DA:355,0
DA:356,0
DA:357,0
DA:359,69
DA:360,69
DA:361,69
DA:363,69
DA:364,69
DA:366,69
DA:367,69
DA:368,69
DA:369,69
DA:370,69
DA:371,69
DA:372,69
DA:373,69
DA:374,69
DA:375,69
DA:376,69
DA:377,69
DA:378,69
DA:379,69
DA:380,69
DA:382,69
DA:383,69
DA:385,69
DA:386,69
DA:387,69
DA:388,69
DA:389,69
DA:390,69
DA:391,69
DA:392,69
DA:393,69
DA:394,69
DA:395,69
DA:396,69
DA:397,69
DA:398,69
DA:399,69
DA:401,69
DA:402,69
DA:404,69
DA:405,69
DA:406,69
DA:407,69
DA:409,69
DA:410,69
DA:411,69
DA:412,69
DA:413,69
DA:414,69
DA:415,69
DA:417,69
DA:418,207
DA:419,207
DA:420,207
DA:421,69
DA:422,69
DA:423,69
DA:425,69
DA:426,69
DA:427,69
DA:428,69
DA:429,69
DA:430,69
DA:431,69
DA:432,69
DA:433,69
DA:434,69
DA:435,69
DA:436,69
DA:437,69
DA:438,69
DA:439,69
DA:440,180
DA:441,180
DA:442,180
DA:443,180
DA:444,180
DA:445,180
DA:446,180
DA:447,69
DA:448,114
DA:449,114
DA:450,114
DA:451,69
DA:452,69
DA:454,69
DA:455,69
DA:456,69
DA:457,69
DA:458,69
DA:459,69
DA:461,69
DA:463,0
DA:464,0
DA:465,0
DA:466,0
DA:467,0
DA:468,0
DA:469,0
DA:470,0
DA:471,0
DA:472,0
DA:473,0
DA:474,0
DA:475,0
DA:476,0
DA:477,0
DA:478,0
DA:480,0
DA:481,0
DA:482,0
DA:483,0
DA:484,0
DA:485,0
DA:486,0
DA:487,0
DA:488,0
DA:490,0
DA:491,0
DA:492,0
DA:494,69
DA:496,69
DA:497,69
DA:498,69
DA:499,69
DA:500,69
DA:502,69
DA:503,69
DA:505,69
DA:506,69
DA:507,69
DA:508,69
DA:509,69
DA:510,69
DA:511,69
DA:512,69
DA:513,69
DA:514,69
DA:515,69
DA:516,69
DA:517,69
DA:519,69
DA:520,69
DA:521,69
DA:522,69
DA:523,69
DA:525,69
DA:526,2
DA:527,2
DA:528,2
DA:529,2
DA:531,67
DA:533,69
DA:534,69
DA:535,69
DA:537,69
DA:539,1
LF:451
LH:341
BRDA:8,0,0,69
BRDA:11,1,0,0
BRDA:12,2,0,0
BRDA:15,3,0,0
BRDA:229,4,0,11
BRDA:254,5,0,3
BRDA:254,6,0,66
BRDA:257,7,0,3
BRDA:272,8,0,3
BRDA:272,9,0,66
BRDA:286,10,0,3
BRDA:300,11,0,55
BRDA:300,12,0,14
BRDA:303,13,0,3
BRDA:303,14,0,66
BRDA:305,15,0,14
BRDA:305,16,0,55
BRDA:326,17,0,0
BRDA:360,18,0,3
BRDA:376,19,0,3
BRDA:376,20,0,66
BRDA:379,21,0,3
BRDA:395,22,0,3
BRDA:395,23,0,66
BRDA:398,24,0,3
BRDA:431,25,0,3
BRDA:431,26,0,66
BRDA:461,27,0,0
BRDA:499,28,0,3
BRDA:525,29,0,2
BRDA:529,30,0,67
BRDA:45,31,0,1
BRDA:49,32,0,0
BRDA:52,33,0,45
BRDA:55,34,0,0
BRDA:54,35,0,45
BRDA:60,36,0,6
BRDA:68,37,0,0
BRDA:64,38,0,6
BRDA:66,39,0,12
BRDA:73,40,0,2
BRDA:74,41,0,2
BRDA:76,42,0,2
BRDA:78,43,0,0
BRDA:148,44,0,69
BRDA:150,45,0,201
BRDA:151,46,0,46
BRDA:156,47,0,3
BRDA:160,48,0,1
BRDA:160,49,0,1
BRDA:164,50,0,1
BRDA:168,51,0,1
BRDA:172,52,0,1
BRDA:176,53,0,1
BRDA:180,54,0,1
BRDA:188,55,0,5
BRDA:189,56,0,5
BRDA:199,57,0,3
BRDA:203,58,0,1
BRDA:207,59,0,2
BRDA:212,60,0,1
BRDA:214,61,0,0
BRDA:220,62,0,1
BRDA:275,63,0,207
BRDA:300,64,0,99
BRDA:309,65,0,94
BRDA:311,66,0,2
BRDA:311,67,0,92
BRDA:311,68,0,28
BRDA:311,69,0,64
BRDA:312,70,0,28
BRDA:312,71,0,66
BRDA:314,72,0,28
BRDA:314,73,0,66
BRDA:417,74,0,207
BRDA:419,75,0,69
BRDA:419,76,0,138
BRDA:437,77,0,1881
BRDA:439,78,0,180
BRDA:441,79,0,2
BRDA:441,80,0,178
BRDA:441,81,0,114
BRDA:441,82,0,64
BRDA:442,83,0,114
BRDA:442,84,0,66
BRDA:444,85,0,114
BRDA:444,86,0,66
BRDA:447,87,0,114
BRF:88
BRH:78
end_of_record
TN:
SF:src\components\SignUpForm.jsx
FN:9,SignUpForm
FN:26,handleChange
FN:32,validateForm
FN:65,handleSubmit
FN:105,handleGoogleAuth
FNF:5
FNH:5
FNDA:39,SignUpForm
FNDA:16,handleChange
FNDA:7,validateForm
FNDA:7,handleSubmit
FNDA:2,handleGoogleAuth
DA:1,1
DA:2,1
DA:3,1
DA:4,1
DA:5,1
DA:6,1
DA:7,1
DA:9,1
DA:10,39
DA:11,39
DA:12,39
DA:13,39
DA:14,39
DA:15,39
DA:16,39
DA:17,39
DA:18,39
DA:19,39
DA:20,39
DA:22,39
DA:23,39
DA:24,39
DA:26,39
DA:27,16
DA:28,16
DA:29,16
DA:30,16
DA:32,39
DA:33,7
DA:35,7
DA:37,7
DA:38,3
DA:39,7
DA:40,1
DA:41,1
DA:43,7
DA:44,2
DA:45,7
DA:46,5
DA:47,5
DA:48,4
DA:49,4
DA:50,4
DA:51,5
DA:52,1
DA:53,1
DA:54,1
DA:55,5
DA:57,7
DA:58,2
DA:59,2
DA:61,7
DA:62,7
DA:63,7
DA:65,39
DA:66,7
DA:67,7
DA:69,3
DA:70,3
DA:71,3
DA:72,1
DA:73,1
DA:74,1
DA:75,1
DA:76,1
DA:77,1
DA:78,1
DA:79,1
DA:80,1
DA:81,1
DA:82,1
DA:83,7
DA:84,1
DA:85,1
DA:86,1
DA:87,1
DA:88,1
DA:89,1
DA:90,1
DA:92,1
DA:94,1
DA:95,1
DA:96,1
DA:97,0
DA:98,0
DA:99,7
DA:100,2
DA:101,2
DA:102,2
DA:103,7
DA:105,39
DA:106,2
DA:107,2
DA:108,2
DA:109,2
DA:110,1
DA:111,1
DA:112,1
DA:113,1
DA:114,1
DA:115,1
DA:116,1
DA:117,1
DA:118,1
DA:119,2
DA:120,0
DA:121,0
DA:122,2
DA:123,1
DA:124,1
DA:125,1
DA:126,0
DA:127,0
DA:128,0
DA:129,0
DA:130,0
DA:131,0
DA:132,0
DA:133,0
DA:134,0
DA:135,2
DA:136,2
DA:137,2
DA:138,2
DA:139,2
DA:141,39
DA:142,39
DA:143,39
DA:144,39
DA:145,39
DA:146,39
DA:147,39
DA:149,39
DA:150,39
DA:151,39
DA:153,39
DA:154,1
DA:155,1
DA:156,1
DA:159,39
DA:160,39
DA:161,39
DA:163,39
DA:164,39
DA:165,39
DA:166,39
DA:167,39
DA:168,39
DA:169,39
DA:170,39
DA:171,39
DA:172,39
DA:173,39
DA:174,39
DA:175,39
DA:176,39
DA:178,39
DA:179,39
DA:180,39
DA:181,39
DA:182,39
DA:183,39
DA:184,39
DA:185,39
DA:186,39
DA:187,36
DA:189,36
DA:190,36
DA:191,36
DA:192,36
DA:195,39
DA:196,39
DA:197,39
DA:198,39
DA:199,39
DA:200,39
DA:201,39
DA:202,39
DA:203,39
DA:205,39
DA:206,39
DA:207,39
DA:208,39
DA:210,39
DA:211,39
DA:213,39
DA:214,39
DA:215,39
DA:216,39
DA:217,39
DA:219,39
DA:220,39
DA:221,39
DA:222,39
DA:223,39
DA:225,39
DA:226,39
DA:227,39
DA:228,39
DA:229,39
DA:231,39
DA:233,1
LF:202
LH:189
BRDA:9,0,0,39
BRDA:153,1,0,1
BRDA:186,2,0,36
BRDA:210,3,0,5
BRDA:210,4,0,34
BRDA:26,5,0,16
BRDA:28,6,0,16
BRDA:29,7,0,16
BRDA:32,8,0,7
BRDA:35,9,0,4
BRDA:37,10,0,3
BRDA:39,11,0,4
BRDA:39,12,0,1
BRDA:43,13,0,2
BRDA:45,14,0,5
BRDA:47,15,0,4
BRDA:48,16,0,4
BRDA:49,17,0,4
BRDA:51,18,0,1
BRDA:57,19,0,2
BRDA:65,20,0,7
BRDA:67,21,0,4
BRDA:67,22,0,3
BRDA:71,23,0,1
BRDA:83,24,0,1
BRDA:92,25,0,0
BRDA:96,26,0,0
BRDA:99,27,0,2
BRDA:105,28,0,2
BRDA:109,29,0,1
BRDA:119,30,0,0
BRDA:122,31,0,1
BRDA:125,32,0,0
BRF:33
BRH:29
end_of_record
TN:
SF:src\components\StatusModal.jsx
FN:4,StatusModal
FNF:1
FNH:1
FNDA:81,StatusModal
DA:1,1
DA:2,1
DA:4,1
DA:5,81
DA:7,6
DA:8,6
DA:9,6
DA:10,6
DA:11,6
DA:12,6
DA:13,6
DA:14,6
DA:15,6
DA:16,6
DA:17,6
DA:19,6
DA:20,81
DA:21,81
DA:22,6
DA:23,6
DA:24,6
DA:26,0
DA:27,0
DA:28,0
DA:30,81
DA:31,81
DA:32,81
DA:33,81
DA:34,81
DA:36,81
DA:37,81
DA:38,81
DA:40,81
DA:41,81
DA:42,81
DA:43,81
DA:44,81
DA:46,81
DA:47,81
DA:48,81
DA:49,81
DA:50,81
DA:51,81
DA:53,81
DA:55,1
LF:45
LH:42
BRDA:4,0,0,81
BRDA:5,1,0,75
BRDA:5,2,0,6
BRDA:20,3,0,0
BRDA:21,4,0,6
BRDA:24,5,0,0
BRDA:32,6,0,6
BRDA:32,7,0,0
BRDA:43,8,0,6
BRDA:43,9,0,0
BRF:10
BRH:6
end_of_record
TN:
SF:src\components\navigationBar.jsx
FN:5,NavBar
FN:8,scrollToSection
FN:18,handleHashChange
FN:47,onClick
FN:72,onClick
FN:108,onClick
FN:149,onClick
FNF:7
FNH:2
FNDA:10,NavBar
FNDA:0,scrollToSection
FNDA:10,handleHashChange
FNDA:0,onClick
FNDA:0,onClick
FNDA:0,onClick
FNDA:0,onClick
DA:1,1
DA:2,1
DA:3,1
DA:5,1
DA:6,10
DA:8,10
DA:9,0
DA:10,0
DA:11,0
DA:12,0
DA:13,0
DA:14,0
DA:17,10
DA:18,10
DA:19,10
DA:20,10
DA:21,0
DA:22,0
DA:23,10
DA:26,10
DA:29,10
DA:30,10
DA:31,10
DA:33,10
DA:34,10
DA:35,10
DA:36,10
DA:37,10
DA:38,10
DA:40,10
DA:41,10
DA:42,10
DA:43,10
DA:45,10
DA:46,10
DA:47,10
DA:48,10
DA:49,10
DA:51,10
DA:52,10
DA:53,10
DA:54,10
DA:55,10
DA:56,10
DA:57,10
DA:58,10
DA:60,10
DA:61,10
DA:62,10
DA:65,10
DA:67,10
DA:68,10
DA:69,40
DA:70,40
DA:71,40
DA:72,40
DA:73,40
DA:74,40
DA:76,40
DA:77,40
DA:78,40
DA:79,40
DA:80,40
DA:81,40
DA:82,40
DA:83,10
DA:84,10
DA:87,10
DA:88,10
DA:89,10
DA:90,10
DA:91,10
DA:92,10
DA:94,10
DA:95,10
DA:96,10
DA:97,10
DA:98,10
DA:99,10
DA:101,10
DA:102,10
DA:103,10
DA:106,10
DA:107,10
DA:108,10
DA:109,10
DA:110,10
DA:111,10
DA:112,10
DA:114,10
DA:115,10
DA:116,10
DA:117,10
DA:118,10
DA:119,10
DA:120,10
DA:122,10
DA:123,10
DA:124,10
DA:125,10
DA:126,10
DA:127,10
DA:128,10
DA:129,10
DA:130,10
DA:132,10
DA:133,10
DA:134,10
DA:135,10
DA:138,10
DA:139,10
DA:140,10
DA:141,10
DA:142,10
DA:144,10
DA:145,10
DA:146,40
DA:147,40
DA:148,40
DA:149,40
DA:150,40
DA:151,40
DA:153,40
DA:154,40
DA:155,40
DA:156,10
DA:157,10
DA:158,10
DA:159,10
DA:160,10
DA:162,10
DA:163,10
DA:164,10
DA:165,10
DA:166,10
DA:168,10
DA:170,10
DA:171,10
DA:172,10
DA:173,10
DA:174,10
DA:175,10
DA:177,10
DA:179,10
DA:180,10
DA:181,10
DA:182,10
DA:183,10
DA:184,10
DA:185,10
DA:187,10
DA:189,1
LF:152
LH:144
BRDA:5,0,0,10
BRDA:112,1,0,0
BRDA:115,2,0,0
BRDA:125,3,0,0
BRDA:140,4,0,0
BRDA:17,5,0,10
BRDA:18,6,0,10
BRDA:20,7,0,0
BRDA:30,8,0,10
BRDA:68,9,0,40
BRDA:145,10,0,40
BRF:11
BRH:6
end_of_record
TN:
SF:src\components\AdminComponents\Navigation\AdminMainNav.jsx
FN:8,AdminMainNav
FN:15,handleLogout
FN:35,onClick
FN:46,onClick
FN:57,onClick
FN:68,onClick
FN:80,onClick
FN:111,onClick
FN:121,onClick
FN:142,onClick
FN:198,onClick
FNF:11
FNH:1
FNDA:21,AdminMainNav
FNDA:0,handleLogout
FNDA:0,onClick
FNDA:0,onClick
FNDA:0,onClick
FNDA:0,onClick
FNDA:0,onClick
FNDA:0,onClick
FNDA:0,onClick
FNDA:0,onClick
FNDA:0,onClick
DA:1,1
DA:2,1
DA:3,1
DA:4,1
DA:5,1
DA:6,1
DA:8,21
DA:9,21
DA:10,21
DA:11,21
DA:12,21
DA:13,21
DA:15,21
DA:16,0
DA:17,0
DA:18,0
DA:19,0
DA:20,0
DA:21,0
DA:22,0
DA:23,0
DA:25,21
DA:26,21
DA:27,21
DA:28,21
DA:29,21
DA:30,21
DA:32,21
DA:33,21
DA:34,21
DA:35,21
DA:36,21
DA:37,21
DA:38,21
DA:40,21
DA:41,21
DA:42,21
DA:43,21
DA:44,21
DA:45,21
DA:46,21
DA:47,21
DA:48,21
DA:49,21
DA:51,21
DA:52,21
DA:53,21
DA:54,21
DA:55,21
DA:56,21
DA:57,21
DA:58,21
DA:59,21
DA:60,21
DA:62,21
DA:63,21
DA:64,21
DA:65,21
DA:66,21
DA:67,21
DA:68,21
DA:69,21
DA:70,21
DA:71,21
DA:73,21
DA:74,21
DA:75,21
DA:76,21
DA:78,21
DA:79,21
DA:80,21
DA:81,21
DA:82,21
DA:83,21
DA:85,21
DA:86,21
DA:88,21
DA:89,0
DA:90,0
DA:91,0
DA:93,21
DA:94,21
DA:97,21
DA:98,21
DA:99,21
DA:102,21
DA:103,21
DA:104,21
DA:105,21
DA:107,21
DA:108,21
DA:109,21
DA:110,21
DA:111,21
DA:112,21
DA:114,21
DA:115,21
DA:116,21
DA:119,21
DA:120,21
DA:121,21
DA:122,21
DA:123,21
DA:124,21
DA:126,21
DA:127,0
DA:129,21
DA:131,21
DA:132,21
DA:133,21
DA:134,21
DA:137,21
DA:138,0
DA:139,0
DA:140,0
DA:141,0
DA:142,0
DA:143,0
DA:144,0
DA:146,0
DA:147,0
DA:148,0
DA:149,0
DA:151,21
DA:152,21
DA:155,21
DA:156,21
DA:157,0
DA:158,0
DA:159,0
DA:160,0
DA:161,0
DA:162,0
DA:163,0
DA:164,0
DA:165,0
DA:166,0
DA:167,0
DA:168,0
DA:169,0
DA:170,0
DA:171,0
DA:172,0
DA:173,0
DA:174,0
DA:175,0
DA:177,0
DA:178,0
DA:180,0
DA:181,0
DA:182,0
DA:183,0
DA:185,0
DA:186,0
DA:187,0
DA:188,0
DA:189,0
DA:190,0
DA:191,0
DA:192,0
DA:194,0
DA:195,0
DA:196,0
DA:197,0
DA:198,0
DA:199,0
DA:201,0
DA:202,0
DA:203,0
DA:204,0
DA:205,0
DA:207,21
DA:208,21
DA:210,21
LF:174
LH:107
BRDA:8,0,0,21
BRDA:36,1,0,0
BRDA:47,2,0,0
BRDA:58,3,0,0
BRDA:69,4,0,0
BRDA:81,5,0,0
BRDA:88,6,0,0
BRDA:126,7,0,0
BRDA:137,8,0,0
BRDA:156,9,0,0
BRF:10
BRH:1
end_of_record
TN:
SF:src\components\AdminComponents\Navigation\AdminMobileBottomNav.jsx
FN:5,AdminMobileBottomNav
FN:16,onClick
FN:25,onClick
FN:34,onClick
FN:42,onClick
FNF:5
FNH:1
FNDA:21,AdminMobileBottomNav
FNDA:0,onClick
FNDA:0,onClick
FNDA:0,onClick
FNDA:0,onClick
DA:1,1
DA:2,1
DA:3,1
DA:5,21
DA:6,21
DA:7,21
DA:9,21
DA:12,21
DA:13,21
DA:14,21
DA:15,21
DA:16,21
DA:17,21
DA:18,21
DA:20,21
DA:21,21
DA:22,21
DA:24,21
DA:25,21
DA:26,21
DA:27,21
DA:29,21
DA:30,21
DA:31,21
DA:33,21
DA:34,21
DA:35,21
DA:36,21
DA:38,21
DA:39,21
DA:40,21
DA:41,21
DA:42,21
DA:43,21
DA:44,21
DA:45,21
DA:47,21
DA:48,21
DA:50,21
DA:51,0
DA:52,0
DA:53,0
DA:55,21
DA:56,21
DA:57,21
DA:59,21
DA:60,21
DA:62,21
LF:48
LH:45
BRDA:5,0,0,21
BRDA:17,1,0,0
BRDA:26,2,0,0
BRDA:35,3,0,0
BRDA:43,4,0,0
BRDA:50,5,0,0
BRF:6
BRH:1
end_of_record
TN:
SF:src\components\ProjectDetailsPage\BasicInfoCard.jsx
FN:5,BasicInfoCard
FNF:1
FNH:1
FNDA:12,BasicInfoCard
DA:1,1
DA:2,1
DA:3,1
DA:5,12
DA:6,12
DA:8,12
DA:9,12
DA:10,12
DA:11,12
DA:12,12
DA:13,12
DA:14,12
DA:15,12
DA:16,12
DA:17,12
DA:19,12
DA:21,12
DA:22,12
DA:23,12
DA:24,12
DA:25,12
DA:26,12
DA:27,12
DA:28,12
DA:29,12
DA:30,12
DA:31,12
DA:32,12
DA:33,12
DA:34,12
DA:35,12
DA:36,12
DA:37,12
DA:38,12
DA:39,12
DA:40,12
DA:41,12
DA:44,12
DA:45,12
DA:46,12
DA:47,12
DA:50,12
DA:51,3
DA:52,3
DA:53,3
DA:54,3
DA:58,12
DA:59,11
DA:60,11
DA:61,11
DA:62,11
DA:64,12
DA:65,12
DA:67,12
LF:54
LH:54
BRDA:5,0,0,12
BRDA:13,1,0,0
BRDA:36,2,0,0
BRDA:37,3,0,0
BRDA:46,4,0,1
BRDA:50,5,0,3
BRDA:58,6,0,11
BRF:7
BRH:4
end_of_record
TN:
SF:src\components\ProjectDetailsPage\DocumentsCard.jsx
FN:17,formatFileSize
FN:25,DocumentsCard
FN:51,handleCreateFolderWrapper
FN:74,handleFileUploadWrapper
FN:85,handleConfirmUploadWrapper
FN:124,handleDeleteFolderWrapper
FN:159,confirmDeleteFolderWrapper
FN:180,handleDeleteFileWrapper
FN:203,confirmDeleteFileWrapper
FN:223,handleDownloadFileWrapper
FN:234,handleRenameFolderWrapper
FN:266,onClick
FN:310,onSubmit
FN:317,onChange
FN:321,onKeyDown
FN:339,onClick
FN:356,onClick
FN:412,onClick
FN:426,onClick
FN:458,onClick
FN:471,onClick
FN:504,onClick
FN:513,onChange
FN:522,onClick
FN:554,onClick
FN:566,onChange
FN:577,onChange
FN:586,onClick
FN:619,onClick
FN:631,onClick
FN:638,onClick
FN:662,onClick
FN:676,onClick
FNF:33
FNH:16
FNDA:30,formatFileSize
FNDA:25,DocumentsCard
FNDA:1,handleCreateFolderWrapper
FNDA:1,handleFileUploadWrapper
FNDA:1,handleConfirmUploadWrapper
FNDA:1,handleDeleteFolderWrapper
FNDA:0,confirmDeleteFolderWrapper
FNDA:0,handleDeleteFileWrapper
FNDA:0,confirmDeleteFileWrapper
FNDA:1,handleDownloadFileWrapper
FNDA:1,handleRenameFolderWrapper
[...]
DA:22,1
DA:23,1
DA:24,1
DA:26,4
DA:27,3
DA:28,5
DA:30,1
DA:31,5
DA:32,5
DA:33,5
DA:34,5
DA:36,5
DA:37,10
DA:39,10
DA:40,1
DA:41,1
DA:42,1
DA:43,1
DA:44,1
DA:45,1
DA:46,1
DA:47,1
DA:48,1
DA:49,1
DA:50,0
DA:51,0
DA:52,0
DA:53,0
DA:54,0
DA:55,0
DA:56,0
DA:57,0
DA:58,0
DA:59,1
DA:61,10
DA:62,1
DA:63,1
DA:64,1
DA:65,1
DA:66,0
DA:67,1
DA:68,0
DA:69,1
DA:70,0
DA:71,1
DA:72,1
DA:74,10
DA:75,5
DA:76,5
DA:77,5
DA:78,5
DA:80,5
DA:82,5
DA:83,5
DA:84,5
DA:85,5
DA:86,5
DA:87,5
DA:88,5
DA:89,5
DA:90,5
DA:91,5
DA:92,5
DA:93,5
DA:95,10
DA:96,1
DA:97,1
DA:98,1
DA:101,10
DA:102,1
DA:103,1
DA:104,1
DA:107,10
DA:108,4
DA:109,4
DA:110,4
DA:111,4
DA:112,4
DA:113,4
DA:114,4
DA:115,4
DA:116,4
DA:118,1
DA:119,1
DA:120,1
DA:121,1
DA:122,1
DA:124,1
DA:125,1
DA:126,1
DA:127,1
DA:128,1
DA:129,1
DA:130,1
DA:131,1
DA:132,1
DA:133,1
DA:134,1
DA:135,1
DA:136,1
DA:137,1
DA:138,1
DA:139,1
DA:140,1
DA:141,1
DA:142,1
DA:143,1
DA:144,1
DA:146,1
DA:147,1
DA:148,1
DA:149,1
DA:150,1
DA:151,1
DA:152,5
DA:153,5
DA:154,5
DA:155,5
DA:156,5
DA:158,5
DA:159,5
DA:160,1
DA:161,1
DA:162,1
DA:163,1
DA:164,1
DA:165,1
DA:167,1
DA:168,1
DA:169,1
DA:170,1
DA:172,10
DA:173,10
DA:174,10
DA:175,10
DA:177,10
LF:155
LH:143
BRDA:9,0,0,10
BRDA:74,1,0,5
BRDA:95,2,0,1
BRDA:95,3,0,1
BRDA:101,4,0,1
BRDA:107,5,0,4
BRDA:116,6,0,1
BRDA:17,7,0,5
BRDA:18,8,0,5
BRDA:20,9,0,4
BRDA:21,10,0,1
BRDA:24,11,0,4
BRDA:26,12,0,3
BRDA:28,13,0,1
BRDA:31,14,0,4
BRDA:39,15,0,1
BRDA:40,16,0,0
BRDA:49,17,0,0
BRDA:61,18,0,1
BRDA:65,19,0,0
BRDA:67,20,0,0
BRDA:69,21,0,0
BRDA:119,22,0,1
BRDA:128,23,0,0
BRDA:133,24,0,0
BRDA:137,25,0,0
BRDA:142,26,0,0
BRDA:142,27,0,0
BRDA:151,28,0,5
BRDA:154,29,0,4
BRDA:154,30,0,1
BRF:31
BRH:21
end_of_record
TN:
SF:src\pages\reviewer\AssignedReviews.jsx
FN:10,AssignedReviews
FN:18,loadAssignedReviews
FN:66,formatDate
FN:169,onClick
FNF:4
FNH:3
FNDA:9,AssignedReviews
FNDA:5,loadAssignedReviews
FNDA:3,formatDate
FNDA:0,onClick
DA:1,1
DA:2,1
DA:3,1
DA:4,1
DA:5,1
DA:6,1
DA:7,1
DA:8,1
DA:10,9
DA:11,9
DA:12,9
DA:13,9
DA:14,9
DA:15,9
DA:17,9
DA:18,5
DA:19,5
DA:20,5
DA:21,5
DA:22,1
DA:23,1
DA:24,1
DA:27,4
DA:30,2
DA:31,2
DA:32,1
DA:33,2
DA:36,2
DA:37,2
DA:38,2
DA:39,2
DA:40,2
DA:41,2
DA:42,2
DA:43,2
DA:44,2
DA:45,2
DA:46,0
DA:47,0
DA:48,0
DA:49,0
DA:50,0
DA:51,0
DA:52,2
DA:53,2
DA:55,2
DA:56,5
DA:57,1
DA:58,5
DA:59,4
DA:60,4
DA:61,5
DA:63,5
DA:64,9
DA:66,9
DA:67,3
DA:68,3
DA:69,3
DA:70,2
DA:71,2
DA:72,2
DA:73,2
DA:74,2
DA:75,2
DA:76,1
DA:77,1
DA:78,1
DA:79,1
DA:80,1
DA:81,3
DA:82,0
DA:83,0
DA:84,0
DA:85,3
DA:87,9
DA:88,5
DA:89,5
DA:90,5
DA:91,5
DA:93,5
DA:95,4
DA:96,4
DA:97,4
DA:98,4
DA:99,4
DA:100,4
DA:101,4
DA:102,4
DA:103,4
DA:104,4
DA:105,4
DA:106,4
DA:108,4
DA:109,1
DA:110,1
DA:111,1
DA:114,9
DA:115,3
DA:116,3
DA:117,3
DA:118,3
DA:119,3
DA:120,3
DA:121,3
DA:122,3
DA:123,3
DA:125,1
DA:126,1
DA:127,2
DA:128,2
DA:129,2
DA:131,2
DA:132,2
DA:133,2
DA:134,2
DA:135,2
DA:136,2
DA:137,2
DA:138,2
DA:139,2
DA:140,2
DA:141,2
DA:142,2
DA:143,2
DA:144,2
DA:145,2
DA:146,2
DA:147,2
DA:148,2
DA:149,2
DA:150,2
DA:151,1
DA:152,1
DA:153,1
DA:154,1
DA:155,1
DA:156,1
DA:158,2
DA:160,2
DA:161,2
DA:162,2
DA:163,2
DA:164,2
DA:165,2
DA:167,2
DA:168,2
DA:169,2
DA:170,2
DA:171,2
DA:173,2
DA:174,2
DA:175,2
DA:176,2
DA:177,1
DA:178,1
DA:180,9
DA:181,9
DA:182,9
DA:183,9
DA:185,9
LF:160
LH:151
BRDA:10,0,0,9
BRDA:87,1,0,5
BRDA:93,2,0,4
BRDA:108,3,0,1
BRDA:114,4,0,3
BRDA:123,5,0,1
BRDA:17,6,0,5
BRDA:18,7,0,5
BRDA:20,8,0,4
BRDA:21,9,0,1
BRDA:24,10,0,4
BRDA:27,11,0,2
BRDA:56,12,0,1
BRDA:58,13,0,3
BRDA:58,14,0,4
BRDA:30,15,0,2
BRDA:31,16,0,1
BRDA:37,17,0,2
BRDA:45,18,0,0
BRDA:66,19,0,3
BRDA:67,20,0,0
BRDA:69,21,0,2
BRDA:75,22,0,1
BRDA:81,23,0,0
BRDA:126,24,0,2
BRDA:133,25,0,0
BRDA:133,26,0,0
BRDA:138,27,0,0
BRDA:142,28,0,0
BRDA:150,29,0,1
BRDA:163,30,0,1
BRF:31
BRH:24
end_of_record
TN:
SF:src\pages\reviewer\ReviewRequests.jsx
FN:14,ReviewRequests
FN:24,loadRequests
FN:77,formatDate
FN:98,handleAccept
FN:147,handleReject
FN:284,onClick
FN:299,onClick
FNF:7
FNH:7
FNDA:23,ReviewRequests
FNDA:9,loadRequests
FNDA:16,formatDate
FNDA:2,handleAccept
FNDA:1,handleReject
FNDA:2,onClick
FNDA:1,onClick
DA:1,1
DA:2,1
DA:3,1
DA:4,1
DA:5,1
DA:6,1
DA:7,1
DA:8,1
DA:9,1
DA:10,1
DA:11,1
DA:14,23
DA:15,23
DA:16,23
DA:17,23
DA:18,23
DA:19,23
DA:20,23
DA:21,23
DA:23,23
DA:24,9
DA:25,9
DA:26,9
DA:27,9
DA:28,2
DA:29,2
DA:30,2
DA:33,7
DA:36,6
DA:37,5
DA:38,6
DA:41,6
DA:42,6
DA:43,5
DA:44,5
DA:45,5
DA:46,5
DA:47,5
DA:48,0
DA:49,0
DA:50,5
DA:51,5
DA:52,5
DA:53,5
DA:54,5
DA:55,5
DA:56,0
DA:57,0
DA:58,0
DA:59,0
DA:60,0
DA:61,0
DA:62,0
DA:63,6
DA:64,6
DA:66,6
DA:67,9
DA:68,1
DA:69,9
DA:70,9
DA:71,9
DA:72,9
DA:74,9
DA:75,23
DA:77,23
DA:78,16
DA:79,16
DA:80,16
DA:81,0
DA:82,0
DA:83,0
DA:84,0
DA:85,0
DA:86,0
DA:87,16
DA:88,16
DA:89,16
DA:90,16
DA:91,16
DA:92,16
DA:93,0
DA:94,0
DA:95,0
DA:96,16
DA:98,23
DA:99,2
DA:100,2
DA:101,2
DA:102,1
DA:104,1
DA:105,1
DA:106,1
DA:109,1
DA:110,2
DA:111,0
DA:112,0
DA:113,0
DA:116,1
DA:117,1
DA:118,1
DA:119,1
DA:120,2
DA:121,2
DA:122,2
DA:123,2
DA:124,2
DA:127,2
DA:128,2
DA:129,2
DA:130,2
DA:131,2
DA:132,2
DA:133,2
DA:134,2
DA:135,2
DA:138,2
DA:139,2
DA:140,2
DA:141,1
DA:142,2
DA:143,2
DA:144,2
DA:145,2
DA:147,23
DA:148,1
DA:149,1
DA:151,1
DA:152,1
DA:153,1
DA:156,1
DA:159,1
DA:160,1
DA:161,0
DA:162,0
DA:163,0
DA:166,1
DA:167,1
DA:168,1
DA:169,1
DA:170,1
DA:171,1
DA:172,1
DA:173,1
DA:174,1
DA:177,1
DA:178,1
DA:179,1
DA:180,1
DA:181,1
DA:182,1
DA:183,1
DA:184,1
DA:185,1
DA:187,1
DA:188,1
DA:189,1
DA:190,0
DA:191,1
DA:192,1
DA:193,1
DA:194,1
DA:196,23
DA:197,9
DA:198,9
DA:199,9
DA:200,9
DA:202,9
DA:204,14
DA:205,14
DA:206,14
DA:207,14
DA:208,14
DA:209,14
DA:210,14
DA:211,14
DA:212,14
DA:213,14
DA:214,14
DA:215,14
DA:217,14
DA:218,2
DA:219,2
DA:220,2
DA:223,23
DA:224,2
DA:225,2
DA:226,2
DA:229,23
DA:230,6
DA:231,6
DA:232,6
DA:233,6
DA:234,6
DA:235,6
DA:236,6
DA:237,6
DA:238,6
DA:240,8
DA:241,8
DA:242,8
DA:243,8
DA:244,8
DA:246,8
DA:247,8
DA:248,8
DA:249,8
DA:250,8
DA:251,8
DA:252,8
DA:253,8
DA:254,8
DA:255,8
DA:256,8
DA:257,8
DA:258,8
DA:259,8
DA:260,8
DA:261,8
DA:262,8
DA:263,8
DA:264,8
DA:265,8
DA:266,8
DA:267,8
DA:268,8
DA:269,8
DA:270,8
DA:271,8
DA:273,8
DA:275,8
DA:276,8
DA:277,8
DA:278,8
DA:279,8
DA:280,8
DA:282,8
DA:283,8
DA:284,8
DA:285,8
DA:286,8
DA:288,8
DA:289,3
DA:290,3
DA:291,3
DA:292,3
DA:293,3
DA:295,3
DA:296,5
DA:297,8
DA:298,8
DA:299,8
DA:300,8
DA:301,8
DA:303,8
DA:304,3
DA:305,3
DA:306,3
DA:307,3
DA:308,3
DA:310,3
DA:311,5
DA:312,8
DA:313,8
DA:314,8
DA:315,8
DA:316,8
DA:317,8
DA:319,23
DA:320,23
DA:321,23
DA:322,23
DA:324,23
LF:272
LH:247
BRDA:14,0,0,23
BRDA:196,1,0,9
BRDA:202,2,0,14
BRDA:217,3,0,2
BRDA:223,4,0,2
BRDA:229,5,0,6
BRDA:238,6,0,8
BRDA:23,7,0,9
BRDA:24,8,0,9
BRDA:26,9,0,7
BRDA:27,10,0,2
BRDA:30,11,0,7
BRDA:33,12,0,6
BRDA:67,13,0,1
BRDA:69,14,0,7
BRDA:36,15,0,5
BRDA:42,16,0,5
BRDA:47,17,0,0
BRDA:53,18,0,0
BRDA:55,19,0,0
BRDA:77,20,0,16
BRDA:78,21,0,0
BRDA:80,22,0,0
BRDA:92,23,0,0
BRDA:98,24,0,2
BRDA:101,25,0,1
BRDA:110,26,0,0
BRDA:113,27,0,1
BRDA:121,28,0,1
BRDA:122,29,0,1
BRDA:123,30,0,1
BRDA:130,31,0,1
BRDA:132,32,0,1
BRDA:134,33,0,1
BRDA:140,34,0,1
BRDA:104,35,0,1
BRDA:138,36,0,1
BRDA:147,37,0,1
BRDA:160,38,0,0
BRDA:189,39,0,0
BRDA:151,40,0,1
BRDA:188,41,0,1
BRDA:241,42,0,8
BRDA:248,43,0,0
BRDA:253,44,0,0
BRDA:278,45,0,0
BRDA:288,46,0,3
BRDA:295,47,0,5
BRDA:303,48,0,3
BRDA:310,49,0,5
BRDA:284,50,0,2
BRDA:299,51,0,1
BRF:52
BRH:40
end_of_record
TN:
SF:src\pages\reviewer\ReviewerNotificationsPage.jsx
FN:10,ReviewerNotificationsPage
FN:39,markAsRead
FNF:2
FNH:1
FNDA:1,ReviewerNotificationsPage
FNDA:0,markAsRead
DA:1,1
DA:2,1
DA:3,1
DA:4,1
DA:5,1
DA:6,1
DA:7,1
DA:8,1
DA:10,1
DA:11,1
DA:12,1
DA:13,1
DA:14,1
DA:15,1
DA:17,1
DA:18,1
DA:20,1
DA:21,1
DA:22,1
DA:23,1
DA:24,1
DA:26,1
DA:27,0
DA:28,0
DA:29,0
DA:30,0
DA:31,0
DA:32,0
DA:33,0
DA:34,1
DA:36,1
DA:37,1
DA:39,1
DA:40,0
DA:41,0
DA:42,0
DA:43,0
DA:45,1
DA:46,1
DA:47,1
DA:48,1
DA:49,1
DA:50,1
DA:51,1
DA:52,1
DA:54,1
DA:56,0
DA:57,0
DA:58,0
DA:60,0
DA:61,0
DA:62,0
DA:63,0
DA:64,0
DA:65,0
DA:66,0
DA:67,0
DA:68,0
DA:70,0
DA:71,0
DA:72,0
DA:73,0
DA:74,0
DA:75,0
DA:76,0
DA:77,0
DA:78,0
DA:80,0
DA:81,0
DA:82,0
DA:83,0
DA:84,0
DA:85,0
DA:86,0
DA:87,0
DA:88,0
DA:89,0
DA:90,0
DA:91,0
DA:93,0
DA:95,0
DA:96,0
DA:97,0
DA:98,0
DA:100,1
DA:101,1
DA:102,1
DA:103,1
DA:104,1
DA:106,1
DA:109,1
DA:111,1
LF:92
LH:43
BRDA:10,0,0,1
BRDA:54,1,0,0
BRDA:68,2,0,0
BRDA:17,3,0,1
BRDA:18,4,0,0
BRDA:36,5,0,1
BRF:6
BRH:3
end_of_record
TN:
SF:src\pages\reviewer\ReviewerProjects.jsx
FN:10,ReviewerProjects
FN:19,loadProjects
FN:61,formatDate
FN:83,handleViewProject
FN:130,onClick
FN:170,onClick
FNF:6
FNH:3
FNDA:5,ReviewerProjects
FNDA:3,loadProjects
FNDA:2,formatDate
FNDA:0,handleViewProject
FNDA:0,onClick
FNDA:0,onClick
DA:1,1
DA:2,1
DA:3,1
DA:4,1
DA:5,1
DA:6,1
DA:7,1
DA:8,1
DA:10,5
DA:11,5
DA:12,5
DA:13,5
DA:14,5
DA:15,5
DA:16,5
DA:18,5
DA:19,3
DA:20,3
DA:21,3
DA:22,3
DA:23,0
DA:24,0
DA:25,0
DA:28,3
DA:31,2
DA:34,2
DA:35,2
DA:36,1
DA:37,1
DA:38,1
DA:39,1
DA:40,1
DA:41,1
DA:42,1
DA:43,0
DA:44,0
DA:45,0
DA:46,2
DA:47,2
DA:49,2
DA:50,3
DA:51,0
DA:52,0
DA:53,3
DA:54,2
DA:55,2
DA:56,3
DA:58,3
DA:59,5
DA:61,5
DA:62,2
DA:63,2
DA:64,2
DA:65,2
DA:66,2
DA:67,2
DA:68,2
DA:69,2
DA:70,2
DA:71,2
DA:72,0
DA:73,0
DA:74,0
DA:75,0
DA:76,0
DA:77,0
DA:78,0
DA:79,0
DA:80,0
DA:81,2
DA:83,5
DA:84,0
DA:85,0
DA:87,5
DA:88,3
DA:89,3
DA:90,3
DA:91,3
DA:93,3
DA:95,2
DA:96,2
DA:97,2
DA:98,2
DA:99,2
DA:100,2
DA:101,2
DA:102,2
DA:103,2
DA:104,2
DA:105,2
DA:106,2
DA:108,2
DA:109,0
DA:110,0
DA:111,0
DA:114,5
DA:115,1
DA:116,1
DA:117,1
DA:118,1
DA:119,1
DA:120,1
DA:121,1
DA:122,1
DA:123,1
DA:125,1
DA:126,1
DA:127,1
DA:128,1
DA:129,1
DA:130,1
DA:132,1
DA:133,1
DA:134,1
DA:135,1
DA:136,1
DA:137,1
DA:138,1
DA:139,1
DA:140,1
DA:141,1
DA:142,1
DA:143,1
DA:144,1
DA:145,1
DA:146,1
DA:147,1
DA:148,1
DA:149,1
DA:150,1
DA:151,1
DA:152,1
DA:153,1
DA:154,1
DA:155,1
DA:156,1
DA:157,1
DA:159,1
DA:161,1
DA:162,1
DA:163,1
DA:164,1
DA:165,1
DA:166,1
DA:168,1
DA:169,1
DA:170,1
DA:171,0
DA:172,0
DA:173,0
DA:174,1
DA:175,1
DA:177,1
DA:178,1
DA:179,1
DA:180,1
DA:181,1
DA:182,1
DA:184,5
DA:185,5
DA:186,5
DA:187,5
DA:189,5
LF:163
LH:138
BRDA:10,0,0,5
BRDA:87,1,0,3
BRDA:93,2,0,2
BRDA:108,3,0,0
BRDA:114,4,0,1
BRDA:123,5,0,1
BRDA:18,6,0,3
BRDA:19,7,0,3
BRDA:22,8,0,0
BRDA:28,9,0,2
BRDA:50,10,0,0
BRDA:53,11,0,2
BRDA:31,12,0,1
BRDA:35,13,0,1
BRDA:42,14,0,0
BRDA:61,15,0,2
BRDA:62,16,0,0
BRDA:71,17,0,0
BRDA:126,18,0,1
BRDA:134,19,0,0
BRDA:139,20,0,0
BRDA:164,21,0,0
BRF:22
BRH:13
end_of_record
TN:
SF:src\types\vanta.d.ts
FN:1,(empty-report)
FNF:1
FNH:1
FNDA:1,(empty-report)
LF:0
LH:0
BRDA:1,0,0,1
BRF:1
BRH:1
end_of_record
TN:
SF:src\utils\dateUtils.js
FN:1,formatDate
FN:29,formatFirebaseDate
FNF:2
FNH:2
FNDA:9,formatDate
FNDA:33,formatFirebaseDate
DA:1,1
DA:2,9
DA:3,5
DA:4,5
DA:5,5
DA:6,9
DA:7,1
DA:8,1
DA:9,1
DA:10,1
DA:11,1
DA:12,1
DA:13,4
DA:14,4
DA:15,4
DA:16,9
DA:17,3
DA:18,3
DA:19,3
DA:20,3
DA:21,3
DA:22,3
DA:23,9
DA:24,0
DA:25,0
DA:26,0
DA:27,9
DA:28,1
DA:29,1
DA:30,33
DA:31,29
DA:32,29
DA:33,29
DA:34,33
DA:35,25
DA:36,25
DA:37,25
DA:38,25
DA:39,25
DA:40,25
DA:41,25
DA:42,4
DA:43,4
DA:44,33
DA:45,1
DA:46,1
DA:47,1
DA:48,1
DA:49,1
DA:50,1
DA:51,3
DA:52,3
DA:53,3
DA:54,10
DA:55,1
DA:56,1
DA:57,1
DA:58,1
DA:59,1
DA:60,1
DA:61,2
DA:62,2
DA:63,10
DA:64,0
DA:65,0
DA:66,0
DA:67,33
LF:67
LH:61
BRDA:1,0,0,9
BRDA:2,1,0,4
BRDA:3,2,0,5
BRDA:6,3,0,2
BRDA:6,4,0,1
BRDA:12,5,0,4
BRDA:16,6,0,1
BRDA:17,7,0,3
BRDA:23,8,0,0
BRDA:29,9,0,33
BRDA:30,10,0,31
BRDA:30,11,0,4
BRDA:31,12,0,29
BRDA:34,13,0,26
BRDA:34,14,0,30
BRDA:34,15,0,25
BRDA:41,16,0,4
BRDA:44,17,0,10
BRDA:44,18,0,1
BRDA:50,19,0,3
BRDA:54,20,0,5
BRDA:54,21,0,1
BRDA:60,22,0,2
BRDA:63,23,0,0
BRF:24
BRH:22
end_of_record
TN:
SF:src\utils\documentUtils.js
FN:9,calculateFolderSize
FN:34,formatSize
FN:42,handleCreateFolder
FN:53,additionalCleanup
FN:92,handleFileUpload
FN:216,handleDeleteFolder
FN:234,confirmDeleteFolder
FN:270,handleDeleteFile
FN:335,handleDownload
FN:367,handleRenameFolder
FNF:10
FNH:8
FNDA:4,calculateFolderSize
FNDA:1,formatSize
FNDA:2,handleCreateFolder
FNDA:1,additionalCleanup
FNDA:2,handleFileUpload
FNDA:0,handleDeleteFolder
FNDA:0,confirmDeleteFolder
FNDA:1,handleDeleteFile
FNDA:2,handleDownload
FNDA:1,handleRenameFolder
DA:1,1
DA:2,1
DA:3,1
DA:4,1
DA:5,1
DA:6,1
DA:7,1
DA:8,1
DA:9,1
DA:10,4
DA:11,1
DA:12,1
DA:13,1
DA:14,0
DA:15,0
DA:16,1
DA:17,1
DA:18,1
DA:19,1
DA:20,1
DA:21,1
DA:22,1
DA:23,1
DA:24,1
DA:25,1
DA:26,1
DA:27,1
DA:28,1
DA:29,1
DA:30,1
DA:31,4
DA:32,4
DA:33,1
DA:34,1
DA:35,1
DA:36,1
DA:37,1
DA:38,1
DA:39,1
DA:40,1
DA:41,1
DA:42,1
DA:43,2
DA:44,2
DA:45,2
DA:46,2
DA:47,2
DA:48,2
DA:49,2
DA:50,2
DA:51,2
DA:52,2
DA:53,2
DA:54,2
DA:55,2
DA:56,2
DA:57,0
DA:58,0
DA:59,0
DA:60,2
DA:61,2
DA:62,2
DA:63,2
DA:64,1
DA:65,1
DA:66,1
DA:67,1
DA:68,1
DA:69,1
DA:70,1
DA:71,1
DA:72,1
DA:73,1
DA:74,1
DA:75,1
DA:76,1
DA:77,1
DA:78,1
DA:79,1
DA:80,1
DA:81,1
DA:82,1
DA:83,1
DA:84,1
DA:85,1
DA:86,1
DA:87,2
DA:88,2
DA:89,2
DA:90,2
DA:91,1
DA:92,1
DA:93,2
DA:94,2
DA:95,2
DA:96,2
DA:97,2
DA:98,2
DA:99,2
DA:100,2
DA:101,2
DA:102,2
DA:103,2
DA:104,2
DA:105,2
DA:106,2
DA:107,2
DA:108,2
DA:109,2
DA:110,0
DA:111,0
DA:112,0
DA:113,0
DA:114,2
DA:115,2
DA:116,2
DA:117,2
DA:118,0
DA:119,0
DA:120,0
DA:121,0
DA:122,2
DA:123,2
DA:124,2
DA:125,2
DA:126,2
DA:127,2
DA:128,2
DA:129,0
DA:130,0
DA:131,0
DA:132,0
DA:133,0
DA:134,2
DA:135,2
DA:136,2
DA:137,2
DA:138,1
DA:139,1
DA:140,1
DA:141,1
DA:142,1
DA:143,1
DA:144,1
DA:145,1
DA:146,1
DA:147,2
DA:148,2
DA:149,2
DA:150,2
DA:151,2
DA:152,2
DA:153,2
DA:154,1
DA:155,1
DA:156,1
DA:157,1
DA:158,1
DA:159,1
DA:160,1
DA:161,2
DA:162,0
DA:163,0
DA:164,1
DA:165,1
DA:166,1
DA:167,1
DA:168,1
DA:169,1
DA:170,1
DA:171,1
DA:172,1
DA:173,2
DA:174,2
DA:175,2
DA:176,2
DA:177,2
DA:178,2
DA:179,2
DA:180,2
DA:181,2
DA:182,2
DA:183,2
DA:184,2
DA:185,1
DA:186,1
DA:187,1
DA:188,1
DA:189,1
DA:190,1
DA:191,1
DA:192,1
DA:193,1
DA:194,1
DA:195,0
DA:196,2
DA:197,2
DA:198,2
DA:199,2
DA:200,2
DA:201,2
DA:202,2
DA:203,2
DA:204,2
DA:205,2
DA:206,2
DA:207,0
DA:208,0
DA:209,0
DA:210,0
DA:211,2
DA:212,1
DA:213,1
DA:214,2
DA:215,1
DA:216,1
DA:217,0
DA:218,0
DA:219,0
DA:220,0
DA:221,0
DA:222,0
DA:223,0
DA:224,0
DA:225,0
DA:226,0
DA:227,0
DA:228,0
DA:229,0
DA:230,0
DA:231,0
DA:232,0
DA:233,1
DA:234,1
DA:235,0
DA:236,0
DA:237,0
DA:238,0
DA:239,0
DA:240,0
DA:241,0
DA:242,0
DA:243,0
DA:244,0
DA:245,0
DA:246,0
DA:247,0
DA:248,0
DA:249,0
DA:250,0
DA:251,0
DA:252,0
DA:253,0
DA:254,0
DA:255,0
DA:256,0
DA:257,0
DA:258,0
DA:259,0
DA:260,0
DA:261,0
DA:262,0
DA:263,0
DA:264,0
DA:265,0
DA:266,0
DA:267,0
DA:268,0
DA:269,1
DA:270,1
DA:271,1
DA:272,1
DA:273,1
DA:274,1
DA:275,1
DA:276,1
DA:277,1
DA:278,1
DA:279,1
DA:280,1
DA:281,1
DA:282,1
DA:283,1
DA:284,1
DA:285,1
DA:286,1
DA:287,1
DA:288,1
DA:289,1
DA:290,1
DA:291,1
DA:292,0
DA:293,0
DA:294,1
DA:295,1
DA:296,1
DA:297,0
DA:298,0
DA:299,1
DA:300,1
DA:301,1
DA:302,1
DA:303,1
DA:304,1
DA:305,1
DA:306,1
DA:307,1
DA:308,1
DA:309,1
DA:310,1
DA:311,1
DA:312,1
DA:313,1
DA:314,0
DA:315,1
DA:316,1
DA:317,1
DA:318,1
DA:319,1
DA:320,1
DA:321,1
DA:322,1
DA:323,1
DA:324,1
DA:325,0
DA:326,0
DA:327,0
DA:328,0
DA:329,1
DA:330,1
DA:331,1
DA:332,1
DA:333,1
DA:334,1
DA:335,1
DA:336,2
DA:337,2
DA:338,2
DA:339,2
DA:340,2
DA:341,2
DA:342,2
DA:343,2
DA:344,2
DA:345,2
DA:346,2
DA:347,2
DA:348,2
DA:349,1
DA:350,1
DA:351,2
DA:352,2
DA:353,2
DA:354,2
DA:355,0
DA:356,0
DA:357,2
DA:358,0
DA:359,0
DA:360,0
DA:361,0
DA:362,2
DA:363,2
DA:364,2
DA:365,2
DA:366,1
DA:367,1
DA:368,1
DA:369,1
DA:370,1
DA:371,1
DA:372,1
DA:373,1
DA:374,1
DA:375,1
DA:376,1
DA:377,1
DA:378,1
DA:379,1
DA:380,1
DA:381,1
DA:382,1
DA:383,1
DA:384,1
DA:385,1
DA:386,1
DA:387,1
DA:388,1
DA:389,1
DA:390,1
DA:391,0
DA:392,0
DA:393,0
DA:394,0
DA:395,0
DA:396,1
LF:396
LH:301
BRDA:9,0,0,4
BRDA:10,1,0,1
BRDA:11,2,0,0
BRDA:13,3,0,0
BRDA:19,4,0,0
BRDA:25,5,0,0
BRDA:27,6,0,0
BRDA:28,7,0,0
BRDA:29,8,0,0
BRDA:34,9,0,1
BRDA:35,10,0,0
BRDA:42,11,0,2
BRDA:55,12,0,0
BRDA:56,13,0,0
BRDA:64,14,0,1
BRDA:53,15,0,1
BRDA:92,16,0,2
BRDA:109,17,0,0
BRDA:117,18,0,0
BRDA:128,19,0,0
BRDA:137,20,0,1
BRDA:147,21,0,0
BRDA:147,22,0,1
BRDA:152,23,0,0
BRDA:154,24,0,1
BRDA:161,25,0,0
BRDA:163,26,0,1
BRDA:173,27,0,0
BRDA:206,28,0,0
BRDA:211,29,0,1
BRDA:184,30,0,1
BRDA:194,31,0,0
BRDA:270,32,0,1
BRDA:291,33,0,0
BRDA:295,34,0,0
BRDA:296,35,0,0
BRDA:323,36,0,0
BRDA:324,37,0,0
BRDA:290,38,0,1
BRDA:303,39,0,1
BRDA:313,40,0,0
BRDA:335,41,0,2
BRDA:348,42,0,1
BRDA:348,43,0,1
BRDA:348,44,0,1
BRDA:348,45,0,1
BRDA:354,46,0,0
BRDA:357,47,0,0
BRDA:367,48,0,1
BRDA:376,49,0,0
BRDA:390,50,0,0
BRDA:382,51,0,1
BRDA:383,52,0,0
BRF:53
BRH:23
end_of_record
TN:
SF:src\utils\imageUtils.js
FN:1,generateThumbnail
FN:13,reader.onload
FN:14,img.onload
FNF:3
FNH:3
FNDA:4,generateThumbnail
FNDA:2,reader.onload
FNDA:2,img.onload
DA:1,1
DA:2,4
DA:3,4
DA:4,2
DA:5,2
DA:6,2
DA:7,2
DA:8,2
DA:9,2
DA:10,2
DA:11,2
DA:12,2
DA:13,2
DA:14,2
DA:15,2
DA:16,2
DA:17,2
DA:18,2
DA:19,2
DA:20,2
DA:21,1
DA:22,1
DA:23,1
DA:24,1
DA:25,1
DA:26,1
DA:27,1
DA:28,1
DA:29,1
DA:30,1
DA:31,2
DA:32,2
DA:33,2
DA:34,2
DA:35,2
DA:36,2
DA:37,2
DA:38,2
DA:39,2
DA:40,2
DA:41,2
DA:42,2
DA:43,2
DA:44,2
DA:45,4
DA:46,4
LF:46
LH:46
BRDA:1,0,0,4
BRDA:2,1,0,4
BRDA:3,2,0,3
BRDA:3,3,0,3
BRDA:3,4,0,2
BRDA:13,5,0,2
BRDA:14,6,0,2
BRDA:20,7,0,1
BRDA:38,8,0,2
BRF:9
BRH:9
end_of_record
TN:
SF:src\utils\permissions.js
FN:34,isProjectOwner
FN:39,isCollaborator
FN:44,getCollaboratorPermissions
FN:68,checkPermission
FNF:4
FNH:4
FNDA:14,isProjectOwner
FNDA:5,isCollaborator
FNDA:9,getCollaboratorPermissions
FNDA:5,checkPermission
DA:1,1
DA:2,1
DA:3,1
DA:4,1
DA:5,1
DA:6,1
DA:7,1
DA:8,1
DA:9,1
DA:10,1
DA:11,1
DA:12,1
DA:13,1
DA:14,1
DA:15,1
DA:16,1
DA:17,1
DA:18,1
DA:19,1
DA:20,1
DA:21,1
DA:22,1
DA:23,1
DA:24,1
DA:25,1
DA:26,1
DA:27,1
DA:28,1
DA:29,1
DA:30,1
DA:31,1
DA:32,1
DA:33,1
DA:34,1
DA:35,14
DA:36,11
DA:37,11
DA:38,1
DA:39,1
DA:40,5
DA:41,2
DA:42,2
DA:43,1
DA:44,1
DA:45,9
DA:46,9
DA:47,9
DA:48,9
DA:49,4
DA:50,4
DA:51,4
DA:52,4
DA:53,4
DA:54,4
DA:55,4
DA:56,4
DA:57,4
DA:58,4
DA:59,5
DA:60,5
DA:61,9
DA:62,9
DA:63,3
DA:64,3
DA:65,9
DA:66,9
DA:67,1
DA:68,1
DA:69,5
DA:70,5
DA:71,5
DA:72,5
LF:72
LH:72
BRDA:34,0,0,14
BRDA:35,1,0,12
BRDA:35,2,0,3
BRDA:36,3,0,11
BRDA:39,4,0,5
BRDA:40,5,0,3
BRDA:40,6,0,3
BRDA:40,7,0,3
BRDA:41,8,0,2
BRDA:41,9,0,4
BRDA:44,10,0,9
BRDA:45,11,0,0
BRDA:48,12,0,4
BRDA:58,13,0,5
BRDA:62,14,0,2
BRDA:63,15,0,3
BRDA:65,16,0,0
BRDA:61,17,0,11
BRDA:68,18,0,5
BRDA:70,19,0,1
BRDA:71,20,0,4
BRDA:71,21,0,2
BRF:22
BRH:20
end_of_record
TN:
SF:src\utils\tagSuggestions.js
FN:123,getTagsByFaculty
FN:128,getFaculties
FN:133,getAllTags
FNF:3
FNH:3
FNDA:3,getTagsByFaculty
FNDA:1,getFaculties
FNDA:2,getAllTags
DA:1,1
DA:2,1
DA:3,1
DA:4,1
DA:5,1
DA:6,1
DA:7,1
DA:8,1
DA:9,1
DA:10,1
DA:11,1
DA:12,1
DA:13,1
DA:14,1
DA:15,1
DA:16,1
DA:17,1
DA:18,1
DA:19,1
DA:20,1
DA:21,1
DA:22,1
DA:23,1
DA:24,1
DA:25,1
DA:26,1
DA:27,1
DA:28,1
DA:29,1
DA:30,1
DA:31,1
DA:32,1
DA:33,1
DA:34,1
DA:35,1
DA:36,1
DA:37,1
DA:38,1
DA:39,1
DA:40,1
DA:41,1
DA:42,1
DA:43,1
DA:44,1
DA:45,1
DA:46,1
DA:47,1
DA:48,1
DA:49,1
DA:50,1
DA:51,1
DA:52,1
DA:53,1
DA:54,1
DA:55,1
DA:56,1
DA:57,1
DA:58,1
DA:59,1
DA:60,1
DA:61,1
DA:62,1
DA:63,1
DA:64,1
DA:65,1
DA:66,1
DA:67,1
DA:68,1
DA:69,1
DA:70,1
DA:71,1
DA:72,1
DA:73,1
DA:74,1
DA:75,1
DA:76,1
DA:77,1
DA:78,1
DA:79,1
DA:80,1
DA:81,1
DA:82,1
DA:83,1
DA:84,1
DA:85,1
DA:86,1
DA:87,1
DA:88,1
DA:89,1
DA:90,1
DA:91,1
DA:92,1
DA:93,1
DA:94,1
DA:95,1
DA:96,1
DA:97,1
DA:98,1
DA:99,1
DA:100,1
DA:101,1
DA:102,1
DA:103,1
DA:104,1
DA:105,1
DA:106,1
DA:107,1
DA:108,1
DA:109,1
DA:110,1
DA:111,1
DA:112,1
DA:113,1
DA:114,1
DA:115,1
DA:116,1
DA:117,1
DA:118,1
DA:119,1
DA:120,1
DA:121,1
DA:122,1
DA:123,1
DA:124,3
DA:125,3
DA:126,1
DA:127,1
DA:128,1
DA:129,1
DA:130,1
DA:131,1
DA:132,1
DA:133,1
DA:134,2
DA:135,2
LF:135
LH:135
BRDA:123,0,0,3
BRDA:124,1,0,300
BRDA:128,2,0,1
BRDA:129,3,0,100
BRDA:133,4,0,2
BRF:5
BRH:5
end_of_record
TN:
SF:src\utils\universityOptions.js
FN:2,fetchUniversities
FNF:1
FNH:1
FNDA:7,fetchUniversities
DA:1,1
DA:2,1
DA:3,7
DA:4,7
DA:5,5
DA:6,5
DA:7,5
DA:8,5
DA:9,90
DA:10,90
DA:11,5
DA:12,6
DA:13,2
DA:14,2
DA:15,2
DA:16,7
LF:16
LH:16
BRDA:2,0,0,7
BRDA:5,1,0,6
BRDA:5,2,0,5
BRDA:12,3,0,2
BRDA:8,4,0,90
BRF:5
BRH:5
end_of_record
