TN:
SF:eslint.config.js
FN:1,(empty-report)
FNF:1
FNH:0
FNDA:0,(empty-report)
DA:1,0
DA:2,0
DA:3,0
DA:4,0
DA:5,0
DA:6,0
DA:7,0
DA:8,0
DA:9,0
DA:10,0
DA:11,0
DA:12,0
DA:13,0
DA:14,0
DA:15,0
DA:16,0
DA:17,0
DA:18,0
DA:19,0
DA:20,0
DA:21,0
DA:22,0
DA:23,0
DA:24,0
DA:25,0
DA:26,0
DA:27,0
DA:28,0
DA:29,0
DA:30,0
DA:31,0
DA:32,0
DA:33,0
DA:34,0
DA:35,0
DA:36,0
DA:37,0
DA:38,0
DA:39,0
DA:40,0
DA:41,0
DA:42,0
DA:43,0
DA:44,0
DA:45,0
DA:46,0
DA:47,0
DA:48,0
DA:49,0
DA:50,0
LF:50
LH:0
BRDA:1,0,0,0
BRF:1
BRH:0
end_of_record
TN:
SF:vite.config.js
FN:1,(empty-report)
FNF:1
FNH:0
FNDA:0,(empty-report)
DA:1,0
DA:2,0
DA:3,0
DA:4,0
DA:5,0
DA:6,0
DA:7,0
DA:8,0
DA:9,0
DA:10,0
DA:11,0
DA:12,0
DA:13,0
DA:14,0
LF:14
LH:0
BRDA:1,0,0,0
BRF:1
BRH:0
end_of_record
TN:
SF:vitest.config.js
FN:1,(empty-report)
FNF:1
FNH:0
FNDA:0,(empty-report)
DA:1,0
DA:2,0
DA:3,0
DA:4,0
DA:5,0
DA:6,0
DA:7,0
DA:8,0
DA:9,0
DA:10,0
DA:11,0
DA:12,0
DA:13,0
DA:14,0
DA:15,0
DA:16,0
DA:17,0
DA:18,0
DA:19,0
DA:20,0
DA:21,0
DA:22,0
DA:23,0
DA:24,0
LF:24
LH:0
BRDA:1,0,0,0
BRF:1
BRH:0
end_of_record
TN:
SF:src\App.jsx
FN:28,App
FNF:1
FNH:1
FNDA:1,App
DA:1,1
DA:2,1
DA:3,1
DA:4,1
DA:5,1
DA:6,1
DA:7,1
DA:8,1
DA:9,1
DA:10,1
DA:11,1
DA:12,1
DA:13,1
DA:14,1
DA:15,1
DA:16,1
DA:17,1
DA:18,1
DA:19,1
DA:20,1
DA:21,1
DA:22,1
DA:23,1
DA:24,1
DA:25,1
DA:26,1
DA:28,1
DA:29,1
DA:30,1
DA:31,1
DA:32,1
DA:33,1
DA:34,1
DA:35,1
DA:36,1
DA:37,1
DA:38,1
DA:39,1
DA:40,1
DA:41,1
DA:42,1
DA:43,1
DA:44,1
DA:45,1
DA:46,1
DA:47,1
DA:48,1
DA:49,1
DA:50,1
DA:51,1
DA:52,1
DA:53,1
DA:54,1
DA:55,1
DA:56,1
DA:57,1
DA:58,1
DA:59,1
DA:60,1
DA:61,1
DA:62,1
DA:63,1
DA:64,1
DA:65,1
DA:66,1
DA:67,1
DA:68,1
DA:69,1
DA:70,1
DA:71,1
DA:72,1
DA:73,1
DA:74,1
DA:75,1
DA:76,1
DA:77,1
DA:78,1
DA:79,1
DA:80,1
DA:81,1
DA:82,1
DA:83,1
DA:84,1
DA:85,1
DA:86,1
DA:87,1
DA:88,1
DA:89,1
DA:90,1
DA:91,1
DA:92,1
DA:93,1
DA:94,1
DA:95,1
DA:96,1
DA:97,1
DA:98,1
DA:99,1
DA:100,1
DA:101,1
DA:102,1
DA:103,1
DA:104,1
DA:105,1
DA:106,1
DA:107,1
DA:108,1
DA:109,1
DA:110,1
DA:111,1
DA:112,1
DA:113,1
DA:114,1
DA:115,1
DA:116,1
DA:117,1
DA:118,1
DA:119,1
DA:120,1
DA:121,1
DA:122,1
DA:123,1
DA:124,1
DA:125,1
DA:126,1
DA:127,1
DA:128,1
DA:129,1
DA:130,1
DA:131,1
DA:132,1
DA:133,1
DA:134,1
DA:135,1
DA:136,1
DA:137,1
DA:138,1
DA:139,1
DA:140,1
DA:141,1
DA:142,1
DA:143,1
DA:144,1
DA:145,1
DA:146,1
DA:148,1
DA:150,1
LF:147
LH:147
BRDA:28,0,0,1
BRF:1
BRH:1
end_of_record
TN:
SF:src\main.jsx
FN:1,(empty-report)
FNF:1
FNH:0
FNDA:0,(empty-report)
DA:1,0
DA:2,0
DA:3,0
DA:4,0
DA:6,0
DA:7,0
DA:8,0
DA:9,0
DA:10,0
LF:9
LH:0
BRDA:1,0,0,0
BRF:1
BRH:0
end_of_record
TN:
SF:src\backend\firebase\adminAccess.jsx
FN:8,fetchProjectsWithUsers
FN:50,fetchAllUsers
FN:77,createFunding
FN:92,getAllFunding
FN:107,updateFunding
FN:123,deleteFunding
FN:137,getAllProjects
FNF:7
FNH:5
FNDA:0,fetchProjectsWithUsers
FNDA:0,fetchAllUsers
FNDA:2,createFunding
FNDA:2,getAllFunding
FNDA:2,updateFunding
FNDA:2,deleteFunding
FNDA:3,getAllProjects
DA:1,1
DA:2,1
DA:8,1
DA:9,0
DA:10,0
DA:11,0
DA:13,0
DA:14,0
DA:15,0
DA:16,0
DA:19,0
DA:20,0
DA:21,0
DA:22,0
DA:23,0
DA:24,0
DA:25,0
DA:26,0
DA:28,0
DA:29,0
DA:30,0
DA:31,0
DA:32,0
DA:33,0
DA:34,0
DA:35,0
DA:36,0
DA:37,0
DA:39,0
DA:40,0
DA:41,0
DA:42,0
DA:43,0
DA:44,0
DA:50,1
DA:51,0
DA:52,0
DA:53,0
DA:55,0
DA:56,0
DA:57,0
DA:58,0
DA:59,0
DA:60,0
DA:61,0
DA:62,0
DA:63,0
DA:65,0
DA:66,0
DA:67,0
DA:68,0
DA:69,0
DA:74,1
DA:77,1
DA:78,2
DA:79,2
DA:80,2
DA:81,2
DA:82,2
DA:83,2
DA:84,2
DA:85,1
DA:86,1
DA:87,1
DA:88,1
DA:89,2
DA:92,1
DA:93,2
DA:94,2
DA:95,2
DA:96,2
DA:97,2
DA:98,2
DA:99,2
DA:100,2
DA:101,2
DA:102,0
DA:103,0
DA:104,2
DA:107,1
DA:108,2
DA:109,2
DA:110,2
DA:111,2
DA:112,2
DA:113,2
DA:114,2
DA:115,2
DA:116,1
DA:117,1
DA:118,1
DA:119,1
DA:120,2
DA:123,1
DA:124,2
DA:125,2
DA:126,2
DA:127,1
DA:128,1
DA:129,1
DA:130,1
DA:131,2
DA:137,1
DA:138,3
DA:139,3
DA:140,3
DA:142,2
DA:143,2
DA:144,2
DA:145,2
DA:146,3
DA:147,1
DA:148,1
DA:149,3
LF:114
LH:64
BRDA:77,0,0,2
BRDA:84,1,0,1
BRDA:92,2,0,2
BRDA:101,3,0,0
BRDA:95,4,0,2
BRDA:107,5,0,2
BRDA:115,6,0,1
BRDA:123,7,0,2
BRDA:126,8,0,1
BRDA:137,9,0,3
BRDA:140,10,0,2
BRDA:146,11,0,1
BRDA:142,12,0,2
BRF:13
BRH:12
end_of_record
TN:
SF:src\backend\firebase\authFirebase.jsx
FN:1,(empty-report)
FNF:1
FNH:0
FNDA:0,(empty-report)
DA:1,0
DA:2,0
DA:11,0
DA:12,0
DA:14,0
DA:15,0
DA:16,0
DA:17,0
DA:19,0
DA:20,0
DA:21,0
DA:22,0
DA:23,0
DA:24,0
DA:25,0
DA:26,0
DA:28,0
DA:29,0
DA:30,0
DA:31,0
DA:32,0
DA:36,0
DA:37,0
DA:38,0
DA:39,0
DA:40,0
DA:43,0
DA:45,0
DA:47,0
DA:48,0
DA:49,0
DA:50,0
DA:51,0
DA:53,0
DA:54,0
DA:56,0
DA:57,0
DA:58,0
DA:59,0
DA:60,0
DA:61,0
DA:63,0
DA:64,0
DA:65,0
DA:68,0
DA:69,0
DA:70,0
DA:71,0
DA:73,0
DA:74,0
DA:75,0
DA:76,0
DA:77,0
DA:78,0
DA:79,0
DA:80,0
DA:81,0
DA:84,0
DA:85,0
DA:86,0
DA:87,0
DA:88,0
DA:89,0
DA:90,0
DA:91,0
DA:95,0
DA:96,0
DA:98,0
DA:99,0
DA:100,0
DA:102,0
DA:103,0
DA:104,0
DA:107,0
DA:108,0
DA:109,0
DA:110,0
DA:111,0
DA:114,0
DA:115,0
DA:116,0
DA:117,0
DA:118,0
DA:120,0
DA:121,0
DA:125,0
DA:126,0
DA:127,0
DA:128,0
DA:130,0
DA:131,0
DA:132,0
DA:133,0
DA:134,0
DA:135,0
DA:136,0
DA:137,0
DA:138,0
DA:139,0
DA:140,0
DA:143,0
DA:144,0
DA:145,0
LF:103
LH:0
BRDA:1,0,0,0
BRF:1
BRH:0
end_of_record
TN:
SF:src\backend\firebase\collaborationDB.jsx
FN:1,(empty-report)
FNF:1
FNH:0
FNDA:0,(empty-report)
DA:1,0
DA:2,0
DA:3,0
DA:16,0
DA:17,0
DA:18,0
DA:19,0
DA:20,0
DA:21,0
DA:22,0
DA:23,0
DA:24,0
DA:25,0
DA:26,0
DA:27,0
DA:28,0
DA:29,0
DA:30,0
DA:33,0
DA:34,0
DA:35,0
DA:36,0
DA:37,0
DA:40,0
DA:41,0
DA:42,0
DA:43,0
DA:44,0
DA:45,0
DA:46,0
DA:47,0
DA:48,0
DA:49,0
DA:50,0
DA:52,0
DA:53,0
DA:55,0
DA:56,0
DA:57,0
DA:58,0
DA:59,0
DA:60,0
DA:62,0
DA:63,0
DA:64,0
DA:67,0
DA:68,0
DA:69,0
DA:70,0
DA:71,0
DA:73,0
DA:74,0
DA:75,0
DA:76,0
DA:77,0
DA:78,0
DA:79,0
DA:80,0
DA:83,0
DA:84,0
DA:85,0
DA:86,0
DA:87,0
DA:88,0
DA:89,0
DA:90,0
DA:91,0
DA:92,0
DA:93,0
DA:95,0
DA:97,0
DA:98,0
DA:100,0
DA:101,0
DA:102,0
DA:103,0
DA:104,0
DA:105,0
LF:78
LH:0
BRDA:1,0,0,0
BRF:1
BRH:0
end_of_record
TN:
SF:src\backend\firebase\documentsDB.jsx
FN:15,uploadDocument
FN:76,fetchDocumentsByFolder
FN:161,reuploadDocument
FN:196,deleteDocument
FN:226,downloadDocument
FN:243,fetchAllDocuments
FNF:6
FNH:5
FNDA:3,uploadDocument
FNDA:2,fetchDocumentsByFolder
FNDA:1,reuploadDocument
FNDA:2,deleteDocument
FNDA:0,downloadDocument
FNDA:2,fetchAllDocuments
DA:1,1
DA:2,1
DA:3,1
DA:5,1
DA:15,1
DA:16,3
DA:17,3
DA:18,3
DA:19,3
DA:21,3
DA:22,1
DA:23,1
DA:25,2
DA:26,3
DA:27,1
DA:28,1
DA:31,1
DA:32,1
DA:33,1
DA:36,1
DA:37,1
DA:40,1
DA:41,1
DA:42,1
DA:43,1
DA:46,1
DA:47,1
DA:48,1
DA:49,3
DA:50,3
DA:51,3
DA:52,3
DA:53,3
DA:54,3
DA:55,3
DA:56,3
DA:57,3
DA:58,3
DA:59,3
DA:60,3
DA:62,3
DA:64,1
DA:65,3
DA:66,2
DA:67,2
DA:68,2
DA:69,3
DA:76,1
DA:77,2
DA:78,2
DA:79,2
DA:82,2
DA:83,2
DA:84,2
DA:86,2
DA:89,2
DA:90,2
DA:93,2
DA:94,2
DA:95,2
DA:96,2
DA:97,2
DA:98,2
DA:99,2
DA:100,2
DA:103,2
DA:104,0
DA:105,0
DA:108,2
DA:109,2
DA:111,2
DA:112,0
DA:113,0
DA:115,2
DA:116,2
DA:117,1
DA:118,1
DA:119,1
DA:121,1
DA:122,1
DA:123,1
DA:124,1
DA:125,1
DA:126,1
DA:127,1
DA:128,1
DA:129,1
DA:130,1
DA:131,1
DA:132,1
DA:133,1
DA:134,1
DA:135,1
DA:137,1
DA:138,1
DA:139,1
DA:140,1
DA:141,1
DA:142,1
DA:143,2
DA:144,2
DA:146,2
DA:147,2
DA:148,0
DA:149,0
DA:150,0
DA:151,2
DA:161,1
DA:162,1
DA:163,1
DA:165,1
DA:166,1
DA:167,1
DA:169,1
DA:171,1
DA:172,1
DA:173,1
DA:174,1
DA:176,1
DA:177,1
DA:178,1
DA:179,1
DA:180,1
DA:182,1
DA:183,1
DA:184,1
DA:185,0
DA:186,0
DA:187,1
DA:196,1
DA:197,2
DA:198,2
DA:199,2
DA:200,2
DA:202,2
DA:203,2
DA:205,2
DA:207,2
DA:209,2
DA:210,2
DA:211,1
DA:213,1
DA:215,2
DA:216,2
DA:217,2
DA:218,0
DA:219,0
DA:220,2
DA:226,1
DA:227,0
DA:228,0
DA:229,0
DA:230,0
DA:231,0
DA:232,0
DA:233,0
DA:234,0
DA:235,0
DA:236,0
DA:237,0
DA:243,1
DA:244,2
DA:245,2
DA:246,2
DA:248,2
DA:251,2
DA:252,1
DA:253,1
DA:254,1
DA:257,1
DA:258,1
DA:259,1
DA:262,1
DA:263,1
DA:264,1
DA:265,1
DA:266,1
DA:267,1
DA:268,1
DA:269,1
DA:270,1
DA:271,1
DA:272,1
DA:273,1
DA:274,1
DA:275,1
DA:276,1
DA:277,1
DA:278,1
DA:279,1
DA:281,2
DA:282,2
DA:283,0
DA:284,0
DA:285,0
DA:286,2
LF:196
LH:171
BRDA:15,0,0,3
BRDA:17,1,0,0
BRDA:18,2,0,0
BRDA:19,3,0,0
BRDA:21,4,0,1
BRDA:23,5,0,2
BRDA:26,6,0,1
BRDA:49,7,0,0
BRDA:56,8,0,0
BRDA:57,9,0,1
BRDA:62,10,0,1
BRDA:65,11,0,2
BRDA:76,12,0,2
BRDA:79,13,0,0
BRDA:84,14,0,0
BRDA:90,15,0,0
BRDA:103,16,0,0
BRDA:103,17,0,0
BRDA:103,18,0,0
BRDA:111,19,0,0
BRDA:147,20,0,0
BRDA:116,21,0,1
BRDA:121,22,0,1
BRDA:126,23,0,0
BRDA:128,24,0,0
BRDA:130,25,0,0
BRDA:146,26,0,1
BRDA:161,27,0,1
BRDA:163,28,0,0
BRDA:184,29,0,0
BRDA:196,30,0,2
BRDA:203,31,0,0
BRDA:210,32,0,1
BRDA:217,33,0,0
BRDA:243,34,0,2
BRDA:251,35,0,1
BRDA:282,36,0,0
BRDA:262,37,0,1
BRDA:269,38,0,0
BRDA:270,39,0,0
BRF:40
BRH:17
end_of_record
TN:
SF:src\backend\firebase\firebaseConfig.jsx
FNF:0
FNH:0
DA:1,1
DA:2,1
DA:3,1
DA:6,1
DA:7,1
DA:8,1
DA:9,1
DA:10,1
DA:11,1
DA:12,1
DA:13,1
DA:14,1
DA:17,1
DA:18,1
DA:19,1
LF:15
LH:15
BRF:0
BRH:0
end_of_record
TN:
SF:src\backend\firebase\folderDB.jsx
FN:11,createFolder
FN:48,updateFolderName
FN:76,deleteFolder
FN:110,getFolders
FNF:4
FNH:4
FNDA:5,createFolder
FNDA:4,updateFolderName
FNDA:3,deleteFolder
FNDA:3,getFolders
DA:1,1
DA:2,1
DA:3,1
DA:11,1
DA:12,5
DA:13,5
DA:14,5
DA:17,5
DA:18,5
DA:21,1
DA:22,1
DA:23,1
DA:26,1
DA:27,1
DA:28,1
DA:29,1
DA:30,1
DA:31,1
DA:32,1
DA:33,1
DA:35,1
DA:36,5
DA:37,4
DA:38,4
DA:39,4
DA:40,5
DA:48,1
DA:49,4
DA:50,4
DA:51,4
DA:52,4
DA:54,2
DA:55,2
DA:57,4
DA:58,1
DA:59,1
DA:61,1
DA:62,1
DA:63,1
DA:64,1
DA:65,4
DA:66,3
DA:67,3
DA:68,3
DA:69,4
DA:76,1
DA:77,3
DA:78,3
DA:79,3
DA:81,3
DA:82,3
DA:84,3
DA:85,1
DA:86,1
DA:89,2
DA:90,2
DA:93,2
DA:94,2
DA:95,2
DA:98,2
DA:99,3
DA:100,1
DA:101,1
DA:102,1
DA:103,3
DA:110,1
DA:111,3
DA:112,3
DA:113,3
DA:115,2
DA:116,2
DA:118,2
DA:119,2
DA:120,2
DA:121,2
DA:122,3
DA:123,1
DA:124,1
DA:125,1
DA:126,3
LF:80
LH:80
BRDA:11,0,0,5
BRDA:14,1,0,1
BRDA:14,2,0,4
BRDA:17,3,0,1
BRDA:17,4,0,3
BRDA:18,5,0,2
BRDA:18,6,0,1
BRDA:36,7,0,4
BRDA:48,8,0,4
BRDA:51,9,0,0
BRDA:52,10,0,2
BRDA:57,11,0,1
BRDA:65,12,0,3
BRDA:76,13,0,3
BRDA:79,14,0,0
BRDA:84,15,0,1
BRDA:86,16,0,2
BRDA:99,17,0,1
BRDA:93,18,0,2
BRDA:110,19,0,3
BRDA:113,20,0,1
BRDA:113,21,0,2
BRDA:122,22,0,1
BRDA:118,23,0,2
BRF:24
BRH:22
end_of_record
TN:
SF:src\backend\firebase\fundingDB.jsx
FN:17,fetchFunding
FN:42,updateProjectFunds
FN:93,getFundingHistory
FN:127,updateProjectExpense
FN:187,getCurrentFunds
FN:215,getUsedFunds
FNF:6
FNH:4
FNDA:3,fetchFunding
FNDA:3,updateProjectFunds
FNDA:2,getFundingHistory
FNDA:2,updateProjectExpense
FNDA:0,getCurrentFunds
FNDA:0,getUsedFunds
DA:1,1
DA:2,1
DA:17,1
DA:18,3
DA:19,3
DA:20,3
DA:22,2
DA:23,2
DA:24,2
DA:25,2
DA:27,2
DA:28,3
DA:29,1
DA:30,1
DA:31,1
DA:32,3
DA:42,1
DA:43,3
DA:44,3
DA:45,3
DA:47,3
DA:48,0
DA:49,0
DA:51,3
DA:52,3
DA:54,3
DA:56,2
DA:58,3
DA:59,1
DA:60,1
DA:62,3
DA:63,3
DA:66,3
DA:67,3
DA:68,3
DA:71,1
DA:72,1
DA:73,1
DA:74,1
DA:75,1
DA:76,1
DA:77,1
DA:78,1
DA:80,1
DA:81,3
DA:82,2
DA:83,2
DA:84,2
DA:85,3
DA:93,1
DA:94,2
DA:95,2
DA:96,2
DA:98,2
DA:99,2
DA:100,2
DA:102,2
DA:103,2
DA:104,0
DA:105,0
DA:107,2
DA:108,2
DA:110,2
DA:111,2
DA:112,2
DA:113,2
DA:115,2
DA:116,2
DA:117,0
DA:118,0
DA:119,0
DA:120,2
DA:127,1
DA:128,2
DA:129,2
DA:130,2
DA:132,2
DA:133,0
DA:134,0
DA:136,2
DA:137,2
DA:139,2
DA:141,2
DA:143,2
DA:144,0
DA:145,0
DA:147,2
DA:148,2
DA:150,2
DA:151,1
DA:152,1
DA:155,1
DA:156,1
DA:157,1
DA:158,1
DA:161,1
DA:162,1
DA:163,1
DA:164,1
DA:165,1
DA:166,1
DA:167,1
DA:168,1
DA:170,1
DA:171,1
DA:172,1
DA:173,1
DA:174,1
DA:175,1
DA:176,1
DA:177,1
DA:178,1
DA:179,1
DA:180,2
DA:187,1
DA:188,0
DA:189,0
DA:190,0
DA:192,0
DA:193,0
DA:194,0
DA:196,0
DA:198,0
DA:199,0
DA:200,0
DA:203,0
DA:204,0
DA:205,0
DA:206,0
DA:207,0
DA:208,0
DA:215,1
DA:216,0
DA:217,0
DA:218,0
DA:220,0
DA:221,0
DA:222,0
DA:224,0
DA:226,0
DA:227,0
DA:228,0
DA:231,0
DA:232,0
DA:233,0
DA:234,0
DA:235,0
DA:236,0
DA:237,0
DA:238,0
DA:239,0
DA:241,0
DA:242,0
DA:243,0
DA:244,0
DA:245,0
DA:246,0
LF:157
LH:105
BRDA:17,0,0,3
BRDA:20,1,0,2
BRDA:28,2,0,1
BRDA:22,3,0,2
BRDA:42,4,0,3
BRDA:45,5,0,0
BRDA:47,6,0,0
BRDA:54,7,0,1
BRDA:54,8,0,2
BRDA:58,9,0,1
BRDA:62,10,0,0
BRDA:68,11,0,1
BRDA:81,12,0,2
BRDA:93,13,0,2
BRDA:96,14,0,0
BRDA:100,15,0,0
BRDA:103,16,0,0
BRDA:116,17,0,0
BRDA:110,18,0,2
BRDA:127,19,0,2
BRDA:130,20,0,0
BRDA:132,21,0,0
BRDA:139,22,0,0
BRDA:143,23,0,0
BRDA:147,24,0,0
BRDA:148,25,0,1
BRDA:150,26,0,1
BRF:27
BRH:15
end_of_record
TN:
SF:src\backend\firebase\projectDB.jsx
FN:1,(empty-report)
FNF:1
FNH:1
FNDA:1,(empty-report)
DA:5,0
DA:6,0
DA:7,0
DA:23,0
DA:24,0
DA:25,0
DA:26,0
DA:27,0
DA:28,0
DA:29,0
DA:30,0
DA:31,0
DA:32,0
DA:34,0
DA:35,0
DA:36,0
DA:37,0
DA:40,0
DA:41,0
DA:42,0
DA:43,0
DA:44,0
DA:45,0
DA:47,0
DA:48,0
DA:49,0
DA:50,0
DA:51,0
DA:52,0
DA:53,0
DA:54,0
DA:55,0
DA:58,0
DA:59,0
DA:60,0
DA:61,0
DA:62,0
DA:63,0
DA:64,0
DA:65,0
DA:66,0
DA:67,0
DA:68,0
DA:69,0
DA:70,0
DA:71,0
DA:72,0
DA:73,0
DA:75,0
DA:76,0
DA:77,0
DA:78,0
DA:79,0
DA:80,0
DA:81,0
DA:91,0
DA:92,0
DA:93,0
DA:94,0
DA:95,0
DA:97,0
DA:98,0
DA:99,0
DA:100,0
DA:102,0
DA:103,0
DA:104,0
DA:105,0
DA:106,0
DA:107,0
DA:115,0
DA:116,0
DA:117,0
DA:118,0
DA:120,0
DA:121,0
DA:123,0
DA:124,0
DA:125,0
DA:127,0
DA:130,0
DA:131,0
DA:134,0
DA:135,0
DA:136,0
DA:137,0
DA:138,0
DA:139,0
DA:140,0
DA:141,0
DA:143,0
DA:144,0
DA:145,0
DA:148,0
DA:149,0
DA:150,0
DA:151,0
DA:152,0
DA:153,0
DA:155,0
DA:156,0
DA:157,0
DA:158,0
DA:159,0
DA:160,0
DA:162,0
DA:163,0
DA:164,0
DA:165,0
DA:166,0
DA:167,0
DA:170,0
DA:171,0
DA:172,0
DA:173,0
DA:174,0
DA:175,0
DA:176,0
DA:177,0
DA:179,0
DA:180,0
DA:181,0
DA:182,0
DA:183,0
DA:184,0
DA:185,0
DA:186,0
DA:187,0
DA:195,0
DA:196,0
DA:197,0
DA:198,0
DA:199,0
DA:200,0
DA:202,0
DA:203,0
DA:205,0
DA:206,0
DA:207,0
DA:209,0
DA:210,0
DA:212,0
DA:213,0
DA:214,0
DA:216,0
DA:217,0
DA:218,0
DA:219,0
DA:220,0
DA:221,0
DA:222,0
DA:225,0
DA:226,0
DA:227,0
DA:228,0
DA:229,0
DA:230,0
DA:231,0
DA:234,0
DA:235,0
DA:236,0
DA:238,0
DA:239,0
DA:240,0
DA:241,0
DA:242,0
DA:243,0
DA:244,0
DA:245,0
DA:246,0
DA:249,0
DA:250,0
DA:251,0
DA:252,0
DA:253,0
DA:255,0
DA:256,0
DA:257,0
DA:260,0
DA:262,0
DA:263,0
DA:264,0
DA:265,0
DA:266,0
DA:267,0
DA:268,0
DA:280,0
DA:282,0
DA:283,0
DA:284,0
DA:286,0
DA:287,0
DA:289,0
DA:290,0
DA:291,0
DA:293,0
DA:294,0
DA:295,0
DA:296,0
DA:299,0
DA:300,0
DA:303,0
DA:304,0
DA:307,0
DA:309,0
DA:310,0
DA:311,0
DA:312,0
DA:313,0
DA:317,0
DA:318,0
DA:319,0
DA:320,0
DA:322,0
DA:323,0
DA:324,0
DA:327,0
DA:328,0
DA:329,0
DA:330,0
DA:333,0
DA:334,0
DA:335,0
DA:336,0
DA:338,0
DA:339,0
DA:340,0
DA:341,0
DA:342,0
DA:343,0
DA:346,0
DA:347,0
DA:349,0
DA:350,0
DA:351,0
DA:353,0
DA:355,0
DA:356,0
DA:357,0
DA:358,0
DA:359,0
DA:360,0
DA:361,0
DA:362,0
DA:363,0
DA:364,0
DA:365,0
DA:366,0
DA:368,0
DA:369,0
DA:370,0
DA:371,0
DA:372,0
DA:373,0
DA:376,0
DA:377,0
DA:378,0
DA:379,0
DA:381,0
DA:382,0
DA:383,0
DA:385,0
DA:386,0
DA:387,0
DA:388,0
DA:391,0
DA:392,0
DA:393,0
DA:394,0
DA:395,0
DA:396,0
DA:398,0
DA:399,0
DA:400,0
DA:401,0
DA:402,0
DA:403,0
DA:404,0
DA:405,0
DA:406,0
DA:407,0
DA:408,0
DA:409,0
DA:410,0
DA:411,0
DA:412,0
DA:413,0
DA:416,0
DA:417,0
DA:418,0
DA:419,0
DA:421,0
DA:422,0
DA:423,0
DA:425,0
DA:426,0
DA:428,0
DA:429,0
DA:430,0
DA:433,0
DA:436,0
DA:439,0
DA:440,0
DA:441,0
DA:442,0
DA:443,0
DA:444,0
DA:445,0
DA:446,0
DA:448,0
DA:449,0
DA:450,0
DA:453,0
DA:454,0
DA:455,0
DA:456,0
DA:457,0
DA:458,0
DA:459,0
DA:460,0
DA:462,0
DA:463,0
DA:464,0
DA:465,0
DA:466,0
DA:467,0
DA:468,0
DA:469,0
DA:470,0
LF:329
LH:0
BRDA:1,0,0,1
BRF:1
BRH:1
end_of_record
TN:
SF:src\backend\firebase\reviewDB.jsx
FN:17,createReviewRequest
FN:38,getReviewerRequests
FN:76,updateReviewRequestStatus
FN:139,submitReviewFeedback
FN:189,getProjectReviews
FN:216,getReviewById
FN:239,updateReviewFeedback
FN:256,getReviewerReviews
FN:283,getReviewerRequestsForProject
FNF:9
FNH:0
FNDA:0,createReviewRequest
FNDA:0,getReviewerRequests
FNDA:0,updateReviewRequestStatus
FNDA:0,submitReviewFeedback
FNDA:0,getProjectReviews
FNDA:0,getReviewById
FNDA:0,updateReviewFeedback
FNDA:0,getReviewerReviews
FNDA:0,getReviewerRequestsForProject
DA:1,1
DA:2,1
DA:14,1
DA:17,1
DA:18,0
DA:19,0
DA:20,0
DA:21,0
DA:22,0
DA:23,0
DA:24,0
DA:25,0
DA:26,0
DA:27,0
DA:29,0
DA:30,0
DA:31,0
DA:32,0
DA:33,0
DA:34,0
DA:35,0
DA:38,1
DA:39,0
DA:40,0
DA:41,0
DA:42,0
DA:43,0
DA:45,0
DA:46,0
DA:48,0
DA:49,0
DA:50,0
DA:51,0
DA:52,0
DA:53,0
DA:54,0
DA:57,0
DA:58,0
DA:59,0
DA:60,0
DA:61,0
DA:62,0
DA:63,0
DA:65,0
DA:66,0
DA:68,0
DA:69,0
DA:70,0
DA:71,0
DA:72,0
DA:73,0
DA:76,1
DA:77,0
DA:78,0
DA:79,0
DA:81,0
DA:82,0
DA:83,0
DA:85,0
DA:86,0
DA:89,0
DA:90,0
DA:91,0
DA:92,0
DA:95,0
DA:96,0
DA:97,0
DA:99,0
DA:100,0
DA:101,0
DA:104,0
DA:105,0
DA:106,0
DA:107,0
DA:109,0
DA:110,0
DA:111,0
DA:112,0
DA:113,0
DA:114,0
DA:117,0
DA:120,0
DA:123,0
DA:125,0
DA:126,0
DA:127,0
DA:128,0
DA:129,0
DA:131,0
DA:132,0
DA:133,0
DA:134,0
DA:135,0
DA:136,0
DA:139,1
DA:140,0
DA:141,0
DA:142,0
DA:143,0
DA:144,0
DA:145,0
DA:146,0
DA:147,0
DA:148,0
DA:149,0
DA:152,0
DA:155,0
DA:156,0
DA:157,0
DA:158,0
DA:159,0
DA:162,0
DA:163,0
DA:164,0
DA:165,0
DA:166,0
DA:167,0
DA:169,0
DA:170,0
DA:171,0
DA:172,0
DA:173,0
DA:174,0
DA:175,0
DA:176,0
DA:177,0
DA:178,0
DA:179,0
DA:181,0
DA:182,0
DA:183,0
DA:184,0
DA:185,0
DA:186,0
DA:189,1
DA:190,0
DA:191,0
DA:192,0
DA:193,0
DA:194,0
DA:195,0
DA:197,0
DA:198,0
DA:199,0
DA:201,0
DA:202,0
DA:203,0
DA:204,0
DA:205,0
DA:206,0
DA:208,0
DA:209,0
DA:210,0
DA:211,0
DA:212,0
DA:213,0
DA:216,1
DA:217,0
DA:218,0
DA:219,0
DA:220,0
DA:221,0
DA:223,0
DA:226,0
DA:227,0
DA:228,0
DA:229,0
DA:231,0
DA:232,0
DA:233,0
DA:234,0
DA:235,0
DA:236,0
DA:239,1
DA:240,0
DA:241,0
DA:242,0
DA:243,0
DA:244,0
DA:245,0
DA:246,0
DA:247,0
DA:248,0
DA:249,0
DA:250,0
DA:251,0
DA:252,0
DA:253,0
DA:256,1
DA:257,0
DA:258,0
DA:259,0
DA:260,0
DA:261,0
DA:262,0
DA:264,0
DA:265,0
DA:266,0
DA:268,0
DA:269,0
DA:270,0
DA:271,0
DA:272,0
DA:273,0
DA:275,0
DA:276,0
DA:277,0
DA:278,0
DA:279,0
DA:280,0
DA:283,1
DA:284,0
DA:285,0
DA:286,0
DA:287,0
DA:288,0
DA:289,0
DA:291,0
DA:292,0
DA:293,0
DA:295,0
DA:296,0
DA:297,0
DA:298,0
DA:299,0
DA:300,0
DA:302,0
DA:303,0
DA:304,0
DA:305,0
DA:306,0
DA:307,0
LF:232
LH:12
BRF:0
BRH:0
end_of_record
TN:
SF:src\backend\firebase\reviewerDB.jsx
FN:17,getAvailableReviewers
FN:32,fetchReviewRequests
FN:70,assignReviewers
FN:105,addReviewerToProject
FN:120,removeReviewer
FN:135,respondToInvitation
FN:168,sendReviewerInvitation
FN:187,submitReviewFeedback
FN:216,getProjectFeedback
FN:260,updateExistingReviewerInfo
FNF:10
FNH:5
FNDA:2,getAvailableReviewers
FNDA:1,fetchReviewRequests
FNDA:0,assignReviewers
FNDA:0,addReviewerToProject
FNDA:0,removeReviewer
FNDA:0,respondToInvitation
FNDA:0,sendReviewerInvitation
FNDA:2,submitReviewFeedback
FNDA:2,getProjectFeedback
FNDA:2,updateExistingReviewerInfo
DA:1,1
DA:2,1
DA:17,1
DA:18,2
DA:19,2
DA:20,2
DA:21,2
DA:22,2
DA:23,2
DA:24,2
DA:25,2
DA:26,0
DA:27,0
DA:28,0
DA:29,2
DA:32,1
DA:33,1
DA:35,1
DA:36,1
DA:37,1
DA:38,1
DA:39,1
DA:40,1
DA:42,1
DA:45,1
DA:46,1
DA:47,1
DA:48,1
DA:49,1
DA:50,1
DA:52,1
DA:53,1
DA:54,1
DA:55,1
DA:56,1
DA:57,1
DA:58,1
DA:59,1
DA:60,1
DA:62,1
DA:63,1
DA:64,0
DA:65,0
DA:66,0
DA:67,1
DA:70,1
DA:71,0
DA:72,0
DA:75,0
DA:76,0
DA:77,0
DA:78,0
DA:79,0
DA:80,0
DA:81,0
DA:82,0
DA:83,0
DA:84,0
DA:85,0
DA:86,0
DA:88,0
DA:91,0
DA:92,0
DA:93,0
DA:94,0
DA:95,0
DA:97,0
DA:98,0
DA:99,0
DA:100,0
DA:101,0
DA:102,0
DA:105,1
DA:106,0
DA:107,0
DA:108,0
DA:109,0
DA:110,0
DA:111,0
DA:112,0
DA:113,0
DA:114,0
DA:115,0
DA:116,0
DA:117,0
DA:120,1
DA:121,0
DA:122,0
DA:123,0
DA:124,0
DA:125,0
DA:126,0
DA:127,0
DA:128,0
DA:129,0
DA:130,0
DA:131,0
DA:132,0
DA:135,1
DA:136,0
DA:137,0
DA:138,0
DA:140,0
DA:141,0
DA:142,0
DA:144,0
DA:145,0
DA:147,0
DA:148,0
DA:149,0
DA:150,0
DA:151,0
DA:152,0
DA:153,0
DA:154,0
DA:155,0
DA:156,0
DA:157,0
DA:158,0
DA:160,0
DA:161,0
DA:162,0
DA:163,0
DA:164,0
DA:165,0
DA:168,1
DA:169,0
DA:170,0
DA:171,0
DA:172,0
DA:173,0
DA:174,0
DA:175,0
DA:176,0
DA:177,0
DA:178,0
DA:179,0
DA:180,0
DA:181,0
DA:182,0
DA:183,0
DA:184,0
DA:187,1
DA:188,2
DA:190,2
DA:191,2
DA:192,2
DA:193,2
DA:194,2
DA:195,2
DA:196,2
DA:197,2
DA:198,2
DA:199,2
DA:202,1
DA:203,1
DA:204,1
DA:205,1
DA:206,1
DA:208,1
DA:209,1
DA:210,1
DA:211,1
DA:212,1
DA:213,2
DA:216,1
DA:217,2
DA:218,2
DA:219,2
DA:220,2
DA:222,2
DA:224,2
DA:225,2
DA:228,2
DA:229,2
DA:230,2
DA:232,2
DA:233,2
DA:234,2
DA:235,2
DA:236,1
DA:237,1
DA:238,1
DA:239,1
DA:240,1
DA:241,1
DA:242,1
DA:243,1
DA:244,1
DA:245,1
DA:246,2
DA:247,2
DA:248,2
DA:249,2
DA:251,2
DA:252,2
DA:253,0
DA:254,0
DA:255,0
DA:256,2
DA:260,1
DA:261,2
DA:262,2
DA:263,2
DA:265,2
DA:266,1
DA:267,1
DA:269,1
DA:270,2
DA:273,2
DA:274,1
DA:275,1
DA:276,0
DA:277,0
DA:278,1
DA:279,1
DA:280,1
DA:281,1
DA:282,1
DA:283,1
DA:284,2
DA:286,2
DA:289,1
DA:290,1
DA:291,1
DA:292,1
DA:294,1
DA:295,1
DA:296,1
DA:297,1
DA:298,1
DA:299,2
LF:232
LH:129
BRDA:17,0,0,2
BRDA:25,1,0,0
BRDA:21,2,0,2
BRDA:32,3,0,1
BRDA:63,4,0,0
BRDA:46,5,0,1
BRDA:50,6,0,0
BRDA:56,7,0,0
BRDA:57,8,0,0
BRDA:62,9,0,1
BRDA:187,10,0,2
BRDA:199,11,0,1
BRDA:216,12,0,2
BRDA:230,13,0,1
BRDA:230,14,0,1
BRDA:235,15,0,1
BRDA:240,16,0,1
BRDA:246,17,0,0
BRDA:247,18,0,0
BRDA:252,19,0,0
BRDA:260,20,0,2
BRDA:265,21,0,1
BRDA:270,22,0,0
BRDA:286,23,0,1
BRDA:273,24,0,1
BRDA:275,25,0,0
BRDA:282,26,0,0
BRF:27
BRH:16
end_of_record
TN:
SF:src\components\AuthProtectRoute.jsx
FN:6,AuthProtectRoute
FNF:1
FNH:1
FNDA:4,AuthProtectRoute
DA:1,1
DA:2,1
DA:3,1
DA:4,1
DA:6,1
DA:7,4
DA:8,4
DA:10,4
DA:11,4
DA:12,3
DA:13,1
DA:14,3
DA:16,1
DA:17,1
DA:18,1
DA:19,3
DA:20,4
DA:22,4
DA:23,1
DA:24,1
DA:25,1
DA:26,1
DA:27,1
DA:28,1
DA:29,1
DA:30,1
DA:31,1
DA:33,1
DA:35,3
DA:36,3
DA:38,1
LF:31
LH:31
BRDA:6,0,0,4
BRDA:22,1,0,1
BRDA:33,2,0,3
BRDA:10,3,0,4
BRDA:11,4,0,3
BRDA:12,5,0,2
BRDA:12,6,0,1
BRDA:14,7,0,2
BRDA:14,8,0,1
BRDA:16,9,0,0
BRF:10
BRH:9
end_of_record
TN:
SF:src\components\CreateProjectForm.jsx
FN:5,CreateProjectForm
FN:6,formatDateForInput
FN:41,getTodayFormatted
FN:48,validateForm
FN:89,addGoal
FN:99,deleteGoal
FN:106,handleGoalKeyDown
FN:113,handleSubmit
FN:134,handleChange
FN:247,onDelete
FN:259,onChange
FNF:11
FNH:9
FNDA:48,CreateProjectForm
FNDA:1,formatDateForInput
FNDA:48,getTodayFormatted
FNDA:6,validateForm
FNDA:8,addGoal
FNDA:0,deleteGoal
FNDA:8,handleGoalKeyDown
FNDA:6,handleSubmit
FNDA:15,handleChange
FNDA:0,onDelete
FNDA:8,onChange
DA:1,1
DA:2,1
DA:3,1
DA:5,48
DA:6,48
DA:7,1
DA:8,1
DA:10,0
DA:11,0
DA:13,1
DA:14,1
DA:16,48
DA:17,48
DA:18,48
DA:19,48
DA:20,48
DA:21,48
DA:22,48
DA:23,48
DA:24,48
DA:25,48
DA:26,48
DA:27,48
DA:30,48
DA:31,9
DA:32,1
DA:33,1
DA:34,1
DA:35,1
DA:36,1
DA:37,1
DA:38,1
DA:39,48
DA:41,48
DA:42,48
DA:43,48
DA:44,48
DA:46,48
DA:48,48
DA:49,6
DA:51,6
DA:52,3
DA:53,3
DA:54,1
DA:55,1
DA:57,6
DA:58,3
DA:59,3
DA:60,1
DA:61,1
DA:63,6
DA:64,3
DA:65,3
DA:66,1
DA:67,1
DA:69,6
DA:70,4
DA:71,6
DA:72,2
DA:73,2
DA:74,2
DA:76,2
DA:77,0
DA:78,0
DA:79,2
DA:81,6
DA:82,3
DA:83,3
DA:85,6
DA:86,6
DA:87,6
DA:89,48
DA:90,8
DA:91,8
DA:92,8
DA:93,8
DA:94,8
DA:95,8
DA:96,8
DA:97,8
DA:99,48
DA:100,0
DA:101,0
DA:102,0
DA:103,0
DA:104,0
DA:106,48
DA:107,8
DA:108,8
DA:109,8
DA:110,8
DA:111,8
DA:113,48
DA:114,6
DA:115,6
DA:116,2
DA:117,2
DA:118,2
DA:119,4
DA:120,2
DA:121,2
DA:122,2
DA:123,2
DA:124,2
DA:126,2
DA:127,0
DA:128,2
DA:129,2
DA:130,2
DA:131,2
DA:132,6
DA:134,48
DA:135,15
DA:136,15
DA:137,15
DA:138,15
DA:139,15
DA:140,15
DA:142,48
DA:143,48
DA:144,48
DA:145,48
DA:146,48
DA:148,48
DA:149,48
DA:150,48
DA:152,48
DA:153,48
DA:155,48
DA:156,48
DA:157,48
DA:158,48
DA:159,48
DA:160,48
DA:161,48
DA:162,48
DA:163,48
DA:164,48
DA:165,48
DA:166,48
DA:167,48
DA:168,48
DA:171,48
DA:172,48
DA:173,48
DA:174,48
DA:175,48
DA:176,48
DA:177,48
DA:178,48
DA:179,48
DA:180,48
DA:181,48
DA:182,48
DA:183,48
DA:184,48
DA:185,48
DA:186,48
DA:187,6
DA:189,48
DA:192,48
DA:193,48
DA:194,48
DA:195,48
DA:196,48
DA:197,48
DA:198,48
DA:199,48
DA:200,48
DA:201,48
DA:202,48
DA:203,48
DA:204,48
DA:205,48
DA:206,48
DA:207,48
DA:208,48
DA:209,6
DA:211,48
DA:214,48
DA:215,48
DA:216,48
DA:217,48
DA:218,48
DA:219,48
DA:220,48
DA:221,48
DA:222,48
DA:223,48
DA:224,48
DA:225,48
DA:226,48
DA:227,48
DA:228,48
DA:229,48
DA:230,48
DA:231,6
DA:233,48
DA:236,48
DA:237,48
DA:238,48
DA:239,48
DA:242,48
DA:243,48
DA:244,27
DA:245,27
DA:246,27
DA:247,27
DA:248,27
DA:249,48
DA:250,48
DA:253,48
DA:254,48
DA:255,48
DA:256,48
DA:257,48
DA:258,48
DA:259,48
DA:260,48
DA:261,48
DA:262,48
DA:263,48
DA:264,48
DA:265,48
DA:266,48
DA:267,48
DA:268,48
DA:269,48
DA:270,48
DA:271,48
DA:272,48
DA:273,48
DA:275,48
DA:276,48
DA:278,48
DA:279,5
DA:281,48
DA:283,48
DA:284,48
DA:285,48
DA:286,48
DA:287,48
DA:288,48
DA:290,48
DA:291,48
DA:292,48
DA:293,48
DA:294,48
DA:295,48
DA:296,48
DA:298,48
DA:299,0
DA:300,48
DA:301,48
DA:302,48
DA:303,48
DA:304,48
DA:306,48
LF:258
LH:247
BRDA:5,0,0,48
BRDA:149,1,0,2
BRDA:149,2,0,46
BRDA:163,3,0,6
BRDA:163,4,0,42
BRDA:167,5,0,6
BRDA:167,6,0,42
BRDA:179,7,0,6
BRDA:179,8,0,42
BRDA:184,9,0,6
BRDA:184,10,0,42
BRDA:186,11,0,6
BRDA:201,12,0,6
BRDA:201,13,0,42
BRDA:206,14,0,6
BRDA:206,15,0,42
BRDA:208,16,0,6
BRDA:224,17,0,6
BRDA:224,18,0,42
BRDA:228,19,0,6
BRDA:228,20,0,42
BRDA:230,21,0,6
BRDA:263,22,0,5
BRDA:263,23,0,43
BRDA:266,24,0,5
BRDA:266,25,0,43
BRDA:278,26,0,5
BRDA:298,27,0,0
BRDA:300,28,0,2
BRDA:300,29,0,46
BRDA:6,30,0,1
BRDA:7,31,0,0
BRDA:8,32,0,0
BRDA:30,33,0,9
BRDA:31,34,0,1
BRDA:31,35,0,1
BRDA:34,36,0,0
BRDA:41,37,0,48
BRDA:48,38,0,6
BRDA:51,39,0,3
BRDA:53,40,0,1
BRDA:57,41,0,3
BRDA:59,42,0,1
BRDA:63,43,0,3
BRDA:65,44,0,1
BRDA:69,45,0,4
BRDA:71,46,0,2
BRDA:76,47,0,0
BRDA:81,48,0,3
BRDA:89,49,0,8
BRDA:106,50,0,8
BRDA:107,51,0,0
BRDA:113,52,0,6
BRDA:115,53,0,2
BRDA:122,54,0,0
BRDA:126,55,0,0
BRDA:118,56,0,4
BRDA:119,57,0,0
BRDA:134,58,0,15
BRDA:136,59,0,15
BRDA:243,60,0,27
BRDA:259,61,0,8
BRF:62
BRH:53
end_of_record
TN:
SF:src\components\FormInput.jsx
FN:1,FormInput
FNF:1
FNH:1
FNDA:180,FormInput
DA:1,1
DA:2,180
DA:3,180
DA:4,180
DA:5,180
DA:6,180
DA:7,180
DA:8,180
DA:9,180
DA:10,180
DA:11,180
DA:12,180
DA:13,180
DA:14,180
DA:16,180
DA:17,180
DA:18,180
DA:19,180
DA:20,180
DA:21,180
DA:22,180
DA:23,180
DA:24,180
DA:25,180
DA:26,180
DA:27,180
DA:28,180
DA:29,180
DA:31,180
DA:33,1
LF:30
LH:30
BRDA:1,0,0,180
BRDA:25,1,0,16
BRDA:25,2,0,164
BRDA:28,3,0,16
BRF:4
BRH:4
end_of_record
TN:
SF:src\components\LogInForm.jsx
FN:9,LoginForm
FN:26,handleChange
FN:38,validateForm
FN:62,handleSubmit
FN:89,handleGoogleAuth
FNF:5
FNH:5
FNDA:25,LoginForm
FNDA:5,handleChange
FNDA:4,validateForm
FNDA:4,handleSubmit
FNDA:3,handleGoogleAuth
DA:1,1
DA:2,1
DA:3,1
DA:4,1
DA:5,1
DA:6,1
DA:7,1
DA:9,1
DA:10,25
DA:11,25
DA:12,25
DA:13,25
DA:14,25
DA:15,25
DA:16,25
DA:17,25
DA:18,25
DA:19,25
DA:20,25
DA:21,25
DA:23,25
DA:24,25
DA:26,25
DA:27,5
DA:28,5
DA:29,5
DA:30,5
DA:31,5
DA:33,5
DA:34,0
DA:35,0
DA:36,5
DA:38,25
DA:39,4
DA:40,4
DA:42,4
DA:43,1
DA:44,1
DA:45,4
DA:46,1
DA:47,1
DA:48,1
DA:50,4
DA:51,2
DA:52,2
DA:53,2
DA:54,0
DA:55,0
DA:56,0
DA:58,4
DA:59,4
DA:60,4
DA:62,25
DA:63,4
DA:64,4
DA:65,2
DA:66,2
DA:67,2
DA:68,2
DA:69,1
DA:70,1
DA:71,4
DA:72,4
DA:73,1
DA:74,1
DA:75,1
DA:76,0
DA:77,0
DA:78,0
DA:79,0
DA:80,0
DA:81,0
DA:82,0
DA:83,0
DA:84,1
DA:85,2
DA:86,2
DA:87,4
DA:89,25
DA:90,3
DA:91,3
DA:92,3
DA:93,3
DA:94,3
DA:95,1
DA:96,1
DA:97,1
DA:98,1
DA:99,1
DA:100,1
DA:101,3
DA:102,1
DA:103,1
DA:104,3
DA:105,3
DA:106,3
DA:108,25
DA:109,25
DA:110,25
DA:111,25
DA:112,25
DA:113,25
DA:115,25
DA:117,25
DA:118,25
DA:119,25
DA:120,25
DA:121,25
DA:122,25
DA:123,25
DA:124,25
DA:125,25
DA:127,25
DA:128,25
DA:129,25
DA:130,25
DA:131,25
DA:132,25
DA:133,25
DA:134,25
DA:135,25
DA:137,25
DA:138,25
DA:139,25
DA:140,25
DA:141,25
DA:142,25
DA:143,25
DA:144,25
DA:145,25
DA:147,25
DA:148,25
DA:149,25
DA:151,25
DA:152,25
DA:153,25
DA:154,25
DA:156,25
DA:157,5
DA:159,20
DA:161,25
DA:162,25
DA:164,25
DA:165,25
DA:166,25
DA:167,25
DA:168,25
DA:170,25
DA:171,25
DA:172,25
DA:173,25
DA:174,25
DA:175,25
DA:177,25
DA:178,5
DA:180,20
DA:181,20
DA:182,20
DA:183,20
DA:185,25
DA:186,25
DA:188,25
DA:189,25
DA:190,25
DA:191,25
DA:194,25
DA:196,1
LF:167
LH:154
BRDA:9,0,0,25
BRDA:115,1,0,2
BRDA:156,2,0,5
BRDA:157,3,0,20
BRDA:177,4,0,5
BRDA:178,5,0,20
BRDA:26,6,0,5
BRDA:33,7,0,0
BRDA:28,8,0,5
BRDA:30,9,0,0
BRDA:38,10,0,4
BRDA:42,11,0,1
BRDA:45,12,0,3
BRDA:45,13,0,1
BRDA:50,14,0,2
BRDA:53,15,0,0
BRDA:62,16,0,4
BRDA:64,17,0,2
BRDA:68,18,0,1
BRDA:71,19,0,0
BRDA:71,20,0,1
BRDA:72,21,0,1
BRDA:75,22,0,0
BRDA:84,23,0,2
BRDA:89,24,0,3
BRDA:93,25,0,2
BRDA:94,26,0,1
BRDA:99,27,0,0
BRDA:101,28,0,1
BRF:29
BRH:23
end_of_record
TN:
SF:src\components\ProtectedRoute.jsx
FN:6,ProtectedRoute
FNF:1
FNH:1
FNDA:6,ProtectedRoute
DA:1,1
DA:2,1
DA:3,1
DA:4,1
DA:6,1
DA:7,6
DA:8,6
DA:9,6
DA:11,6
DA:12,6
DA:13,1
DA:14,1
DA:16,6
DA:17,1
DA:18,1
DA:19,1
DA:21,6
DA:22,1
DA:23,1
DA:24,1
DA:27,6
DA:28,1
DA:29,1
DA:30,1
DA:31,6
DA:33,6
DA:34,1
DA:35,1
DA:36,1
DA:37,1
DA:39,1
DA:42,5
DA:43,5
DA:45,1
LF:34
LH:34
BRDA:6,0,0,6
BRDA:33,1,0,1
BRDA:33,2,0,1
BRDA:39,3,0,5
BRDA:11,4,0,6
BRDA:12,5,0,5
BRDA:12,6,0,1
BRDA:14,7,0,5
BRDA:16,8,0,1
BRDA:19,9,0,4
BRDA:21,10,0,1
BRDA:21,11,0,1
BRDA:24,12,0,3
BRDA:27,13,0,2
BRDA:27,14,0,1
BRF:15
BRH:15
end_of_record
TN:
SF:src\components\RoleSelctionForm.jsx
FN:3,RoleSelectionForm
FN:19,handleChange
FN:28,validateForm
FN:52,handleSubmit
FNF:4
FNH:4
FNDA:56,RoleSelectionForm
FNDA:27,handleChange
FNDA:12,validateForm
FNDA:12,handleSubmit
DA:1,1
DA:3,1
DA:4,56
DA:5,56
DA:6,56
DA:7,56
DA:8,56
DA:9,56
DA:11,56
DA:13,56
DA:14,56
DA:15,56
DA:16,56
DA:17,56
DA:19,56
DA:20,27
DA:21,27
DA:23,27
DA:24,2
DA:25,2
DA:26,27
DA:28,56
DA:29,12
DA:31,12
DA:32,3
DA:33,3
DA:35,12
DA:36,3
DA:37,3
DA:39,12
DA:40,4
DA:41,2
DA:42,2
DA:43,4
DA:44,2
DA:45,2
DA:46,4
DA:48,12
DA:49,12
DA:50,12
DA:52,56
DA:53,12
DA:54,12
DA:55,7
DA:56,7
DA:57,12
DA:59,56
DA:60,56
DA:61,56
DA:63,56
DA:64,56
DA:65,56
DA:67,56
DA:68,56
DA:70,56
DA:71,56
DA:72,56
DA:73,56
DA:74,56
DA:75,56
DA:76,56
DA:77,56
DA:78,56
DA:79,56
DA:80,56
DA:81,56
DA:82,56
DA:84,56
DA:85,56
DA:87,56
DA:88,56
DA:89,56
DA:90,56
DA:91,56
DA:92,56
DA:93,56
DA:94,56
DA:95,56
DA:97,56
DA:98,168
DA:99,168
DA:100,168
DA:101,168
DA:102,168
DA:104,168
DA:105,168
DA:106,56
DA:107,56
DA:108,56
DA:109,56
DA:111,56
DA:112,13
DA:113,13
DA:114,13
DA:116,13
DA:117,13
DA:118,13
DA:119,13
DA:120,13
DA:121,13
DA:122,13
DA:123,13
DA:124,13
DA:125,13
DA:126,13
DA:127,13
DA:128,13
DA:129,13
DA:131,13
DA:132,13
DA:134,13
DA:135,13
DA:136,13
DA:137,13
DA:138,13
DA:139,13
DA:140,13
DA:141,13
DA:142,13
DA:143,13
DA:144,13
DA:145,13
DA:146,13
DA:147,13
DA:148,13
DA:150,56
DA:152,56
DA:153,56
DA:154,56
DA:155,56
DA:157,56
DA:158,56
DA:159,56
DA:161,56
DA:163,1
LF:135
LH:135
BRDA:3,0,0,56
BRDA:78,1,0,3
BRDA:78,2,0,53
BRDA:81,3,0,3
BRDA:94,4,0,5
BRDA:94,5,0,51
BRDA:108,6,0,5
BRDA:111,7,0,13
BRDA:124,8,0,2
BRDA:124,9,0,11
BRDA:128,10,0,2
BRDA:142,11,0,2
BRDA:142,12,0,11
BRDA:146,13,0,2
BRDA:19,14,0,27
BRDA:23,15,0,2
BRDA:21,16,0,27
BRDA:24,17,0,2
BRDA:28,18,0,12
BRDA:31,19,0,3
BRDA:35,20,0,3
BRDA:39,21,0,4
BRDA:40,22,0,2
BRDA:43,23,0,2
BRDA:52,24,0,12
BRDA:54,25,0,7
BRDA:97,26,0,168
BRDA:102,27,0,56
BRDA:102,28,0,112
BRF:29
BRH:29
end_of_record
TN:
SF:src\components\SignUpForm.jsx
FN:9,SignUpForm
FN:36,handleChange
FN:42,validateForm
FN:86,handleSubmit
FN:122,handleGoogleAuth
FNF:5
FNH:5
FNDA:31,SignUpForm
FNDA:12,handleChange
FNDA:5,validateForm
FNDA:5,handleSubmit
FNDA:2,handleGoogleAuth
DA:1,1
DA:2,1
DA:3,1
DA:4,1
DA:5,1
DA:6,1
DA:7,1
DA:9,1
DA:10,31
DA:11,31
DA:12,31
DA:13,31
DA:14,31
DA:15,31
DA:16,31
DA:17,31
DA:18,31
DA:19,31
DA:20,31
DA:21,31
DA:22,31
DA:23,31
DA:26,31
DA:27,31
DA:28,31
DA:30,31
DA:31,31
DA:32,31
DA:33,31
DA:34,31
DA:36,31
DA:37,12
DA:38,12
DA:39,12
DA:40,12
DA:42,31
DA:43,5
DA:45,5
DA:47,5
DA:48,2
DA:49,5
DA:50,1
DA:51,1
DA:53,5
DA:54,2
DA:55,5
DA:56,3
DA:57,3
DA:58,2
DA:59,2
DA:60,2
DA:61,3
DA:62,1
DA:63,1
DA:64,1
DA:65,3
DA:67,5
DA:68,1
DA:69,1
DA:71,5
DA:73,5
DA:74,0
DA:75,0
DA:76,0
DA:77,0
DA:78,0
DA:79,0
DA:80,0
DA:82,5
DA:83,5
DA:84,5
DA:86,31
DA:87,5
DA:88,5
DA:89,2
DA:90,2
DA:91,5
DA:92,0
DA:93,0
DA:94,5
DA:96,5
DA:97,1
DA:98,1
DA:99,1
DA:102,1
DA:103,1
DA:104,1
DA:105,1
DA:106,1
DA:107,1
DA:108,1
DA:110,1
DA:113,1
DA:114,1
DA:115,1
DA:116,0
DA:117,0
DA:118,1
DA:119,2
DA:120,5
DA:122,31
DA:123,2
DA:124,2
DA:125,2
DA:126,2
DA:127,1
DA:128,1
DA:129,1
DA:130,1
DA:131,2
DA:132,0
DA:133,0
DA:134,2
DA:135,1
DA:136,0
DA:137,0
DA:138,1
DA:139,0
DA:140,0
DA:141,1
DA:142,0
DA:143,0
DA:144,1
DA:145,1
DA:146,1
DA:147,2
DA:148,2
DA:149,2
DA:151,31
DA:152,31
DA:153,31
DA:154,31
DA:155,31
DA:156,31
DA:157,31
DA:159,31
DA:160,31
DA:161,31
DA:163,31
DA:164,1
DA:165,1
DA:166,1
DA:169,31
DA:170,31
DA:171,31
DA:173,31
DA:174,31
DA:175,31
DA:176,31
DA:177,31
DA:178,31
DA:179,31
DA:180,31
DA:181,31
DA:182,31
DA:183,31
DA:184,31
DA:185,31
DA:186,31
DA:189,31
DA:190,31
DA:192,31
DA:193,31
DA:194,31
DA:195,31
DA:196,31
DA:197,31
DA:198,31
DA:199,31
DA:200,31
DA:202,31
DA:203,93
DA:204,93
DA:205,93
DA:206,93
DA:207,93
DA:209,93
DA:210,93
DA:211,31
DA:212,31
DA:213,31
DA:214,31
DA:217,31
DA:218,0
DA:219,0
DA:220,0
DA:222,0
DA:223,0
DA:224,0
DA:225,0
DA:226,0
DA:227,0
DA:228,0
DA:229,0
DA:230,0
DA:231,0
DA:232,0
DA:233,0
DA:234,0
DA:235,0
DA:237,0
DA:238,0
DA:240,0
DA:241,0
DA:242,0
DA:243,0
DA:244,0
DA:245,0
DA:246,0
DA:247,0
DA:248,0
DA:249,0
DA:250,0
DA:251,0
DA:252,0
DA:253,0
DA:254,0
DA:257,31
DA:258,31
DA:259,31
DA:260,31
DA:261,31
DA:262,31
DA:263,31
DA:264,31
DA:265,31
DA:266,28
DA:268,28
DA:269,28
DA:270,28
DA:271,28
DA:273,31
DA:274,31
DA:275,31
DA:276,31
DA:277,31
DA:278,31
DA:279,31
DA:280,31
DA:281,31
DA:283,31
DA:284,31
DA:285,31
DA:286,31
DA:288,31
DA:289,31
DA:292,31
DA:293,31
DA:294,31
DA:295,31
DA:296,31
DA:299,31
DA:300,31
DA:301,31
DA:302,31
DA:303,31
DA:305,31
DA:306,31
DA:307,31
DA:308,31
DA:309,31
DA:312,31
DA:314,1
LF:263
LH:210
BRDA:9,0,0,31
BRDA:163,1,0,1
BRDA:199,2,0,3
BRDA:199,3,0,28
BRDA:213,4,0,3
BRDA:217,5,0,0
BRDA:265,6,0,28
BRDA:288,7,0,4
BRDA:288,8,0,27
BRDA:36,9,0,12
BRDA:38,10,0,12
BRDA:39,11,0,12
BRDA:42,12,0,5
BRDA:45,13,0,3
BRDA:47,14,0,2
BRDA:49,15,0,3
BRDA:49,16,0,1
BRDA:53,17,0,2
BRDA:55,18,0,3
BRDA:57,19,0,2
BRDA:58,20,0,2
BRDA:59,21,0,2
BRDA:61,22,0,1
BRDA:67,23,0,1
BRDA:71,24,0,3
BRDA:73,25,0,0
BRDA:86,26,0,5
BRDA:88,27,0,3
BRDA:88,28,0,2
BRDA:91,29,0,0
BRDA:94,30,0,2
BRDA:96,31,0,1
BRDA:110,32,0,0
BRDA:115,33,0,0
BRDA:118,34,0,2
BRDA:122,35,0,2
BRDA:126,36,0,1
BRDA:131,37,0,0
BRDA:134,38,0,1
BRDA:135,39,0,0
BRDA:138,40,0,0
BRDA:141,41,0,0
BRDA:202,42,0,93
BRDA:207,43,0,31
BRDA:207,44,0,62
BRF:45
BRH:36
end_of_record
TN:
SF:src\components\StatusModal.jsx
FN:4,StatusModal
FNF:1
FNH:1
FNDA:26,StatusModal
DA:1,1
DA:2,1
DA:4,1
DA:5,26
DA:6,26
DA:7,26
DA:8,2
DA:9,2
DA:10,2
DA:11,2
DA:12,2
DA:14,2
DA:15,2
DA:16,2
DA:17,2
DA:18,2
DA:19,2
DA:20,2
DA:21,2
DA:22,2
DA:24,2
DA:25,2
DA:26,2
DA:27,2
DA:28,2
DA:30,2
DA:31,2
DA:32,2
DA:33,2
DA:34,2
DA:35,2
DA:36,2
DA:37,2
DA:38,2
DA:39,2
DA:40,2
DA:41,2
DA:43,2
DA:44,2
DA:45,2
DA:46,2
DA:48,26
DA:50,26
DA:52,1
LF:44
LH:44
BRDA:4,0,0,26
BRDA:7,1,0,2
BRDA:28,2,0,0
BRDA:30,3,0,0
BRDA:39,4,0,0
BRDA:39,5,0,0
BRF:6
BRH:2
end_of_record
TN:
SF:src\components\navigationBar.jsx
FN:5,NavBar
FN:61,onClick
FNF:2
FNH:1
FNDA:10,NavBar
FNDA:0,onClick
DA:1,1
DA:2,1
DA:3,1
DA:5,1
DA:6,10
DA:8,10
DA:9,10
DA:10,10
DA:11,10
DA:13,10
DA:14,10
DA:15,10
DA:16,10
DA:17,10
DA:18,10
DA:19,10
DA:21,10
DA:22,10
DA:25,10
DA:26,10
DA:27,10
DA:28,10
DA:29,10
DA:30,10
DA:31,10
DA:32,10
DA:33,40
DA:34,40
DA:35,40
DA:36,40
DA:38,40
DA:39,40
DA:40,40
DA:41,10
DA:42,10
DA:45,10
DA:46,10
DA:47,10
DA:49,10
DA:50,10
DA:51,10
DA:52,10
DA:54,10
DA:55,10
DA:56,10
DA:57,10
DA:60,10
DA:61,10
DA:62,10
DA:63,10
DA:65,10
DA:66,10
DA:67,10
DA:68,10
DA:69,10
DA:70,10
DA:71,10
DA:73,10
DA:74,10
DA:75,10
DA:76,10
DA:77,10
DA:78,10
DA:79,10
DA:80,10
DA:82,10
DA:83,10
DA:84,10
DA:85,10
DA:88,10
DA:89,10
DA:90,10
DA:91,10
DA:92,10
DA:93,10
DA:94,10
DA:95,10
DA:96,40
DA:97,40
DA:98,40
DA:99,40
DA:101,40
DA:102,40
DA:103,10
DA:104,10
DA:105,10
DA:106,10
DA:107,10
DA:109,10
DA:110,10
DA:111,10
DA:112,10
DA:114,10
DA:115,10
DA:116,10
DA:117,10
DA:118,10
DA:119,10
DA:120,10
DA:121,10
DA:123,10
DA:125,1
LF:102
LH:102
BRDA:5,0,0,10
BRDA:67,1,0,0
BRDA:76,2,0,0
BRDA:88,3,0,0
BRDA:32,4,0,40
BRDA:95,5,0,40
BRF:6
BRH:3
end_of_record
TN:
SF:src\components\ResearcherComponents\AssignReviewersModal.jsx
FN:6,AssignReviewersModal
FN:15,loadReviewers
FN:38,handleSearch
FN:52,handleSelectReviewer
FN:60,handleAssign
FN:102,onChange
FN:134,onClick
FNF:7
FNH:7
FNDA:24,AssignReviewersModal
FNDA:10,loadReviewers
FNDA:2,handleSearch
FNDA:3,handleSelectReviewer
FNDA:1,handleAssign
FNDA:2,onChange
FNDA:3,onClick
DA:1,1
DA:2,1
DA:3,1
DA:4,1
DA:6,24
DA:7,24
DA:8,24
DA:9,24
DA:10,24
DA:11,24
DA:12,24
DA:14,24
DA:15,11
DA:16,10
DA:17,10
DA:18,10
DA:19,20
DA:20,20
DA:21,20
DA:22,20
DA:23,10
DA:24,10
DA:25,10
DA:26,10
DA:27,0
DA:28,10
DA:29,10
DA:30,10
DA:31,10
DA:33,11
DA:34,10
DA:35,10
DA:36,24
DA:38,24
DA:39,2
DA:40,2
DA:41,0
DA:42,2
DA:43,2
DA:44,4
DA:45,4
DA:46,3
DA:47,2
DA:48,2
DA:49,2
DA:50,2
DA:52,24
DA:53,3
DA:54,1
DA:55,3
DA:56,2
DA:57,2
DA:58,3
DA:60,24
DA:61,1
DA:62,1
DA:63,1
DA:64,1
DA:65,1
DA:66,0
DA:67,0
DA:69,1
DA:71,24
DA:73,23
DA:74,23
DA:75,23
DA:76,23
DA:77,23
DA:78,23
DA:79,23
DA:80,23
DA:81,23
DA:82,23
DA:84,23
DA:85,23
DA:86,23
DA:87,23
DA:88,23
DA:89,23
DA:91,23
DA:92,23
DA:93,23
DA:94,23
DA:95,23
DA:97,23
DA:98,23
DA:99,23
DA:100,23
DA:101,23
DA:102,23
DA:103,23
DA:104,23
DA:105,23
DA:106,23
DA:107,23
DA:108,23
DA:109,23
DA:110,23
DA:112,23
DA:113,23
DA:114,23
DA:115,23
DA:116,23
DA:117,23
DA:118,23
DA:119,23
DA:120,23
DA:122,23
DA:123,10
DA:124,10
DA:125,10
DA:126,10
DA:127,10
DA:128,10
DA:130,13
DA:131,13
DA:132,23
DA:133,23
DA:134,23
DA:135,23
DA:136,23
DA:137,3
DA:138,20
DA:139,23
DA:141,23
DA:142,23
DA:143,23
DA:144,23
DA:145,23
DA:146,23
DA:147,23
DA:148,23
DA:149,23
DA:150,23
DA:151,23
DA:152,23
DA:153,23
DA:154,23
DA:155,23
DA:156,23
DA:157,23
DA:158,23
DA:159,23
DA:160,23
DA:161,23
DA:162,23
DA:163,3
DA:164,20
DA:165,23
DA:167,23
DA:168,3
DA:169,3
DA:170,3
DA:172,23
DA:173,23
DA:174,23
DA:175,13
DA:177,13
DA:178,1
DA:179,1
DA:180,1
DA:182,13
DA:185,24
DA:186,24
DA:187,24
DA:188,24
DA:189,24
DA:190,24
DA:191,24
DA:192,24
DA:193,24
DA:194,24
DA:196,24
DA:197,24
DA:198,24
DA:199,24
DA:200,24
DA:202,24
DA:203,1
DA:204,1
DA:205,1
DA:206,1
DA:208,22
DA:210,24
DA:211,24
DA:212,24
DA:213,24
DA:214,24
DA:215,24
DA:217,24
LF:190
LH:186
BRDA:6,0,0,24
BRDA:71,1,0,1
BRDA:71,2,0,23
BRDA:122,3,0,10
BRDA:128,4,0,13
BRDA:177,5,0,1
BRDA:177,6,0,1
BRDA:187,7,0,20
BRDA:187,8,0,3
BRDA:199,9,0,3
BRDA:202,10,0,1
BRDA:206,11,0,22
BRDA:14,12,0,11
BRDA:33,13,0,10
BRDA:15,14,0,10
BRDA:26,15,0,0
BRDA:18,16,0,20
BRDA:21,17,0,0
BRDA:22,18,0,0
BRDA:38,19,0,2
BRDA:40,20,0,0
BRDA:43,21,0,4
BRDA:45,22,0,3
BRDA:52,23,0,3
BRDA:53,24,0,1
BRDA:55,25,0,2
BRDA:53,26,0,1
BRDA:54,27,0,1
BRDA:60,28,0,1
BRDA:61,29,0,0
BRDA:65,30,0,0
BRDA:102,31,0,2
BRDA:131,32,0,23
BRDA:136,33,0,3
BRDA:137,34,0,20
BRDA:162,35,0,3
BRDA:163,36,0,20
BRDA:167,37,0,3
BRDA:134,38,0,3
BRDA:136,39,0,6
BRDA:162,40,0,6
BRDA:167,41,0,6
BRF:42
BRH:36
end_of_record
TN:
SF:src\components\ResearcherComponents\ChipComponent.jsx
FN:1,ChipComponent
FNF:1
FNH:1
FNDA:27,ChipComponent
DA:1,27
DA:2,27
DA:3,27
DA:4,27
DA:5,27
DA:6,27
DA:7,27
DA:8,27
DA:9,27
DA:10,27
DA:11,27
DA:13,27
DA:14,27
DA:16,27
LF:14
LH:14
BRDA:1,0,0,27
BRF:1
BRH:1
end_of_record
TN:
SF:src\components\ResearcherComponents\ProjectFeedback.jsx
FN:4,ProjectFeedback
FN:10,loadFeedback
FN:24,getStatusDisplay
FNF:3
FNH:3
FNDA:15,ProjectFeedback
FNDA:8,loadFeedback
FNDA:12,getStatusDisplay
DA:1,1
DA:2,1
DA:4,15
DA:5,15
DA:6,15
DA:7,15
DA:9,15
DA:10,8
DA:11,8
DA:12,8
DA:13,6
DA:14,8
DA:15,1
DA:16,8
DA:17,7
DA:18,7
DA:19,8
DA:21,8
DA:22,15
DA:24,15
DA:25,12
DA:26,12
DA:27,8
DA:28,12
DA:29,0
DA:30,12
DA:31,4
DA:32,12
DA:33,0
DA:34,12
DA:35,0
DA:36,12
DA:37,12
DA:39,15
DA:40,8
DA:41,8
DA:42,8
DA:43,8
DA:45,8
DA:47,15
DA:48,1
DA:49,1
DA:50,1
DA:51,1
DA:53,1
DA:55,15
DA:56,2
DA:57,2
DA:59,2
DA:61,2
DA:63,4
DA:64,4
DA:65,4
DA:66,6
DA:67,6
DA:68,6
DA:69,6
DA:70,6
DA:71,6
DA:72,6
DA:73,6
DA:74,6
DA:75,6
DA:76,6
DA:77,6
DA:78,6
DA:79,6
DA:80,6
DA:82,6
DA:83,6
DA:85,6
DA:86,6
DA:88,6
DA:89,6
DA:90,6
DA:91,6
DA:92,6
DA:93,30
DA:94,30
DA:95,30
DA:96,30
DA:97,30
DA:98,30
DA:100,30
DA:101,30
DA:102,6
DA:103,6
DA:104,6
DA:105,6
DA:106,6
DA:107,6
DA:108,6
DA:109,6
DA:111,6
DA:112,6
DA:113,4
DA:114,4
DA:116,4
LF:98
LH:95
BRDA:4,0,0,15
BRDA:39,1,0,8
BRDA:45,2,0,7
BRDA:47,3,0,1
BRDA:53,4,0,6
BRDA:55,5,0,2
BRDA:61,6,0,4
BRDA:9,7,0,8
BRDA:10,8,0,8
BRDA:12,9,0,6
BRDA:14,10,0,1
BRDA:16,11,0,7
BRDA:24,12,0,12
BRDA:26,13,0,8
BRDA:28,14,0,0
BRDA:30,15,0,4
BRDA:32,16,0,0
BRDA:34,17,0,0
BRDA:65,18,0,6
BRDA:70,19,0,0
BRDA:73,20,0,0
BRDA:92,21,0,30
BRDA:95,22,0,22
BRDA:95,23,0,8
BRDA:98,24,0,22
BRDA:98,25,0,8
BRF:26
BRH:21
end_of_record
TN:
SF:src\components\ResearcherComponents\Navigation\MainNav.jsx
FN:8,MainNav
FN:14,handleSearch
FN:19,handleLogout
FN:36,onClick
FN:45,onClick
FN:54,onClick
FN:63,onClick
FN:72,onClick
FN:91,onChange
FN:105,onClick
FN:115,onClick
FN:134,onClick
FN:141,onClick
FN:191,onClick
FNF:14
FNH:6
FNDA:72,MainNav
FNDA:2,handleSearch
FNDA:1,handleLogout
FNDA:0,onClick
FNDA:0,onClick
FNDA:0,onClick
FNDA:0,onClick
FNDA:0,onClick
FNDA:3,onChange
FNDA:1,onClick
FNDA:1,onClick
FNDA:0,onClick
FNDA:0,onClick
FNDA:0,onClick
DA:1,1
DA:2,1
DA:3,1
DA:4,1
DA:5,1
DA:6,1
DA:8,72
DA:9,72
DA:10,72
DA:11,72
DA:12,72
DA:14,72
DA:15,2
DA:16,2
DA:17,2
DA:19,72
DA:20,1
DA:21,1
DA:22,1
DA:23,1
DA:24,0
DA:25,0
DA:26,1
DA:27,1
DA:29,72
DA:30,72
DA:31,72
DA:32,72
DA:33,72
DA:34,72
DA:35,72
DA:36,72
DA:37,72
DA:38,72
DA:40,72
DA:41,72
DA:42,72
DA:44,72
DA:45,72
DA:46,72
DA:47,72
DA:49,72
DA:50,72
DA:51,72
DA:53,72
DA:54,72
DA:55,72
DA:56,72
DA:58,72
DA:59,72
DA:60,72
DA:62,72
DA:63,72
DA:64,72
DA:65,72
DA:67,72
DA:68,72
DA:69,72
DA:71,72
DA:72,72
DA:73,72
DA:74,72
DA:76,72
DA:77,72
DA:78,72
DA:79,72
DA:81,72
DA:82,72
DA:83,72
DA:84,72
DA:85,72
DA:86,72
DA:87,72
DA:88,72
DA:89,72
DA:90,72
DA:91,72
DA:92,72
DA:93,72
DA:94,72
DA:96,72
DA:97,72
DA:98,72
DA:99,72
DA:101,72
DA:102,72
DA:103,72
DA:104,72
DA:105,72
DA:106,72
DA:108,72
DA:109,72
DA:110,72
DA:113,72
DA:114,72
DA:115,72
DA:116,72
DA:117,72
DA:118,72
DA:120,72
DA:121,1
DA:123,71
DA:125,72
DA:126,72
DA:127,72
DA:128,72
DA:130,72
DA:131,1
DA:132,1
DA:133,1
DA:134,1
DA:135,1
DA:136,1
DA:137,1
DA:139,1
DA:140,1
DA:141,1
DA:142,1
DA:143,1
DA:145,1
DA:146,1
DA:147,1
DA:149,72
DA:152,72
DA:153,72
DA:154,1
DA:155,1
DA:156,1
DA:157,1
DA:159,1
DA:160,1
DA:161,1
DA:162,1
DA:163,1
DA:164,1
DA:166,1
DA:167,1
DA:168,1
DA:169,1
DA:171,1
DA:172,1
DA:173,1
DA:175,1
DA:176,1
DA:177,1
DA:178,1
DA:179,1
DA:180,1
DA:181,1
DA:182,1
DA:183,1
DA:184,1
DA:185,1
DA:187,1
DA:188,1
DA:189,1
DA:190,1
DA:191,1
DA:192,1
DA:194,1
DA:195,1
DA:196,1
DA:197,1
DA:198,1
DA:200,72
DA:201,72
DA:203,72
LF:167
LH:165
BRDA:8,0,0,72
BRDA:37,1,0,0
BRDA:46,2,0,0
BRDA:55,3,0,0
BRDA:64,4,0,0
BRDA:73,5,0,0
BRDA:120,6,0,1
BRDA:121,7,0,71
BRDA:130,8,0,1
BRDA:153,9,0,1
BRDA:14,10,0,2
BRDA:19,11,0,1
BRDA:23,12,0,0
BRDA:91,13,0,3
BRDA:105,14,0,1
BRDA:115,15,0,1
BRF:16
BRH:10
end_of_record
TN:
SF:src\components\ResearcherComponents\Navigation\MobileBottomNav.jsx
FN:4,MobileBottomNav
FN:12,onClick
FN:21,onClick
FN:30,onClick
FN:39,onClick
FN:48,onClick
FNF:6
FNH:1
FNDA:64,MobileBottomNav
FNDA:0,onClick
FNDA:0,onClick
FNDA:0,onClick
FNDA:0,onClick
FNDA:0,onClick
DA:1,1
DA:2,1
DA:4,64
DA:5,64
DA:6,64
DA:8,64
DA:9,64
DA:10,64
DA:11,64
DA:12,64
DA:13,64
DA:14,64
DA:16,64
DA:17,64
DA:18,64
DA:20,64
DA:21,64
DA:22,64
DA:23,64
DA:25,64
DA:26,64
DA:27,64
DA:29,64
DA:30,64
DA:31,64
DA:32,64
DA:34,64
DA:35,64
DA:36,64
DA:38,64
DA:39,64
DA:40,64
DA:41,64
DA:43,64
DA:44,64
DA:45,64
DA:47,64
DA:48,64
DA:49,64
DA:50,64
DA:52,64
DA:53,64
DA:54,64
DA:55,64
DA:56,64
DA:58,64
LF:46
LH:46
BRDA:4,0,0,64
BRDA:13,1,0,6
BRDA:13,2,0,58
BRDA:22,3,0,0
BRDA:31,4,0,0
BRDA:40,5,0,0
BRDA:49,6,0,0
BRF:7
BRH:3
end_of_record
TN:
SF:src\components\ReviewerComponents\ProjectReviews.jsx
FN:4,ProjectReviews
FNF:1
FNH:0
FNDA:0,ProjectReviews
DA:1,1
DA:2,1
DA:4,0
DA:5,0
DA:6,0
DA:7,0
DA:9,0
DA:10,0
DA:11,0
DA:13,0
DA:14,0
DA:15,0
DA:16,0
DA:17,0
DA:18,0
DA:19,0
DA:20,0
DA:21,0
DA:22,0
DA:24,0
DA:25,0
DA:26,0
DA:27,0
DA:28,0
DA:30,0
DA:32,0
DA:33,0
DA:34,0
DA:35,0
DA:36,0
DA:38,0
DA:40,0
DA:41,0
DA:42,0
DA:43,0
DA:44,0
DA:46,0
DA:48,0
DA:49,0
DA:50,0
DA:51,0
DA:52,0
DA:53,0
DA:54,0
DA:55,0
DA:56,0
DA:57,0
DA:58,0
DA:59,0
DA:60,0
DA:61,0
DA:62,0
DA:63,0
DA:64,0
DA:65,0
DA:66,0
DA:68,0
DA:69,0
DA:70,0
DA:71,0
DA:72,0
DA:73,0
DA:74,0
DA:76,0
DA:77,0
DA:78,0
DA:79,0
DA:80,0
DA:81,0
DA:82,0
DA:83,0
DA:84,0
DA:85,0
DA:87,0
DA:88,0
DA:89,0
DA:90,0
DA:91,0
DA:92,0
DA:93,0
DA:94,0
DA:95,0
DA:96,0
DA:98,0
DA:99,0
DA:100,0
DA:101,0
DA:103,0
LF:88
LH:2
BRF:0
BRH:0
end_of_record
TN:
SF:src\components\ReviewerComponents\ReviewFeedbackForm.jsx
FN:4,ReviewFeedbackForm
FNF:1
FNH:0
FNDA:0,ReviewFeedbackForm
DA:1,1
DA:2,1
DA:4,0
DA:5,0
DA:6,0
DA:7,0
DA:8,0
DA:9,0
DA:10,0
DA:11,0
DA:13,0
DA:14,0
DA:15,0
DA:16,0
DA:18,0
DA:19,0
DA:20,0
DA:21,0
DA:22,0
DA:23,0
DA:24,0
DA:25,0
DA:26,0
DA:28,0
DA:29,0
DA:30,0
DA:31,0
DA:33,0
DA:34,0
DA:35,0
DA:36,0
DA:37,0
DA:38,0
DA:39,0
DA:41,0
DA:42,0
DA:43,0
DA:44,0
DA:45,0
DA:46,0
DA:48,0
DA:49,0
DA:51,0
DA:52,0
DA:54,0
DA:55,0
DA:56,0
DA:57,0
DA:58,0
DA:59,0
DA:60,0
DA:61,0
DA:63,0
DA:64,0
DA:65,0
DA:66,0
DA:67,0
DA:68,0
DA:70,0
DA:71,0
DA:72,0
DA:73,0
DA:74,0
DA:75,0
DA:77,0
DA:78,0
DA:80,0
DA:81,0
DA:82,0
DA:83,0
DA:84,0
DA:85,0
DA:86,0
DA:87,0
DA:88,0
DA:89,0
DA:90,0
DA:92,0
DA:93,0
DA:94,0
DA:95,0
DA:98,0
DA:99,0
DA:100,0
DA:101,0
DA:103,0
DA:104,0
DA:105,0
DA:107,0
LF:89
LH:2
BRF:0
BRH:0
end_of_record
TN:
SF:src\components\ReviewerComponents\ReviewRequests.jsx
FN:1,(empty-report)
FNF:1
FNH:0
FNDA:0,(empty-report)
DA:1,0
DA:2,0
DA:3,0
DA:4,0
DA:5,0
DA:7,0
DA:8,0
DA:9,0
DA:10,0
DA:11,0
DA:13,0
DA:14,0
DA:15,0
DA:16,0
DA:17,0
DA:19,0
DA:20,0
DA:21,0
DA:22,0
DA:23,0
DA:24,0
DA:25,0
DA:26,0
DA:27,0
DA:29,0
DA:30,0
DA:32,0
DA:33,0
DA:34,0
DA:36,0
DA:37,0
DA:38,0
DA:39,0
DA:40,0
DA:41,0
DA:42,0
DA:43,0
DA:44,0
DA:45,0
DA:46,0
DA:48,0
DA:49,0
DA:50,0
DA:51,0
DA:52,0
DA:53,0
DA:54,0
DA:55,0
DA:56,0
DA:57,0
DA:59,0
DA:60,0
DA:61,0
DA:62,0
DA:63,0
DA:64,0
DA:65,0
DA:66,0
DA:67,0
DA:68,0
DA:69,0
DA:70,0
DA:71,0
DA:73,0
DA:74,0
DA:75,0
DA:77,0
DA:78,0
DA:79,0
DA:80,0
DA:82,0
DA:83,0
DA:84,0
DA:85,0
DA:86,0
DA:87,0
DA:89,0
DA:90,0
DA:91,0
DA:93,0
DA:94,0
DA:95,0
DA:96,0
DA:97,0
DA:98,0
DA:99,0
DA:100,0
DA:102,0
DA:103,0
DA:104,0
DA:105,0
DA:106,0
DA:108,0
DA:110,0
DA:111,0
DA:112,0
DA:113,0
DA:114,0
DA:116,0
DA:118,0
DA:119,0
DA:120,0
DA:121,0
DA:122,0
DA:123,0
DA:124,0
DA:125,0
DA:126,0
DA:128,0
DA:129,0
DA:131,0
DA:132,0
DA:134,0
DA:136,0
DA:137,0
DA:138,0
DA:139,0
DA:140,0
DA:141,0
DA:143,0
DA:144,0
DA:145,0
DA:146,0
DA:147,0
DA:148,0
DA:149,0
DA:150,0
DA:151,0
DA:152,0
DA:153,0
DA:154,0
DA:155,0
DA:158,0
DA:159,0
DA:160,0
DA:161,0
DA:162,0
DA:163,0
DA:164,0
DA:166,0
DA:167,0
DA:168,0
DA:169,0
DA:170,0
DA:172,0
DA:173,0
DA:174,0
DA:176,0
DA:177,0
DA:178,0
DA:179,0
DA:181,0
LF:152
LH:0
BRDA:1,0,0,0
BRF:1
BRH:0
end_of_record
TN:
SF:src\components\ReviewerComponents\ReviewRequestsPanel.jsx
FN:1,(empty-report)
FNF:1
FNH:0
FNDA:0,(empty-report)
DA:1,0
DA:2,0
DA:3,0
DA:4,0
DA:6,0
DA:7,0
DA:8,0
DA:9,0
DA:10,0
DA:12,0
DA:13,0
DA:14,0
DA:16,0
DA:17,0
DA:18,0
DA:20,0
DA:21,0
DA:22,0
DA:23,0
DA:24,0
DA:25,0
DA:26,0
DA:27,0
DA:28,0
DA:30,0
DA:31,0
DA:32,0
DA:33,0
DA:34,0
DA:35,0
DA:36,0
DA:37,0
DA:38,0
DA:40,0
DA:41,0
DA:42,0
DA:43,0
DA:44,0
DA:45,0
DA:46,0
DA:47,0
DA:48,0
DA:49,0
DA:50,0
DA:51,0
DA:53,0
DA:54,0
DA:55,0
DA:56,0
DA:57,0
DA:59,0
DA:60,0
DA:61,0
DA:62,0
DA:63,0
DA:64,0
DA:65,0
DA:66,0
DA:68,0
DA:69,0
DA:70,0
DA:72,0
DA:74,0
DA:75,0
DA:76,0
DA:77,0
DA:78,0
DA:80,0
DA:81,0
DA:82,0
DA:84,0
DA:85,0
DA:86,0
DA:87,0
DA:88,0
DA:90,0
DA:91,0
DA:92,0
DA:93,0
DA:94,0
DA:96,0
DA:98,0
DA:99,0
DA:100,0
DA:101,0
DA:102,0
DA:104,0
DA:106,0
DA:107,0
DA:108,0
DA:109,0
DA:110,0
DA:112,0
DA:114,0
DA:115,0
DA:116,0
DA:117,0
DA:118,0
DA:119,0
DA:120,0
DA:121,0
DA:122,0
DA:123,0
DA:124,0
DA:125,0
DA:127,0
DA:128,0
DA:129,0
DA:130,0
DA:131,0
DA:133,0
DA:134,0
DA:135,0
DA:136,0
DA:137,0
DA:139,0
DA:140,0
DA:141,0
DA:142,0
DA:143,0
DA:145,0
DA:146,0
DA:147,0
DA:148,0
DA:149,0
DA:151,0
LF:126
LH:0
BRDA:1,0,0,0
BRF:1
BRH:0
end_of_record
TN:
SF:src\components\ReviewerComponents\ReviewRequestsSection.jsx
FN:1,(empty-report)
FNF:1
FNH:0
FNDA:0,(empty-report)
DA:1,0
DA:2,0
DA:3,0
DA:5,0
DA:6,0
DA:7,0
DA:8,0
DA:9,0
DA:11,0
DA:12,0
DA:13,0
DA:14,0
DA:15,0
DA:17,0
DA:18,0
DA:19,0
DA:20,0
DA:21,0
DA:22,0
DA:23,0
DA:24,0
DA:26,0
DA:27,0
DA:29,0
DA:30,0
DA:31,0
DA:32,0
DA:34,0
DA:35,0
DA:36,0
DA:37,0
DA:38,0
DA:39,0
DA:40,0
DA:42,0
DA:43,0
DA:44,0
DA:45,0
DA:46,0
DA:47,0
DA:49,0
DA:50,0
DA:51,0
DA:52,0
DA:53,0
DA:55,0
DA:57,0
DA:58,0
DA:59,0
DA:60,0
DA:61,0
DA:63,0
DA:65,0
DA:66,0
DA:67,0
DA:68,0
DA:69,0
DA:70,0
DA:71,0
DA:72,0
DA:74,0
DA:75,0
DA:77,0
DA:79,0
DA:80,0
DA:81,0
DA:82,0
DA:83,0
DA:84,0
DA:85,0
DA:86,0
DA:87,0
DA:88,0
DA:90,0
DA:91,0
DA:92,0
DA:93,0
DA:95,0
DA:96,0
DA:98,0
DA:99,0
DA:100,0
DA:101,0
DA:102,0
DA:103,0
DA:105,0
DA:106,0
DA:107,0
DA:109,0
DA:111,0
DA:113,0
DA:114,0
DA:115,0
DA:116,0
DA:117,0
DA:119,0
DA:120,0
DA:121,0
DA:122,0
DA:123,0
DA:124,0
DA:125,0
DA:127,0
LF:103
LH:0
BRDA:1,0,0,0
BRF:1
BRH:0
end_of_record
TN:
SF:src\components\ReviewerComponents\ReviewerSideBar.jsx
FN:1,(empty-report)
FNF:1
FNH:0
FNDA:0,(empty-report)
DA:1,0
DA:2,0
DA:11,0
DA:13,0
DA:14,0
DA:15,0
DA:17,0
DA:18,0
DA:19,0
DA:20,0
DA:22,0
DA:28,0
DA:29,0
DA:31,0
DA:32,0
DA:33,0
DA:34,0
DA:35,0
DA:37,0
DA:38,0
DA:41,0
DA:42,0
DA:43,0
DA:46,0
DA:47,0
DA:48,0
DA:49,0
DA:50,0
DA:51,0
DA:52,0
DA:54,0
DA:56,0
DA:57,0
DA:59,0
DA:60,0
DA:61,0
DA:62,0
DA:63,0
DA:65,0
DA:67,0
DA:68,0
DA:70,0
DA:71,0
DA:72,0
DA:73,0
DA:74,0
DA:76,0
DA:78,0
DA:79,0
DA:81,0
DA:82,0
DA:83,0
DA:84,0
DA:85,0
DA:87,0
DA:89,0
DA:90,0
DA:92,0
DA:93,0
DA:94,0
DA:95,0
DA:96,0
DA:98,0
DA:100,0
DA:101,0
DA:103,0
DA:104,0
DA:105,0
DA:106,0
DA:107,0
DA:109,0
DA:111,0
DA:112,0
DA:114,0
DA:115,0
DA:116,0
DA:117,0
DA:118,0
DA:119,0
DA:120,0
DA:122,0
DA:124,0
DA:125,0
DA:126,0
DA:127,0
DA:128,0
DA:130,0
DA:132,0
LF:88
LH:0
BRDA:1,0,0,0
BRF:1
BRH:0
end_of_record
TN:
SF:src\components\ReviewerComponents\ReviewerSideBarToggle.jsx
FN:1,(empty-report)
FNF:1
FNH:0
FNDA:0,(empty-report)
DA:1,0
DA:3,0
DA:5,0
DA:6,0
DA:7,0
DA:8,0
DA:9,0
DA:11,0
DA:12,0
DA:13,0
DA:14,0
DA:16,0
LF:12
LH:0
BRDA:1,0,0,0
BRF:1
BRH:0
end_of_record
TN:
SF:src\components\ReviewerComponents\Navigation\ReviewerMainNav.jsx
FN:8,ReviewerMainNav
FN:14,handleSearch
FN:19,handleLogout
FN:36,onClick
FN:45,onClick
FN:54,onClick
FN:63,onClick
FN:72,onClick
FN:91,onChange
FN:105,onClick
FN:115,onClick
FN:134,onClick
FN:141,onClick
FN:191,onClick
FNF:14
FNH:2
FNDA:14,ReviewerMainNav
FNDA:0,handleSearch
FNDA:0,handleLogout
FNDA:0,onClick
FNDA:0,onClick
FNDA:0,onClick
FNDA:0,onClick
FNDA:0,onClick
FNDA:1,onChange
FNDA:0,onClick
FNDA:0,onClick
FNDA:0,onClick
FNDA:0,onClick
FNDA:0,onClick
DA:1,1
DA:2,1
DA:3,1
DA:4,1
DA:5,1
DA:6,1
DA:8,14
DA:9,14
DA:10,14
DA:11,14
DA:12,14
DA:14,14
DA:15,0
DA:16,0
DA:17,0
DA:19,14
DA:20,0
DA:21,0
DA:22,0
DA:23,0
DA:24,0
DA:25,0
DA:26,0
DA:27,0
DA:29,14
DA:30,14
DA:31,14
DA:32,14
DA:33,14
DA:34,14
DA:35,14
DA:36,14
DA:37,14
DA:38,14
DA:40,14
DA:41,14
DA:42,14
DA:44,14
DA:45,14
DA:46,14
DA:47,14
DA:49,14
DA:50,14
DA:51,14
DA:53,14
DA:54,14
DA:55,14
DA:56,14
DA:58,14
DA:59,14
DA:60,14
DA:62,14
DA:63,14
DA:64,14
DA:65,14
DA:67,14
DA:68,14
DA:69,14
DA:71,14
DA:72,14
DA:73,14
DA:74,14
DA:76,14
DA:77,14
DA:78,14
DA:79,14
DA:81,14
DA:82,14
DA:83,14
DA:84,14
DA:85,14
DA:86,14
DA:87,14
DA:88,14
DA:89,14
DA:90,14
DA:91,14
DA:92,14
DA:93,14
DA:94,14
DA:96,14
DA:97,14
DA:98,14
DA:99,14
DA:101,14
DA:102,14
DA:103,14
DA:104,14
DA:105,14
DA:106,14
DA:108,14
DA:109,14
DA:110,14
DA:113,14
DA:114,14
DA:115,14
DA:116,14
DA:117,14
DA:118,14
DA:120,14
DA:121,0
DA:123,14
DA:125,14
DA:126,14
DA:127,14
DA:128,14
DA:130,14
DA:131,0
DA:132,0
DA:133,0
DA:134,0
DA:135,0
DA:136,0
DA:137,0
DA:139,0
DA:140,0
DA:141,0
DA:142,0
DA:143,0
DA:145,0
DA:146,0
DA:147,0
DA:149,14
DA:152,14
DA:153,14
DA:154,0
DA:155,0
DA:156,0
DA:157,0
DA:159,0
DA:160,0
DA:161,0
DA:162,0
DA:163,0
DA:164,0
DA:166,0
DA:167,0
DA:168,0
DA:169,0
DA:171,0
DA:172,0
DA:173,0
DA:175,0
DA:176,0
DA:177,0
DA:178,0
DA:179,0
DA:180,0
DA:181,0
DA:182,0
DA:183,0
DA:184,0
DA:185,0
DA:187,0
DA:188,0
DA:189,0
DA:190,0
DA:191,0
DA:192,0
DA:194,0
DA:195,0
DA:196,0
DA:197,0
DA:198,0
DA:200,14
DA:201,14
DA:203,14
LF:167
LH:101
BRDA:8,0,0,14
BRDA:37,1,0,0
BRDA:46,2,0,0
BRDA:55,3,0,0
BRDA:64,4,0,0
BRDA:73,5,0,0
BRDA:120,6,0,0
BRDA:130,7,0,0
BRDA:153,8,0,0
BRDA:91,9,0,1
BRF:10
BRH:2
end_of_record
TN:
SF:src\components\ReviewerComponents\Navigation\ReviewerMobileBottomNav.jsx
FN:5,ReviewerMobileBottomNav
FN:13,onClick
FN:22,onClick
FN:31,onClick
FN:40,onClick
FNF:5
FNH:1
FNDA:13,ReviewerMobileBottomNav
FNDA:0,onClick
FNDA:0,onClick
FNDA:0,onClick
FNDA:0,onClick
DA:1,1
DA:2,1
DA:3,1
DA:5,13
DA:6,13
DA:7,13
DA:9,13
DA:10,13
DA:11,13
DA:12,13
DA:13,13
DA:14,13
DA:15,13
DA:17,13
DA:18,13
DA:19,13
DA:21,13
DA:22,13
DA:23,13
DA:24,13
DA:26,13
DA:27,13
DA:28,13
DA:30,13
DA:31,13
DA:32,13
DA:33,13
DA:35,13
DA:36,13
DA:37,13
DA:39,13
DA:40,13
DA:41,13
DA:42,13
DA:44,13
DA:45,13
DA:46,13
DA:47,13
DA:48,13
DA:50,13
LF:40
LH:40
BRDA:5,0,0,13
BRDA:14,1,0,0
BRDA:23,2,0,0
BRDA:32,3,0,0
BRDA:41,4,0,0
BRF:5
BRH:1
end_of_record
TN:
SF:src\context\AuthContext.jsx
FN:12,AuthProvider
FN:35,fetchRoleFromDatabase
FN:91,useAuth
FNF:3
FNH:1
FNDA:2,AuthProvider
FNDA:0,fetchRoleFromDatabase
FNDA:0,useAuth
DA:1,1
DA:2,1
DA:3,1
DA:4,1
DA:5,1
DA:6,1
DA:9,1
DA:12,1
DA:13,2
DA:14,2
DA:15,2
DA:16,2
DA:18,2
DA:19,1
DA:20,1
DA:21,0
DA:23,0
DA:24,1
DA:25,1
DA:26,1
DA:27,1
DA:28,1
DA:29,1
DA:31,1
DA:32,2
DA:35,2
DA:36,0
DA:37,0
DA:38,0
DA:39,0
DA:40,0
DA:41,0
DA:42,0
DA:44,0
DA:45,0
DA:46,0
DA:47,0
DA:48,0
DA:49,0
DA:50,0
DA:52,0
DA:53,0
DA:54,0
DA:55,0
DA:56,0
DA:57,0
DA:58,0
DA:59,0
DA:60,0
DA:61,0
DA:62,0
DA:63,0
DA:64,0
DA:65,0
DA:66,0
DA:70,2
DA:71,1
DA:72,1
DA:73,1
DA:74,1
DA:76,1
DA:78,1
DA:79,1
DA:80,1
DA:81,1
DA:82,1
DA:83,1
DA:84,1
DA:85,1
DA:87,1
DA:88,1
DA:91,1
DA:92,0
DA:93,0
DA:95,1
LF:75
LH:42
BRDA:12,0,0,2
BRDA:70,1,0,1
BRDA:70,2,0,1
BRDA:18,3,0,1
BRDA:19,4,0,1
BRDA:20,5,0,0
BRDA:31,6,0,1
BRF:7
BRH:6
end_of_record
TN:
SF:src\pages\AdminDocumentsPage.jsx
FN:10,AdminDocumentsPage
FNF:1
FNH:0
FNDA:0,AdminDocumentsPage
DA:1,1
DA:2,1
DA:3,1
DA:4,1
DA:5,1
DA:6,1
DA:7,1
DA:8,1
DA:10,0
DA:11,0
DA:12,0
DA:13,0
DA:14,0
DA:15,0
DA:18,0
DA:21,0
DA:22,0
DA:23,0
DA:25,0
DA:26,0
DA:27,0
DA:28,0
DA:31,0
DA:32,0
DA:33,0
DA:34,0
DA:35,0
DA:37,0
DA:38,0
DA:40,0
DA:41,0
DA:42,0
DA:44,0
DA:45,0
DA:46,0
DA:47,0
DA:48,0
DA:49,0
DA:50,0
DA:51,0
DA:52,0
DA:53,0
DA:54,0
DA:55,0
DA:56,0
DA:57,0
DA:59,0
DA:60,0
DA:61,0
DA:62,0
DA:63,0
DA:64,0
DA:65,0
DA:67,0
DA:68,0
DA:70,0
DA:71,0
DA:72,0
DA:73,0
DA:74,0
DA:75,0
DA:76,0
DA:78,0
DA:80,0
DA:81,0
DA:82,0
DA:83,0
DA:84,0
DA:85,0
DA:86,0
DA:87,0
DA:88,0
DA:90,0
DA:91,0
DA:92,0
DA:93,0
DA:95,0
DA:96,0
DA:98,0
DA:99,0
DA:100,0
DA:101,0
DA:102,0
DA:103,0
DA:105,0
DA:106,0
DA:107,0
DA:108,0
DA:109,0
DA:110,0
DA:111,0
DA:112,0
DA:113,0
DA:115,0
DA:116,0
DA:117,0
DA:118,0
DA:121,0
DA:122,0
DA:123,0
DA:124,0
DA:125,0
DA:126,0
DA:127,0
DA:128,0
DA:129,0
DA:130,0
DA:131,0
DA:133,0
DA:134,0
DA:136,0
DA:137,0
DA:139,0
DA:140,0
DA:142,0
DA:143,0
DA:145,0
DA:146,0
DA:148,0
DA:149,0
DA:150,0
DA:151,0
DA:152,0
DA:153,0
DA:154,0
DA:155,0
DA:156,0
DA:157,0
DA:158,0
DA:159,0
DA:160,0
DA:161,0
DA:162,0
DA:163,0
DA:165,0
DA:166,0
DA:167,0
DA:168,0
DA:169,0
DA:170,0
DA:171,0
DA:172,0
DA:173,0
DA:174,0
DA:175,0
DA:176,0
DA:177,0
DA:178,0
DA:179,0
DA:180,0
DA:181,0
DA:182,0
DA:183,0
DA:184,0
DA:185,0
DA:187,0
DA:188,0
DA:189,0
DA:190,0
DA:191,0
DA:192,0
DA:193,0
DA:194,0
DA:195,0
DA:196,0
DA:197,0
DA:198,0
DA:199,0
DA:200,0
DA:201,0
DA:203,0
LF:171
LH:8
BRF:0
BRH:0
end_of_record
TN:
SF:src\pages\AdminHomePage.jsx
FN:9,AdminHomePage
FNF:1
FNH:0
FNDA:0,AdminHomePage
DA:1,1
DA:2,1
DA:3,1
DA:4,1
DA:5,1
DA:6,1
DA:7,1
DA:9,0
DA:10,0
DA:11,0
DA:12,0
DA:13,0
DA:14,0
DA:15,0
DA:16,0
DA:17,0
DA:18,0
DA:19,0
DA:20,0
DA:21,0
DA:22,0
DA:23,0
DA:24,0
DA:25,0
DA:26,0
DA:28,0
DA:29,0
DA:30,0
DA:32,0
DA:33,0
DA:36,0
DA:37,0
DA:40,0
DA:41,0
DA:44,0
DA:45,0
DA:47,0
DA:49,0
DA:50,0
DA:51,0
DA:52,0
DA:53,0
DA:54,0
DA:56,0
DA:57,0
DA:58,0
DA:59,0
DA:60,0
DA:61,0
DA:63,0
DA:64,0
DA:66,0
DA:67,0
DA:68,0
DA:69,0
DA:70,0
DA:71,0
DA:72,0
DA:73,0
DA:74,0
DA:76,0
DA:77,0
DA:78,0
DA:79,0
DA:80,0
DA:81,0
DA:84,0
DA:85,0
DA:86,0
DA:87,0
DA:88,0
DA:89,0
DA:90,0
DA:91,0
DA:92,0
DA:94,0
DA:95,0
DA:96,0
DA:98,0
DA:99,0
DA:100,0
DA:101,0
DA:102,0
DA:103,0
DA:105,0
DA:106,0
DA:107,0
DA:109,0
DA:110,0
DA:113,0
DA:114,0
DA:116,0
DA:117,0
DA:118,0
DA:119,0
DA:120,0
DA:121,0
DA:122,0
DA:123,0
DA:125,0
DA:126,0
DA:127,0
DA:128,0
DA:129,0
DA:131,0
DA:132,0
DA:133,0
DA:134,0
DA:135,0
DA:136,0
DA:137,0
DA:139,0
DA:140,0
DA:141,0
DA:143,0
DA:144,0
DA:145,0
DA:146,0
DA:147,0
DA:148,0
DA:149,0
DA:151,0
DA:152,0
DA:153,0
DA:155,0
DA:156,0
DA:157,0
DA:158,0
DA:159,0
DA:160,0
DA:161,0
DA:162,0
DA:163,0
DA:165,0
DA:166,0
DA:167,0
DA:169,0
DA:170,0
DA:171,0
DA:172,0
DA:173,0
DA:174,0
DA:175,0
DA:177,0
DA:178,0
DA:179,0
DA:180,0
DA:182,0
DA:185,0
DA:186,0
DA:187,0
DA:188,0
DA:189,0
DA:191,0
DA:192,0
DA:193,0
DA:194,0
DA:195,0
DA:196,0
DA:197,0
DA:198,0
DA:200,0
DA:201,0
DA:202,0
DA:203,0
DA:204,0
DA:205,0
DA:206,0
DA:207,0
DA:208,0
DA:209,0
DA:210,0
DA:211,0
DA:212,0
DA:213,0
DA:214,0
DA:215,0
DA:216,0
DA:217,0
DA:218,0
DA:219,0
DA:220,0
DA:221,0
DA:222,0
DA:223,0
DA:224,0
DA:225,0
DA:226,0
DA:227,0
DA:228,0
DA:229,0
DA:230,0
DA:231,0
DA:233,0
DA:234,0
DA:235,0
DA:236,0
DA:237,0
DA:238,0
DA:240,0
DA:241,0
DA:242,0
DA:243,0
DA:244,0
DA:245,0
DA:247,0
DA:248,0
DA:250,0
DA:251,0
DA:254,0
DA:255,0
DA:256,0
DA:257,0
DA:258,0
DA:260,0
DA:261,0
DA:262,0
DA:263,0
DA:264,0
DA:267,0
DA:268,0
DA:269,0
DA:270,0
DA:271,0
DA:272,0
DA:273,0
DA:274,0
DA:275,0
DA:277,0
DA:278,0
DA:279,0
DA:280,0
DA:281,0
DA:282,0
DA:283,0
DA:284,0
DA:285,0
DA:286,0
DA:287,0
DA:288,0
DA:290,0
DA:291,0
DA:292,0
DA:293,0
DA:294,0
DA:295,0
DA:296,0
DA:297,0
DA:298,0
DA:299,0
DA:300,0
DA:301,0
DA:303,0
DA:304,0
DA:305,0
DA:306,0
DA:307,0
DA:308,0
DA:309,0
DA:310,0
DA:311,0
DA:312,0
DA:313,0
DA:314,0
DA:315,0
DA:316,0
DA:317,0
DA:319,0
DA:320,0
DA:321,0
DA:322,0
DA:323,0
DA:324,0
DA:326,0
DA:327,0
DA:328,0
DA:329,0
DA:330,0
DA:331,0
DA:335,0
DA:336,0
DA:337,0
DA:338,0
DA:339,0
DA:340,0
DA:342,0
DA:343,0
DA:344,0
DA:345,0
DA:346,0
DA:347,0
DA:349,0
DA:350,0
DA:351,0
DA:352,0
DA:354,0
DA:355,0
DA:356,0
DA:358,0
DA:359,0
DA:360,0
DA:361,0
DA:362,0
DA:363,0
DA:364,0
DA:365,0
DA:366,0
DA:367,0
DA:368,0
DA:370,0
DA:371,0
DA:372,0
DA:373,0
DA:374,0
DA:375,0
DA:377,0
DA:378,0
DA:379,0
DA:380,0
DA:381,0
DA:383,0
DA:384,0
DA:385,0
DA:387,0
LF:324
LH:7
BRF:0
BRH:0
end_of_record
TN:
SF:src\pages\AdminProjectsPage.jsx
FN:8,AdminProjectsPage
FNF:1
FNH:0
FNDA:0,AdminProjectsPage
DA:1,1
DA:2,1
DA:3,1
DA:4,1
DA:5,1
DA:6,1
DA:8,0
DA:9,0
DA:10,0
DA:11,0
DA:12,0
DA:15,0
DA:18,0
DA:19,0
DA:20,0
DA:22,0
DA:23,0
DA:24,0
DA:25,0
DA:26,0
DA:27,0
DA:28,0
DA:29,0
DA:30,0
DA:31,0
DA:32,0
DA:34,0
DA:35,0
DA:37,0
DA:38,0
DA:39,0
DA:40,0
DA:41,0
DA:42,0
DA:43,0
DA:44,0
DA:45,0
DA:47,0
DA:48,0
DA:49,0
DA:50,0
DA:52,0
DA:53,0
DA:55,0
DA:56,0
DA:57,0
DA:58,0
DA:59,0
DA:60,0
DA:62,0
DA:63,0
DA:64,0
DA:65,0
DA:66,0
DA:67,0
DA:68,0
DA:69,0
DA:70,0
DA:72,0
DA:73,0
DA:74,0
DA:75,0
DA:77,0
DA:78,0
DA:79,0
DA:80,0
DA:82,0
DA:83,0
DA:84,0
DA:85,0
DA:86,0
DA:87,0
DA:88,0
DA:89,0
DA:90,0
DA:91,0
DA:92,0
DA:93,0
DA:94,0
DA:95,0
DA:96,0
DA:97,0
DA:98,0
DA:99,0
DA:100,0
DA:101,0
DA:102,0
DA:103,0
DA:104,0
DA:105,0
DA:106,0
DA:107,0
DA:108,0
DA:109,0
DA:110,0
DA:111,0
DA:112,0
DA:113,0
DA:114,0
DA:115,0
DA:116,0
DA:117,0
DA:119,0
DA:120,0
DA:121,0
DA:122,0
DA:123,0
DA:124,0
DA:125,0
DA:126,0
DA:127,0
DA:128,0
DA:130,0
DA:132,0
DA:133,0
DA:134,0
DA:136,0
LF:117
LH:6
BRF:0
BRH:0
end_of_record
TN:
SF:src\pages\AdminUsersPage.jsx
FN:8,AdminUsersPage
FNF:1
FNH:0
FNDA:0,AdminUsersPage
DA:1,1
DA:2,1
DA:3,1
DA:4,1
DA:5,1
DA:6,1
DA:8,0
DA:9,0
DA:10,0
DA:11,0
DA:12,0
DA:15,0
DA:18,0
DA:19,0
DA:20,0
DA:22,0
DA:23,0
DA:24,0
DA:25,0
DA:26,0
DA:27,0
DA:28,0
DA:29,0
DA:30,0
DA:31,0
DA:32,0
DA:34,0
DA:35,0
DA:37,0
DA:38,0
DA:39,0
DA:40,0
DA:41,0
DA:42,0
DA:43,0
DA:44,0
DA:45,0
DA:47,0
DA:48,0
DA:49,0
DA:50,0
DA:52,0
DA:53,0
DA:55,0
DA:56,0
DA:57,0
DA:58,0
DA:59,0
DA:60,0
DA:62,0
DA:63,0
DA:64,0
DA:65,0
DA:66,0
DA:67,0
DA:68,0
DA:69,0
DA:70,0
DA:72,0
DA:73,0
DA:74,0
DA:75,0
DA:77,0
DA:78,0
DA:79,0
DA:80,0
DA:82,0
DA:83,0
DA:84,0
DA:85,0
DA:86,0
DA:87,0
DA:88,0
DA:89,0
DA:90,0
DA:91,0
DA:92,0
DA:93,0
DA:94,0
DA:95,0
DA:96,0
DA:97,0
DA:98,0
DA:99,0
DA:100,0
DA:101,0
DA:102,0
DA:103,0
DA:104,0
DA:105,0
DA:106,0
DA:108,0
DA:109,0
DA:110,0
DA:111,0
DA:112,0
DA:113,0
DA:114,0
DA:115,0
DA:116,0
DA:117,0
DA:119,0
DA:121,0
DA:122,0
DA:123,0
DA:125,0
LF:106
LH:6
BRF:0
BRH:0
end_of_record
TN:
SF:src\pages\Documents.jsx
FN:12,DocumentsPage
FNF:1
FNH:0
FNDA:0,DocumentsPage
DA:1,1
DA:2,1
DA:3,1
DA:4,1
DA:5,1
DA:6,1
DA:7,1
DA:8,1
DA:9,1
DA:10,1
DA:12,0
DA:13,0
DA:14,0
DA:15,0
DA:16,0
DA:17,0
DA:18,0
DA:19,0
DA:20,0
DA:21,0
DA:22,0
DA:23,0
DA:24,0
DA:25,0
DA:26,0
DA:27,0
DA:28,0
DA:29,0
DA:30,0
DA:31,0
DA:33,0
DA:34,0
DA:35,0
DA:37,0
DA:38,0
DA:39,0
DA:40,0
DA:41,0
DA:42,0
DA:43,0
DA:44,0
DA:47,0
DA:48,0
DA:51,0
DA:52,0
DA:53,0
DA:54,0
DA:55,0
DA:58,0
DA:59,0
DA:60,0
DA:61,0
DA:62,0
DA:64,0
DA:65,0
DA:66,0
DA:67,0
DA:68,0
DA:69,0
DA:70,0
DA:71,0
DA:72,0
DA:73,0
DA:76,0
DA:77,0
DA:78,0
DA:79,0
DA:80,0
DA:82,0
DA:83,0
DA:84,0
DA:85,0
DA:86,0
DA:87,0
DA:88,0
DA:89,0
DA:91,0
DA:92,0
DA:93,0
DA:94,0
DA:95,0
DA:96,0
DA:98,0
DA:99,0
DA:100,0
DA:101,0
DA:103,0
DA:104,0
DA:105,0
DA:106,0
DA:107,0
DA:108,0
DA:109,0
DA:110,0
DA:111,0
DA:112,0
DA:113,0
DA:114,0
DA:116,0
DA:117,0
DA:118,0
DA:119,0
DA:120,0
DA:121,0
DA:124,0
DA:125,0
DA:126,0
DA:127,0
DA:128,0
DA:129,0
DA:130,0
DA:133,0
DA:134,0
DA:135,0
DA:136,0
DA:137,0
DA:138,0
DA:139,0
DA:140,0
DA:141,0
DA:142,0
DA:143,0
DA:144,0
DA:145,0
DA:146,0
DA:147,0
DA:149,0
DA:150,0
DA:151,0
DA:152,0
DA:155,0
DA:156,0
DA:158,0
DA:159,0
DA:160,0
DA:161,0
DA:162,0
DA:163,0
DA:164,0
DA:165,0
DA:166,0
DA:168,0
DA:169,0
DA:170,0
DA:171,0
DA:172,0
DA:173,0
DA:174,0
DA:175,0
DA:176,0
DA:177,0
DA:178,0
DA:179,0
DA:181,0
DA:182,0
DA:183,0
DA:184,0
DA:186,0
DA:187,0
DA:188,0
DA:189,0
DA:190,0
DA:191,0
DA:192,0
DA:193,0
DA:194,0
DA:195,0
DA:196,0
DA:197,0
DA:198,0
DA:200,0
DA:201,0
DA:203,0
DA:204,0
DA:205,0
DA:206,0
DA:207,0
DA:208,0
DA:209,0
DA:210,0
DA:211,0
DA:212,0
DA:214,0
DA:215,0
DA:216,0
DA:218,0
DA:219,0
DA:220,0
DA:221,0
DA:222,0
DA:223,0
DA:224,0
DA:225,0
DA:226,0
DA:227,0
DA:228,0
DA:229,0
DA:230,0
DA:231,0
DA:233,0
DA:234,0
DA:235,0
DA:236,0
DA:238,0
DA:239,0
DA:240,0
DA:241,0
DA:242,0
DA:244,0
DA:245,0
DA:246,0
DA:247,0
DA:248,0
DA:249,0
DA:250,0
DA:251,0
DA:253,0
DA:254,0
DA:256,0
DA:258,0
DA:259,0
DA:260,0
DA:262,0
DA:263,0
DA:264,0
DA:265,0
DA:266,0
DA:268,0
DA:269,0
DA:270,0
DA:271,0
DA:274,0
DA:275,0
DA:276,0
DA:277,0
DA:279,0
DA:280,0
DA:281,0
DA:283,0
DA:285,0
DA:286,0
DA:287,0
DA:288,0
DA:289,0
DA:291,0
DA:292,0
DA:293,0
DA:295,0
DA:297,0
DA:298,0
DA:299,0
DA:300,0
DA:301,0
DA:302,0
DA:303,0
DA:304,0
DA:305,0
DA:306,0
DA:307,0
DA:308,0
DA:310,0
DA:311,0
DA:312,0
DA:314,0
DA:315,0
DA:317,0
DA:318,0
DA:319,0
DA:320,0
DA:321,0
DA:322,0
DA:323,0
DA:324,0
DA:325,0
DA:326,0
DA:327,0
DA:328,0
DA:329,0
DA:330,0
DA:331,0
DA:332,0
DA:333,0
DA:334,0
DA:335,0
DA:337,0
DA:338,0
DA:339,0
DA:340,0
DA:341,0
DA:343,0
DA:344,0
DA:345,0
DA:346,0
DA:347,0
DA:348,0
DA:349,0
DA:350,0
DA:351,0
DA:352,0
DA:353,0
DA:355,0
DA:356,0
DA:357,0
DA:358,0
DA:359,0
DA:360,0
DA:361,0
DA:363,0
DA:364,0
DA:365,0
DA:366,0
DA:367,0
DA:368,0
DA:369,0
DA:371,0
DA:372,0
DA:373,0
DA:374,0
DA:375,0
DA:376,0
DA:378,0
DA:379,0
DA:380,0
DA:382,0
DA:383,0
DA:385,0
DA:386,0
DA:387,0
DA:388,0
DA:389,0
DA:390,0
DA:394,0
DA:395,0
DA:396,0
DA:397,0
DA:398,0
DA:399,0
DA:400,0
DA:401,0
DA:403,0
DA:404,0
DA:405,0
DA:406,0
DA:407,0
DA:408,0
DA:410,0
DA:411,0
DA:412,0
DA:413,0
DA:414,0
DA:415,0
DA:416,0
DA:417,0
DA:418,0
DA:419,0
DA:421,0
DA:422,0
DA:423,0
DA:424,0
DA:425,0
DA:426,0
DA:427,0
DA:428,0
DA:429,0
DA:430,0
DA:431,0
DA:432,0
DA:433,0
DA:434,0
DA:435,0
DA:436,0
DA:437,0
DA:438,0
DA:439,0
DA:440,0
DA:442,0
DA:443,0
DA:444,0
DA:445,0
DA:446,0
DA:448,0
DA:449,0
DA:451,0
DA:453,0
DA:454,0
DA:455,0
DA:456,0
DA:460,0
DA:461,0
DA:462,0
DA:463,0
DA:464,0
DA:466,0
DA:467,0
DA:468,0
DA:470,0
DA:471,0
DA:472,0
DA:473,0
DA:474,0
DA:475,0
DA:476,0
DA:477,0
DA:478,0
DA:479,0
DA:480,0
DA:481,0
DA:482,0
DA:484,0
DA:485,0
DA:487,0
DA:488,0
DA:489,0
DA:490,0
DA:491,0
DA:492,0
DA:493,0
DA:494,0
DA:495,0
DA:497,0
DA:498,0
DA:500,0
DA:501,0
DA:502,0
DA:503,0
DA:504,0
DA:505,0
DA:506,0
DA:507,0
DA:508,0
DA:509,0
DA:511,0
DA:512,0
DA:513,0
DA:514,0
DA:515,0
DA:516,0
DA:517,0
DA:518,0
DA:519,0
DA:520,0
DA:522,0
DA:523,0
DA:524,0
DA:525,0
DA:526,0
DA:528,0
DA:529,0
DA:531,0
DA:533,0
DA:534,0
DA:535,0
DA:536,0
DA:540,0
DA:541,0
DA:542,0
DA:543,0
DA:544,0
DA:545,0
DA:546,0
DA:547,0
DA:548,0
DA:549,0
DA:550,0
DA:551,0
DA:552,0
DA:553,0
DA:554,0
DA:555,0
DA:557,0
DA:558,0
DA:559,0
DA:560,0
DA:561,0
DA:563,0
DA:564,0
DA:566,0
DA:568,0
DA:569,0
DA:570,0
DA:571,0
DA:573,0
DA:575,0
DA:576,0
DA:578,0
LF:485
LH:10
BRF:0
BRH:0
end_of_record
TN:
SF:src\pages\FundingManagementPage.jsx
FN:9,FundingManagementPage
FNF:1
FNH:0
FNDA:0,FundingManagementPage
DA:1,1
DA:2,1
DA:3,1
DA:4,1
DA:5,1
DA:6,1
DA:7,1
DA:9,0
DA:10,0
DA:11,0
DA:12,0
DA:13,0
DA:14,0
DA:15,0
DA:16,0
DA:17,0
DA:18,0
DA:19,0
DA:20,0
DA:21,0
DA:22,0
DA:23,0
DA:24,0
DA:25,0
DA:26,0
DA:28,0
DA:29,0
DA:30,0
DA:32,0
DA:33,0
DA:34,0
DA:35,0
DA:36,0
DA:37,0
DA:38,0
DA:39,0
DA:40,0
DA:41,0
DA:42,0
DA:43,0
DA:44,0
DA:46,0
DA:47,0
DA:48,0
DA:49,0
DA:50,0
DA:51,0
DA:52,0
DA:53,0
DA:54,0
DA:55,0
DA:56,0
DA:57,0
DA:58,0
DA:59,0
DA:60,0
DA:61,0
DA:62,0
DA:63,0
DA:64,0
DA:65,0
DA:66,0
DA:67,0
DA:68,0
DA:69,0
DA:71,0
DA:72,0
DA:73,0
DA:74,0
DA:75,0
DA:76,0
DA:77,0
DA:78,0
DA:79,0
DA:80,0
DA:81,0
DA:82,0
DA:83,0
DA:84,0
DA:85,0
DA:86,0
DA:88,0
DA:89,0
DA:90,0
DA:91,0
DA:92,0
DA:93,0
DA:94,0
DA:95,0
DA:96,0
DA:98,0
DA:99,0
DA:100,0
DA:101,0
DA:102,0
DA:103,0
DA:104,0
DA:105,0
DA:107,0
DA:108,0
DA:109,0
DA:110,0
DA:111,0
DA:112,0
DA:113,0
DA:114,0
DA:115,0
DA:116,0
DA:117,0
DA:119,0
DA:121,0
DA:122,0
DA:125,0
DA:126,0
DA:127,0
DA:128,0
DA:129,0
DA:130,0
DA:131,0
DA:132,0
DA:133,0
DA:134,0
DA:135,0
DA:136,0
DA:137,0
DA:138,0
DA:139,0
DA:140,0
DA:141,0
DA:142,0
DA:143,0
DA:144,0
DA:145,0
DA:146,0
DA:147,0
DA:148,0
DA:149,0
DA:150,0
DA:152,0
DA:153,0
DA:154,0
DA:155,0
DA:156,0
DA:157,0
DA:158,0
DA:160,0
DA:161,0
DA:162,0
DA:163,0
DA:164,0
DA:165,0
DA:166,0
DA:167,0
DA:169,0
DA:170,0
DA:171,0
DA:172,0
DA:173,0
DA:174,0
DA:175,0
DA:176,0
DA:177,0
DA:178,0
DA:181,0
DA:182,0
DA:183,0
DA:184,0
DA:185,0
DA:186,0
DA:187,0
DA:188,0
DA:189,0
DA:190,0
DA:191,0
DA:192,0
DA:193,0
DA:194,0
DA:195,0
DA:196,0
DA:197,0
DA:198,0
DA:199,0
DA:200,0
DA:201,0
DA:202,0
DA:203,0
DA:204,0
DA:205,0
DA:206,0
DA:207,0
DA:208,0
DA:209,0
DA:210,0
DA:211,0
DA:212,0
DA:213,0
DA:214,0
DA:215,0
DA:216,0
DA:217,0
DA:218,0
DA:219,0
DA:220,0
DA:221,0
DA:222,0
DA:223,0
DA:224,0
DA:225,0
DA:226,0
DA:227,0
DA:228,0
DA:229,0
DA:230,0
DA:231,0
DA:232,0
DA:233,0
DA:234,0
DA:236,0
DA:237,0
DA:238,0
DA:239,0
DA:240,0
DA:242,0
DA:243,0
DA:244,0
DA:245,0
DA:246,0
DA:248,0
DA:250,0
DA:251,0
DA:252,0
DA:253,0
DA:254,0
DA:255,0
DA:259,0
DA:260,0
DA:261,0
DA:262,0
DA:263,0
DA:264,0
DA:265,0
DA:266,0
DA:267,0
DA:268,0
DA:270,0
DA:271,0
DA:272,0
DA:273,0
DA:274,0
DA:275,0
DA:276,0
DA:277,0
DA:278,0
DA:279,0
DA:281,0
DA:282,0
DA:283,0
DA:284,0
DA:285,0
DA:287,0
DA:288,0
DA:289,0
DA:291,0
DA:293,0
DA:295,0
DA:296,0
DA:297,0
DA:298,0
DA:300,0
DA:302,0
DA:303,0
DA:304,0
DA:305,0
DA:306,0
DA:307,0
DA:308,0
DA:310,0
LF:277
LH:7
BRF:0
BRH:0
end_of_record
TN:
SF:src\pages\FundingTrackerPage.jsx
FN:9,FundingTrackerPage
FN:19,fetchUserProjects
FN:38,loadFundingData
FN:86,onClick
FN:108,onChange
FN:179,onClick
FN:200,onChange
FN:298,onClick
FN:346,onClick
FNF:9
FNH:5
FNDA:42,FundingTrackerPage
FNDA:10,fetchUserProjects
FNDA:10,loadFundingData
FNDA:1,onClick
FNDA:0,onChange
FNDA:0,onClick
FNDA:2,onChange
FNDA:0,onClick
FNDA:0,onClick
DA:1,1
DA:2,1
DA:3,1
DA:4,1
DA:5,1
DA:6,1
DA:7,1
DA:9,42
DA:10,42
DA:11,42
DA:12,42
DA:13,42
DA:14,42
DA:15,42
DA:16,42
DA:18,42
DA:19,10
DA:20,10
DA:21,10
DA:22,10
DA:23,10
DA:24,9
DA:25,9
DA:26,10
DA:27,1
DA:28,10
DA:29,10
DA:30,10
DA:31,10
DA:32,10
DA:34,10
DA:35,42
DA:37,42
DA:38,10
DA:39,10
DA:40,10
DA:41,10
DA:42,10
DA:43,0
DA:44,10
DA:45,10
DA:46,10
DA:47,10
DA:49,10
DA:50,42
DA:52,42
DA:53,21
DA:54,19
DA:55,21
DA:56,2
DA:57,4
DA:58,2
DA:59,2
DA:60,2
DA:61,42
DA:64,42
DA:65,40
DA:66,40
DA:67,40
DA:68,42
DA:70,42
DA:71,40
DA:72,42
DA:74,42
DA:75,42
DA:77,42
DA:78,20
DA:79,20
DA:80,20
DA:81,20
DA:82,20
DA:83,20
DA:84,20
DA:85,20
DA:86,20
DA:87,20
DA:89,20
DA:90,20
DA:91,20
DA:93,20
DA:94,20
DA:95,20
DA:98,20
DA:99,20
DA:100,20
DA:101,20
DA:102,20
DA:103,20
DA:104,20
DA:105,20
DA:106,20
DA:107,20
DA:108,20
DA:109,20
DA:110,20
DA:111,20
DA:112,20
DA:113,20
DA:114,20
DA:116,20
DA:117,20
DA:119,20
DA:120,20
DA:121,60
DA:122,60
DA:123,60
DA:124,60
DA:125,20
DA:126,20
DA:129,20
DA:131,20
DA:132,20
DA:133,20
DA:134,20
DA:135,20
DA:136,20
DA:137,20
DA:138,20
DA:139,40
DA:140,20
DA:141,20
DA:142,20
DA:143,20
DA:146,20
DA:147,20
DA:148,20
DA:149,20
DA:150,20
DA:151,60
DA:152,60
DA:153,60
DA:154,60
DA:155,60
DA:156,60
DA:157,60
DA:158,20
DA:159,20
DA:160,20
DA:161,20
DA:162,20
DA:163,20
DA:164,20
DA:165,20
DA:167,20
DA:169,22
DA:170,22
DA:172,22
DA:173,22
DA:174,22
DA:176,22
DA:177,22
DA:178,22
DA:179,22
DA:180,22
DA:182,22
DA:183,22
DA:184,22
DA:186,22
DA:187,22
DA:190,22
DA:191,22
DA:192,22
DA:193,22
DA:194,22
DA:195,22
DA:196,22
DA:197,22
DA:198,22
DA:199,22
DA:200,22
DA:201,22
DA:202,22
DA:203,22
DA:204,22
DA:207,22
DA:208,22
DA:209,22
DA:210,22
DA:212,22
DA:213,22
DA:214,22
DA:215,22
DA:216,22
DA:217,22
DA:218,22
DA:219,22
DA:221,22
DA:222,22
DA:225,22
DA:226,22
DA:227,22
DA:228,22
DA:229,22
DA:230,22
DA:231,22
DA:232,22
DA:233,22
DA:234,22
DA:235,22
DA:236,22
DA:237,22
DA:238,22
DA:239,22
DA:240,22
DA:243,22
DA:245,22
DA:247,22
DA:248,22
DA:249,22
DA:250,22
DA:251,22
DA:253,22
DA:254,22
DA:255,22
DA:256,22
DA:257,22
DA:259,22
DA:260,22
DA:261,22
DA:262,22
DA:263,22
DA:264,22
DA:267,22
DA:268,22
DA:269,22
DA:271,22
DA:273,22
DA:274,22
DA:276,0
DA:277,0
DA:278,0
DA:279,0
DA:280,0
DA:281,0
DA:282,0
DA:283,22
DA:285,22
DA:286,22
DA:287,22
DA:288,22
DA:290,22
DA:291,22
DA:292,22
DA:293,22
DA:295,22
DA:296,22
DA:297,22
DA:298,22
DA:299,0
DA:300,0
DA:301,22
DA:303,22
DA:304,22
DA:305,22
DA:306,22
DA:307,22
DA:308,22
DA:310,22
DA:311,22
DA:312,22
DA:313,22
DA:314,22
DA:315,22
DA:316,22
DA:317,22
DA:319,22
DA:320,22
DA:323,0
DA:325,0
DA:327,42
DA:328,42
DA:329,42
DA:332,42
DA:333,42
DA:334,42
DA:335,42
DA:336,42
DA:337,37
DA:338,37
DA:339,37
DA:340,37
DA:342,37
DA:343,37
DA:344,37
DA:345,37
DA:346,37
DA:348,37
DA:349,37
DA:350,37
DA:351,37
DA:352,37
DA:353,37
DA:355,37
DA:356,37
DA:357,37
DA:358,37
DA:359,37
DA:360,37
DA:362,37
DA:363,37
DA:364,37
DA:365,37
DA:366,37
DA:368,37
DA:369,37
DA:370,37
DA:371,37
DA:372,37
DA:373,37
DA:374,37
DA:375,37
DA:376,37
DA:377,37
DA:378,37
DA:379,37
DA:380,37
DA:382,42
DA:383,42
DA:384,42
DA:385,42
DA:386,42
DA:387,42
DA:388,42
DA:389,42
DA:391,42
LF:325
LH:313
BRDA:9,0,0,42
BRDA:75,1,0,19
BRDA:75,2,0,23
BRDA:77,3,0,20
BRDA:167,4,0,22
BRDA:274,5,0,0
BRDA:282,6,0,22
BRDA:320,7,0,0
BRDA:18,8,0,10
BRDA:19,9,0,10
BRDA:23,10,0,9
BRDA:26,11,0,1
BRDA:37,12,0,10
BRDA:38,13,0,10
BRDA:42,14,0,0
BRDA:52,15,0,21
BRDA:53,16,0,19
BRDA:55,17,0,2
BRDA:56,18,0,4
BRDA:64,19,0,40
BRDA:65,20,0,2
BRDA:66,21,0,2
BRDA:70,22,0,40
BRDA:71,23,0,2
BRDA:86,24,0,1
BRDA:120,25,0,60
BRDA:138,26,0,40
BRDA:150,27,0,60
BRDA:200,28,0,2
BRDA:285,29,0,22
BRDA:290,30,0,0
BRDA:292,31,0,0
BRDA:336,32,0,37
BRDA:337,33,0,2
BRDA:338,34,0,2
BRDA:340,35,0,35
BRDA:340,36,0,2
BRDA:351,37,0,0
BRDA:364,38,0,2
BRF:39
BRH:33
end_of_record
TN:
SF:src\pages\HomePage.jsx
FN:7,HomePage
FNF:1
FNH:1
FNDA:3,HomePage
DA:1,1
DA:2,1
DA:3,1
DA:4,1
DA:5,1
DA:7,3
DA:8,3
DA:9,3
DA:11,3
DA:12,3
DA:13,1
DA:14,3
DA:15,0
DA:16,0
DA:17,3
DA:19,3
DA:20,0
DA:21,0
DA:23,3
DA:24,1
DA:25,1
DA:26,1
DA:27,1
DA:28,1
DA:29,1
DA:31,1
DA:33,2
DA:34,2
LF:28
LH:24
BRDA:7,0,0,3
BRDA:19,1,0,0
BRDA:23,2,0,1
BRDA:31,3,0,2
BRDA:11,4,0,3
BRDA:12,5,0,1
BRDA:12,6,0,1
BRDA:12,7,0,1
BRDA:14,8,0,2
BRDA:14,9,0,0
BRDA:14,10,0,0
BRF:11
BRH:8
end_of_record
TN:
SF:src\pages\MyProjects.jsx
FN:12,formatDate
FN:18,MyProjects
FN:31,fetchAllProjects
FN:61,handleSearch
FN:73,handleCreateProject
FN:118,onClick
FN:147,onClick
FN:209,onCancel
FN:221,onClose
FNF:9
FNH:4
FNDA:0,formatDate
FNDA:23,MyProjects
FNDA:7,fetchAllProjects
FNDA:1,handleSearch
FNDA:0,handleCreateProject
FNDA:1,onClick
FNDA:0,onClick
FNDA:0,onCancel
FNDA:0,onClose
DA:1,1
DA:2,1
DA:3,1
DA:4,1
DA:5,1
DA:6,1
DA:7,1
DA:8,1
DA:9,1
DA:10,1
DA:12,1
DA:13,0
DA:14,0
DA:15,0
DA:16,0
DA:18,23
DA:19,23
DA:20,23
DA:21,23
DA:22,23
DA:23,23
DA:24,23
DA:25,23
DA:26,23
DA:27,23
DA:28,23
DA:29,23
DA:31,23
DA:32,7
DA:33,7
DA:34,7
DA:35,7
DA:36,11
DA:37,11
DA:38,12
DA:39,11
DA:40,7
DA:41,7
DA:42,7
DA:43,7
DA:44,0
DA:45,7
DA:46,7
DA:47,7
DA:48,7
DA:50,23
DA:51,7
DA:52,7
DA:53,7
DA:54,7
DA:55,0
DA:56,0
DA:57,7
DA:58,7
DA:59,23
DA:61,23
DA:62,1
DA:63,1
DA:64,0
DA:65,1
DA:66,1
DA:67,2
DA:68,1
DA:69,1
DA:70,1
DA:71,1
DA:73,23
DA:74,0
DA:75,0
DA:76,0
DA:78,0
DA:79,0
DA:80,0
DA:81,0
DA:82,0
DA:83,0
DA:84,0
DA:85,0
DA:86,0
DA:87,0
DA:88,0
DA:89,0
DA:90,0
DA:91,0
DA:92,0
DA:93,0
DA:94,0
DA:95,0
DA:96,0
DA:97,0
DA:98,0
DA:99,0
DA:101,23
DA:102,23
DA:103,23
DA:104,23
DA:105,23
DA:106,23
DA:107,23
DA:108,23
DA:109,23
DA:110,23
DA:111,23
DA:113,23
DA:114,23
DA:115,23
DA:116,23
DA:117,23
DA:118,23
DA:119,23
DA:120,23
DA:121,23
DA:123,23
DA:125,23
DA:126,23
DA:128,23
DA:129,21
DA:130,7
DA:131,7
DA:132,21
DA:133,21
DA:134,21
DA:135,21
DA:136,21
DA:137,7
DA:138,7
DA:140,14
DA:141,14
DA:142,5
DA:143,5
DA:144,9
DA:145,9
DA:146,9
DA:147,9
DA:148,0
DA:149,0
DA:150,0
DA:151,0
DA:152,0
DA:153,0
DA:155,9
DA:156,9
DA:157,9
DA:158,9
DA:159,9
DA:160,9
DA:161,9
DA:162,9
DA:163,9
DA:164,9
DA:165,9
DA:166,9
DA:168,9
DA:169,9
DA:170,9
DA:171,9
DA:172,9
DA:173,9
DA:174,9
DA:175,9
DA:176,9
DA:177,9
DA:178,9
DA:179,9
DA:180,9
DA:181,9
DA:182,9
DA:183,9
DA:184,9
DA:186,9
DA:187,5
DA:188,5
DA:190,9
DA:191,9
DA:192,9
DA:193,9
DA:194,9
DA:195,9
DA:196,9
DA:197,9
DA:198,9
DA:199,9
DA:200,9
DA:201,9
DA:203,14
DA:206,2
DA:207,2
DA:208,2
DA:209,2
DA:210,2
DA:212,23
DA:213,23
DA:215,23
DA:216,23
DA:217,23
DA:219,23
DA:220,23
DA:221,23
DA:222,23
DA:223,23
DA:224,23
DA:225,23
DA:226,23
DA:227,23
DA:228,23
DA:230,23
LF:206
LH:167
BRDA:18,0,0,23
BRDA:128,1,0,21
BRDA:129,2,0,7
BRDA:138,3,0,14
BRDA:141,4,0,5
BRDA:188,5,0,9
BRDA:196,6,0,1
BRDA:196,7,0,8
BRDA:199,8,0,1
BRDA:199,9,0,8
BRDA:203,10,0,2
BRDA:31,11,0,7
BRDA:43,12,0,0
BRDA:35,13,0,11
BRDA:39,14,0,0
BRDA:37,15,0,12
BRDA:38,16,0,0
BRDA:50,17,0,7
BRDA:51,18,0,7
BRDA:54,19,0,0
BRDA:58,20,0,7
BRDA:61,21,0,1
BRDA:63,22,0,0
BRDA:66,23,0,2
BRDA:118,24,0,1
BRDA:131,25,0,21
BRDA:143,26,0,9
BRDA:173,27,0,10
BRDA:180,28,0,10
BRF:29
BRH:24
end_of_record
TN:
SF:src\pages\ProjectDetailsPage.jsx
FN:19,ProjectDetailsPage
FN:59,loadProject
FN:116,loadProject
FN:143,loadFolders
FN:179,loadReviewRequests
FN:197,handleDelete
FN:212,handleUpdate
FN:248,toggleGoalStatus
FN:283,formatDate
FN:303,calculateProgress
FN:315,loadFundingHistory
FN:325,handleAddFunds
FN:354,handleAddExpense
FN:405,handleCreateFolder
FN:434,handleRenameFolder
FN:455,handleDeleteFolder
FN:460,confirmDeleteFolder
FN:479,handleFileUpload
FN:491,handleConfirmUpload
FN:563,handleDownloadFile
FN:582,handleDeleteFile
FN:612,handleAssignReviewers
FN:688,onClick
FN:697,onCancel
FN:704,ReviewersCard
FN:709,onClick
FN:796,onClick
FN:808,onClick
FN:817,onClick
FN:902,onClick
FN:910,onChange
FN:941,onClick
FN:979,onClick
FN:992,onClick
FN:1012,onClick
FN:1021,onClick
FN:1031,onClick
FN:1057,onClick
FN:1081,onClick
FN:1090,onChange
FN:1099,onClick
FN:1124,onClick
FN:1136,onChange
FN:1147,onChange
FN:1156,onClick
FN:1223,onClick
FN:1229,onClick
FN:1235,onClick
FN:1347,onClose
FN:1356,onClick
FN:1368,onClick
FN:1374,onClick
FN:1393,onClick
FN:1404,onChange
FN:1417,onChange
FN:1426,onClick
FN:1460,onClick
FN:1471,onChange
FN:1484,onChange
FN:1494,onClick
FN:1529,onClick
FN:1534,onClick
FN:1584,onClick
FN:1596,onClick
FN:1602,onClick
FN:1617,onClose
FNF:66
FNH:21
FNDA:38,ProjectDetailsPage
FNDA:10,loadProject
FNDA:10,loadProject
FNDA:10,loadFolders
FNDA:10,loadReviewRequests
FNDA:0,handleDelete
FNDA:0,handleUpdate
FNDA:1,toggleGoalStatus
FNDA:0,formatDate
FNDA:81,calculateProgress
FNDA:3,loadFundingHistory
FNDA:1,handleAddFunds
FNDA:2,handleAddExpense
FNDA:0,handleCreateFolder
FNDA:0,handleRenameFolder
FNDA:0,handleDeleteFolder
FNDA:0,confirmDeleteFolder
FNDA:0,handleFileUpload
FNDA:0,handleConfirmUpload
FNDA:0,handleDownloadFile
FNDA:0,handleDeleteFile
FNDA:0,handleAssignReviewers
FNDA:0,onClick
FNDA:0,onCancel
FNDA:27,ReviewersCard
FNDA:0,onClick
FNDA:0,onClick
FNDA:1,onClick
FNDA:0,onClick
FNDA:1,onClick
FNDA:1,onChange
FNDA:0,onClick
FNDA:0,onClick
FNDA:0,onClick
FNDA:0,onClick
FNDA:0,onClick
FNDA:0,onClick
FNDA:0,onClick
FNDA:0,onClick
FNDA:0,onChange
FNDA:0,onClick
FNDA:0,onClick
FNDA:0,onChange
FNDA:0,onChange
FNDA:0,onClick
FNDA:1,onClick
FNDA:2,onClick
FNDA:1,onClick
FNDA:0,onClose
FNDA:0,onClick
FNDA:0,onClick
FNDA:0,onClick
FNDA:0,onClick
FNDA:1,onChange
FNDA:1,onChange
FNDA:0,onClick
FNDA:0,onClick
FNDA:2,onChange
FNDA:2,onChange
FNDA:0,onClick
FNDA:0,onClick
FNDA:0,onClick
FNDA:0,onClick
FNDA:0,onClick
FNDA:0,onClick
FNDA:0,onClose
DA:1,1
DA:2,1
DA:3,1
DA:4,1
DA:5,1
DA:6,1
DA:7,1
DA:8,1
DA:9,1
DA:10,1
DA:11,1
DA:12,1
DA:13,1
DA:14,1
DA:15,1
DA:16,1
DA:17,1
DA:19,38
DA:20,38
DA:21,38
DA:22,38
DA:23,38
DA:24,38
DA:25,38
DA:26,38
DA:27,38
DA:28,38
DA:29,38
DA:30,38
DA:31,38
DA:32,38
DA:33,38
DA:34,38
DA:35,38
DA:36,38
DA:37,38
DA:38,38
DA:39,38
DA:40,38
DA:43,38
DA:44,38
DA:45,38
DA:46,38
DA:47,38
DA:48,38
DA:49,38
DA:50,38
DA:51,38
DA:52,38
DA:53,38
DA:54,38
DA:55,38
DA:56,38
DA:58,38
DA:59,10
DA:60,10
DA:61,10
DA:62,10
DA:63,10
DA:64,0
DA:65,0
DA:66,0
DA:67,0
DA:68,0
DA:70,10
DA:71,7
DA:72,28
DA:73,7
DA:74,7
DA:77,10
DA:78,0
DA:79,0
DA:80,0
DA:83,0
DA:84,0
DA:85,0
DA:86,0
DA:88,0
DA:89,0
DA:90,0
DA:91,0
DA:93,10
DA:94,10
DA:95,10
DA:96,10
DA:98,10
DA:99,10
DA:100,10
DA:101,0
DA:102,0
DA:103,0
DA:104,0
DA:105,10
DA:106,10
DA:107,10
DA:108,10
DA:110,10
DA:111,10
DA:112,10
DA:113,38
DA:115,38
DA:116,10
DA:117,10
DA:118,10
DA:119,10
DA:120,10
DA:122,10
DA:124,10
DA:125,10
DA:126,10
DA:127,10
DA:128,10
DA:129,10
DA:130,0
DA:131,0
DA:132,10
DA:133,10
DA:134,10
DA:135,10
DA:137,10
DA:138,10
DA:139,10
DA:140,38
DA:142,38
DA:143,10
DA:144,10
DA:145,10
DA:146,10
DA:147,0
DA:148,0
DA:149,0
DA:152,10
DA:153,10
DA:154,10
DA:155,10
DA:156,10
DA:157,10
DA:158,10
DA:159,10
DA:160,10
DA:161,10
DA:162,10
DA:164,10
DA:165,10
DA:166,0
DA:167,0
DA:168,0
DA:169,0
DA:170,0
DA:171,10
DA:173,10
DA:174,10
DA:175,10
DA:176,38
DA:178,38
DA:179,10
DA:180,10
DA:182,10
DA:183,10
DA:184,10
DA:185,0
DA:186,0
DA:187,0
DA:188,0
DA:189,0
DA:190,10
DA:192,10
DA:193,10
DA:194,10
DA:195,38
DA:197,38
DA:198,0
DA:199,0
DA:200,0
DA:201,0
DA:202,0
DA:203,0
DA:204,0
DA:205,0
DA:206,0
DA:207,0
DA:208,0
DA:209,0
DA:210,0
DA:212,38
DA:213,0
DA:214,0
DA:215,0
DA:218,0
DA:219,0
DA:220,0
DA:223,0
DA:224,0
DA:225,0
DA:226,0
DA:227,0
DA:229,0
DA:230,0
DA:231,0
DA:232,0
DA:234,0
DA:235,0
DA:236,0
DA:237,0
DA:238,0
DA:239,0
DA:240,0
DA:241,0
DA:242,0
DA:243,0
DA:244,0
DA:245,0
DA:246,0
DA:248,38
DA:249,1
DA:250,1
DA:251,4
DA:252,1
DA:253,1
DA:254,3
DA:255,1
DA:258,1
DA:261,1
DA:262,1
DA:263,1
DA:264,1
DA:266,1
DA:267,1
DA:268,1
DA:269,1
DA:270,1
DA:272,1
DA:273,0
DA:274,0
DA:275,0
DA:276,1
DA:277,0
DA:278,0
DA:279,0
DA:280,0
DA:281,1
DA:283,38
DA:284,0
DA:285,0
DA:286,0
DA:287,0
DA:288,0
DA:289,0
DA:290,0
DA:291,0
DA:292,0
DA:293,0
DA:294,0
DA:295,0
DA:296,0
DA:297,0
DA:298,0
DA:299,0
DA:300,0
DA:301,0
DA:303,38
DA:304,81
DA:305,81
DA:306,81
DA:307,0
DA:308,0
DA:309,81
DA:310,81
DA:311,81
DA:312,81
DA:313,81
DA:315,38
DA:316,3
DA:317,3
DA:318,3
DA:319,3
DA:320,0
DA:321,0
DA:322,0
DA:323,3
DA:325,38
DA:326,1
DA:327,1
DA:328,1
DA:329,1
DA:330,1
DA:331,0
DA:332,0
DA:334,1
DA:335,1
DA:336,1
DA:337,1
DA:338,1
DA:339,1
DA:340,1
DA:341,1
DA:342,1
DA:343,1
DA:344,1
DA:345,1
DA:346,0
DA:347,0
DA:348,0
DA:349,1
DA:350,1
DA:351,1
[...]
DA:1603,0
DA:1604,0
DA:1605,0
DA:1606,0
DA:1608,0
DA:1609,0
DA:1610,0
DA:1611,0
DA:1613,38
DA:1615,38
DA:1616,38
DA:1617,38
DA:1618,38
DA:1619,38
DA:1620,38
DA:1621,38
DA:1622,38
DA:1624,38
LF:1404
LH:867
BRDA:19,0,0,38
BRDA:668,1,0,10
BRDA:674,2,0,28
BRDA:676,3,0,0
BRDA:682,4,0,28
BRDA:684,5,0,1
BRDA:702,6,0,27
BRDA:875,7,0,0
BRDA:899,8,0,27
BRDA:1047,9,0,0
BRDA:1078,10,0,0
BRDA:1121,11,0,0
BRDA:1197,12,0,0
BRDA:1203,13,0,0
BRDA:1212,14,0,0
BRDA:1212,15,0,0
BRDA:1212,16,0,0
BRDA:1212,17,0,0
BRDA:1216,18,0,0
BRDA:1216,19,0,0
BRDA:1216,20,0,0
BRDA:1216,21,0,0
BRDA:1354,22,0,0
BRDA:1390,23,0,4
BRDA:1438,24,0,1
BRDA:1442,25,0,3
BRDA:1457,26,0,7
BRDA:1507,27,0,1
BRDA:1511,28,0,6
BRDA:1526,29,0,2
BRDA:1582,30,0,0
BRDA:58,31,0,10
BRDA:59,32,0,10
BRDA:63,33,0,0
BRDA:70,34,0,7
BRDA:77,35,0,0
BRDA:93,36,0,0
BRDA:94,37,0,2
BRDA:95,38,0,2
BRDA:96,39,0,2
BRDA:100,40,0,0
BRDA:71,41,0,28
BRDA:72,42,0,0
BRDA:115,43,0,10
BRDA:116,44,0,10
BRDA:129,45,0,0
BRDA:142,46,0,10
BRDA:143,47,0,10
BRDA:146,48,0,0
BRDA:165,49,0,0
BRDA:152,50,0,10
BRDA:154,51,0,10
BRDA:156,52,0,0
BRDA:158,53,0,0
BRDA:158,54,0,0
BRDA:160,55,0,0
BRDA:178,56,0,10
BRDA:179,57,0,10
BRDA:184,58,0,0
BRDA:248,59,0,1
BRDA:263,60,0,0
BRDA:269,61,0,0
BRDA:272,62,0,0
BRDA:276,63,0,0
BRDA:250,64,0,4
BRDA:251,65,0,1
BRDA:253,66,0,3
BRDA:258,67,0,1
BRDA:303,68,0,81
BRDA:304,69,0,0
BRDA:306,70,0,0
BRDA:305,71,0,324
BRDA:315,72,0,3
BRDA:319,73,0,0
BRDA:318,74,0,3
BRDA:325,75,0,1
BRDA:330,76,0,0
BRDA:337,77,0,0
BRDA:345,78,0,0
BRDA:354,79,0,2
BRDA:359,80,0,0
BRDA:366,81,0,0
BRDA:374,82,0,0
BRDA:374,83,0,1
BRDA:385,84,0,0
BRDA:386,85,0,0
BRDA:395,86,0,0
BRDA:400,87,0,1
BRDA:662,88,0,11
BRDA:663,89,0,1
BRDA:704,90,0,27
BRDA:719,91,0,0
BRDA:719,92,0,0
BRDA:781,93,0,0
BRDA:744,94,0,27
BRDA:758,95,0,0
BRDA:768,96,0,0
BRDA:808,97,0,1
BRDA:899,98,0,108
BRDA:912,99,0,53
BRDA:912,100,0,55
BRDA:917,101,0,53
BRDA:917,102,0,55
BRDA:919,103,0,53
BRDA:919,104,0,55
BRDA:902,105,0,1
BRDA:910,106,0,1
BRDA:937,107,0,27
BRDA:952,108,0,27
BRDA:968,109,0,27
BRDA:983,110,0,0
BRDA:996,111,0,0
BRDA:1223,112,0,1
BRDA:1229,113,0,2
BRDA:1235,114,0,1
BRDA:1404,115,0,1
BRDA:1417,116,0,1
BRDA:1471,117,0,2
BRDA:1484,118,0,2
BRDA:1553,119,0,2
BRDA:1559,120,0,1
BRDA:1559,121,0,1
BRDA:1562,122,0,1
BRDA:1562,123,0,1
BRF:124
BRH:71
end_of_record
TN:
SF:src\pages\ReviewerHomePage.jsx
FN:10,ReviewerHomePage
FN:23,loadReviewRequests
FN:56,handleViewPendingReviews
FN:61,handleViewCompletedReviews
FN:65,handleSearch
FN:106,onClick
FN:178,onClick
FN:186,onClick
FNF:8
FNH:4
FNDA:13,ReviewerHomePage
FNDA:7,loadReviewRequests
FNDA:1,handleViewPendingReviews
FNDA:0,handleViewCompletedReviews
FNDA:0,handleSearch
FNDA:0,onClick
FNDA:1,onClick
FNDA:0,onClick
DA:1,1
DA:2,1
DA:3,1
DA:4,1
DA:5,1
DA:6,1
DA:7,1
DA:8,1
DA:10,13
DA:11,13
DA:12,13
DA:13,13
DA:14,13
DA:15,13
DA:16,13
DA:17,13
DA:18,13
DA:19,13
DA:20,13
DA:22,13
DA:23,7
DA:24,7
DA:25,7
DA:26,7
DA:27,7
DA:28,0
DA:29,0
DA:30,0
DA:32,7
DA:33,6
DA:36,6
DA:37,6
DA:38,6
DA:40,6
DA:41,6
DA:42,6
DA:43,6
DA:44,6
DA:45,6
DA:46,7
DA:47,1
DA:48,7
DA:49,7
DA:50,7
DA:51,7
DA:53,7
DA:54,13
DA:56,13
DA:58,1
DA:59,1
DA:61,13
DA:62,0
DA:63,0
DA:65,13
DA:67,0
DA:68,0
DA:70,13
DA:71,13
DA:72,13
DA:73,13
DA:74,13
DA:75,13
DA:76,13
DA:77,13
DA:78,13
DA:80,13
DA:81,13
DA:83,13
DA:84,13
DA:85,13
DA:86,13
DA:88,13
DA:89,13
DA:90,13
DA:91,13
DA:92,7
DA:93,7
DA:94,7
DA:96,6
DA:97,6
DA:98,6
DA:100,13
DA:101,13
DA:102,13
DA:103,13
DA:105,13
DA:106,13
DA:107,13
DA:109,13
DA:110,13
DA:111,13
DA:112,13
DA:113,7
DA:114,7
DA:115,7
DA:117,6
DA:118,6
DA:119,6
DA:121,13
DA:122,13
DA:123,13
DA:124,13
DA:126,13
DA:127,13
DA:128,13
DA:130,13
DA:131,13
DA:132,13
DA:133,13
DA:134,7
DA:135,7
DA:136,7
DA:138,6
DA:139,6
DA:140,6
DA:142,13
DA:143,13
DA:144,13
DA:145,13
DA:147,13
DA:148,13
DA:149,13
DA:150,13
DA:151,13
DA:152,7
DA:153,7
DA:154,7
DA:156,6
DA:157,6
DA:158,6
DA:160,13
DA:161,13
DA:162,13
DA:163,13
DA:164,13
DA:167,13
DA:168,13
DA:169,13
DA:170,13
DA:171,13
DA:173,13
DA:174,13
DA:175,13
DA:177,13
DA:178,13
DA:179,13
DA:181,13
DA:182,13
DA:183,13
DA:185,13
DA:186,13
DA:187,13
DA:189,13
DA:190,13
DA:191,13
DA:192,13
DA:193,13
DA:194,13
DA:196,13
DA:197,13
DA:198,13
DA:199,13
DA:201,13
LF:163
LH:156
BRDA:10,0,0,13
BRDA:91,1,0,7
BRDA:94,2,0,6
BRDA:112,3,0,7
BRDA:115,4,0,6
BRDA:133,5,0,7
BRDA:136,6,0,6
BRDA:151,7,0,7
BRDA:154,8,0,6
BRDA:22,9,0,7
BRDA:23,10,0,7
BRDA:27,11,0,0
BRDA:32,12,0,6
BRDA:46,13,0,1
BRDA:36,14,0,18
BRDA:37,15,0,18
BRDA:38,16,0,18
BRDA:56,17,0,1
BRDA:178,18,0,1
BRF:19
BRH:18
end_of_record
TN:
SF:src\pages\SignUpPage.jsx
FN:4,SignUpPage
FNF:1
FNH:1
FNDA:4,SignUpPage
DA:1,1
DA:2,1
DA:4,1
DA:5,4
DA:6,4
DA:7,4
DA:8,4
DA:9,4
DA:10,4
DA:11,4
DA:12,4
DA:13,4
DA:14,4
DA:15,4
DA:16,4
DA:19,1
LF:16
LH:16
BRDA:4,0,0,4
BRF:1
BRH:1
end_of_record
TN:
SF:src\pages\forgotpasswordPage.jsx
FN:10,ForgotPasswordPage
FN:23,handleSubmit
FN:101,onChange
FNF:3
FNH:3
FNDA:14,ForgotPasswordPage
FNDA:4,handleSubmit
FNDA:3,onChange
DA:4,1
DA:5,1
DA:6,1
DA:7,1
DA:8,1
DA:10,1
DA:11,14
DA:12,14
DA:13,14
DA:14,14
DA:23,14
DA:24,4
DA:25,4
DA:28,4
DA:29,1
DA:30,1
DA:31,1
DA:33,4
DA:34,1
DA:35,1
DA:36,1
DA:38,2
DA:39,2
DA:40,2
DA:41,1
DA:42,1
DA:43,1
DA:44,4
DA:45,2
DA:46,2
DA:47,4
DA:49,14
DA:50,14
DA:52,14
DA:53,14
DA:54,14
DA:55,14
DA:56,14
DA:57,14
DA:58,14
DA:59,14
DA:60,14
DA:63,14
DA:64,14
DA:65,14
DA:67,14
DA:69,14
DA:70,1
DA:71,1
DA:73,1
DA:74,1
DA:75,1
DA:76,1
DA:77,1
DA:79,1
DA:80,1
DA:82,13
DA:83,13
DA:85,13
DA:87,13
DA:88,3
DA:89,3
DA:90,3
DA:93,13
DA:94,13
DA:95,13
DA:97,13
DA:98,13
DA:99,13
DA:100,13
DA:101,13
DA:102,3
DA:103,3
DA:104,3
DA:105,13
DA:106,13
DA:107,13
DA:108,13
DA:109,13
DA:110,13
DA:112,13
DA:113,13
DA:114,13
DA:115,13
DA:116,13
DA:117,13
DA:119,13
DA:120,2
DA:122,11
DA:124,13
DA:125,13
DA:127,13
DA:128,13
DA:129,13
DA:130,13
DA:131,13
DA:132,13
DA:134,13
DA:135,13
DA:136,13
DA:138,14
DA:139,14
DA:140,14
DA:143,14
DA:145,1
LF:105
LH:105
BRDA:10,0,0,14
BRDA:69,1,0,1
BRDA:80,2,0,13
BRDA:87,3,0,3
BRDA:106,4,0,3
BRDA:106,5,0,10
BRDA:119,6,0,2
BRDA:120,7,0,11
BRDA:23,8,0,4
BRDA:28,9,0,1
BRDA:31,10,0,3
BRDA:33,11,0,1
BRDA:36,12,0,2
BRDA:40,13,0,1
BRDA:43,14,0,0
BRDA:44,15,0,2
BRDA:101,16,0,3
BRDA:103,17,0,0
BRF:18
BRH:16
end_of_record
TN:
SF:src\pages\loginPage.jsx
FN:4,LoginPage
FNF:1
FNH:1
FNDA:4,LoginPage
DA:1,1
DA:2,1
DA:4,1
DA:5,4
DA:6,4
DA:7,4
DA:8,4
DA:9,4
DA:10,4
DA:11,4
DA:12,4
DA:13,4
DA:14,4
DA:15,4
DA:16,4
DA:17,4
DA:18,4
DA:21,1
LF:18
LH:18
BRDA:4,0,0,4
BRF:1
BRH:1
end_of_record
TN:
SF:src\pages\roleSelectionPage.jsx
FN:8,RoleSelectionPage
FN:14,handleSubmit
FNF:2
FNH:2
FNDA:18,RoleSelectionPage
FNDA:5,handleSubmit
DA:1,1
DA:2,1
DA:3,1
DA:4,1
DA:5,1
DA:6,1
DA:8,1
DA:9,18
DA:10,18
DA:11,18
DA:12,18
DA:14,18
DA:15,5
DA:16,5
DA:17,5
DA:18,5
DA:19,5
DA:20,5
DA:21,5
DA:22,1
DA:23,1
DA:24,1
DA:25,5
DA:26,5
DA:27,4
DA:28,4
DA:29,5
DA:30,1
DA:31,5
DA:32,5
DA:33,5
DA:34,5
DA:35,5
DA:37,18
DA:38,12
DA:39,3
DA:40,3
DA:41,12
DA:42,1
DA:43,1
DA:44,18
DA:46,18
DA:47,18
DA:48,18
DA:49,5
DA:50,5
DA:51,5
DA:52,5
DA:53,5
DA:54,5
DA:55,5
DA:56,5
DA:58,13
DA:60,18
DA:62,18
DA:64,1
LF:56
LH:56
BRDA:8,0,0,18
BRDA:48,1,0,5
BRDA:56,2,0,13
BRDA:14,3,0,5
BRDA:21,4,0,1
BRDA:26,5,0,4
BRDA:29,6,0,1
BRDA:37,7,0,12
BRDA:38,8,0,3
BRDA:41,9,0,1
BRF:10
BRH:10
end_of_record
TN:
SF:src\pages\welcomePage.jsx
FN:7,WelcomePage
FN:111,onClick
FN:224,onClick
FNF:3
FNH:3
FNDA:10,WelcomePage
FNDA:1,onClick
FNDA:1,onClick
DA:1,1
DA:2,1
DA:3,1
DA:4,1
DA:5,1
DA:7,10
DA:8,10
DA:9,10
DA:10,10
DA:12,10
DA:13,10
DA:14,0
DA:15,0
DA:16,0
DA:17,0
DA:18,0
DA:19,0
DA:20,0
DA:21,0
DA:22,0
DA:23,0
DA:24,0
DA:25,0
DA:26,0
DA:27,0
DA:28,0
DA:29,0
DA:30,0
DA:31,0
DA:32,10
DA:33,10
DA:34,10
DA:35,10
DA:37,10
DA:38,10
DA:39,10
DA:40,10
DA:41,10
DA:42,10
DA:43,10
DA:44,10
DA:45,10
DA:46,10
DA:48,10
DA:49,10
DA:50,10
DA:51,10
DA:52,10
DA:53,10
DA:54,10
DA:55,10
DA:56,10
DA:57,10
DA:59,10
DA:60,10
DA:61,10
DA:62,10
DA:63,10
DA:64,10
DA:65,10
DA:66,10
DA:67,10
DA:68,10
DA:70,10
DA:71,10
DA:72,10
DA:73,10
DA:74,10
DA:75,10
DA:76,10
DA:77,10
DA:79,10
DA:80,10
DA:81,10
DA:82,10
DA:85,10
DA:86,10
DA:87,10
DA:88,10
DA:89,10
DA:90,10
DA:91,10
DA:93,10
DA:94,10
DA:95,10
DA:96,10
DA:98,10
DA:100,10
DA:101,10
DA:102,10
DA:103,10
DA:104,10
DA:108,10
DA:109,10
DA:110,10
DA:111,10
DA:112,10
DA:113,10
DA:114,10
DA:115,10
DA:117,10
DA:118,10
DA:120,10
DA:121,10
DA:122,10
DA:123,10
DA:124,10
DA:126,10
DA:127,10
DA:128,10
DA:129,10
DA:130,10
DA:131,10
DA:132,10
DA:133,10
DA:136,10
DA:137,10
DA:138,10
DA:139,10
DA:140,10
DA:141,10
DA:142,10
DA:144,10
DA:145,10
DA:146,10
DA:147,10
DA:149,10
DA:150,10
DA:151,10
DA:152,10
DA:155,10
DA:156,10
DA:157,10
DA:158,10
DA:160,10
DA:161,10
DA:162,10
DA:163,10
DA:164,10
DA:165,10
DA:166,10
DA:167,10
DA:170,10
DA:171,10
DA:172,10
DA:173,10
DA:175,10
DA:176,10
DA:177,10
DA:178,10
DA:179,10
DA:180,10
DA:181,10
DA:182,10
DA:185,10
DA:186,10
DA:187,10
DA:188,10
DA:190,10
DA:191,10
DA:192,10
DA:193,10
DA:194,10
DA:195,10
DA:196,10
DA:197,10
DA:198,10
DA:199,10
DA:200,10
DA:203,10
DA:204,10
DA:205,10
DA:206,10
DA:207,10
DA:208,10
DA:210,10
DA:211,10
DA:212,10
DA:213,10
DA:214,10
DA:216,10
DA:217,10
DA:218,10
DA:219,10
DA:220,10
DA:222,10
DA:223,10
DA:224,10
DA:225,10
DA:226,10
DA:227,10
DA:228,10
DA:230,10
DA:231,10
DA:232,10
DA:233,10
DA:234,10
DA:236,10
LF:198
LH:180
BRDA:7,0,0,10
BRDA:12,1,0,10
BRDA:13,2,0,0
BRDA:32,3,0,10
BRDA:33,4,0,0
BRDA:111,5,0,1
BRDA:224,6,0,1
BRF:7
BRH:5
end_of_record
TN:
SF:src\pages\ResearcherPages\ResearcherHome.jsx
FN:9,ResearcherHome
FN:15,fetchAllProjects
FN:49,calculateOverallProgress
FN:59,SkeletonCard
FN:115,onClick
FN:147,onClick
FN:203,onClick
FNF:7
FNH:7
FNDA:35,ResearcherHome
FNDA:12,fetchAllProjects
FNDA:18,calculateOverallProgress
FNDA:72,SkeletonCard
FNDA:1,onClick
FNDA:1,onClick
FNDA:1,onClick
DA:1,1
DA:2,1
DA:3,1
DA:4,1
DA:5,1
DA:6,1
DA:7,1
DA:9,35
DA:10,35
DA:11,35
DA:12,35
DA:13,35
DA:15,35
DA:16,12
DA:17,12
DA:18,12
DA:19,10
DA:20,12
DA:21,1
DA:22,12
DA:23,11
DA:24,11
DA:25,12
DA:27,35
DA:28,12
DA:29,12
DA:30,12
DA:31,12
DA:32,0
DA:33,0
DA:34,12
DA:35,12
DA:36,35
DA:39,35
DA:40,35
DA:41,35
DA:42,35
DA:43,35
DA:44,18
DA:45,18
DA:46,35
DA:47,35
DA:49,35
DA:50,18
DA:51,18
DA:52,36
DA:53,36
DA:54,36
DA:55,18
DA:56,18
DA:57,18
DA:59,35
DA:60,72
DA:61,72
DA:62,72
DA:63,72
DA:64,72
DA:65,72
DA:66,72
DA:67,72
DA:68,72
DA:69,72
DA:70,72
DA:71,72
DA:72,72
DA:75,35
DA:76,35
DA:77,35
DA:78,35
DA:79,35
DA:80,35
DA:81,35
DA:82,35
DA:84,35
DA:85,35
DA:86,35
DA:88,35
DA:89,12
DA:90,12
DA:91,72
DA:92,12
DA:93,12
DA:95,23
DA:97,23
DA:98,23
DA:99,23
DA:100,23
DA:101,23
DA:102,23
DA:103,23
DA:104,23
DA:105,23
DA:106,23
DA:107,23
DA:108,23
DA:109,23
DA:110,23
DA:111,23
DA:112,23
DA:113,23
DA:114,23
DA:115,23
DA:116,23
DA:118,23
DA:120,23
DA:121,23
DA:122,23
DA:123,23
DA:126,23
DA:127,23
DA:128,23
DA:129,23
DA:130,23
DA:132,23
DA:133,9
DA:134,9
DA:135,9
DA:136,9
DA:137,9
DA:138,9
DA:139,9
DA:140,9
DA:141,9
DA:142,9
DA:143,9
DA:145,9
DA:146,9
DA:147,9
DA:148,9
DA:150,9
DA:152,9
DA:153,9
DA:154,9
DA:156,14
DA:158,23
DA:161,23
DA:162,23
DA:163,23
DA:164,23
DA:165,23
DA:167,23
DA:168,9
DA:169,9
DA:170,9
DA:171,9
DA:172,9
DA:173,9
DA:174,9
DA:175,9
DA:176,9
DA:177,9
DA:178,9
DA:179,9
DA:180,9
DA:181,9
DA:182,9
DA:183,9
DA:184,9
DA:185,9
DA:187,14
DA:189,23
DA:192,23
DA:193,23
DA:194,23
DA:195,23
DA:196,23
DA:197,23
DA:198,9
DA:199,9
DA:200,18
DA:201,18
DA:202,18
DA:203,18
DA:205,18
DA:206,18
DA:207,18
DA:208,9
DA:209,9
DA:211,14
DA:213,23
DA:216,23
DA:217,23
DA:218,23
DA:219,23
DA:220,23
DA:221,23
DA:222,9
DA:223,9
DA:224,9
DA:225,9
DA:226,9
DA:227,9
DA:228,9
DA:229,9
DA:230,9
DA:232,14
DA:234,23
DA:235,23
DA:237,35
DA:238,35
DA:240,35
DA:241,35
DA:242,35
DA:243,35
DA:245,35
LF:205
LH:203
BRDA:9,0,0,35
BRDA:88,1,0,12
BRDA:93,2,0,23
BRDA:132,3,0,9
BRDA:154,4,0,14
BRDA:167,5,0,9
BRDA:185,6,0,14
BRDA:197,7,0,9
BRDA:209,8,0,14
BRDA:221,9,0,9
BRDA:228,10,0,0
BRDA:230,11,0,14
BRDA:15,12,0,12
BRDA:18,13,0,10
BRDA:20,14,0,1
BRDA:22,15,0,11
BRDA:27,16,0,12
BRDA:28,17,0,12
BRDA:31,18,0,0
BRDA:35,19,0,12
BRDA:39,20,0,18
BRDA:39,21,0,0
BRDA:40,22,0,18
BRDA:40,23,0,0
BRDA:42,24,0,18
BRDA:43,25,0,18
BRDA:44,26,0,0
BRDA:45,27,0,18
BRDA:47,28,0,18
BRDA:47,29,0,0
BRDA:49,30,0,18
BRDA:50,31,0,0
BRDA:51,32,0,36
BRDA:52,33,0,0
BRDA:53,34,0,36
BRDA:59,35,0,72
BRDA:90,36,0,72
BRDA:115,37,0,1
BRDA:147,38,0,1
BRDA:199,39,0,18
BRDA:203,40,0,1
BRF:41
BRH:33
end_of_record
TN:
SF:src\pages\ReviewerPages\ReviewProjectPage.jsx
FN:9,ReviewProjectPage
FNF:1
FNH:0
FNDA:0,ReviewProjectPage
DA:1,1
DA:2,1
DA:3,1
DA:4,1
DA:5,1
DA:6,1
DA:7,1
DA:9,0
DA:10,0
DA:11,0
DA:12,0
DA:13,0
DA:14,0
DA:15,0
DA:17,0
DA:18,0
DA:19,0
DA:21,0
DA:22,0
DA:23,0
DA:24,0
DA:26,0
DA:27,0
DA:28,0
DA:29,0
DA:30,0
DA:31,0
DA:32,0
DA:33,0
DA:35,0
DA:36,0
DA:37,0
DA:38,0
DA:39,0
DA:41,0
DA:42,0
DA:43,0
DA:44,0
DA:45,0
DA:46,0
DA:47,0
DA:48,0
DA:49,0
DA:51,0
DA:52,0
DA:53,0
DA:54,0
DA:55,0
DA:57,0
DA:59,0
DA:60,0
DA:61,0
DA:62,0
DA:63,0
DA:64,0
DA:65,0
DA:66,0
DA:68,0
DA:70,0
DA:71,0
DA:72,0
DA:73,0
DA:74,0
DA:75,0
DA:76,0
DA:77,0
DA:79,0
DA:81,0
DA:82,0
DA:84,0
DA:85,0
DA:86,0
DA:87,0
DA:88,0
DA:89,0
DA:90,0
DA:91,0
DA:93,0
DA:94,0
DA:95,0
DA:96,0
DA:99,0
DA:100,0
DA:102,0
DA:104,0
DA:105,0
DA:106,0
DA:107,0
DA:108,0
DA:109,0
DA:110,0
DA:111,0
DA:112,0
DA:113,0
DA:114,0
DA:115,0
DA:116,0
DA:117,0
DA:118,0
DA:119,0
DA:120,0
DA:121,0
DA:122,0
DA:123,0
DA:124,0
DA:125,0
DA:126,0
DA:127,0
DA:128,0
DA:129,0
DA:130,0
DA:131,0
DA:132,0
DA:135,0
DA:136,0
DA:137,0
DA:138,0
DA:139,0
DA:141,0
DA:142,0
DA:143,0
DA:144,0
DA:145,0
DA:146,0
DA:147,0
DA:148,0
DA:149,0
DA:150,0
DA:151,0
DA:152,0
DA:153,0
DA:154,0
DA:155,0
DA:156,0
DA:157,0
DA:158,0
DA:159,0
DA:160,0
DA:161,0
DA:162,0
DA:163,0
DA:164,0
DA:165,0
DA:166,0
DA:168,0
DA:169,0
DA:170,0
DA:172,0
DA:173,0
DA:174,0
DA:176,0
DA:177,0
DA:178,0
DA:179,0
DA:181,0
DA:182,0
DA:183,0
DA:185,0
DA:186,0
DA:187,0
DA:189,0
DA:190,0
DA:191,0
DA:192,0
DA:193,0
DA:194,0
DA:195,0
DA:196,0
DA:197,0
DA:199,0
DA:200,0
DA:203,0
DA:204,0
DA:205,0
DA:206,0
DA:207,0
DA:208,0
DA:209,0
DA:210,0
DA:211,0
DA:212,0
DA:213,0
DA:214,0
DA:215,0
DA:217,0
LF:185
LH:7
BRF:0
BRH:0
end_of_record
TN:
SF:src\pages\ReviewerPages\ReviewerHistory.jsx
FN:9,ReviewerHistory
FNF:1
FNH:0
FNDA:0,ReviewerHistory
DA:1,1
DA:2,1
DA:3,1
DA:4,1
DA:5,1
DA:6,1
DA:7,1
DA:9,0
DA:10,0
DA:11,0
DA:12,0
DA:13,0
DA:14,0
DA:15,0
DA:17,0
DA:18,0
DA:19,0
DA:20,0
DA:21,0
DA:22,0
DA:23,0
DA:24,0
DA:26,0
DA:27,0
DA:28,0
DA:29,0
DA:30,0
DA:31,0
DA:32,0
DA:33,0
DA:34,0
DA:35,0
DA:36,0
DA:37,0
DA:39,0
DA:40,0
DA:42,0
DA:43,0
DA:44,0
DA:45,0
DA:46,0
DA:47,0
DA:48,0
DA:49,0
DA:50,0
DA:51,0
DA:52,0
DA:53,0
DA:54,0
DA:55,0
DA:56,0
DA:57,0
DA:58,0
DA:59,0
DA:60,0
DA:61,0
DA:62,0
DA:64,0
DA:65,0
DA:66,0
DA:67,0
DA:68,0
DA:69,0
DA:70,0
DA:71,0
DA:72,0
DA:73,0
DA:74,0
DA:75,0
DA:77,0
DA:78,0
DA:79,0
DA:80,0
DA:81,0
DA:83,0
DA:85,0
DA:86,0
DA:87,0
DA:88,0
DA:89,0
DA:90,0
DA:91,0
DA:92,0
DA:93,0
DA:94,0
DA:95,0
DA:96,0
DA:98,0
DA:99,0
DA:100,0
DA:101,0
DA:104,0
DA:105,0
DA:106,0
DA:107,0
DA:110,0
DA:111,0
DA:112,0
DA:113,0
DA:114,0
DA:115,0
DA:116,0
DA:117,0
DA:118,0
DA:119,0
DA:121,0
DA:122,0
DA:123,0
DA:124,0
DA:125,0
DA:127,0
DA:128,0
DA:129,0
DA:130,0
DA:131,0
DA:132,0
DA:133,0
DA:134,0
DA:135,0
DA:136,0
DA:137,0
DA:138,0
DA:139,0
DA:140,0
DA:141,0
DA:142,0
DA:143,0
DA:144,0
DA:145,0
DA:146,0
DA:147,0
DA:149,0
DA:150,0
DA:151,0
DA:152,0
DA:153,0
DA:154,0
DA:155,0
DA:156,0
DA:157,0
DA:158,0
DA:159,0
DA:160,0
DA:161,0
DA:163,0
DA:164,0
DA:165,0
DA:166,0
DA:167,0
DA:168,0
DA:169,0
DA:170,0
DA:172,0
DA:173,0
DA:174,0
DA:175,0
DA:177,0
DA:178,0
DA:179,0
DA:180,0
DA:182,0
LF:161
LH:7
BRF:0
BRH:0
end_of_record
TN:
SF:src\pages\reviewer\ReviewRequests.jsx
FN:10,ReviewRequests
FNF:1
FNH:0
FNDA:0,ReviewRequests
DA:1,1
DA:2,1
DA:3,1
DA:4,1
DA:5,1
DA:6,1
DA:7,1
DA:8,1
DA:10,0
DA:11,0
DA:12,0
DA:13,0
DA:14,0
DA:15,0
DA:16,0
DA:17,0
DA:19,0
DA:20,0
DA:21,0
DA:22,0
DA:23,0
DA:24,0
DA:25,0
DA:26,0
DA:29,0
DA:32,0
DA:35,0
DA:36,0
DA:37,0
DA:38,0
DA:39,0
DA:40,0
DA:41,0
DA:42,0
DA:43,0
DA:44,0
DA:45,0
DA:46,0
DA:47,0
DA:48,0
DA:50,0
DA:51,0
DA:52,0
DA:53,0
DA:54,0
DA:55,0
DA:56,0
DA:57,0
DA:59,0
DA:60,0
DA:62,0
DA:63,0
DA:64,0
DA:65,0
DA:66,0
DA:67,0
DA:68,0
DA:69,0
DA:70,0
DA:71,0
DA:72,0
DA:73,0
DA:74,0
DA:75,0
DA:76,0
DA:77,0
DA:78,0
DA:79,0
DA:80,0
DA:81,0
DA:83,0
DA:84,0
DA:85,0
DA:86,0
DA:87,0
DA:88,0
DA:89,0
DA:90,0
DA:91,0
DA:92,0
DA:93,0
DA:94,0
DA:96,0
DA:97,0
DA:98,0
DA:99,0
DA:100,0
DA:101,0
DA:102,0
DA:103,0
DA:104,0
DA:105,0
DA:106,0
DA:107,0
DA:109,0
DA:110,0
DA:111,0
DA:112,0
DA:113,0
DA:115,0
DA:117,0
DA:118,0
DA:119,0
DA:120,0
DA:121,0
DA:122,0
DA:123,0
DA:124,0
DA:125,0
DA:126,0
DA:127,0
DA:128,0
DA:130,0
DA:131,0
DA:132,0
DA:133,0
DA:136,0
DA:137,0
DA:138,0
DA:139,0
DA:142,0
DA:143,0
DA:144,0
DA:145,0
DA:146,0
DA:147,0
DA:148,0
DA:149,0
DA:150,0
DA:151,0
DA:153,0
DA:154,0
DA:155,0
DA:156,0
DA:157,0
DA:159,0
DA:160,0
DA:161,0
DA:162,0
DA:163,0
DA:164,0
DA:165,0
DA:166,0
DA:167,0
DA:168,0
DA:169,0
DA:170,0
DA:171,0
DA:172,0
DA:173,0
DA:174,0
DA:175,0
DA:176,0
DA:177,0
DA:178,0
DA:179,0
DA:180,0
DA:181,0
DA:182,0
DA:183,0
DA:184,0
DA:186,0
DA:188,0
DA:189,0
DA:190,0
DA:191,0
DA:192,0
DA:193,0
DA:195,0
DA:196,0
DA:197,0
DA:198,0
DA:199,0
DA:201,0
DA:202,0
DA:203,0
DA:204,0
DA:205,0
DA:206,0
DA:208,0
DA:209,0
DA:210,0
DA:211,0
DA:212,0
DA:213,0
DA:214,0
DA:216,0
DA:217,0
DA:218,0
DA:219,0
DA:220,0
DA:221,0
DA:223,0
DA:224,0
DA:225,0
DA:226,0
DA:227,0
DA:228,0
DA:229,0
DA:230,0
DA:232,0
DA:233,0
DA:234,0
DA:235,0
DA:237,0
LF:205
LH:8
BRF:0
BRH:0
end_of_record
TN:
SF:src\pages\reviewer\ReviewerProjects.jsx
FN:10,ReviewerProjects
FNF:1
FNH:0
FNDA:0,ReviewerProjects
DA:1,1
DA:2,1
DA:3,1
DA:4,1
DA:5,1
DA:6,1
DA:7,1
DA:8,1
DA:10,0
DA:11,0
DA:12,0
DA:13,0
DA:14,0
DA:15,0
DA:16,0
DA:18,0
DA:19,0
DA:20,0
DA:21,0
DA:22,0
DA:23,0
DA:24,0
DA:25,0
DA:28,0
DA:31,0
DA:34,0
DA:35,0
DA:36,0
DA:37,0
DA:38,0
DA:39,0
DA:40,0
DA:41,0
DA:42,0
DA:43,0
DA:44,0
DA:45,0
DA:46,0
DA:47,0
DA:49,0
DA:50,0
DA:51,0
DA:52,0
DA:53,0
DA:54,0
DA:55,0
DA:56,0
DA:58,0
DA:59,0
DA:61,0
DA:62,0
DA:63,0
DA:64,0
DA:65,0
DA:66,0
DA:67,0
DA:68,0
DA:69,0
DA:70,0
DA:71,0
DA:72,0
DA:73,0
DA:74,0
DA:75,0
DA:76,0
DA:77,0
DA:78,0
DA:79,0
DA:80,0
DA:81,0
DA:83,0
DA:84,0
DA:85,0
DA:87,0
DA:88,0
DA:89,0
DA:90,0
DA:91,0
DA:93,0
DA:95,0
DA:96,0
DA:97,0
DA:98,0
DA:99,0
DA:100,0
DA:101,0
DA:102,0
DA:103,0
DA:104,0
DA:105,0
DA:106,0
DA:108,0
DA:109,0
DA:110,0
DA:111,0
DA:114,0
DA:115,0
DA:116,0
DA:117,0
DA:118,0
DA:119,0
DA:120,0
DA:121,0
DA:122,0
DA:123,0
DA:125,0
DA:126,0
DA:127,0
DA:128,0
DA:129,0
DA:130,0
DA:132,0
DA:133,0
DA:134,0
DA:135,0
DA:136,0
DA:137,0
DA:138,0
DA:139,0
DA:140,0
DA:141,0
DA:142,0
DA:143,0
DA:144,0
DA:145,0
DA:146,0
DA:147,0
DA:148,0
DA:149,0
DA:150,0
DA:151,0
DA:152,0
DA:153,0
DA:154,0
DA:155,0
DA:156,0
DA:157,0
DA:159,0
DA:161,0
DA:162,0
DA:163,0
DA:164,0
DA:165,0
DA:166,0
DA:168,0
DA:169,0
DA:170,0
DA:171,0
DA:172,0
DA:173,0
DA:174,0
DA:175,0
DA:177,0
DA:178,0
DA:179,0
DA:180,0
DA:181,0
DA:182,0
DA:184,0
DA:185,0
DA:186,0
DA:187,0
DA:189,0
LF:163
LH:8
BRF:0
BRH:0
end_of_record
TN:
SF:src\types\vanta.d.ts
FN:1,(empty-report)
FNF:1
FNH:1
FNDA:1,(empty-report)
LF:0
LH:0
BRDA:1,0,0,1
BRF:1
BRH:1
end_of_record
TN:
SF:src\utils\dateUtils.js
FN:1,formatDate
FN:29,formatFirebaseDate
FNF:2
FNH:2
FNDA:3,formatDate
FNDA:4,formatFirebaseDate
DA:1,1
DA:2,3
DA:3,1
DA:4,1
DA:5,1
DA:6,3
DA:7,0
DA:8,0
DA:9,0
DA:10,0
DA:11,0
DA:12,0
DA:13,1
DA:14,1
DA:15,1
DA:16,3
DA:17,1
DA:18,1
DA:19,1
DA:20,1
DA:21,1
DA:22,1
DA:23,3
DA:24,0
DA:25,0
DA:26,0
DA:27,3
DA:28,1
DA:29,1
DA:30,4
DA:31,2
DA:32,2
DA:33,2
DA:34,4
DA:35,1
DA:36,1
DA:37,1
DA:38,1
DA:39,1
DA:40,1
DA:41,1
DA:42,1
DA:43,1
DA:44,4
DA:45,0
DA:46,0
DA:47,0
DA:48,0
DA:49,0
DA:50,0
DA:51,1
DA:52,1
DA:53,1
DA:54,4
DA:55,0
DA:56,0
DA:57,0
DA:58,0
DA:59,0
DA:60,0
DA:61,1
DA:62,1
DA:63,4
DA:64,0
DA:65,0
DA:66,0
DA:67,4
LF:67
LH:43
BRDA:1,0,0,3
BRDA:2,1,0,2
BRDA:3,2,0,1
BRDA:6,3,0,0
BRDA:6,4,0,0
BRDA:12,5,0,1
BRDA:16,6,0,0
BRDA:17,7,0,1
BRDA:23,8,0,0
BRDA:29,9,0,4
BRDA:30,10,0,2
BRDA:34,11,0,1
BRDA:34,12,0,1
BRDA:44,13,0,0
BRDA:50,14,0,1
BRDA:54,15,0,0
BRDA:60,16,0,1
BRDA:63,17,0,0
BRF:18
BRH:11
end_of_record
